[2022-03-21 16:48:05,996] {taskinstance.py:851} INFO - Dependencies all met for <TaskInstance: fetch_news.dowload_desc 2022-03-12T00:00:00+00:00 [queued]>
[2022-03-21 16:48:06,088] {taskinstance.py:851} INFO - Dependencies all met for <TaskInstance: fetch_news.dowload_desc 2022-03-12T00:00:00+00:00 [queued]>
[2022-03-21 16:48:06,088] {taskinstance.py:1042} INFO - 
--------------------------------------------------------------------------------
[2022-03-21 16:48:06,088] {taskinstance.py:1043} INFO - Starting attempt 12 of 12
[2022-03-21 16:48:06,088] {taskinstance.py:1044} INFO - 
--------------------------------------------------------------------------------
[2022-03-21 16:48:06,187] {taskinstance.py:1063} INFO - Executing <Task(BashOperator): dowload_desc> on 2022-03-12T00:00:00+00:00
[2022-03-21 16:48:06,200] {standard_task_runner.py:52} INFO - Started process 255 to run task
[2022-03-21 16:48:06,268] {standard_task_runner.py:76} INFO - Running: ['airflow', 'tasks', 'run', 'fetch_news', 'dowload_desc', '2022-03-12T00:00:00+00:00', '--job-id', '720', '--pool', 'default_pool', '--raw', '--subdir', 'DAGS_FOLDER/fetch_news.py', '--cfg-path', '/tmp/tmpww9c0kvd', '--error-file', '/tmp/tmpiwfjupkl']
[2022-03-21 16:48:06,278] {standard_task_runner.py:77} INFO - Job 720: Subtask dowload_desc
[2022-03-21 16:48:06,540] {logging_mixin.py:104} INFO - Running <TaskInstance: fetch_news.dowload_desc 2022-03-12T00:00:00+00:00 [running]> on host dd6a275532f2
[2022-03-21 16:48:06,778] {taskinstance.py:1257} INFO - Exporting the following env vars:
AIRFLOW_CTX_DAG_OWNER=airflow
AIRFLOW_CTX_DAG_ID=fetch_news
AIRFLOW_CTX_TASK_ID=dowload_desc
AIRFLOW_CTX_EXECUTION_DATE=2022-03-12T00:00:00+00:00
AIRFLOW_CTX_DAG_RUN_ID=scheduled__2022-03-12T00:00:00+00:00
[2022-03-21 16:48:06,779] {bash.py:135} INFO - Tmp dir root location: 
 /tmp
[2022-03-21 16:48:06,779] {bash.py:158} INFO - Running command: curl -o /tmp/news_nvidia_2022-03-12_2022-03-13.json https://newsapi.org/v2/everything -G -d from=2022-03-12 -d to=2022-03-12 -d language=en -d q=nvidia -d apiKey=1ddd1951b81c4e9eb662cc118c33ff6a
[2022-03-21 16:48:06,858] {bash.py:169} INFO - Output:
[2022-03-21 16:48:06,888] {bash.py:173} INFO -   % Total    % Received % Xferd  Average Speed   Time    Time     Time  Current
[2022-03-21 16:48:06,890] {bash.py:173} INFO -                                  Dload  Upload   Total   Spent    Left  Speed
[2022-03-21 16:48:07,512] {bash.py:173} INFO -   0     0    0     0    0     0      0      0 --:--:-- --:--:-- --:--:--     0  0     0    0     0    0     0      0      0 --:--:-- --:--:-- --:--:--     0100 17529  100 17529    0     0  27346      0 --:--:-- --:--:-- --:--:-- 27303
[2022-03-21 16:48:07,517] {bash.py:177} INFO - Command exited with return code 0
[2022-03-21 16:48:07,779] {taskinstance.py:1166} INFO - Marking task as SUCCESS. dag_id=fetch_news, task_id=dowload_desc, execution_date=20220312T000000, start_date=20220321T164806, end_date=20220321T164807
[2022-03-21 16:48:08,205] {taskinstance.py:1220} INFO - 1 downstream tasks scheduled from follow-on schedule check
[2022-03-21 16:48:08,268] {local_task_job.py:146} INFO - Task exited with return code 0
