[2022-03-20 21:29:19,169] {taskinstance.py:851} INFO - Dependencies all met for <TaskInstance: fetch_news.dowload_desc 2022-03-12T00:00:00+00:00 [queued]>
[2022-03-20 21:29:19,230] {taskinstance.py:851} INFO - Dependencies all met for <TaskInstance: fetch_news.dowload_desc 2022-03-12T00:00:00+00:00 [queued]>
[2022-03-20 21:29:19,232] {taskinstance.py:1042} INFO - 
--------------------------------------------------------------------------------
[2022-03-20 21:29:19,232] {taskinstance.py:1043} INFO - Starting attempt 9 of 9
[2022-03-20 21:29:19,232] {taskinstance.py:1044} INFO - 
--------------------------------------------------------------------------------
[2022-03-20 21:29:19,283] {taskinstance.py:1063} INFO - Executing <Task(BashOperator): dowload_desc> on 2022-03-12T00:00:00+00:00
[2022-03-20 21:29:19,356] {standard_task_runner.py:76} INFO - Running: ['airflow', 'tasks', 'run', 'fetch_news', 'dowload_desc', '2022-03-12T00:00:00+00:00', '--job-id', '459', '--pool', 'default_pool', '--raw', '--subdir', 'DAGS_FOLDER/fetch_news.py', '--cfg-path', '/tmp/tmp5n469a1x', '--error-file', '/tmp/tmpi7_8dmgx']
[2022-03-20 21:29:19,287] {standard_task_runner.py:52} INFO - Started process 1007 to run task
[2022-03-20 21:29:19,401] {standard_task_runner.py:77} INFO - Job 459: Subtask dowload_desc
[2022-03-20 21:29:19,792] {logging_mixin.py:104} INFO - Running <TaskInstance: fetch_news.dowload_desc 2022-03-12T00:00:00+00:00 [running]> on host e39215f0be5b
[2022-03-20 21:29:20,123] {taskinstance.py:1257} INFO - Exporting the following env vars:
AIRFLOW_CTX_DAG_OWNER=airflow
AIRFLOW_CTX_DAG_ID=fetch_news
AIRFLOW_CTX_TASK_ID=dowload_desc
AIRFLOW_CTX_EXECUTION_DATE=2022-03-12T00:00:00+00:00
AIRFLOW_CTX_DAG_RUN_ID=scheduled__2022-03-12T00:00:00+00:00
[2022-03-20 21:29:20,126] {bash.py:135} INFO - Tmp dir root location: 
 /tmp
[2022-03-20 21:29:20,127] {bash.py:158} INFO - Running command: curl -o /tmp/news_nvidia.json https://newsapi.org/v2/everything -G -d from=2022-03-12 -d to=2022-03-13 -d language=en -d q=nvidia -d apiKey=1ddd1951b81c4e9eb662cc118c33ff6a
[2022-03-20 21:29:20,182] {bash.py:169} INFO - Output:
[2022-03-20 21:29:20,270] {bash.py:173} INFO -   % Total    % Received % Xferd  Average Speed   Time    Time     Time  Current
[2022-03-20 21:29:20,273] {bash.py:173} INFO -                                  Dload  Upload   Total   Spent    Left  Speed
[2022-03-20 21:29:20,531] {bash.py:173} INFO -   0     0    0     0    0     0      0      0 --:--:-- --:--:-- --:--:--     0  0     0    0     0    0     0      0      0 --:--:-- --:--:-- --:--:--     0100 16529  100 16529    0     0  57193      0 --:--:-- --:--:-- --:--:-- 56996
[2022-03-20 21:29:20,532] {bash.py:177} INFO - Command exited with return code 0
[2022-03-20 21:29:20,664] {taskinstance.py:1166} INFO - Marking task as SUCCESS. dag_id=fetch_news, task_id=dowload_desc, execution_date=20220312T000000, start_date=20220320T212919, end_date=20220320T212920
[2022-03-20 21:29:21,290] {taskinstance.py:1220} INFO - 1 downstream tasks scheduled from follow-on schedule check
[2022-03-20 21:29:21,307] {local_task_job.py:146} INFO - Task exited with return code 0
