[2022-03-21 10:14:07,162] {taskinstance.py:851} INFO - Dependencies all met for <TaskInstance: fetch_news.write_to_postgres 2022-03-20T00:00:00+00:00 [queued]>
[2022-03-21 10:14:07,220] {taskinstance.py:851} INFO - Dependencies all met for <TaskInstance: fetch_news.write_to_postgres 2022-03-20T00:00:00+00:00 [queued]>
[2022-03-21 10:14:07,221] {taskinstance.py:1042} INFO - 
--------------------------------------------------------------------------------
[2022-03-21 10:14:07,221] {taskinstance.py:1043} INFO - Starting attempt 4 of 4
[2022-03-21 10:14:07,221] {taskinstance.py:1044} INFO - 
--------------------------------------------------------------------------------
[2022-03-21 10:14:07,272] {taskinstance.py:1063} INFO - Executing <Task(PythonOperator): write_to_postgres> on 2022-03-20T00:00:00+00:00
[2022-03-21 10:14:07,279] {standard_task_runner.py:52} INFO - Started process 1369 to run task
[2022-03-21 10:14:07,290] {standard_task_runner.py:76} INFO - Running: ['airflow', 'tasks', 'run', 'fetch_news', 'write_to_postgres', '2022-03-20T00:00:00+00:00', '--job-id', '585', '--pool', 'default_pool', '--raw', '--subdir', 'DAGS_FOLDER/fetch_news.py', '--cfg-path', '/tmp/tmp_ks9h0fw', '--error-file', '/tmp/tmpph3w554r']
[2022-03-21 10:14:07,290] {standard_task_runner.py:77} INFO - Job 585: Subtask write_to_postgres
[2022-03-21 10:14:07,442] {logging_mixin.py:104} INFO - Running <TaskInstance: fetch_news.write_to_postgres 2022-03-20T00:00:00+00:00 [running]> on host e39215f0be5b
[2022-03-21 10:14:07,529] {taskinstance.py:1257} INFO - Exporting the following env vars:
AIRFLOW_CTX_DAG_OWNER=airflow
AIRFLOW_CTX_DAG_ID=fetch_news
AIRFLOW_CTX_TASK_ID=write_to_postgres
AIRFLOW_CTX_EXECUTION_DATE=2022-03-20T00:00:00+00:00
AIRFLOW_CTX_DAG_RUN_ID=scheduled__2022-03-20T00:00:00+00:00
[2022-03-21 10:14:07,539] {base.py:74} INFO - Using connection to: id: news_in. Host: postgres, Port: 5432, Schema: , Login: airflow, Password: XXXXXXXX, extra: None
[2022-03-21 10:14:07,544] {dbapi.py:180} INFO - Running statement: insert into NEWS.NEWS_COMPANY(COMPANY, SOURCE_NAME, AUTHOR, TITLE, DESCRIPTION, CONTENT, URL, IMG_URL, PUBLISH_DATE) 

                    values('nvidia','Slashdot.org','EditorDavid','More Apple M1 Ultra Benchmarks Show It Doesn"t Beat the Best GPUs from Nvidia and AMD','Tom"s Guide tested a Mac Studio workstation equipped with an M1 Ultra with the Geekbench 5.4 CPU benchmarks "to get a sense of how effectively it handles single-core and multi-core workflows." 



"Since our M1 Ultra is the best you can buy (at a rough price of…','Tom"s Guide tested a Mac Studio workstation equipped with an M1 Ultra with the Geekbench 5.4 CPU benchmarks "to get a sense of how effectively it handles single-core and multi-core workflows.""Since … [+3315 chars]','https://hardware.slashdot.org/story/22/03/19/2031214/more-apple-m1-ultra-benchmarks-show-it-doesnt-beat-the-best-gpus-from-nvidia-and-amd','https://a.fsdn.com/sd/topics/graphics_64.png','2022-03-20T01:34:00Z');

insert into NEWS.NEWS_COMPANY(COMPANY, SOURCE_NAME, AUTHOR, TITLE, DESCRIPTION, CONTENT, URL, IMG_URL, PUBLISH_DATE) 

                    values('nvidia','DIYphotography','John Aldred','New Google Chrome extension helps you spot fake photos with 99.29% accuracy','With the rise in AI-generated imagery lately, creating fake images, even very realistic looking human faces is become more widespread and readily available than ever – especially thanks to services like This Person Does Not Exist – which uses NVIDIA tech that…','With the rise in AI-generated imagery lately, creating fake images, even very realistic looking human faces is become more widespread and readily available than ever especially thanks to services lik… [+2058 chars]','https://www.diyphotography.net/new-google-chrome-extension-helps-you-spot-fake-photos-with-99-29-accuracy/','https://www.diyphotography.net/wp-content/uploads/2022/03/real-or-fake.jpg','2022-03-20T17:53:10Z');

insert into NEWS.NEWS_COMPANY(COMPANY, SOURCE_NAME, AUTHOR, TITLE, DESCRIPTION, CONTENT, URL, IMG_URL, PUBLISH_DATE) 

                    values('nvidia','Yahoo Entertainment','Alan Farley','Take Aggressive NVIDIA Profits','The chip giant posted outstanding gains last week, lifting more than 25% to a four-week high.','NVIDIA Corp. (NVDA) posted outstanding gains last week, lifting more than 25% to a four-week high. The turnaround erupted at the 200-day moving average, raising hopes for a sustained bottom and end o… [+2441 chars]','https://finance.yahoo.com/news/aggressive-nvidia-profits-123803446.html','https://s.yimg.com/uu/api/res/1.2/E2QzVwMH5qsl3y_.4i8Eww--~B/aD00MTA7dz02MTU7YXBwaWQ9eXRhY2h5b24-/https://media.zenfs.com/en/fx_empire_176/174370bc9041e041d0fc57559bd65270','2022-03-20T12:38:03Z');

insert into NEWS.NEWS_COMPANY(COMPANY, SOURCE_NAME, AUTHOR, TITLE, DESCRIPTION, CONTENT, URL, IMG_URL, PUBLISH_DATE) 

                    values('nvidia','XDA Developers','Kishan Vyas','Mozilla Firefox will finally add support for AV1 hardware acceleration','Mozilla says it’s finally ready to add support for the AV1 codec in the Firefox browser. While competitors like Google Chrome and Microsoft Edge have long supported hardware-accelerated AV1 video codec, Firefox missed out on this feature. But at long last, th…','Mozilla says it’s finally ready to add support for the AV1 codec in the Firefox browser. While competitors like Google Chrome and Microsoft Edge have long supported hardware-accelerated AV1 video cod… [+1854 chars]','https://www.xda-developers.com/mozilla-firefox-av1-codec-support/','https://www.xda-developers.com/files/2020/10/AV1-codec.jpg','2022-03-21T06:47:01Z');

insert into NEWS.NEWS_COMPANY(COMPANY, SOURCE_NAME, AUTHOR, TITLE, DESCRIPTION, CONTENT, URL, IMG_URL, PUBLISH_DATE) 

                    values('nvidia','Motley Fool','newsfeedback@fool.com (Travis Hoium)','Just One More Reason to Be Bullish on Apple Stock','Apple"s latest development gives it even greater competitive advantage.','The news of Apple"s ( AAPL 2.09% ) latest development could cause considerable industry disruption. In this clip from "The Virtual Opportunities Show" on Motley Fool Live, recorded on March 15, Motle… [+2701 chars]','https://www.fool.com/investing/2022/03/20/just-one-more-reason-to-be-bullish-on-apple-stock/','https://g.foolcdn.com/editorial/images/671177/gettyimages-1319763415.jpg','2022-03-20T12:00:00Z');

insert into NEWS.NEWS_COMPANY(COMPANY, SOURCE_NAME, AUTHOR, TITLE, DESCRIPTION, CONTENT, URL, IMG_URL, PUBLISH_DATE) 

                    values('nvidia','XDA Developers','Karthik Iyer','AMD Ryzen 9 6900HX Review: Can Ryzen 6000 series CPU beat Intel Alder Lake?','Intel created huge waves in the industry with the launch of its 12th-gen Alder Lake CPUs, but AMD isn’t giving up just yet. The AMD Ryzen 6900HX represents the best of what AMD has to offer in terms of the performance with new Ryzen 6000 series chips. This 45…','Intel created huge waves in the industry with the launch of its 12th-gen Alder Lake CPUs, but AMD isn’t giving up just yet. The AMD Ryzen 6900HX represents the best of what AMD has to offer in terms … [+17952 chars]','https://www.xda-developers.com/asus-rog-strix-g15-review/','https://www.xda-developers.com/files/2022/03/ASUS-ROG-Strix-G15-2022-featured-1.jpg','2022-03-20T15:00:54Z');

insert into NEWS.NEWS_COMPANY(COMPANY, SOURCE_NAME, AUTHOR, TITLE, DESCRIPTION, CONTENT, URL, IMG_URL, PUBLISH_DATE) 

                    values('nvidia','Ghacks Technology News','Martin Brinkmann','Firefox 100 is getting AV1 hardware decoding support on Windows','The first three-digit version of the Firefox web browser introduces support for AV1 hardware decoding on the Windows operating system.  Planned for a May 3, 2022 release, Firefox 100 will use hardware […]

Thank you for being a Ghacks reader. The post Firefox …','The first three-digit version of the Firefox web browser introduces support for AV1 hardware decoding on the Windows operating system.  Planned for a May 3, 2022 release, Firefox 100 will use hardwar… [+2205 chars]','https://www.ghacks.net/2022/03/21/firefox-100-is-getting-av1-hardware-decoding-support-on-windows/','https://www.ghacks.net/wp-content/uploads/2022/03/youtube-av1-codec.png','2022-03-21T06:05:19Z');

insert into NEWS.NEWS_COMPANY(COMPANY, SOURCE_NAME, AUTHOR, TITLE, DESCRIPTION, CONTENT, URL, IMG_URL, PUBLISH_DATE) 

                    values('nvidia','Neowin','work@buria.me (Taras Buria)','Two years after Chrome and Edge, Firefox is getting AV1 hardware acceleration','In 2020, Microsoft and Google equipped their browsers with hardware acceleration for the AV1 video support. Two years later, Mozilla is finally catching up with the same capability in Firefox. Read more...','According to an update made to a post on Bugzilla, The Mozilla Foundation is finally ready to add hardware acceleration for the AV1 video format. Developers plan to implement improved AV1 support in … [+1751 chars]','https://www.neowin.net/news/two-years-after-chrome-and-edge-firefox-is-getting-av1-hardware-acceleration/','https://cdn.neow.in/news/images/uploaded/2022/03/1647772028_firefox_av1_story.jpg','2022-03-20T11:38:01Z');

insert into NEWS.NEWS_COMPANY(COMPANY, SOURCE_NAME, AUTHOR, TITLE, DESCRIPTION, CONTENT, URL, IMG_URL, PUBLISH_DATE) 

                    values('nvidia','Neowin','sen92sayan@gmail.com (Sayan Sen)','Here are the best graphics cards for 1080p gaming in 2022 (Part 1)','As GPU prices begin to settle slowly creeping back to their MSRP levels, we look at the best graphics card purchases to make across a wide variety of refresh rates for those that game at 1080p. Read more...','For the longest time, it has been near impossible to purchase graphics cards at fair market prices. A variety of factors like the global chip shortage, cryptocurrency mining, among others, has contri… [+5212 chars]','https://www.neowin.net/news/here-are-the-best-graphics-cards-for-1080p-gaming-in-2022-part-1/','https://cdn.neow.in/news/images/uploaded/2022/03/1647696996_msi_graphics_cards_2_story.jpg','2022-03-20T16:32:01Z');

insert into NEWS.NEWS_COMPANY(COMPANY, SOURCE_NAME, AUTHOR, TITLE, DESCRIPTION, CONTENT, URL, IMG_URL, PUBLISH_DATE) 

                    values('nvidia','SamMobile','Asif S.','Samsung’s Chromebooks could soon support variable refresh rates','A few days ago, Google announced support for Steam on ChromeOS. It’s the most popular game distribution platform for PC games, and it’s now coming to ChromeOS devices, albeit in a beta form for now. In line with that announcement, Google appears to be working…','A few days ago, Google announced support for Steam on ChromeOS. It’s the most popular game distribution platform for PC games, and it’s now coming to ChromeOS devices, albeit in a beta form for now. … [+1459 chars]','https://www.sammobile.com/news/samsung-chromebooks-support-variable-refresh-rates/','https://www.sammobile.com/wp-content/uploads/2021/02/Samsung-Galaxy-Chromebook-Fiesta-Red.jpg-720x405.png','2022-03-20T11:18:00Z');

insert into NEWS.NEWS_COMPANY(COMPANY, SOURCE_NAME, AUTHOR, TITLE, DESCRIPTION, CONTENT, URL, IMG_URL, PUBLISH_DATE) 

                    values('nvidia','Gizchina.com','Marco Lancaster','Nvidia MX570 to boast the same video codec as RXT 2050','NVIDIA has just unveiled the NVIDIA MX150, 250, 350, 450 four-generation MX series graphics cards, all without NVENC / NVDEC video codec units. The info ...

The post Nvidia MX570 to boast the same video codec as RXT 2050 appeared first on Gizchina.com.','NVIDIA has just unveiled the NVIDIA MX150, 250, 350, 450 four-generation MX series graphics cards, all without NVENC / NVDEC video codec units. The info comes straight from industry insiders “Golden … [+2483 chars]','https://www.gizchina.com/2022/03/20/nvidia-mx570-to-boast-the-same-video-codec-as-rxt-2050/','https://www.gizchina.com/wp-content/uploads/images/2022/03/imagem_2022-03-20_170513.png','2022-03-20T20:06:16Z');

insert into NEWS.NEWS_COMPANY(COMPANY, SOURCE_NAME, AUTHOR, TITLE, DESCRIPTION, CONTENT, URL, IMG_URL, PUBLISH_DATE) 

                    values('nvidia','Digitimes','Willis Ke','TSMC may triple CoWoS material purchases for Nvidia new HPC chips','Nvidia is set to launch new HPC GPU platforms for datacenter, AI and gaming applications in 2022, and its manufacturing partner TSMC reportedly is expected to triple order placements with suppliers of packaging substrates and thermal materials needed to suppo…','Nvidia is set to launch new HPC GPU platforms for datacenter, AI and gaming applications in 2022, and its manufacturing partner TSMC reportedly is expected to triple order placements with suppliers o… [+174 chars]','https://www.digitimes.com/news/a20220321PD204.html','https://www.digitimes.com/newsshow/20220321PD204_files/2_2b.jpg','2022-03-21T06:22:49Z');

insert into NEWS.NEWS_COMPANY(COMPANY, SOURCE_NAME, AUTHOR, TITLE, DESCRIPTION, CONTENT, URL, IMG_URL, PUBLISH_DATE) 

                    values('nvidia','Ozbargain.com.au','danm02','Lenovo Legion 5i Gen 6 (i7-11600H, RTX 3060 6GB, 15.6" WQHD 165Hz, 16GB RAM, 512GB SDD) $1799.20 Delivered @ Lenovo eBay','Specifications



Battery: Integrated 80Wh

Bluetooth: Bluetooth® 5.0 or above

Display: 15.6" WQHD (2560x1440) IPS 300nits Anti-glare, 165Hz, 100% sRGB, Dolby Vision, G-Sync, DC dimmer

Finger Print Reader: No Fingerprint Reader

Graphics: NVIDIA® GeForce RTX™ 306…','Specifications

Battery: Integrated 80WhBluetooth: Bluetooth® 5.0 or aboveDisplay: 15.6" WQHD (2560x1440) IPS 300nits Anti-glare, 165Hz, 100% sRGB, Dolby Vision, G-Sync, DC dimmerFinger Print Reader:… [+403 chars]','https://www.ozbargain.com.au/node/689775','https://files.ozbargain.com.au/n/75/689775.jpg?h=969201dc','2022-03-20T13:19:39Z');

insert into NEWS.NEWS_COMPANY(COMPANY, SOURCE_NAME, AUTHOR, TITLE, DESCRIPTION, CONTENT, URL, IMG_URL, PUBLISH_DATE) 

                    values('nvidia','TweakTown','Anthony Garreffa','NVIDIA is "hopped up" for GTC 2022, gearing up for Hopper GPU reveal','NVIDIA is expected to reveal its next-gen Hopper GPU architecture at GTC 2022: GH100 GPU should have up to 140 billion transistors. Continue reading at TweakTown >','NVIDIA is hosting its annual GPU Technology Conference (GTC 2022) this week, where we should be introduced to their next-gen Hopper GPU architecture.

We should see NVIDIA introduce a next-gen MCM-ba… [+983 chars]','https://www.tweaktown.com/news/85185/nvidia-is-hopped-up-for-gtc-2022-gearing-hopper-gpu-reveal/index.html','https://static.tweaktown.com/news/8/5/85185_508_nvidia-is-hopped-up-for-gtc-2022-gearing-up-hopper-gpu-reveal_full.jpg','2022-03-21T04:59:32Z');

insert into NEWS.NEWS_COMPANY(COMPANY, SOURCE_NAME, AUTHOR, TITLE, DESCRIPTION, CONTENT, URL, IMG_URL, PUBLISH_DATE) 

                    values('nvidia','TweakTown','Anthony Garreffa','ASUS ROG Strix LC GeForce RTX 3090 Ti listed, costs over $4000+','Man, the NVIDIA GeForce RTX 3090 Ti is going to be expensive. ASUS ROG Strix LC RTX 3090 Ti variant pops up, costs over $4500. Continue reading at TweakTown >','NVIDIA is just over a week away from unleashing their new flagship GeForce RTX 3090 Ti graphics card, with a new spotting of the custom ASUS ROG Strix LC variant for over $4000 at a Canadian retailer… [+1266 chars]','https://www.tweaktown.com/news/85181/asus-rog-strix-lc-geforce-rtx-3090-ti-listed-costs-over-4000/index.html','https://static.tweaktown.com/news/8/5/85181_519_asus-rog-strix-lc-geforce-rtx-3090-ti-listed-costs-over-4000_full.jpg','2022-03-21T00:42:56Z');

insert into NEWS.NEWS_COMPANY(COMPANY, SOURCE_NAME, AUTHOR, TITLE, DESCRIPTION, CONTENT, URL, IMG_URL, PUBLISH_DATE) 

                    values('nvidia','Levelup.com','Ulises Contreras','Empleados de almacén ruso roban casi $38,000 USD en tarjetas gráficas','Editorial: Gaming / Facebook / Twitter / YouTube / Instagram / Noticias / Discord / Foros / Telegram / WhatsApp

Continuar leyendo »','Editorial: Gaming / Facebook / Twitter / YouTube / Instagram / Noticias / Discord / Foros / Telegram / WhatsApp

En protesta contra la actual invasión a Ucrania, AMD y NVIDIA dejaron de enviar sus pr… [+1940 chars]','https://www.levelup.com/noticias/667270/Empleados-de-almacen-ruso-roban-casi-38000-USD-en-tarjetas-graficas','https://cl.buscafs.com/www.levelup.com/public/uploads/images/732709/732709_600x315.jpg','2022-03-20T17:32:00Z');

insert into NEWS.NEWS_COMPANY(COMPANY, SOURCE_NAME, AUTHOR, TITLE, DESCRIPTION, CONTENT, URL, IMG_URL, PUBLISH_DATE) 

                    values('nvidia','TweakTown','Anthony Garreffa','Russian warehouse staffers busted in GPU heist: 20 x RTX 3070 Ti cards','Warehouse workers at Russian company "Wildberries" tried to steal up to 20 x GeForce RTX 3070 Ti cards, busted in GPU heist. Continue reading at TweakTown >','Uh, so there are some warehouse workers that are in some serious trouble: staffers at Russian company "Wildberries" tried to steal 20 x GeForce RTX 3070 Ti graphics cards... but they were busted.

Li… [+815 chars]','https://www.tweaktown.com/news/85166/russian-warehouse-staffers-busted-in-gpu-heist-20-rtx-3070-ti-cards/index.html','https://static.tweaktown.com/news/8/5/85166_01_russian-warehouse-staffers-busted-in-gpu-heist-20-rtx-3070-ti-cards_full.jpg','2022-03-20T23:26:20Z');

insert into NEWS.NEWS_COMPANY(COMPANY, SOURCE_NAME, AUTHOR, TITLE, DESCRIPTION, CONTENT, URL, IMG_URL, PUBLISH_DATE) 

                    values('nvidia','Ozbargain.com.au','taimou','Foxtel Go Ultimate $49p/m for 12 months and Foxtel Go Box for $29 from Koogan (plus shipping unless you have Koogan first)','Toofa on currently, not sure if it"s just Foxtel in it"s death throws but currently really good value (for Foxtel at least)



For me Iv"e missed the History channel bad since I kicked Foxtel to the curb years ago, plus it"s Footy season!!!!



Foxtel Go streamin…','Toofa on currently, not sure if it"s just Foxtel in it"s death throws but currently really good value (for Foxtel at least)

For me Iv"e missed the History channel bad since I kicked Foxtel to the cu… [+1343 chars]','https://www.ozbargain.com.au/node/689758','https://files.ozbargain.com.au/n/58/689758l.jpg?h=572f4de5','2022-03-20T11:17:19Z');

insert into NEWS.NEWS_COMPANY(COMPANY, SOURCE_NAME, AUTHOR, TITLE, DESCRIPTION, CONTENT, URL, IMG_URL, PUBLISH_DATE) 

                    values('nvidia','guru3d.com','<!-- Template: news_story_author_posted -->

Hilbert Hagedoorn','The GeForce RTX 3090 Ti listings at e-tailers are skyrocketing','Nvidia"s new RTX 3090 Ti is expected to launch this month following but no official prices are known yet. The 3090 Ti is however now listed at a Canadian shop, the Asus TUF and ROG Strix offerings a...','Nvidia"s new RTX 3090 Ti is expected to launch this month following but no official prices are known yet. The 3090 Ti is however now listed at a Canadian shop, the Asus TUF and ROG Strix offerings ap… [+1974 chars]','https://www.guru3d.com/news-story/the-geforce-rtx-3090-ti-listings-at-e-tailers-are-skyrocketing.html','https://www.guru3d.com/news_teaserimage/1514','2022-03-21T08:02:59Z');

insert into NEWS.NEWS_COMPANY(COMPANY, SOURCE_NAME, AUTHOR, TITLE, DESCRIPTION, CONTENT, URL, IMG_URL, PUBLISH_DATE) 

                    values('nvidia','Bedroomproducersblog.com','Tomislav Zlatic','GPU Audio Releases FREE FIR Convolver Early Access Plugin','GPU Audio released a free early-access version of FIR Convolver, a GPU-powered convolution reverb VST plugin for Windows. FIR Convolver is the first plugin based on GPU Audio’s innovative GPU-based audio processing technology. The idea is to offload all DSP p…','GPU Audio released a free early-access version of FIR Convolver, a GPU-powered convolution reverb VST plugin for Windows.

FIR Convolver is the first plugin based on GPU Audio’s innovative GPU-based … [+2673 chars]','https://bedroomproducersblog.com/2022/03/21/gpu-audio-fir-convolver/','https://bedroomproducersblog.com/wp-content/uploads/2022/03/gpu-audio.png','2022-03-21T09:04:05Z');
, parameters: None
[2022-03-21 10:14:07,551] {dbapi.py:186} INFO - Rows affected: 1
[2022-03-21 10:14:07,568] {python.py:118} INFO - Done. Returned value was: None
[2022-03-21 10:14:07,597] {taskinstance.py:1166} INFO - Marking task as SUCCESS. dag_id=fetch_news, task_id=write_to_postgres, execution_date=20220320T000000, start_date=20220321T101407, end_date=20220321T101407
[2022-03-21 10:14:07,652] {taskinstance.py:1220} INFO - 0 downstream tasks scheduled from follow-on schedule check
[2022-03-21 10:14:07,685] {local_task_job.py:146} INFO - Task exited with return code 0
