[2022-03-27 12:06:46,929] {taskinstance.py:851} INFO - Dependencies all met for <TaskInstance: fetch_news.write_to_postgres 2022-03-22T00:00:00+00:00 [queued]>
[2022-03-27 12:06:46,944] {taskinstance.py:851} INFO - Dependencies all met for <TaskInstance: fetch_news.write_to_postgres 2022-03-22T00:00:00+00:00 [queued]>
[2022-03-27 12:06:46,944] {taskinstance.py:1042} INFO - 
--------------------------------------------------------------------------------
[2022-03-27 12:06:46,944] {taskinstance.py:1043} INFO - Starting attempt 1 of 1
[2022-03-27 12:06:46,944] {taskinstance.py:1044} INFO - 
--------------------------------------------------------------------------------
[2022-03-27 12:06:46,958] {taskinstance.py:1063} INFO - Executing <Task(PythonOperator): write_to_postgres> on 2022-03-22T00:00:00+00:00
[2022-03-27 12:06:46,961] {standard_task_runner.py:52} INFO - Started process 55 to run task
[2022-03-27 12:06:46,964] {standard_task_runner.py:76} INFO - Running: ['airflow', 'tasks', 'run', 'fetch_news', 'write_to_postgres', '2022-03-22T00:00:00+00:00', '--job-id', '784', '--pool', 'default_pool', '--raw', '--subdir', 'DAGS_FOLDER/fetch_news.py', '--cfg-path', '/tmp/tmpx623xn7l', '--error-file', '/tmp/tmpodgbh7oq']
[2022-03-27 12:06:46,965] {standard_task_runner.py:77} INFO - Job 784: Subtask write_to_postgres
[2022-03-27 12:06:47,010] {logging_mixin.py:104} INFO - Running <TaskInstance: fetch_news.write_to_postgres 2022-03-22T00:00:00+00:00 [running]> on host dd6a275532f2
[2022-03-27 12:06:47,060] {taskinstance.py:1257} INFO - Exporting the following env vars:
AIRFLOW_CTX_DAG_OWNER=airflow
AIRFLOW_CTX_DAG_ID=fetch_news
AIRFLOW_CTX_TASK_ID=write_to_postgres
AIRFLOW_CTX_EXECUTION_DATE=2022-03-22T00:00:00+00:00
AIRFLOW_CTX_DAG_RUN_ID=scheduled__2022-03-22T00:00:00+00:00
[2022-03-27 12:06:47,070] {base.py:74} INFO - Using connection to: id: news_in. Host: postgres, Port: 5432, Schema: , Login: airflow, Password: XXXXXXXX, extra: None
[2022-03-27 12:06:47,074] {dbapi.py:180} INFO - Running statement: delete from NEWS.NEWS_COMPANY where cast('2022-03-22' as DATE) = cast(PUBLISH_DATE as DATE);

insert into NEWS.NEWS_COMPANY(COMPANY, SOURCE_NAME, AUTHOR, TITLE, DESCRIPTION, CONTENT, URL, IMG_URL, PUBLISH_DATE) 

                    values('nvidia','Engadget','Kris Holt','Microsoft and Okta are investigating potential attacks by the Lapsus$ hacking group','Microsoft

 and identity authentication company Okta are both investigating potential attacks that may have been carried out by the South American hacking group Lapsus$. The collective claims to have stolen source code for Bing

, Cortana

 and internal Micro…','Microsoft

 and identity authentication company Okta are both investigating potential attacks that may have been carried out by the South American hacking group Lapsus$. The collective claims to have… [+1854 chars]','https://www.engadget.com/microsoft-okta-investigating-attack-lapsus-hacking-group-120541942.html','https://s.yimg.com/os/creatr-uploaded-images/2021-06/da1e7570-d455-11eb-b9fc-bc248594b77f',cast('2022-03-22T12:05:41Z' as TIMESTAMP));

insert into NEWS.NEWS_COMPANY(COMPANY, SOURCE_NAME, AUTHOR, TITLE, DESCRIPTION, CONTENT, URL, IMG_URL, PUBLISH_DATE) 

                    values('nvidia','The Verge','Jon Porter','Okta hack puts thousands of businesses on high alert','Okta says it’s investigating reports of a potential breach. Hacking group Lapsus$ has posted screenshots to its Telegram channel claiming to be of Okta’s internal systems.','Okta lists Peloton, Sonos, T-Mobile, and the FCC among its 15,000 customers

Illustration by Alex Castro / The Verge

Okta, an authentication company used by thousands of organizations around the wor… [+1915 chars]','https://www.theverge.com/2022/3/22/22990637/okta-breach-single-sign-on-lapsus-hacker-group','https://cdn.vox-cdn.com/thumbor/nMu32hOmEMBEexVd-Wh7rIx6Nzc=/0x146:2040x1214/fit-in/1200x630/cdn.vox-cdn.com/uploads/chorus_asset/file/9281305/acastro_170629_1777_0008_v2.jpg',cast('2022-03-22T09:37:49Z' as TIMESTAMP));

insert into NEWS.NEWS_COMPANY(COMPANY, SOURCE_NAME, AUTHOR, TITLE, DESCRIPTION, CONTENT, URL, IMG_URL, PUBLISH_DATE) 

                    values('nvidia','Hackaday','Tom Nardi','NVIDIA Unveils Jetson AGX Orin Developer Kit','When you think of high-performance computing powered by NVIDIA hardware, you probably think of applications leveraging the capabilities of the company’s graphics cards. In many cases, you’d be right. But …read more','When you think of high-performance computing powered by NVIDIA hardware, you probably think of applications leveraging the capabilities of the company’s graphics cards. In many cases, you’d be right.… [+2900 chars]','https://hackaday.com/2022/03/22/nvidia-unveils-jetson-agx-orin-developer-kit/','https://hackaday.com/wp-content/uploads/2022/03/jetsonorin_feat.jpg',cast('2022-03-22T23:00:00Z' as TIMESTAMP));

insert into NEWS.NEWS_COMPANY(COMPANY, SOURCE_NAME, AUTHOR, TITLE, DESCRIPTION, CONTENT, URL, IMG_URL, PUBLISH_DATE) 

                    values('nvidia','VentureBeat','Shubham Sharma','Domino Data Lab to accelerate model deployment with Nvidia Fleet Command','Domino Data Lab today announced new integrations with Nvidia to help enterprises accelerate model development and deployment.','Did you miss a session at the Data Summit? Watch On-Demand Here.

San Francisco-based Domino Data Lab, a company known for its machine learning operations (MLops) platform, today announced new integr… [+3201 chars]','https://venturebeat.com/2022/03/22/domino-data-lab-to-accelerate-model-deployment-with-nvidia-fleet-command/','https://venturebeat.com/wp-content/uploads/2022/03/GettyImages-1282957835-e1647956083281.jpg?w=1200&strip=all',cast('2022-03-22T17:00:00Z' as TIMESTAMP));

insert into NEWS.NEWS_COMPANY(COMPANY, SOURCE_NAME, AUTHOR, TITLE, DESCRIPTION, CONTENT, URL, IMG_URL, PUBLISH_DATE) 

                    values('nvidia','VentureBeat','Chris J. Preimesberger, Zeus Kerravala','GTC 2022: NVIDIA flexes its GPU and platform muscles','NVIDIA"s CEO Jensen Huang"s 1 hour, 39-minute keynote covered a lot of ground but the unifying themes to the majority of the two dozen announcements were GPU-centered, and its platform approach to everything it builds.','Did you miss a session at the Data Summit? Watch On-Demand Here.

Follow VentureBeats ongoing coverage of Nvidias GTC 2022. &gt;&gt;

Nvidia packed about three years worth of news into its GPU Techno… [+7453 chars]','https://venturebeat.com/2022/03/22/gtc-2022-nvidia-flexes-its-gpu-and-platform-muscles/','https://venturebeat.com/wp-content/uploads/2022/03/nvidia.jpg?w=1200&strip=all',cast('2022-03-22T20:17:48Z' as TIMESTAMP));

insert into NEWS.NEWS_COMPANY(COMPANY, SOURCE_NAME, AUTHOR, TITLE, DESCRIPTION, CONTENT, URL, IMG_URL, PUBLISH_DATE) 

                    values('nvidia','VentureBeat','George Anadiotis','Nvidia sets the stage for medical digital twins','Enhanced digital twins capabilities will eventually take advantage of Nvidia"s tech advances to dramatically improve patient safety.','Did you miss a session at the Data Summit? Watch On-Demand Here.

Follow along with VentureBeats coverage from Nvidias GTC 2022 event.

Digital twins play a crucial role in Nvidia platforms for devel… [+6637 chars]','https://venturebeat.com/2022/03/22/nvidia-sets-the-stage-for-medical-digital-twins/','https://venturebeat.com/wp-content/uploads/2022/03/Cambridge-1-Image-e1647978648138.jpg?w=1200&strip=all',cast('2022-03-22T19:56:42Z' as TIMESTAMP));

insert into NEWS.NEWS_COMPANY(COMPANY, SOURCE_NAME, AUTHOR, TITLE, DESCRIPTION, CONTENT, URL, IMG_URL, PUBLISH_DATE) 

                    values('nvidia','Nvidia.com',null,'Nvidia H100','A Massive Leap in Accelerated Compute.','AI solves a wide array of business challenges, using an equally wide array of neural networks. A great AI inference accelerator has to not only deliver the highest performance but also the versatilit… [+459 chars]','https://www.nvidia.com/en-us/data-center/h100/','https://www.nvidia.com/content/dam/en-zz/Solutions/gtcs22/data-center/h100/h100-og.jpg',cast('2022-03-22T16:56:50Z' as TIMESTAMP));

insert into NEWS.NEWS_COMPANY(COMPANY, SOURCE_NAME, AUTHOR, TITLE, DESCRIPTION, CONTENT, URL, IMG_URL, PUBLISH_DATE) 

                    values('nvidia','VentureBeat','Kyle Alspach','Hacking group claims to leak Microsoft source code','Hacking group Lapsus$ claims it has posted Microsoft source code on Telegram, including for Bing, Bing Maps and Cortana.','Did you miss a session at the Data Summit? Watch On-Demand Here.

A threat actor that has previously stolen and leaked data from Nvidia and Samsung now claims it has posted Microsoft source code for … [+1962 chars]','https://venturebeat.com/2022/03/21/hacking-group-claims-to-leak-microsoft-source-code/','https://venturebeat.com/wp-content/uploads/2022/03/microsoft-bing.jpg?w=1200&strip=all',cast('2022-03-22T02:10:29Z' as TIMESTAMP));

insert into NEWS.NEWS_COMPANY(COMPANY, SOURCE_NAME, AUTHOR, TITLE, DESCRIPTION, CONTENT, URL, IMG_URL, PUBLISH_DATE) 

                    values('nvidia','MarketWatch','Jeremy C. Owens',': Nvidia CEO lays out plans after Arm deal fell through, reveals new Hopper GPU','Nvidia Corp. Chief Executive Jensen Huang spoke at length to the public about his company"s plans Tuesday for the first time since dropping his pursuit of chip designer Arm Ltd., including the introduction of the next generation of its core product.','Nvidia Corp. Chief Executive Jensen Huang spoke at length to the public about his companys plans Tuesday for the first time since dropping his pursuit of chip designer Arm Ltd., including the introdu… [+5421 chars]','https://www.marketwatch.com/story/nvidia-ceo-lays-out-plans-after-arm-deal-fell-through-reveals-new-hopper-gpu-11647967589','https://images.mktw.net/im-509623/social',cast('2022-03-22T15:46:00Z' as TIMESTAMP));

insert into NEWS.NEWS_COMPANY(COMPANY, SOURCE_NAME, AUTHOR, TITLE, DESCRIPTION, CONTENT, URL, IMG_URL, PUBLISH_DATE) 

                    values('nvidia','Windows Central','Robert Carnevale','NVIDIA unveils Grace CPU and Hopper GPU, compares against AMD','Get ready for specs.







What you need to know





NVIDIA GTC, a tech conference, is having its March 2022 event right now.

At GTC, many new products are being shown off, including a new GPU and NVIDIA"s Grace CPU.

Collaborations with Microsoft and other parties…','Source: NVIDIA

<ul><li>NVIDIA GTC, a tech conference, is having its March 2022 event right now.</li><li>At GTC, many new products are being shown off, including a new GPU and NVIDIA"s Grace CPU.</li… [+2112 chars]','https://www.windowscentral.com/nvidia-talks-grace-cpu-hopper-gpu-microsoft-research-collaboration-and-more-gtc','https://www.windowscentral.com/sites/wpcentral.com/files/styles/large/public/field/image/2018/08/nvidia-rtx-2080-launch.jpg',cast('2022-03-22T18:25:49Z' as TIMESTAMP));

insert into NEWS.NEWS_COMPANY(COMPANY, SOURCE_NAME, AUTHOR, TITLE, DESCRIPTION, CONTENT, URL, IMG_URL, PUBLISH_DATE) 

                    values('nvidia','XDA Developers','João Carrasqueira','NVIDIA launches new RTX GPUs for creators along with Omniverse Cloud','Today, NVIDIA kicked off its GPU Technology Conference, or GTC, and with it come a few big announcements for creative professionals. On the hardware side, the company is launching a new NVIDIA RTX A5500 GPU for the desktop, along with a full range of laptop G…','Today, NVIDIA kicked off its GPU Technology Conference, or GTC, and with it come a few big announcements for creative professionals. On the hardware side, the company is launching a new NVIDIA RTX A5… [+3368 chars]','https://www.xda-developers.com/nvidia-launches-rtx-creator-gpus-omniverse-cloud/','https://www.xda-developers.com/files/2022/03/NVIDIA-RTX-Laptop-GPUs-featured.jpg',cast('2022-03-22T17:00:31Z' as TIMESTAMP));

insert into NEWS.NEWS_COMPANY(COMPANY, SOURCE_NAME, AUTHOR, TITLE, DESCRIPTION, CONTENT, URL, IMG_URL, PUBLISH_DATE) 

                    values('nvidia','Theregister.com','Dylan Martin','Nvidia reveals 144-core Arm-based Grace "CPU Superchip"','OK, who needs a takeover?

GTC Nvidia is cramming two Arm-based CPU processors and a DDR5 memory subsystem into one package, its newly revealed 144-core Grace "CPU Superchip," which the graphics giant claims will be much faster and 2x more energy-efficient tha…','GTC Nvidia is cramming two Arm-based CPU processors and a DDR5 memory subsystem into one package, its newly revealed 144-core Grace "CPU Superchip," which the graphics giant claims will be much faste… [+4801 chars]','https://www.theregister.com/2022/03/22/nvidia_reveals_epyccrushing_144core_grace/','https://regmedia.co.uk/2022/03/22/nvidia_grace_cpu_superchip.jpg',cast('2022-03-22T15:43:11Z' as TIMESTAMP));

insert into NEWS.NEWS_COMPANY(COMPANY, SOURCE_NAME, AUTHOR, TITLE, DESCRIPTION, CONTENT, URL, IMG_URL, PUBLISH_DATE) 

                    values('nvidia','Theregister.com','Agam Shah','Nvidia CEO Huang talks chips, GPUs, metaverse at GTC','Huang wants to marshal the creation of "metaverse"

GTC Nvidia has continued its shift away on emphasizing the consumer GPU business that brought it into the wider market, instead focusing on emerging enterprise opportunities at its GPU Technology Conference, …','GTC Nvidia has continued its shift away on emphasizing the consumer GPU business that brought it into the wider market, instead focusing on emerging enterprise opportunities at its GPU Technology Con… [+11127 chars]','https://www.theregister.com/2022/03/22/nvidia_jensen_gtc/','https://regmedia.co.uk/2022/03/22/jensen.jpg',cast('2022-03-22T18:11:52Z' as TIMESTAMP));

insert into NEWS.NEWS_COMPANY(COMPANY, SOURCE_NAME, AUTHOR, TITLE, DESCRIPTION, CONTENT, URL, IMG_URL, PUBLISH_DATE) 

                    values('nvidia','Theregister.com','Dylan Martin','Nvidia reveals specs of latest GPU: The Hopper-based H100','Chip promises performance, raises the power stakes by 300 Watts

GTC Nvidia has unveiled its H100 GPU powered by its next-generation Hopper architecture, claiming it will provide a huge AI performance leap over the two-year-old A100, speeding up massive deep l…','GTC Nvidia has unveiled its H100 GPU powered by its next-generation Hopper architecture, claiming it will provide a huge AI performance leap over the two-year-old A100, speeding up massive deep learn… [+6576 chars]','https://www.theregister.com/2022/03/22/nvidias_h100_gpu/','https://regmedia.co.uk/2022/03/22/nvidia_hopper_h100_sxm.jpg',cast('2022-03-22T15:29:55Z' as TIMESTAMP));

insert into NEWS.NEWS_COMPANY(COMPANY, SOURCE_NAME, AUTHOR, TITLE, DESCRIPTION, CONTENT, URL, IMG_URL, PUBLISH_DATE) 

                    values('nvidia','Theregister.com','Brandon Vigliarolo','Nvidia"s Omniverse heads to the cloud','Plethora of updates for what the GPU giant believes will be its "biggest growth driver this year"

GTC Building digital twins is about to get a whole lot more affordable thanks to Nvidia, though some patience will be required.…','GTC Building digital twins is about to get a whole lot more affordable thanks to Nvidia, though some patience will be required.

Nvidia had a lot of news surrounding its Omniverse digital twinning pl… [+3681 chars]','https://www.theregister.com/2022/03/22/nvidia_omniverse_cloud/','https://regmedia.co.uk/2022/03/21/omniverse_cloud.jpg',cast('2022-03-22T15:57:20Z' as TIMESTAMP));

insert into NEWS.NEWS_COMPANY(COMPANY, SOURCE_NAME, AUTHOR, TITLE, DESCRIPTION, CONTENT, URL, IMG_URL, PUBLISH_DATE) 

                    values('nvidia','Techmeme.com',null,'Nvidia says Nvidia Omniverse has been downloaded 150K+ times, up from ~100K in January, and makes the design collaboration tools available in the cloud (Dean Takahashi/VentureBeat)','Dean Takahashi / VentureBeat:

Nvidia says Nvidia Omniverse has been downloaded 150K+ times, up from ~100K in January, and makes the design collaboration tools available in the cloud  —  Nvidia CEO Jensen Huang said today that the Omniverse virtual simulation …','Data Elixir

A weekly dose of the top data science picks from around the web. Covering machine learning, data visualization, analytics, and strategy.','https://www.techmeme.com/220322/p20','https://venturebeat.com/wp-content/uploads/2022/03/omniverse-1.jpg?w=1200&strip=all',cast('2022-03-22T16:25:13Z' as TIMESTAMP));

insert into NEWS.NEWS_COMPANY(COMPANY, SOURCE_NAME, AUTHOR, TITLE, DESCRIPTION, CONTENT, URL, IMG_URL, PUBLISH_DATE) 

                    values('nvidia','XDA Developers','João Carrasqueira','MSI introduces CreatorPro series with professional NVIDIA RTX GPUs','MSI has announced the CreatorPro series of laptops, unsurprisingly aimed at creative professionals. The new lineup includes five laptops, all featuring the new professional NVIDIA RTX GPUs, which were announced earlier today at NVIDIA’s GTC keynote. MSI Creat…','MSI has announced the CreatorPro series of laptops, unsurprisingly aimed at creative professionals. The new lineup includes five laptops, all featuring the new professional NVIDIA RTX GPUs, which wer… [+3026 chars]','https://www.xda-developers.com/?p=617031','https://www.xda-developers.com/files/2022/03/MSI-CreatorPro-laptops.jpg',cast('2022-03-22T18:05:46Z' as TIMESTAMP));

insert into NEWS.NEWS_COMPANY(COMPANY, SOURCE_NAME, AUTHOR, TITLE, DESCRIPTION, CONTENT, URL, IMG_URL, PUBLISH_DATE) 

                    values('nvidia','Techmeme.com',null,'Nvidia unveils the Grace CPU Superchip, an Arm-based discrete data center CPU coming next year, with 144 high-performance cores and 1TB of secondary memory (Dean Takahashi/VentureBeat)','Dean Takahashi / VentureBeat:

Nvidia unveils the Grace CPU Superchip, an Arm-based discrete data center CPU coming next year, with 144 high-performance cores and 1TB of secondary memory  —  Nvidia offered details on its Grace central processing unit (CPU) “Su…','Data Elixir

A weekly dose of the top data science picks from around the web. Covering machine learning, data visualization, analytics, and strategy.','https://www.techmeme.com/220322/p18','https://venturebeat.com/wp-content/uploads/2022/03/grace.jpg?w=1200&strip=all',cast('2022-03-22T16:05:09Z' as TIMESTAMP));

insert into NEWS.NEWS_COMPANY(COMPANY, SOURCE_NAME, AUTHOR, TITLE, DESCRIPTION, CONTENT, URL, IMG_URL, PUBLISH_DATE) 

                    values('nvidia','Digital Trends','Arif Bacchus','Hackers hit Microsoft, post Cortana and Bing source code','A hacking group has hit Microsoft"s DevOps repositories and posted the source code for Cortana and other projects.','A hacking group has hit Microsoft, getting into Azure DevOps source code repositories and leaking source code for Cortana and several other Microsoft projects. It is the latest round of attacks by th… [+2229 chars]','https://www.digitaltrends.com/computing/hackers-hit-microsoft-source-code-cortana/','https://icdn.digitaltrends.com/image/digitaltrends/dmitry-tishchenko123rfhttpswww-123rf-comprofile_cendeced.jpg',cast('2022-03-22T14:12:49Z' as TIMESTAMP));

insert into NEWS.NEWS_COMPANY(COMPANY, SOURCE_NAME, AUTHOR, TITLE, DESCRIPTION, CONTENT, URL, IMG_URL, PUBLISH_DATE) 

                    values('nvidia','Digital Trends','David Matthews','LG’s new ultrawide monitor offers HDR10 support for $520','LG"s new ultrawide, curved monitor is claimed to support both HDR10 and high-end gaming features.','Sometimes, you don’t need any fancy bells and whistles to be a great gaming monitor. LG’s newest ultrawide gaming monitor excels at the basics, with a decent price to boot.

The LG 34BP65C is a 34-in… [+2130 chars]','https://www.digitaltrends.com/computing/lg-new-ultrawide-monitor-lg-34bp65c-b-supports-hdr10/','https://icdn.digitaltrends.com/image/digitaltrends/lg-gaming-monitor-4.jpg',cast('2022-03-22T23:31:43Z' as TIMESTAMP));
, parameters: None
[2022-03-27 12:06:47,076] {dbapi.py:186} INFO - Rows affected: 1
[2022-03-27 12:06:47,082] {python.py:118} INFO - Done. Returned value was: None
[2022-03-27 12:06:47,093] {taskinstance.py:1166} INFO - Marking task as SUCCESS. dag_id=fetch_news, task_id=write_to_postgres, execution_date=20220322T000000, start_date=20220327T120646, end_date=20220327T120647
[2022-03-27 12:06:47,119] {taskinstance.py:1220} INFO - 0 downstream tasks scheduled from follow-on schedule check
[2022-03-27 12:06:47,137] {local_task_job.py:146} INFO - Task exited with return code 0
