[2022-03-21 10:13:56,974] {taskinstance.py:851} INFO - Dependencies all met for <TaskInstance: fetch_news.prepare_insert 2022-03-07T00:00:00+00:00 [queued]>
[2022-03-21 10:13:57,065] {taskinstance.py:851} INFO - Dependencies all met for <TaskInstance: fetch_news.prepare_insert 2022-03-07T00:00:00+00:00 [queued]>
[2022-03-21 10:13:57,066] {taskinstance.py:1042} INFO - 
--------------------------------------------------------------------------------
[2022-03-21 10:13:57,067] {taskinstance.py:1043} INFO - Starting attempt 7 of 7
[2022-03-21 10:13:57,067] {taskinstance.py:1044} INFO - 
--------------------------------------------------------------------------------
[2022-03-21 10:13:57,105] {taskinstance.py:1063} INFO - Executing <Task(PythonOperator): prepare_insert> on 2022-03-07T00:00:00+00:00
[2022-03-21 10:13:57,108] {standard_task_runner.py:52} INFO - Started process 1285 to run task
[2022-03-21 10:13:57,115] {standard_task_runner.py:76} INFO - Running: ['airflow', 'tasks', 'run', 'fetch_news', 'prepare_insert', '2022-03-07T00:00:00+00:00', '--job-id', '544', '--pool', 'default_pool', '--raw', '--subdir', 'DAGS_FOLDER/fetch_news.py', '--cfg-path', '/tmp/tmpz24v8rm7', '--error-file', '/tmp/tmpq3m1uue4']
[2022-03-21 10:13:57,116] {standard_task_runner.py:77} INFO - Job 544: Subtask prepare_insert
[2022-03-21 10:13:57,291] {logging_mixin.py:104} INFO - Running <TaskInstance: fetch_news.prepare_insert 2022-03-07T00:00:00+00:00 [running]> on host e39215f0be5b
[2022-03-21 10:13:57,494] {taskinstance.py:1257} INFO - Exporting the following env vars:
AIRFLOW_CTX_DAG_OWNER=airflow
AIRFLOW_CTX_DAG_ID=fetch_news
AIRFLOW_CTX_TASK_ID=prepare_insert
AIRFLOW_CTX_EXECUTION_DATE=2022-03-07T00:00:00+00:00
AIRFLOW_CTX_DAG_RUN_ID=scheduled__2022-03-07T00:00:00+00:00
[2022-03-21 10:13:57,500] {logging_mixin.py:104} INFO - /tmp/news_nvidia_2022-03-07_2022-03-08.sql
[2022-03-21 10:13:57,503] {logging_mixin.py:104} INFO - insert into NEWS.NEWS_COMPANY(COMPANY, SOURCE_NAME, AUTHOR, TITLE, DESCRIPTION, CONTENT, URL, IMG_URL, PUBLISH_DATE) 
                    values('nvidia','Insurance Business UK','Lyle Adriano','Hackers allegedly leak 190GB of data from Samsung - Insurance Business','<ol><li>Hackers allegedly leak 190GB of data from Samsung  Insurance Business
</li><li>Nvidia hackers leak 190GB of sensitive data from Samsung  TechSpot
</li><li>Hackers leak 190GB of data taken in alleged Samsung breach  AppleInsider
</li><li>Nvidia hack…','BleepingComputer reported that the stolen data supposedly on the cache include source code for every Trusted Applet (TA) installed in Samsung’s TrustZone platform; algorithms for biometric unlock fun… [+782 chars]','https://www.insurancebusinessmag.com/ca/news/cyber/hackers-allegedly-leak-190gb-of-data-from-samsung-397536.aspx','https://cdn-res.keymedia.com/cms/images/us/023/0270_637822449783866748.png','2022-03-07T10:23:29Z');
insert into NEWS.NEWS_COMPANY(COMPANY, SOURCE_NAME, AUTHOR, TITLE, DESCRIPTION, CONTENT, URL, IMG_URL, PUBLISH_DATE) 
                    values('nvidia','Digital Trends','Zak Islam','Hackers are using stolen Nvidia certificates to hide malware','According to security researchers, Nvidia code-signing certificates that were extracted via a hack of the chip maker are being used for malware purposes.','Nvidia code-signing certificates that were extracted from a recent hack of the chip maker are being used for malware purposes, according to security researchers.
Hacking group LAPSUS$ recently claim… [+3073 chars]','https://www.digitaltrends.com/computing/hackers-are-using-stolen-nvidia-certificates-to-hide-malware/','https://icdn.digitaltrends.com/image/digitaltrends/history-of-malware-feat.jpg','2022-03-07T15:12:54Z');
insert into NEWS.NEWS_COMPANY(COMPANY, SOURCE_NAME, AUTHOR, TITLE, DESCRIPTION, CONTENT, URL, IMG_URL, PUBLISH_DATE) 
                    values('nvidia','Windows Central','Sean Endicott','Stolen NVIDIA data is being used to bypass Windows security','Threat actors are using stolen data from the NVIDIA hack to attack PCs.



What you need to know


A ransomware group known as Lapsus$ has leaked stolen data from NVIDIA as part of a hack.
The leaked data includes code signing certificates, which are now bein…','The ongoing drama surrounding the NVIDIA hack by Lapsus$ has another chapter, and it"s putting computers at risk. The ransomware group known as Lapsus$ hacked NVIDIA in February 2022. The group threa… [+1330 chars]','https://www.windowscentral.com/leaked-nvidia-data-being-used-bypass-windows-security-and-attack-pcs','https://www.windowscentral.com/sites/wpcentral.com/files/styles/large/public/field/image/2017/02/hp-spectre-15-nvidia.jpg','2022-03-07T18:54:21Z');
insert into NEWS.NEWS_COMPANY(COMPANY, SOURCE_NAME, AUTHOR, TITLE, DESCRIPTION, CONTENT, URL, IMG_URL, PUBLISH_DATE) 
                    values('nvidia','Digital Trends','Monica J. White','This crafty crypto mining hack bypasses Nvidia’s LHR limiter','A new custom-made version of Nvidia"s RTX 3060 has surfaced on the second-hand market. The GPU was made to override Nvidia"s anti-crypto-mining measures.','It seems that cryptocurrency mining enthusiasts found yet another way to bypass Nvidia’s Lite Hash Rate limiter (LHR) technology, although this time, it doesn’t involve using any new software.
Custo… [+2934 chars]','https://www.digitaltrends.com/computing/custom-nvidia-rtx-3060-overrides-lhr/','https://icdn.digitaltrends.com/image/digitaltrends/rtx3060lhr.jpg','2022-03-08T16:57:36Z');
insert into NEWS.NEWS_COMPANY(COMPANY, SOURCE_NAME, AUTHOR, TITLE, DESCRIPTION, CONTENT, URL, IMG_URL, PUBLISH_DATE) 
                    values('nvidia','Windows Central','John Levite','Step up your game with LG"s 1440p 144Hz monitor on sale for $347','If you"re looking to upgrade from 1080p or to something with a higher refresh rate for gaming, today"s your day. LG"s 27GL850-B 27-inch 1440p gaming monitor has dropped to just $346.99 at Amazon. This price matches its low, and it"s a price it has usually onl…','If you"re looking to upgrade from 1080p or to something with a higher refresh rate for gaming, today"s your day. LG"s 27GL850-B 27-inch 1440p gaming monitor has dropped to just $346.99 at Amazon. Thi… [+1879 chars]','https://www.windowscentral.com/step-your-game-lgs-1440p-144hz-monitor-sale-347','https://www.windowscentral.com/sites/wpcentral.com/files/styles/large/public/field/image/2022/03/lg-ultragear-1440p-monitor.jpg','2022-03-08T16:20:02Z');
insert into NEWS.NEWS_COMPANY(COMPANY, SOURCE_NAME, AUTHOR, TITLE, DESCRIPTION, CONTENT, URL, IMG_URL, PUBLISH_DATE) 
                    values('nvidia','Windows Central','Cale Hunt','Review: Acer"s Predator X28 4K gaming monitor is ideal for high-end PCs','Acer puts it all together with the 28-inch 4K Predator X28.

As 4K UHD resolution becomes more common thanks to more powerful PC and console hardware, monitors must keep up. And while there have long been 4K displays on the market, those with high-end competi…','Source: Windows Central
As 4K UHD resolution becomes more common thanks to more powerful PC and console hardware, monitors must keep up. And while there have long been 4K displays on the market, tho… [+12111 chars]','https://www.windowscentral.com/acer-predator-x28-review','https://www.windowscentral.com/sites/wpcentral.com/files/styles/large/public/field/image/2022/03/acer-predator-x28-review-01.jpg','2022-03-07T18:00:02Z');
insert into NEWS.NEWS_COMPANY(COMPANY, SOURCE_NAME, AUTHOR, TITLE, DESCRIPTION, CONTENT, URL, IMG_URL, PUBLISH_DATE) 
                    values('nvidia','HYPEBEAST','info@hypebeast.com (HYPEBEAST), HYPEBEAST','Samsung Confirms Losing Galaxy Source Code to Hackers','Samsung has now confirmed previous rumors that it had fallen victim to a hack from South American group Lapsus$.According to the Korean tech giant, hackers managed to obtain the source code for its Galaxy devices and possibly sensitive and confidential data r…','Samsung has now confirmed previous rumors that it had fallen victim to a hack from South American group Lapsus$.
According to the Korean tech giant, hackers managed to obtain the source code for its… [+1328 chars]','https://hypebeast.com/2022/3/samsung-galaxy-source-code-hack-lapsus-confirmed','https://image-cdn.hypb.st/https%3A%2F%2Fhypebeast.com%2Fimage%2F2022%2F03%2Fsamsung-galaxy-source-code-hack-lapsus-confirmed-tw.jpg?w=960&cbr=1&q=90&fit=max','2022-03-08T06:04:07Z');
insert into NEWS.NEWS_COMPANY(COMPANY, SOURCE_NAME, AUTHOR, TITLE, DESCRIPTION, CONTENT, URL, IMG_URL, PUBLISH_DATE) 
                    values('nvidia','Cracked.com','LePit','PC Gamers Beware: The Nvida Hack, And What To Do About It','Be wary of any beautifully rendered horses you might come across','In the past, we"ve covered how the mess that is crypto mining harms your chances of getting new gaming hardware and destroys your chances of getting it at a reasonable price. Luckily, after over a ye… [+1471 chars]','https://www.cracked.com/article_32905_pc-gamers-beware-the-nvida-hack-and-what-to-do-about-it.html','https://s3.crackedcdn.com/phpimages/article/1/0/9/832109.jpg','2022-03-08T16:30:00Z');
insert into NEWS.NEWS_COMPANY(COMPANY, SOURCE_NAME, AUTHOR, TITLE, DESCRIPTION, CONTENT, URL, IMG_URL, PUBLISH_DATE) 
                    values('nvidia','PetaPixel','Jaron Schneider','Hackers Breached Samsung Security and Stole Galaxy Source Code','Samsung has confirmed that hackers breached its data security and were able to steal Galaxy smartphone source code. The company says the cyberattack did not affect customer or employee information.
[Read More]','Samsung has confirmed that hackers breached its data security and were able to steal Galaxy smartphone source code. The company says the cyberattack did not affect customer or employee information. … [+2153 chars]','https://petapixel.com/2022/03/07/hackers-breached-samsung-security-and-stole-galaxy-source-code/','https://petapixel.com/assets/uploads/2022/03/Hackers-Breach-Samsung-Security-Steal-Galaxy-Source-Code.jpg','2022-03-07T17:07:57Z');
insert into NEWS.NEWS_COMPANY(COMPANY, SOURCE_NAME, AUTHOR, TITLE, DESCRIPTION, CONTENT, URL, IMG_URL, PUBLISH_DATE) 
                    values('nvidia','Motley Fool','newsfeedback@fool.com (Rich Smith)','Why Nvidia Stock Tanked Today','Goldman Sachs kind of likes Nvidia -- but can"t recommend buying it.','What happened
Shares of Nvidia( NVDA -4.66% ) stock fell off a cliff Monday morning, tumbling 4% by noon ET. That"s actually a bit surprising though, given the news today:
Goldman Sachs just reinit… [+1804 chars]','https://www.fool.com/investing/2022/03/07/why-nvidia-stock-tanked-today/','https://g.foolcdn.com/editorial/images/669377/white-arrow-declining-sharply-atop-a-stock-tickertape-display-bathed-in-red.jpg','2022-03-07T17:32:17Z');
insert into NEWS.NEWS_COMPANY(COMPANY, SOURCE_NAME, AUTHOR, TITLE, DESCRIPTION, CONTENT, URL, IMG_URL, PUBLISH_DATE) 
                    values('nvidia','Theregister.com','Gareth Corfield','Lapsus$ extortionists dump data online as Samsung admits breach','190GB worth of internal files, looks like source code for proprietary tech including Knox, Bootloader and more
Samsung has acknowledged its data was stolen after the Lapsus$ extortion gang deposited what appears to be 190GB of the company"s stolen internal fi…','Samsung has acknowledged its data was stolen after the Lapsus$ extortion gang deposited what appears to be 190GB of the company"s stolen internal files online.
"We were recently made aware that ther… [+3719 chars]','https://www.theregister.com/2022/03/07/samsung_lapsus_data_theft/','https://regmedia.co.uk/2020/10/29/shutterstock_samsung_editorial_only.jpg','2022-03-07T17:11:51Z');
insert into NEWS.NEWS_COMPANY(COMPANY, SOURCE_NAME, AUTHOR, TITLE, DESCRIPTION, CONTENT, URL, IMG_URL, PUBLISH_DATE) 
                    values('nvidia','Internet','noreply@blogger.com (Ravie Lakshmanan)','Samsung Confirms Data Breach After Hackers Leak Galaxy Source Code','Samsung on Monday confirmed a security breach that resulted in the exposure of internal company data, including the source code related to its Galaxy smartphones.
"According to our initial analysis, the breach involves some source code relating to the operati…','Samsung on Monday confirmed a security breach that resulted in the exposure of internal company data, including the source code related to its Galaxy smartphones.
"According to our initial analysis,… [+2076 chars]','https://thehackernews.com/2022/03/samsung-confirms-data-breach-after.html','https://thehackernews.com/new-images/img/a/AVvXsEgFtF5wpCzSBdf6ntWP1-9p-FfSAjjaGhYgTr4dryXKhIg8NQO_vbXIw1N4BNPhoE94N4nVwYeyrdpmQwQ8zsutUPFlFyCJ620tIKtbSpA0iol9ouebyAntQ2ZWToPww765LpCLBXxsQGvktGLKvsUFy8CBikovjarXSpxiUV6JTzL_A8DEQsRYHlVO=s728-e1000','2022-03-08T12:11:29Z');
insert into NEWS.NEWS_COMPANY(COMPANY, SOURCE_NAME, AUTHOR, TITLE, DESCRIPTION, CONTENT, URL, IMG_URL, PUBLISH_DATE) 
                    values('nvidia','XDA Developers','Corbin Davenport','Samsung confirms hackers stole source code for Galaxy phones','Samsung often speaks highly of its security measures, especially around the Samsung Knox technology available on Galaxy devices and other products, but no company (or government) is immune to security breaches. Samsung confirmed on Monday that it suffered a s…','Samsung often speaks highly of its security measures, especially around the Samsung Knox technology available on Galaxy devices and other products, but no company (or government) is immune to securit… [+2875 chars]','https://www.xda-developers.com/samsung-hack-source-code-galaxy-phones/','https://www.xda-developers.com/files/2022/02/Samsung-Galaxy-S22-Plus-11.jpg','2022-03-07T20:04:44Z');
insert into NEWS.NEWS_COMPANY(COMPANY, SOURCE_NAME, AUTHOR, TITLE, DESCRIPTION, CONTENT, URL, IMG_URL, PUBLISH_DATE) 
                    values('nvidia','AppleInsider','news@appleinsider.com (Darryl Boxberger)','Comcast and Apple announce launch of Apple TV+ on Xfinity platforms','Comcast has announced that Apple TV+ will be launching on its Xfinity entertainment platform starting on March 7, 2022.In an announcement on Monday, Comcast and Apple announced that Apple TV+ will launch across its Xfinity X1, Xfinity Flex, and XClassTV set-t…','AppleInsider is supported by its audience and may earn commission as an Amazon Associate and affiliate partner on qualifying purchases. These affiliate partnerships do not influence our editorial con… [+1429 chars]','https://appleinsider.com/articles/22/03/07/comcast-and-apple-announce-launch-of-apple-tv-on-xfinity-platforms','https://photos5.appleinsider.com/gallery/45543-88636-000-lead-Comcast-Xfinity-xl.jpg','2022-03-07T22:24:19Z');
insert into NEWS.NEWS_COMPANY(COMPANY, SOURCE_NAME, AUTHOR, TITLE, DESCRIPTION, CONTENT, URL, IMG_URL, PUBLISH_DATE) 
                    values('nvidia','Motley Fool','newsfeedback@fool.com (Rich Smith)','Why Nvidia, Micron, and AMD Stocks Popped Tuesday','More worries over semiconductor shortages spark a relief rally today.','What happened
Semiconductor stocks, which have been under pressure the past several days, bounced back in a big way Tuesday afternoon.
As of 1:15 p.m. ET, shares of Nvidia( NVDA 2.71% ) are up 4.3%… [+2650 chars]','https://www.fool.com/investing/2022/03/08/why-nvidia-micron-and-amd-stocks-popped-tuesday/','https://g.foolcdn.com/editorial/images/669557/red-and-blue-3d-semiconductor-computer-chip.jpg','2022-03-08T19:54:05Z');
insert into NEWS.NEWS_COMPANY(COMPANY, SOURCE_NAME, AUTHOR, TITLE, DESCRIPTION, CONTENT, URL, IMG_URL, PUBLISH_DATE) 
                    values('nvidia','XDA Developers','João Carrasqueira','MSI launches Aegis ZS desktop with AMD processors and GPUs','MSI has announced a new addition to its lineup of gaming desktop PCs, the all-AMD Aegis ZS. This new member of the Aegis family is powered by AMD processors and GPUs, so it might be a great choice if you want to avoid Intel and NVIDIA for whatever reason. You…','MSI has announced a new addition to its lineup of gaming desktop PCs, the all-AMD Aegis ZS. This new member of the Aegis family is powered by AMD processors and GPUs, so it might be a great choice if… [+1969 chars]','https://www.xda-developers.com/msi-aegis-zs-all-amd/','https://www.xda-developers.com/files/2022/03/MSI-Aegis-ZS-colored-background.jpg','2022-03-07T15:40:01Z');
insert into NEWS.NEWS_COMPANY(COMPANY, SOURCE_NAME, AUTHOR, TITLE, DESCRIPTION, CONTENT, URL, IMG_URL, PUBLISH_DATE) 
                    values('nvidia','The Next Web','Napier Lopez','Everything Apple announced at its March 8 event','Apple just held its first event of 2022, and as expected, it was jam packed with announcements — some of them predicted, and some of them genuine surprises. Didn’t have time to watch the event yourself? Here’s what you need to know. The new iPhone SE Apple ha…','Apple just held its first event of 2022, and as expected, it was jam-packed with announcements some of them predicted, and some of them genuine surprises.
Didnt have time to watch the event yourself… [+5079 chars]','https://thenextweb.com/news/apple-event-march-8-2022','https://img-cdn.tnwcdn.com/image/plugged?filter_last=1&fit=1280%2C640&url=https%3A%2F%2Fcdn0.tnwcdn.com%2Fwp-content%2Fblogs.dir%2F1%2Ffiles%2F2022%2F03%2FApple-event-copy.jpg&signature=4866fc717adf55fd2e24d12408ea29a6','2022-03-08T19:25:17Z');
insert into NEWS.NEWS_COMPANY(COMPANY, SOURCE_NAME, AUTHOR, TITLE, DESCRIPTION, CONTENT, URL, IMG_URL, PUBLISH_DATE) 
                    values('nvidia','Windows Central','Sean Endicott','Almost 16% of Steam users run Windows 11 on their PC','Almost one out of every six Steam users is running Windows 11 on their PC.



What you need to know


Usage of Windows 11 among Steam gamers increased to 15.59% in February 2022.
That increase marks a 2.03% growth of Windows 11 usage by Steam gamers since las…','Gaming enthusiasts are slowly adopting Windows 11, according to the latest Steam hardware and software survey. Windows 10 still dominates at 75.69%, but Windows 11 is steadily on the rise, reaching 1… [+1344 chars]','https://www.windowscentral.com/windows-11-continues-grow-use-among-steam-gamers-now-almost-16','https://www.windowscentral.com/sites/wpcentral.com/files/styles/large/public/field/image/2018/06/blade-15-steam.jpg','2022-03-08T13:56:15Z');
insert into NEWS.NEWS_COMPANY(COMPANY, SOURCE_NAME, AUTHOR, TITLE, DESCRIPTION, CONTENT, URL, IMG_URL, PUBLISH_DATE) 
                    values('nvidia','Windows Central','Brendan Lowry','Need a laptop with a backlit keyboard? These options won"t disappoint.','If you often find yourself working during nighttime hours or in dimly lit rooms, getting a keyboard that has good backlighting is crucial. This feature lights up your keycaps as you type, allowing you to easily see where specific keys are. Thankfully, keyboar…','If you often find yourself working during nighttime hours or in dimly lit rooms, getting a keyboard that has good backlighting is crucial. This feature lights up your keycaps as you type, allowing yo… [+5731 chars]','https://www.windowscentral.com/12-great-laptops-backlit-keyboards','https://www.windowscentral.com/sites/wpcentral.com/files/styles/large/public/field/image/2020/04/dell-xps-13-9300-1.jpg','2022-03-08T13:00:01Z');
insert into NEWS.NEWS_COMPANY(COMPANY, SOURCE_NAME, AUTHOR, TITLE, DESCRIPTION, CONTENT, URL, IMG_URL, PUBLISH_DATE) 
                    values('nvidia','Windows Central','John Levite','Get a 240Hz refresh rate with Dell"s gaming monitor on sale for just $210','Dell"s S2522HG 24.5-inch 240Hz gaming monitor has dropped to a low price of just $209.99 through Amazon. This is a really good deal. Not only is it the lowest price we"ve ever seen for this display, we"re talking about a monitor that regularly sells for aroun…','Dell"s S2522HG 24.5-inch 240Hz gaming monitor has dropped to a low price of just $209.99 through Amazon. This is a really good deal. Not only is it the lowest price we"ve ever seen for this display, … [+1648 chars]','https://www.windowscentral.com/dell-s2522hg-24-inch-240hz-gaming-monitor-amazon-sale','https://www.windowscentral.com/sites/wpcentral.com/files/styles/large/public/field/image/2022/03/dell-245-inch-240hz-monitor.jpg','2022-03-07T13:00:00Z');
[2022-03-21 10:13:57,504] {logging_mixin.py:104} INFO - 
[2022-03-21 10:13:57,504] {python.py:118} INFO - Done. Returned value was: None
[2022-03-21 10:13:57,538] {taskinstance.py:1166} INFO - Marking task as SUCCESS. dag_id=fetch_news, task_id=prepare_insert, execution_date=20220307T000000, start_date=20220321T101356, end_date=20220321T101357
[2022-03-21 10:13:57,672] {taskinstance.py:1220} INFO - 1 downstream tasks scheduled from follow-on schedule check
[2022-03-21 10:13:57,736] {local_task_job.py:146} INFO - Task exited with return code 0
