[2022-03-21 10:14:03,793] {taskinstance.py:851} INFO - Dependencies all met for <TaskInstance: fetch_news.write_to_postgres 2022-03-06T00:00:00+00:00 [queued]>
[2022-03-21 10:14:03,900] {taskinstance.py:851} INFO - Dependencies all met for <TaskInstance: fetch_news.write_to_postgres 2022-03-06T00:00:00+00:00 [queued]>
[2022-03-21 10:14:03,900] {taskinstance.py:1042} INFO - 
--------------------------------------------------------------------------------
[2022-03-21 10:14:03,900] {taskinstance.py:1043} INFO - Starting attempt 6 of 6
[2022-03-21 10:14:03,900] {taskinstance.py:1044} INFO - 
--------------------------------------------------------------------------------
[2022-03-21 10:14:03,999] {taskinstance.py:1063} INFO - Executing <Task(PythonOperator): write_to_postgres> on 2022-03-06T00:00:00+00:00
[2022-03-21 10:14:04,013] {standard_task_runner.py:52} INFO - Started process 1351 to run task
[2022-03-21 10:14:04,060] {standard_task_runner.py:76} INFO - Running: ['airflow', 'tasks', 'run', 'fetch_news', 'write_to_postgres', '2022-03-06T00:00:00+00:00', '--job-id', '573', '--pool', 'default_pool', '--raw', '--subdir', 'DAGS_FOLDER/fetch_news.py', '--cfg-path', '/tmp/tmpy_ndsb1e', '--error-file', '/tmp/tmpjy4q4ps1']
[2022-03-21 10:14:04,060] {standard_task_runner.py:77} INFO - Job 573: Subtask write_to_postgres
[2022-03-21 10:14:04,359] {logging_mixin.py:104} INFO - Running <TaskInstance: fetch_news.write_to_postgres 2022-03-06T00:00:00+00:00 [running]> on host e39215f0be5b
[2022-03-21 10:14:04,704] {taskinstance.py:1257} INFO - Exporting the following env vars:
AIRFLOW_CTX_DAG_OWNER=airflow
AIRFLOW_CTX_DAG_ID=fetch_news
AIRFLOW_CTX_TASK_ID=write_to_postgres
AIRFLOW_CTX_EXECUTION_DATE=2022-03-06T00:00:00+00:00
AIRFLOW_CTX_DAG_RUN_ID=scheduled__2022-03-06T00:00:00+00:00
[2022-03-21 10:14:04,825] {base.py:74} INFO - Using connection to: id: news_in. Host: postgres, Port: 5432, Schema: , Login: airflow, Password: XXXXXXXX, extra: None
[2022-03-21 10:14:04,864] {dbapi.py:180} INFO - Running statement: insert into NEWS.NEWS_COMPANY(COMPANY, SOURCE_NAME, AUTHOR, TITLE, DESCRIPTION, CONTENT, URL, IMG_URL, PUBLISH_DATE) 

                    values('nvidia','Insurance Business UK','Lyle Adriano','Hackers allegedly leak 190GB of data from Samsung - Insurance Business','<ol><li>Hackers allegedly leak 190GB of data from Samsung  Insurance Business

</li><li>Nvidia hackers leak 190GB of sensitive data from Samsung  TechSpot

</li><li>Hackers leak 190GB of data taken in alleged Samsung breach  AppleInsider

</li><li>Nvidia hack…','BleepingComputer reported that the stolen data supposedly on the cache include source code for every Trusted Applet (TA) installed in Samsung’s TrustZone platform; algorithms for biometric unlock fun… [+782 chars]','https://www.insurancebusinessmag.com/ca/news/cyber/hackers-allegedly-leak-190gb-of-data-from-samsung-397536.aspx','https://cdn-res.keymedia.com/cms/images/us/023/0270_637822449783866748.png','2022-03-07T10:23:29Z');

insert into NEWS.NEWS_COMPANY(COMPANY, SOURCE_NAME, AUTHOR, TITLE, DESCRIPTION, CONTENT, URL, IMG_URL, PUBLISH_DATE) 

                    values('nvidia','NME',null,'Activision Blizzard suspending all "new sales" of its games in Russia - NME','<ol><li>Activision Blizzard suspending all "new sales" of its games in Russia  NME

</li><li>Activision Blizzard suspends game sales in Russia while raising funds to support Ukraine  Gamepur

</li><li>Rockstar Games & their parent company block all game sales…','Activision Blizzard has announced that it is suspending all game sales in Russia amid the country’s ongoing invasion of Ukraine.

The Call Of Duty publisher made the announcement via a press release … [+1827 chars]','https://www.nme.com/news/gaming-news/activision-blizzard-suspending-all-new-sales-of-its-games-in-russia-3176233','https://www.nme.com/wp-content/uploads/2022/01/Call-of-Duty-PlayStation.jpg','2022-03-06T10:45:57Z');

insert into NEWS.NEWS_COMPANY(COMPANY, SOURCE_NAME, AUTHOR, TITLE, DESCRIPTION, CONTENT, URL, IMG_URL, PUBLISH_DATE) 

                    values('nvidia','Digital Trends','Zak Islam','Hackers are using stolen Nvidia certificates to hide malware','According to security researchers, Nvidia code-signing certificates that were extracted via a hack of the chip maker are being used for malware purposes.','Nvidia code-signing certificates that were extracted from a recent hack of the chip maker are being used for malware purposes, according to security researchers.

Hacking group LAPSUS$ recently claim… [+3073 chars]','https://www.digitaltrends.com/computing/hackers-are-using-stolen-nvidia-certificates-to-hide-malware/','https://icdn.digitaltrends.com/image/digitaltrends/history-of-malware-feat.jpg','2022-03-07T15:12:54Z');

insert into NEWS.NEWS_COMPANY(COMPANY, SOURCE_NAME, AUTHOR, TITLE, DESCRIPTION, CONTENT, URL, IMG_URL, PUBLISH_DATE) 

                    values('nvidia','Windows Central','Sean Endicott','Stolen NVIDIA data is being used to bypass Windows security','Threat actors are using stolen data from the NVIDIA hack to attack PCs.







What you need to know





A ransomware group known as Lapsus$ has leaked stolen data from NVIDIA as part of a hack.

The leaked data includes code signing certificates, which are now bein…','The ongoing drama surrounding the NVIDIA hack by Lapsus$ has another chapter, and it"s putting computers at risk. The ransomware group known as Lapsus$ hacked NVIDIA in February 2022. The group threa… [+1330 chars]','https://www.windowscentral.com/leaked-nvidia-data-being-used-bypass-windows-security-and-attack-pcs','https://www.windowscentral.com/sites/wpcentral.com/files/styles/large/public/field/image/2017/02/hp-spectre-15-nvidia.jpg','2022-03-07T18:54:21Z');

insert into NEWS.NEWS_COMPANY(COMPANY, SOURCE_NAME, AUTHOR, TITLE, DESCRIPTION, CONTENT, URL, IMG_URL, PUBLISH_DATE) 

                    values('nvidia','Windows Central','John Levite','Save $350 on this Gigabyte A5 X1 gaming laptop with an RTX 3070 GPU','The Gigabyte A5 X1 15.6-inch gaming laptop has dropped to $1,449 at Newegg. That"s a huge drop off the laptop"s regular $1,800 price and a great deal. However, the deal is part of Newegg"s Shell Shocker sales, which means it"s a temporary price that will jump…','The Gigabyte A5 X1 15.6-inch gaming laptop has dropped to $1,449 at Newegg. That"s a huge drop off the laptop"s regular $1,800 price and a great deal. However, the deal is part of Newegg"s Shell Shoc… [+1586 chars]','https://www.windowscentral.com/save-least-350-gigabyte-a5-x1-gaming-laptop-rtx-3070-graphics-card','https://www.windowscentral.com/sites/wpcentral.com/files/styles/large/public/field/image/2022/03/gigabyte-a5-x1-gaming-laptop.jpg','2022-03-06T16:20:01Z');

insert into NEWS.NEWS_COMPANY(COMPANY, SOURCE_NAME, AUTHOR, TITLE, DESCRIPTION, CONTENT, URL, IMG_URL, PUBLISH_DATE) 

                    values('nvidia','Windows Central','Cale Hunt','Review: Acer"s Predator X28 4K gaming monitor is ideal for high-end PCs','Acer puts it all together with the 28-inch 4K Predator X28.



As 4K UHD resolution becomes more common thanks to more powerful PC and console hardware, monitors must keep up. And while there have long been 4K displays on the market, those with high-end competi…','Source: Windows Central

As 4K UHD resolution becomes more common thanks to more powerful PC and console hardware, monitors must keep up. And while there have long been 4K displays on the market, tho… [+12111 chars]','https://www.windowscentral.com/acer-predator-x28-review','https://www.windowscentral.com/sites/wpcentral.com/files/styles/large/public/field/image/2022/03/acer-predator-x28-review-01.jpg','2022-03-07T18:00:02Z');

insert into NEWS.NEWS_COMPANY(COMPANY, SOURCE_NAME, AUTHOR, TITLE, DESCRIPTION, CONTENT, URL, IMG_URL, PUBLISH_DATE) 

                    values('nvidia','PetaPixel','Jaron Schneider','Hackers Breached Samsung Security and Stole Galaxy Source Code','Samsung has confirmed that hackers breached its data security and were able to steal Galaxy smartphone source code. The company says the cyberattack did not affect customer or employee information.

[Read More]','Samsung has confirmed that hackers breached its data security and were able to steal Galaxy smartphone source code. The company says the cyberattack did not affect customer or employee information. 

… [+2153 chars]','https://petapixel.com/2022/03/07/hackers-breached-samsung-security-and-stole-galaxy-source-code/','https://petapixel.com/assets/uploads/2022/03/Hackers-Breach-Samsung-Security-Steal-Galaxy-Source-Code.jpg','2022-03-07T17:07:57Z');

insert into NEWS.NEWS_COMPANY(COMPANY, SOURCE_NAME, AUTHOR, TITLE, DESCRIPTION, CONTENT, URL, IMG_URL, PUBLISH_DATE) 

                    values('nvidia','Motley Fool','newsfeedback@fool.com (Rich Smith)','Why Nvidia Stock Tanked Today','Goldman Sachs kind of likes Nvidia -- but can"t recommend buying it.','What happened

Shares of Nvidia( NVDA -4.66% ) stock fell off a cliff Monday morning, tumbling 4% by noon ET. That"s actually a bit surprising though, given the news today:

Goldman Sachs just reinit… [+1804 chars]','https://www.fool.com/investing/2022/03/07/why-nvidia-stock-tanked-today/','https://g.foolcdn.com/editorial/images/669377/white-arrow-declining-sharply-atop-a-stock-tickertape-display-bathed-in-red.jpg','2022-03-07T17:32:17Z');

insert into NEWS.NEWS_COMPANY(COMPANY, SOURCE_NAME, AUTHOR, TITLE, DESCRIPTION, CONTENT, URL, IMG_URL, PUBLISH_DATE) 

                    values('nvidia','Motley Fool','newsfeedback@fool.com (Harsh Chauhan)','Better Buy: Nvidia vs. Intel','You may be surprised to find out which one of these chip giants is a better buy.','Shares of Intel(NASDAQ:INTC) and Nvidia(NASDAQ:NVDA) have slipped in 2022 thanks to the broader stock market weakness caused by factors including a potential hike in interest rates by the Federal Res… [+5995 chars]','https://www.fool.com/investing/2022/03/06/better-buy-nvidia-vs-intel/','https://g.foolcdn.com/editorial/images/668186/man-laptop-investing.jpg','2022-03-06T11:30:00Z');

insert into NEWS.NEWS_COMPANY(COMPANY, SOURCE_NAME, AUTHOR, TITLE, DESCRIPTION, CONTENT, URL, IMG_URL, PUBLISH_DATE) 

                    values('nvidia','Theregister.com','Gareth Corfield','Lapsus$ extortionists dump data online as Samsung admits breach','190GB worth of internal files, looks like source code for proprietary tech including Knox, Bootloader and more

Samsung has acknowledged its data was stolen after the Lapsus$ extortion gang deposited what appears to be 190GB of the company"s stolen internal fi…','Samsung has acknowledged its data was stolen after the Lapsus$ extortion gang deposited what appears to be 190GB of the company"s stolen internal files online.

"We were recently made aware that ther… [+3719 chars]','https://www.theregister.com/2022/03/07/samsung_lapsus_data_theft/','https://regmedia.co.uk/2020/10/29/shutterstock_samsung_editorial_only.jpg','2022-03-07T17:11:51Z');

insert into NEWS.NEWS_COMPANY(COMPANY, SOURCE_NAME, AUTHOR, TITLE, DESCRIPTION, CONTENT, URL, IMG_URL, PUBLISH_DATE) 

                    values('nvidia','Eurogamer.net','Vikki Blake','Nvidia hackers have now targeted Samsung','Samsung has reportedly been hacked by the same group that attacked Nvidia last week.According to Bleeping Computer, the hacking group has released almost 190 GB of confidential data and code from a number of Samsung projects, including biometric data, source …','Samsung has reportedly been hacked by the same group that attacked Nvidia last week.

According to Bleeping Computer, the hacking group has released almost 190 GB of confidential data and code from a… [+935 chars]','https://www.eurogamer.net/articles/2022-03-06-nvidia-hackers-have-now-targeted-samsung','https://images.gnwcdn.com/2022/articles/2022-03-06-16-26/-1646584013595.jpg/EG11/resize/1200x-1/-1646584013595.jpg','2022-03-06T16:29:00Z');

insert into NEWS.NEWS_COMPANY(COMPANY, SOURCE_NAME, AUTHOR, TITLE, DESCRIPTION, CONTENT, URL, IMG_URL, PUBLISH_DATE) 

                    values('nvidia','XDA Developers','Corbin Davenport','Samsung confirms hackers stole source code for Galaxy phones','Samsung often speaks highly of its security measures, especially around the Samsung Knox technology available on Galaxy devices and other products, but no company (or government) is immune to security breaches. Samsung confirmed on Monday that it suffered a s…','Samsung often speaks highly of its security measures, especially around the Samsung Knox technology available on Galaxy devices and other products, but no company (or government) is immune to securit… [+2875 chars]','https://www.xda-developers.com/samsung-hack-source-code-galaxy-phones/','https://www.xda-developers.com/files/2022/02/Samsung-Galaxy-S22-Plus-11.jpg','2022-03-07T20:04:44Z');

insert into NEWS.NEWS_COMPANY(COMPANY, SOURCE_NAME, AUTHOR, TITLE, DESCRIPTION, CONTENT, URL, IMG_URL, PUBLISH_DATE) 

                    values('nvidia','AppleInsider','news@appleinsider.com (Darryl Boxberger)','Comcast and Apple announce launch of Apple TV+ on Xfinity platforms','Comcast has announced that Apple TV+ will be launching on its Xfinity entertainment platform starting on March 7, 2022.In an announcement on Monday, Comcast and Apple announced that Apple TV+ will launch across its Xfinity X1, Xfinity Flex, and XClassTV set-t…','AppleInsider is supported by its audience and may earn commission as an Amazon Associate and affiliate partner on qualifying purchases. These affiliate partnerships do not influence our editorial con… [+1429 chars]','https://appleinsider.com/articles/22/03/07/comcast-and-apple-announce-launch-of-apple-tv-on-xfinity-platforms','https://photos5.appleinsider.com/gallery/45543-88636-000-lead-Comcast-Xfinity-xl.jpg','2022-03-07T22:24:19Z');

insert into NEWS.NEWS_COMPANY(COMPANY, SOURCE_NAME, AUTHOR, TITLE, DESCRIPTION, CONTENT, URL, IMG_URL, PUBLISH_DATE) 

                    values('nvidia','XDA Developers','João Carrasqueira','MSI launches Aegis ZS desktop with AMD processors and GPUs','MSI has announced a new addition to its lineup of gaming desktop PCs, the all-AMD Aegis ZS. This new member of the Aegis family is powered by AMD processors and GPUs, so it might be a great choice if you want to avoid Intel and NVIDIA for whatever reason. You…','MSI has announced a new addition to its lineup of gaming desktop PCs, the all-AMD Aegis ZS. This new member of the Aegis family is powered by AMD processors and GPUs, so it might be a great choice if… [+1969 chars]','https://www.xda-developers.com/msi-aegis-zs-all-amd/','https://www.xda-developers.com/files/2022/03/MSI-Aegis-ZS-colored-background.jpg','2022-03-07T15:40:01Z');

insert into NEWS.NEWS_COMPANY(COMPANY, SOURCE_NAME, AUTHOR, TITLE, DESCRIPTION, CONTENT, URL, IMG_URL, PUBLISH_DATE) 

                    values('nvidia','Techmeme.com',null,'Threat actors are using NVIDIA"s code-signing certificates leaked by the Lapsus$ group to sign Windows malware and hacking tools (Lawrence Abrams/BleepingComputer)','Lawrence Abrams / BleepingComputer:

Threat actors are using NVIDIA"s code-signing certificates leaked by the Lapsus$ group to sign Windows malware and hacking tools  —  Threat actors are using stolen NVIDIA code signing certificates to sign malware to appear …','CB Insights Newsletter

724,948 subscribers get our free newsletter to stay a step ahead on technology trends, venture capital, startups, and the industries of tomorrow.','https://www.techmeme.com/220306/p4','https://www.bleepstatic.com/content/hl-images/2022/03/01/0_NVIDIA_headpic.jpg','2022-03-06T17:05:00Z');

insert into NEWS.NEWS_COMPANY(COMPANY, SOURCE_NAME, AUTHOR, TITLE, DESCRIPTION, CONTENT, URL, IMG_URL, PUBLISH_DATE) 

                    values('nvidia','Motley Fool','newsfeedback@fool.com (Danny Vena, Nicholas Rossolillo, and Jose Najarro)','Nvidia Is Crushing Records. So Why Is Its Stock Down?','In the latest quarter, Nvidia"s revenue hit a record $7.64 billion, up 53% year over year.','The fact that Nvidia(NASDAQ:NVDA) did so well over the past year, it"s possible that investors are thinking there"s going to be tough comps for next year among other concerns. In this Fool Live segme… [+7165 chars]','https://www.fool.com/investing/2022/03/06/nvidia-is-crushing-records-so-why-is-its-stock-dow/','https://g.foolcdn.com/editorial/images/669242/gettyimages-1335027284-1.jpg','2022-03-06T11:30:00Z');

insert into NEWS.NEWS_COMPANY(COMPANY, SOURCE_NAME, AUTHOR, TITLE, DESCRIPTION, CONTENT, URL, IMG_URL, PUBLISH_DATE) 

                    values('nvidia','Windows Central','John Levite','Get a 240Hz refresh rate with Dell"s gaming monitor on sale for just $210','Dell"s S2522HG 24.5-inch 240Hz gaming monitor has dropped to a low price of just $209.99 through Amazon. This is a really good deal. Not only is it the lowest price we"ve ever seen for this display, we"re talking about a monitor that regularly sells for aroun…','Dell"s S2522HG 24.5-inch 240Hz gaming monitor has dropped to a low price of just $209.99 through Amazon. This is a really good deal. Not only is it the lowest price we"ve ever seen for this display, … [+1648 chars]','https://www.windowscentral.com/dell-s2522hg-24-inch-240hz-gaming-monitor-amazon-sale','https://www.windowscentral.com/sites/wpcentral.com/files/styles/large/public/field/image/2022/03/dell-245-inch-240hz-monitor.jpg','2022-03-07T13:00:00Z');

insert into NEWS.NEWS_COMPANY(COMPANY, SOURCE_NAME, AUTHOR, TITLE, DESCRIPTION, CONTENT, URL, IMG_URL, PUBLISH_DATE) 

                    values('nvidia','Motley Fool','newsfeedback@fool.com (Rich Smith)','Why Are Qualcomm, Micron, and AMD Stocks Falling?','Analysts are saying "buy," but investors aren"t listening today.','What happened

Semiconductor stocks tumbled in afternoon trading Monday. By close of trading, Qualcomm (NASDAQ:QCOM) stock lost 7.5% and Micron Technology(NASDAQ:MU) was down 7.6%. Advanced Micro Dev… [+1945 chars]','https://www.fool.com/investing/2022/03/07/why-are-qualcomm-micron-and-amd-stocks-falling/','https://g.foolcdn.com/editorial/images/669432/3-stock-arrows-trending-down-against-a-cityscape-and-global-map-background.jpg','2022-03-07T23:29:52Z');

insert into NEWS.NEWS_COMPANY(COMPANY, SOURCE_NAME, AUTHOR, TITLE, DESCRIPTION, CONTENT, URL, IMG_URL, PUBLISH_DATE) 

                    values('nvidia','AppleInsider','news@appleinsider.com (Malcolm Owen)','Hackers leak 190GB of data taken in alleged Samsung breach','Samsung has allegedly suffered a major security breach, with hackers claiming to have leaked approximately 190 gigabytes of data, including source code and biometric unlocking algorithms.On Friday, the Lapsus$ hacking group published a 190-gigabyte trove of c…','AppleInsider is supported by its audience and may earn commission as an Amazon Associate and affiliate partner on qualifying purchases. These affiliate partnerships do not influence our editorial con… [+2086 chars]','https://appleinsider.com/articles/22/03/06/hackers-leak-190gb-of-data-taken-in-alleged-samsung-breach','https://photos5.appleinsider.com/gallery/47312-92248-46920-91443-Galaxy-S22-Lineup-xl-xl.jpg','2022-03-06T20:20:44Z');

insert into NEWS.NEWS_COMPANY(COMPANY, SOURCE_NAME, AUTHOR, TITLE, DESCRIPTION, CONTENT, URL, IMG_URL, PUBLISH_DATE) 

                    values('nvidia','Threatpost','Becky Bracken','Samsung Confirms Lapsus$ Ransomware Hit, Source Code Leak','The move comes just a week after GPU-maker NVIDIA was hit by Lapsus$ and every employee credential was leaked.','The move comes just a week after GPU-maker NVIDIA was hit by Lapsus$ and every employee credential was leaked.Just days after leaking data it claims to have exfiltrated from chipmaker NVIDIA, ransomw… [+4614 chars]','https://threatpost.com/samsung-lapsus-ransomware-source-code/178791/','https://media.threatpost.com/wp-content/uploads/sites/103/2020/08/11102207/samsung-galaxy.jpg','2022-03-07T19:28:36Z');
, parameters: None
[2022-03-21 10:14:04,889] {dbapi.py:186} INFO - Rows affected: 1
[2022-03-21 10:14:04,959] {python.py:118} INFO - Done. Returned value was: None
[2022-03-21 10:14:05,034] {taskinstance.py:1166} INFO - Marking task as SUCCESS. dag_id=fetch_news, task_id=write_to_postgres, execution_date=20220306T000000, start_date=20220321T101403, end_date=20220321T101405
[2022-03-21 10:14:05,429] {taskinstance.py:1220} INFO - 0 downstream tasks scheduled from follow-on schedule check
[2022-03-21 10:14:05,451] {local_task_job.py:146} INFO - Task exited with return code 0
