[2022-03-20 21:18:56,501] {taskinstance.py:851} INFO - Dependencies all met for <TaskInstance: fetch_news.prepare_insert 2022-03-06T00:00:00+00:00 [queued]>
[2022-03-20 21:18:56,646] {taskinstance.py:851} INFO - Dependencies all met for <TaskInstance: fetch_news.prepare_insert 2022-03-06T00:00:00+00:00 [queued]>
[2022-03-20 21:18:56,646] {taskinstance.py:1042} INFO - 
--------------------------------------------------------------------------------
[2022-03-20 21:18:56,646] {taskinstance.py:1043} INFO - Starting attempt 4 of 4
[2022-03-20 21:18:56,646] {taskinstance.py:1044} INFO - 
--------------------------------------------------------------------------------
[2022-03-20 21:18:56,787] {taskinstance.py:1063} INFO - Executing <Task(PythonOperator): prepare_insert> on 2022-03-06T00:00:00+00:00
[2022-03-20 21:18:56,796] {standard_task_runner.py:52} INFO - Started process 765 to run task
[2022-03-20 21:18:56,833] {standard_task_runner.py:76} INFO - Running: ['airflow', 'tasks', 'run', 'fetch_news', 'prepare_insert', '2022-03-06T00:00:00+00:00', '--job-id', '359', '--pool', 'default_pool', '--raw', '--subdir', 'DAGS_FOLDER/fetch_news.py', '--cfg-path', '/tmp/tmpgdg7b097', '--error-file', '/tmp/tmpatsw1n6u']
[2022-03-20 21:18:56,834] {standard_task_runner.py:77} INFO - Job 359: Subtask prepare_insert
[2022-03-20 21:18:57,102] {logging_mixin.py:104} INFO - Running <TaskInstance: fetch_news.prepare_insert 2022-03-06T00:00:00+00:00 [running]> on host e39215f0be5b
[2022-03-20 21:18:57,271] {taskinstance.py:1257} INFO - Exporting the following env vars:
AIRFLOW_CTX_DAG_OWNER=airflow
AIRFLOW_CTX_DAG_ID=fetch_news
AIRFLOW_CTX_TASK_ID=prepare_insert
AIRFLOW_CTX_EXECUTION_DATE=2022-03-06T00:00:00+00:00
AIRFLOW_CTX_DAG_RUN_ID=scheduled__2022-03-06T00:00:00+00:00
[2022-03-20 21:18:57,273] {logging_mixin.py:104} INFO - /tmp/news_nvidia.sql
[2022-03-20 21:18:57,273] {logging_mixin.py:104} INFO - insert into NEWS.NEWS_COMPANY(COMPANY, SOURCE_NAME, AUTHOR, TITLE, DESCRIPTION, CONTENT, URL, IMG_URL, PUBLISH_DATE) 
                    values('nvidia','VentureBeat','Dean Takahashi','Greg Estes interview: What to expect at Nvidia’s GTC event','Nvidia wasn’t able to pull off its $80 billion acquisition of Arm, but the AI and graphics chip giant still has plenty to talk about at its upcoming Nvidia GTC online conference from March 21 to March 24. Greg Estes, vice president of developer programs at Nv…','Did you miss a session at the Data Summit? Watch On-Demand Here.
Nvidia wasnt able to pull off its $80 billion acquisition of Arm, but the AI and graphics chip giant still has plenty to talk about a… [+1193 chars]','https://venturebeat.com/2022/03/18/greg-estes-interview-what-to-expect-at-nvidias-gtc-event/','https://venturebeat.com/wp-content/uploads/2022/03/NVIDIA-Earth-2.jpg?w=1200&strip=all','2022-03-18T13:30:00Z');
insert into NEWS.NEWS_COMPANY(COMPANY, SOURCE_NAME, AUTHOR, TITLE, DESCRIPTION, CONTENT, URL, IMG_URL, PUBLISH_DATE) 
                    values('nvidia','Engadget','Kris Holt','Samsung"s Neo QLED 8K TVs are available for pre-order, starting at $3,500','Samsung
 has opened up pre-orders
 for many of its 2022 TVs and revealed when you"ll be able to lock in an order for some of its other upcoming displays. The company is refreshing its Neo QLED sets this year with features such as refresh rates of up to 144H…','Samsung
 has opened up pre-orders
 for many of its 2022 TVs and revealed when you"ll be able to lock in an order for some of its other upcoming displays. The company is refreshing its Neo QLED sets… [+1813 chars]','https://www.engadget.com/samsung-2022-tv-pre-order-neo-qled-the-frame-oled-181541669.html','https://s.yimg.com/os/creatr-uploaded-images/2022-03/9c8173a0-a61b-11ec-b7ff-2afb32e2bd62','2022-03-17T18:15:41Z');
insert into NEWS.NEWS_COMPANY(COMPANY, SOURCE_NAME, AUTHOR, TITLE, DESCRIPTION, CONTENT, URL, IMG_URL, PUBLISH_DATE) 
                    values('nvidia','Digital Trends','Monica J. White','The future of fast PC graphics? Connecting directly to SSDs','Nvidia and IBM want to bring greater improvements than expected to PC graphics by connecting the GPU to an SSD.','Performance boosts are expected with each new generation of the best graphics cards, but it seems that Nvidia and IBM have their sights set on greater changes.
The companies teamed up to work on Big… [+3152 chars]','https://www.digitaltrends.com/computing/nvidia-and-ibm-team-up-to-connect-gpu-directly-to-ssd/','https://icdn.digitaltrends.com/image/digitaltrends/gpu-temperature.jpg','2022-03-17T20:31:55Z');
insert into NEWS.NEWS_COMPANY(COMPANY, SOURCE_NAME, AUTHOR, TITLE, DESCRIPTION, CONTENT, URL, IMG_URL, PUBLISH_DATE) 
                    values('nvidia','Digital Trends','Monica J. White','20 Nvidia RTX 3070 Ti GPUs stolen from warehouse in Russia','Twenty Nvidia GeForce RTX 3070 Ti graphics cards have been stolen from a Russian warehouse, but the plan didn"t end well for the employees accused of the crime.','In a quiet heist gone wrong, 20 Nvidia GeForce RTX 3070 Ti graphics cards have been stolen from a Russian warehouse, allegedly by its employees.
Worth around $38,000, the graphics cards were success… [+2274 chars]','https://www.digitaltrends.com/computing/russian-warehouse-workers-steal-20-rtx-3070-ti-gpus/','https://icdn.digitaltrends.com/image/digitaltrends/screen-shot-2022-03-18-at-11-45-57-am.jpg','2022-03-18T19:36:17Z');
insert into NEWS.NEWS_COMPANY(COMPANY, SOURCE_NAME, AUTHOR, TITLE, DESCRIPTION, CONTENT, URL, IMG_URL, PUBLISH_DATE) 
                    values('nvidia','Digital Trends','Zak Islam','Nvidia’s RTX 3080 GPU just received a record price cut','One of the most popular graphics cards on the market, the Nvidia RTX 3080, has seen one of its biggest official price cuts since the GPU shortage began.','One of the most popular graphics cards on the market, the Nvidia RTX 3080, has seen one of its biggest official price cuts since the GPU shortage began.
Providing further proof that the video card i… [+2347 chars]','https://www.digitaltrends.com/computing/nvidia-rtx-3080-gpu-just-received-a-record-price-cut/','https://icdn.digitaltrends.com/image/digitaltrends/rtx-3080-07_new.jpg','2022-03-18T16:56:05Z');
insert into NEWS.NEWS_COMPANY(COMPANY, SOURCE_NAME, AUTHOR, TITLE, DESCRIPTION, CONTENT, URL, IMG_URL, PUBLISH_DATE) 
                    values('nvidia','Windows Central','John Levite','Save $350 on this Acer Predator Triton laptop with RTX graphics today only','The Acer Predator Triton 300 SE laptop has dropped in price to $999.99 at Best Buy. This sale is one of Best Buy"s deals of the day and is in fact the featured deal. It"s a huge $350 price drop from the laptop"s regular price. While we have seen other Acer Pr…','The Acer Predator Triton 300 SE laptop has dropped in price to $999.99 at Best Buy. This sale is one of Best Buy"s deals of the day and is in fact the featured deal. It"s a huge $350 price drop from … [+1580 chars]','https://www.windowscentral.com/save-350-acer-predator-triton-laptop-rtx-graphics-today-only','https://www.windowscentral.com/sites/wpcentral.com/files/styles/large/public/field/image/2022/03/acer-predator-triton-laptop.jpg','2022-03-17T15:20:01Z');
insert into NEWS.NEWS_COMPANY(COMPANY, SOURCE_NAME, AUTHOR, TITLE, DESCRIPTION, CONTENT, URL, IMG_URL, PUBLISH_DATE) 
                    values('nvidia','Digital Trends','Jacob Roach','AMD FSR 2.0 takes notes from DLSS — and it’s coming soon','AMD has pulled back the curtain on FSR 2.0, which should arrive soon. The company also released its general-purpose RSR upscaling solution for all AMD GPUs.','AMD has lifted the curtain on the new version of FidelityFX Super Resolution (FSR), and this time around, it’s looking to be a more direct competitor to Nvidia’s DLSS. The aptly named FSR 2.0 promise… [+2793 chars]','https://www.digitaltrends.com/computing/amd-announces-fsr-2-launches-rsr/','https://icdn.digitaltrends.com/image/digitaltrends/deathloop-fsr-2-comparison.jpg','2022-03-17T13:00:18Z');
insert into NEWS.NEWS_COMPANY(COMPANY, SOURCE_NAME, AUTHOR, TITLE, DESCRIPTION, CONTENT, URL, IMG_URL, PUBLISH_DATE) 
                    values('nvidia','Windows Central','Ben Wilson','Discover the best PC under $1,000 for gamers and the home office','Pre-built computers can save you from the hassle of researching compatible components and troubleshooting hardware errors, focusing instead on finding a machine suited for specific games or software. PC gaming is notorious for being the more expensive choice …','Best
PC under $1,000
Windows Central2022
Pre-built computers can save you from the hassle of researching compatible components and troubleshooting hardware errors, focusing instead on finding a ma… [+3185 chars]','https://www.windowscentral.com/best-pc-under-1000','https://www.windowscentral.com/sites/wpcentral.com/files/styles/large/public/field/image/2022/03/cyberpowerpc-gamer-master-promo.jpg','2022-03-18T12:00:02Z');
insert into NEWS.NEWS_COMPANY(COMPANY, SOURCE_NAME, AUTHOR, TITLE, DESCRIPTION, CONTENT, URL, IMG_URL, PUBLISH_DATE) 
                    values('nvidia','MSPoweruser','Alex Atkin','Nvidia is letting you win one of its illusive RTX 3090s','Nvidia has announced a sweepstakes competition to let you win one of its ever-illusive GeForce RTX 3090s, so long as you jump through a few hoops first.  Nvidia has announced that in celebration of their upcoming 2022 Graphics Technology Conference they will …','Nvidia has announced a sweepstakes competition to let you win one of its ever-illusive GeForce RTX 3090s, so long as you jump through a few hoops first. 
Nvidia has announced that in celebration of … [+1150 chars]','https://mspoweruser.com/nvidia-is-letting-you-win-one-of-its-rtx-3090s/','https://mspoweruser.com/wp-content/uploads/2022/03/Nvidia-RTX-3090-Giveaway-180322.jpg','2022-03-18T15:34:12Z');
insert into NEWS.NEWS_COMPANY(COMPANY, SOURCE_NAME, AUTHOR, TITLE, DESCRIPTION, CONTENT, URL, IMG_URL, PUBLISH_DATE) 
                    values('nvidia','Motley Fool','newsfeedback@fool.com (Harsh Chauhan)','Nvidia Stock: Bear vs. Bull','Is now the time to buy this beaten-down tech giant?','With Nvidia( NVDA 1.10% ) stock losing 22% of its value since the beginning of December 2021, savvy investors may be wondering if it is a good time to buy shares of this graphics cards specialist who… [+4801 chars]','https://www.fool.com/investing/2022/03/18/nvidia-stock-bear-vs-bull/','https://g.foolcdn.com/editorial/images/670837/bear-bull-man.jpg','2022-03-18T11:39:00Z');
insert into NEWS.NEWS_COMPANY(COMPANY, SOURCE_NAME, AUTHOR, TITLE, DESCRIPTION, CONTENT, URL, IMG_URL, PUBLISH_DATE) 
                    values('nvidia','MarketBeat','Sean Sechler','2 Intriguing Stock Splits to Buy Now','In 2022, we"ve received stock split announcements from some of the biggest tech companies in the world, Amazon and Alphabet. While the news has been met with underwhelming reactions thus...','Stock Splits Can Attract New Retail Buyers and Ignite Rallies
A companys board of directors decides to pursue a stock split for a number of different reasons, including boosting a stocks liquidity a… [+4559 chars]','https://www.marketbeat.com/originals/2-intriguing-stock-splits-to-buy-now/','https://assets.entrepreneur.com/providers/marketbeat/hero-image-marketbeat-422554.jpeg','2022-03-18T10:00:00Z');
insert into NEWS.NEWS_COMPANY(COMPANY, SOURCE_NAME, AUTHOR, TITLE, DESCRIPTION, CONTENT, URL, IMG_URL, PUBLISH_DATE) 
                    values('nvidia','Motley Fool','newsfeedback@fool.com (Will Healy)','Is Nvidia Stock a Buy Now?','Its valuation remains elevated, and investors may have overlooked one key danger.','Nvidia ( NVDA -1.18% ) is considered by some to be the world"s leading semiconductor company. Its GPUs power applications in artificial intelligence, virtual reality, and data centers, and its massiv… [+3789 chars]','https://www.fool.com/investing/2022/03/17/is-nvidia-stock-a-buy-now/','https://g.foolcdn.com/editorial/images/670510/gettyimages-1339056287.jpg','2022-03-17T15:19:47Z');
insert into NEWS.NEWS_COMPANY(COMPANY, SOURCE_NAME, AUTHOR, TITLE, DESCRIPTION, CONTENT, URL, IMG_URL, PUBLISH_DATE) 
                    values('nvidia','Motley Fool','newsfeedback@fool.com (Rich Smith)','Why Nvidia Stock Moved Even Higher Today','TheVerge.com had some good news for Nvidia investors.','What happened
After falling early in Thursday"s trading session, Nvidia( NVDA 5.25% ) pulled out of a deep dive to finish the day up by 1.1%. On Friday, it has been building on that momentum to post… [+1904 chars]','https://www.fool.com/investing/2022/03/18/why-nvidia-stock-moved-even-higher-today/','https://g.foolcdn.com/editorial/images/671062/blue-semiconductor-computer-chip.jpg','2022-03-18T17:20:25Z');
insert into NEWS.NEWS_COMPANY(COMPANY, SOURCE_NAME, AUTHOR, TITLE, DESCRIPTION, CONTENT, URL, IMG_URL, PUBLISH_DATE) 
                    values('nvidia','Motley Fool','newsfeedback@fool.com (Chris Neiger)','Why Nvidia Stock Rocketed 18% Higher This Week','Positive notes from analysts helped push the tech stock higher.','What happened 
Shares of Nvidia( NVDA 5.66% ), a semiconductor company, skyrocketed this week after several analysts indicated that the technology giant offers investors some fantastic opportunities… [+2220 chars]','https://www.fool.com/investing/2022/03/18/why-nvidia-stock-rocketed-18-higher-this-week/','https://g.foolcdn.com/editorial/images/671047/gettyimages-1313939390.jpg','2022-03-18T15:47:44Z');
insert into NEWS.NEWS_COMPANY(COMPANY, SOURCE_NAME, AUTHOR, TITLE, DESCRIPTION, CONTENT, URL, IMG_URL, PUBLISH_DATE) 
                    values('nvidia','SlashGear','staff@slashgear.com (Gabriel Moss)','What Is NVIDIA G-Sync?','You&#039;ve probably heard of NVIDIA&#039;s G-Sync technology, but do you know what it&#039;s for? Here&#039;s a simple primer to help you understand why these monitors matter.','Normally, your gaming PC and your monitor (or TV, if that suits your fancy) are operating on two different sets of rules. If you don"t look closely, you might think they"re working together in unison… [+1061 chars]','https://www.slashgear.com/803081/what-is-nvidia-g-sync/','https://www.slashgear.com/img/gallery/what-is-nvidia-g-sync/l-intro-1647551781.jpg','2022-03-17T21:19:04Z');
insert into NEWS.NEWS_COMPANY(COMPANY, SOURCE_NAME, AUTHOR, TITLE, DESCRIPTION, CONTENT, URL, IMG_URL, PUBLISH_DATE) 
                    values('nvidia','Windows Central','Sean Endicott','Radeon Super Resolution boosts gaming performance, and it"s available now','You don"t have to wait for game developers to implement AMD"s new performance-boosting technology.



What you need to know


Radeon Super Resolution is now available in the latest driver update from AMD.
The feature can boost the performance of any game that…','Radeon Super Resolution is now available through the latest driver from AMD. The technology can boost the framerate of any game, even without any specific implementation by developers. Competing tech… [+1650 chars]','https://www.windowscentral.com/amd-boosts-performance-all-pc-games-radeon-super-resolution','https://www.windowscentral.com/sites/wpcentral.com/files/styles/large/public/field/image/2021/01/asus-tuf-gaming-rx-6800-hero-01.jpg','2022-03-17T14:50:14Z');
insert into NEWS.NEWS_COMPANY(COMPANY, SOURCE_NAME, AUTHOR, TITLE, DESCRIPTION, CONTENT, URL, IMG_URL, PUBLISH_DATE) 
                    values('nvidia','Phandroid - News for Android','Andrew','Google wants you to use a Chromebook with those sweet gaming monitors','During the Google for Games Developer Summit, held earlier this week, Google surprised everyone by somewhat formally announcing Steam for ChromeOS. Without going into too much detail, Google only revealed that Steam Alpha was becoming available for developers…','During the Google for Games Developer Summit, held earlier this week, Google surprised everyone by somewhat formally announcing Steam for ChromeOS. Without going into too much detail, Google only rev… [+1778 chars]','https://phandroid.com/2022/03/18/google-wants-you-to-use-a-chromebook-with-those-sweet-gaming-monitors/','https://phandroid.com/wp-content/uploads/2021/06/Acer-Chromebook-Spin-514-Review-6-640x427.jpg','2022-03-18T20:21:05Z');
insert into NEWS.NEWS_COMPANY(COMPANY, SOURCE_NAME, AUTHOR, TITLE, DESCRIPTION, CONTENT, URL, IMG_URL, PUBLISH_DATE) 
                    values('nvidia','Motley Fool','newsfeedback@fool.com (Chris Neiger)','3 Metaverse Stocks to Buy Right Now','The metaverse is coming, and these companies are ready for it.','Maybe you already know a lot about what the metaverse is, or maybe, like most people, you"ve heard the term but aren"t exactly sure what it means. For those who fall into the latter category, the met… [+5087 chars]','https://www.fool.com/investing/2022/03/18/3-metaverse-stocks-to-buy-right-now/','https://g.foolcdn.com/editorial/images/670887/gettyimages-1348369701.jpg','2022-03-18T11:55:00Z');
insert into NEWS.NEWS_COMPANY(COMPANY, SOURCE_NAME, AUTHOR, TITLE, DESCRIPTION, CONTENT, URL, IMG_URL, PUBLISH_DATE) 
                    values('nvidia','Motley Fool','newsfeedback@fool.com (Jeff Santoro)','2 Smartest Tech Stocks To Buy in 2022 and Beyond','Despite the tech sector sell-off, there are strong businesses on sale that are smart buys for investors.','When it comes to investing in the tech space, not many investors have felt smart over the past year. With the Nasdaq officially in a bear market (a 20% drop from recent highs), there are a bunch of u… [+4114 chars]','https://www.fool.com/investing/2022/03/18/2-smartest-tech-stocks-to-buy-in-2022-and-beyond/','https://g.foolcdn.com/editorial/images/670688/gettyimages-1305158903.jpg','2022-03-18T10:50:00Z');
insert into NEWS.NEWS_COMPANY(COMPANY, SOURCE_NAME, AUTHOR, TITLE, DESCRIPTION, CONTENT, URL, IMG_URL, PUBLISH_DATE) 
                    values('nvidia','GSMArena.com','Michail','Redmi Max 100" TV and RedmiBook Pro 2022 arrive alongside new K50 series','Xiaomi capped off a big event earlier today where it announced the Redmi K50, K50 Pro and K40s phones. We also got a new 100-inch Redmi Max TV and a 15-inch Redmi Book Pro 2022 laptop.

Redmi Max 100 TV

Redmi Max 100 is the largest TV in Xiaomi’s product ran…','Xiaomi capped off a big event earlier today where it announced the Redmi K50, K50 Pro and K40s phones. We also got a new 100-inch Redmi Max TV and a 15-inch Redmi Book Pro 2022 laptop.
Redmi Max 100… [+1938 chars]','https://www.gsmarena.com/redmi_max_100_tv_and_redmibook_pro_2022_announced-news-53609.php','https://fdn.gsmarena.com/imgroot/news/22/03/redmi-max-100-tv-redmibook-pro-2022/-952x498w6/gsmarena_00.jpg','2022-03-17T16:43:02Z');
[2022-03-20 21:18:57,273] {logging_mixin.py:104} INFO - 
[2022-03-20 21:18:57,273] {python.py:118} INFO - Done. Returned value was: None
[2022-03-20 21:18:57,313] {taskinstance.py:1166} INFO - Marking task as SUCCESS. dag_id=fetch_news, task_id=prepare_insert, execution_date=20220306T000000, start_date=20220320T211856, end_date=20220320T211857
[2022-03-20 21:18:57,513] {taskinstance.py:1220} INFO - 1 downstream tasks scheduled from follow-on schedule check
[2022-03-20 21:18:57,560] {local_task_job.py:146} INFO - Task exited with return code 0
