[2022-03-21 16:48:11,496] {taskinstance.py:851} INFO - Dependencies all met for <TaskInstance: fetch_news.prepare_insert 2022-03-06T00:00:00+00:00 [queued]>
[2022-03-21 16:48:11,656] {taskinstance.py:851} INFO - Dependencies all met for <TaskInstance: fetch_news.prepare_insert 2022-03-06T00:00:00+00:00 [queued]>
[2022-03-21 16:48:11,657] {taskinstance.py:1042} INFO - 
--------------------------------------------------------------------------------
[2022-03-21 16:48:11,657] {taskinstance.py:1043} INFO - Starting attempt 9 of 9
[2022-03-21 16:48:11,657] {taskinstance.py:1044} INFO - 
--------------------------------------------------------------------------------
[2022-03-21 16:48:11,782] {taskinstance.py:1063} INFO - Executing <Task(PythonOperator): prepare_insert> on 2022-03-06T00:00:00+00:00
[2022-03-21 16:48:11,797] {standard_task_runner.py:52} INFO - Started process 330 to run task
[2022-03-21 16:48:11,918] {standard_task_runner.py:76} INFO - Running: ['airflow', 'tasks', 'run', 'fetch_news', 'prepare_insert', '2022-03-06T00:00:00+00:00', '--job-id', '743', '--pool', 'default_pool', '--raw', '--subdir', 'DAGS_FOLDER/fetch_news.py', '--cfg-path', '/tmp/tmpd0ndzeoq', '--error-file', '/tmp/tmp0acp_9se']
[2022-03-21 16:48:11,919] {standard_task_runner.py:77} INFO - Job 743: Subtask prepare_insert
[2022-03-21 16:48:12,096] {logging_mixin.py:104} INFO - Running <TaskInstance: fetch_news.prepare_insert 2022-03-06T00:00:00+00:00 [running]> on host dd6a275532f2
[2022-03-21 16:48:12,324] {taskinstance.py:1257} INFO - Exporting the following env vars:
AIRFLOW_CTX_DAG_OWNER=airflow
AIRFLOW_CTX_DAG_ID=fetch_news
AIRFLOW_CTX_TASK_ID=prepare_insert
AIRFLOW_CTX_EXECUTION_DATE=2022-03-06T00:00:00+00:00
AIRFLOW_CTX_DAG_RUN_ID=scheduled__2022-03-06T00:00:00+00:00
[2022-03-21 16:48:12,326] {logging_mixin.py:104} INFO - /tmp/news_nvidia_2022-03-06_2022-03-07.sql
[2022-03-21 16:48:12,326] {logging_mixin.py:104} INFO - delete from NEWS.NEWS_COMPANY where cast('2022-03-06' as DATE) = cast(PUBLISH_DATE as DATE);
insert into NEWS.NEWS_COMPANY(COMPANY, SOURCE_NAME, AUTHOR, TITLE, DESCRIPTION, CONTENT, URL, IMG_URL, PUBLISH_DATE) 
                    values('nvidia','NME',null,'Activision Blizzard suspending all "new sales" of its games in Russia - NME','<ol><li>Activision Blizzard suspending all "new sales" of its games in Russia  NME
</li><li>Activision Blizzard suspends game sales in Russia while raising funds to support Ukraine  Gamepur
</li><li>Rockstar Games & their parent company block all game sales…','Activision Blizzard has announced that it is suspending all game sales in Russia amid the country’s ongoing invasion of Ukraine.
The Call Of Duty publisher made the announcement via a press release … [+1827 chars]','https://www.nme.com/news/gaming-news/activision-blizzard-suspending-all-new-sales-of-its-games-in-russia-3176233','https://www.nme.com/wp-content/uploads/2022/01/Call-of-Duty-PlayStation.jpg',cast('2022-03-06T10:45:57Z' as TIMESTAMP));
insert into NEWS.NEWS_COMPANY(COMPANY, SOURCE_NAME, AUTHOR, TITLE, DESCRIPTION, CONTENT, URL, IMG_URL, PUBLISH_DATE) 
                    values('nvidia','Windows Central','John Levite','Save $350 on this Gigabyte A5 X1 gaming laptop with an RTX 3070 GPU','The Gigabyte A5 X1 15.6-inch gaming laptop has dropped to $1,449 at Newegg. That"s a huge drop off the laptop"s regular $1,800 price and a great deal. However, the deal is part of Newegg"s Shell Shocker sales, which means it"s a temporary price that will jump…','The Gigabyte A5 X1 15.6-inch gaming laptop has dropped to $1,449 at Newegg. That"s a huge drop off the laptop"s regular $1,800 price and a great deal. However, the deal is part of Newegg"s Shell Shoc… [+1586 chars]','https://www.windowscentral.com/save-least-350-gigabyte-a5-x1-gaming-laptop-rtx-3070-graphics-card','https://www.windowscentral.com/sites/wpcentral.com/files/styles/large/public/field/image/2022/03/gigabyte-a5-x1-gaming-laptop.jpg',cast('2022-03-06T16:20:01Z' as TIMESTAMP));
insert into NEWS.NEWS_COMPANY(COMPANY, SOURCE_NAME, AUTHOR, TITLE, DESCRIPTION, CONTENT, URL, IMG_URL, PUBLISH_DATE) 
                    values('nvidia','Motley Fool','newsfeedback@fool.com (Harsh Chauhan)','Better Buy: Nvidia vs. Intel','You may be surprised to find out which one of these chip giants is a better buy.','Shares of Intel(NASDAQ:INTC) and Nvidia(NASDAQ:NVDA) have slipped in 2022 thanks to the broader stock market weakness caused by factors including a potential hike in interest rates by the Federal Res… [+5995 chars]','https://www.fool.com/investing/2022/03/06/better-buy-nvidia-vs-intel/','https://g.foolcdn.com/editorial/images/668186/man-laptop-investing.jpg',cast('2022-03-06T11:30:00Z' as TIMESTAMP));
insert into NEWS.NEWS_COMPANY(COMPANY, SOURCE_NAME, AUTHOR, TITLE, DESCRIPTION, CONTENT, URL, IMG_URL, PUBLISH_DATE) 
                    values('nvidia','Eurogamer.net','Vikki Blake','Nvidia hackers have now targeted Samsung','Samsung has reportedly been hacked by the same group that attacked Nvidia last week.According to Bleeping Computer, the hacking group has released almost 190 GB of confidential data and code from a number of Samsung projects, including biometric data, source …','Samsung has reportedly been hacked by the same group that attacked Nvidia last week.
According to Bleeping Computer, the hacking group has released almost 190 GB of confidential data and code from a… [+935 chars]','https://www.eurogamer.net/articles/2022-03-06-nvidia-hackers-have-now-targeted-samsung','https://images.gnwcdn.com/2022/articles/2022-03-06-16-26/-1646584013595.jpg/EG11/resize/1200x-1/-1646584013595.jpg',cast('2022-03-06T16:29:00Z' as TIMESTAMP));
insert into NEWS.NEWS_COMPANY(COMPANY, SOURCE_NAME, AUTHOR, TITLE, DESCRIPTION, CONTENT, URL, IMG_URL, PUBLISH_DATE) 
                    values('nvidia','Techmeme.com',null,'Threat actors are using NVIDIA"s code-signing certificates leaked by the Lapsus$ group to sign Windows malware and hacking tools (Lawrence Abrams/BleepingComputer)','Lawrence Abrams / BleepingComputer:
Threat actors are using NVIDIA"s code-signing certificates leaked by the Lapsus$ group to sign Windows malware and hacking tools  —  Threat actors are using stolen NVIDIA code signing certificates to sign malware to appear …','CB Insights Newsletter
724,948 subscribers get our free newsletter to stay a step ahead on technology trends, venture capital, startups, and the industries of tomorrow.','https://www.techmeme.com/220306/p4','https://www.bleepstatic.com/content/hl-images/2022/03/01/0_NVIDIA_headpic.jpg',cast('2022-03-06T17:05:00Z' as TIMESTAMP));
insert into NEWS.NEWS_COMPANY(COMPANY, SOURCE_NAME, AUTHOR, TITLE, DESCRIPTION, CONTENT, URL, IMG_URL, PUBLISH_DATE) 
                    values('nvidia','Motley Fool','newsfeedback@fool.com (Danny Vena, Nicholas Rossolillo, and Jose Najarro)','Nvidia Is Crushing Records. So Why Is Its Stock Down?','In the latest quarter, Nvidia"s revenue hit a record $7.64 billion, up 53% year over year.','The fact that Nvidia(NASDAQ:NVDA) did so well over the past year, it"s possible that investors are thinking there"s going to be tough comps for next year among other concerns. In this Fool Live segme… [+7165 chars]','https://www.fool.com/investing/2022/03/06/nvidia-is-crushing-records-so-why-is-its-stock-dow/','https://g.foolcdn.com/editorial/images/669242/gettyimages-1335027284-1.jpg',cast('2022-03-06T11:30:00Z' as TIMESTAMP));
insert into NEWS.NEWS_COMPANY(COMPANY, SOURCE_NAME, AUTHOR, TITLE, DESCRIPTION, CONTENT, URL, IMG_URL, PUBLISH_DATE) 
                    values('nvidia','AppleInsider','news@appleinsider.com (Malcolm Owen)','Hackers leak 190GB of data taken in alleged Samsung breach','Samsung has allegedly suffered a major security breach, with hackers claiming to have leaked approximately 190 gigabytes of data, including source code and biometric unlocking algorithms.On Friday, the Lapsus$ hacking group published a 190-gigabyte trove of c…','AppleInsider is supported by its audience and may earn commission as an Amazon Associate and affiliate partner on qualifying purchases. These affiliate partnerships do not influence our editorial con… [+2086 chars]','https://appleinsider.com/articles/22/03/06/hackers-leak-190gb-of-data-taken-in-alleged-samsung-breach','https://photos5.appleinsider.com/gallery/47312-92248-46920-91443-Galaxy-S22-Lineup-xl-xl.jpg',cast('2022-03-06T20:20:44Z' as TIMESTAMP));
insert into NEWS.NEWS_COMPANY(COMPANY, SOURCE_NAME, AUTHOR, TITLE, DESCRIPTION, CONTENT, URL, IMG_URL, PUBLISH_DATE) 
                    values('nvidia','Phoronix',null,'DXVK-NVAPI 0.5.3 Released To Improve NVIDIA API Integration For Games On Steam Play','Following the recent releases of DXVK 1.10 and VKD3D-Proton 2.6 this past week, DXVK-NVAPI 0.5.3 is out this Sunday as the newest update to this library providing NVIDIA driver API "NVAPI" integration around DXVK/VKD3D-Proton for Windows games running on Linu…','Following the recent releases of DXVK 1.10 and VKD3D-Proton 2.6 this past week, DXVK-NVAPI 0.5.3 is out this Sunday as the newest update to this library providing NVIDIA driver API "NVAPI" integratio… [+1037 chars]','https://www.phoronix.com/scan.php?page=news_item&px=DXVK-NVAPI-0.5.3','https://www.phoronix.net/image.php?id=2022&image=nvapi',cast('2022-03-06T19:08:43Z' as TIMESTAMP));
insert into NEWS.NEWS_COMPANY(COMPANY, SOURCE_NAME, AUTHOR, TITLE, DESCRIPTION, CONTENT, URL, IMG_URL, PUBLISH_DATE) 
                    values('nvidia','Motley Fool','newsfeedback@fool.com (Rich Duprey)','2 Nasdaq 100 Stocks to Buy Hand Over Fist in March','Three decades of outperformance doesn"t mean there aren"t still bargains to be found in the Nasdaq 100.','Over the past 30 years, the growth-oriented Nasdaq 100 index has far outstripped the gains made by the more staid Dow Jones Industrial Average and S&amp;P 500. Populated with the 100 largest nonfinan… [+3655 chars]','https://www.fool.com/investing/2022/03/06/2-nasdaq-100-stocks-to-buy-hand-over-fist-in-march/','https://g.foolcdn.com/editorial/images/668897/computer-servers-getty.jpeg',cast('2022-03-06T13:42:00Z' as TIMESTAMP));
insert into NEWS.NEWS_COMPANY(COMPANY, SOURCE_NAME, AUTHOR, TITLE, DESCRIPTION, CONTENT, URL, IMG_URL, PUBLISH_DATE) 
                    values('nvidia','Motley Fool','newsfeedback@fool.com (Sean Williams)','3 Stocks That Could Be Worth More Than Apple by 2035','These high-growth, innovative companies could surpass the tech kingpin over the next 14 years.','Whether you realize it or not, change is commonplace on Wall Street. It might seem like a given that today"s largest companies by market cap will retain their position in the future, but history has … [+6885 chars]','https://www.fool.com/investing/2022/03/06/3-stocks-could-be-worth-more-than-apple-by-2035/','https://g.foolcdn.com/editorial/images/669057/searching-for-stocks-with-magnifying-glass-getty.jpg',cast('2022-03-06T10:51:00Z' as TIMESTAMP));
insert into NEWS.NEWS_COMPANY(COMPANY, SOURCE_NAME, AUTHOR, TITLE, DESCRIPTION, CONTENT, URL, IMG_URL, PUBLISH_DATE) 
                    values('nvidia','TechSpot','Vann Vicente','Nvidia hackers leak 190GB of sensitive data from Samsung','The hackers behind the Nvidia security breach are setting their sights on the biggest tech companies in the world. Last week, South American hacker group Lapsus$ claimed to have perpetrated a major hacking attack on Nvidia, stealing over 1TB of information an…','What just happened? Lapsus$, a hacking group that leaked confidential information from Nvidia just last week, has reportedly moved to a new target: Samsung. The hackers have claimed an attack that le… [+2694 chars]','https://www.techspot.com/news/93663-nvidia-hackers-leak-190gb-sensitive-data-samsung.html','https://static.techspot.com/images2/news/bigimage/2022/03/2022-03-06-image-7.jpg',cast('2022-03-06T15:12:00Z' as TIMESTAMP));
insert into NEWS.NEWS_COMPANY(COMPANY, SOURCE_NAME, AUTHOR, TITLE, DESCRIPTION, CONTENT, URL, IMG_URL, PUBLISH_DATE) 
                    values('nvidia','CNET','Joshua Goldman','Acer Chromebook 317 Review: A Great Big Chromebook for the Whole Family - CNET','This 17-inch Chromebook trades mobility for utility, making it just right for around-the-house use.','Josh Goldman/CNET
Chromebook variety has grown over the last several years as these laptops moved from fringe devices into the mainstream. There is one thing that hasn"t changed too much with them, … [+4979 chars]','https://www.cnet.com/tech/computing/acer-chromebook-317-review-a-great-big-chromebook-for-the-whole-family/','https://www.cnet.com/a/img/J-XjERwy9N7v5Of8ib7kmT9WN2M=/1200x630/2022/03/04/f4c47117-d767-4280-9c03-c63155a8141b/acer-chromebook-317-03.jpg',cast('2022-03-06T12:00:12Z' as TIMESTAMP));
insert into NEWS.NEWS_COMPANY(COMPANY, SOURCE_NAME, AUTHOR, TITLE, DESCRIPTION, CONTENT, URL, IMG_URL, PUBLISH_DATE) 
                    values('nvidia','BetaNews','Sofia Wyciślik-Wilson','Lapsus$ hackers leak Samsung source code and massive data dump from security breach','Samsung appears to have fallen victim to a serious security breach if the leaks from data extortion group Lapsus$ are anything to go by. Amounting to a colossal 190GB of data, the group says it has in its possession Samsung source code and other confidential …','Samsung appears to have fallen victim to a serious security breach if the leaks from data extortion group Lapsus$ are anything to go by.
Amounting to a colossal 190GB of data, the group says it has … [+1709 chars]','https://betanews.com/2022/03/06/lapsus-hackers-leak-samsung-source-code-and-massive-data-dump-from-security-breach/','https://betanews.com/wp-content/uploads/2019/04/dual-samsung-building-logo-50x50.jpg',cast('2022-03-06T11:33:59Z' as TIMESTAMP));
insert into NEWS.NEWS_COMPANY(COMPANY, SOURCE_NAME, AUTHOR, TITLE, DESCRIPTION, CONTENT, URL, IMG_URL, PUBLISH_DATE) 
                    values('nvidia','Creative Bloq','Lenovo Australia','Creative professional? Here"s why you should consider a dedicated workstation','For creative computing, a regular desktop PC can"t compete with a pro workstation. We explain what a workstation can do, and why world class studios like DreamWorks Animation, Rising Sun Pictures and Luma Pictures are using selected Lenovo workstations.','It’s an exciting time to be a creative professional. Seven of the top ten production budgets in history were spent
 on films released since 2015 – with larger budgets creating new possibilities for … [+6926 chars]','https://www.creativebloq.com/features/creative-professional-heres-why-you-should-consider-a-dedicated-workstation',null,cast('2022-03-06T22:01:29Z' as TIMESTAMP));
insert into NEWS.NEWS_COMPANY(COMPANY, SOURCE_NAME, AUTHOR, TITLE, DESCRIPTION, CONTENT, URL, IMG_URL, PUBLISH_DATE) 
                    values('nvidia','Motley Fool','newsfeedback@fool.com (Nicholas Rossolillo)','What Is the Metaverse?','Learn what people mean when they refer to the "metaverse" and why it may be game-changing.','The term "metaverse" has been around for decades and was coined by author Neal Stephenson in his 1992 sci-fi novel Snow Crash. But the metaverse has gone viral lately, helped along by Mark Zuckerberg… [+8222 chars]','https://www.fool.com/investing/stock-market/market-sectors/information-technology/metaverse-stocks/what-is-the-metaverse/','https://optimize.foolcdn.com/?url=https%3A%2F%2Fg.foolcdn.com%2Fmisc-assets/jester.png&w=400&op=resize',cast('2022-03-06T15:05:48Z' as TIMESTAMP));
insert into NEWS.NEWS_COMPANY(COMPANY, SOURCE_NAME, AUTHOR, TITLE, DESCRIPTION, CONTENT, URL, IMG_URL, PUBLISH_DATE) 
                    values('nvidia','Motley Fool','newsfeedback@fool.com (Danny Vena, Nicholas Rossolillo, and Jose Najarro)','Will Intel"s Latest $5.4 Billion Acquisition Go Through?','In a major deal, Intel plans to acquire Tower Semiconductor, a company that creates specialized semiconductor chips.','Intel( INTC 0.29% ) says that its acquisition of Tower Semiconductor will create a globally diverse end-to-end foundry that will help it meet growing semiconductor demand. In this Fool Live segment f… [+4686 chars]','https://www.fool.com/investing/2022/03/06/will-intels-latest-54-billion-acquisition-go-throu/','https://g.foolcdn.com/editorial/images/669243/gettyimages-588266018.jpg',cast('2022-03-06T12:00:00Z' as TIMESTAMP));
insert into NEWS.NEWS_COMPANY(COMPANY, SOURCE_NAME, AUTHOR, TITLE, DESCRIPTION, CONTENT, URL, IMG_URL, PUBLISH_DATE) 
                    values('nvidia','Yahoo Entertainment','Tim Frederick','Top 10 Stocks to Buy According to Billionaire Investor Chris Rokos','In this article, we present the list of top 10 stocks to buy according to billionaire investor Chris Rokos. You can skip our comprehensive analysis of Rokos ...','In this article, we present the list of top 10 stocks to buy according to billionaire investor Chris Rokos. You can skip our comprehensive analysis of Rokos Capital Management"s history, investment p… [+10161 chars]','https://finance.yahoo.com/news/top-10-stocks-buy-according-212452735.html','https://s.yimg.com/uu/api/res/1.2/JPdVuOZeFoM0WDjK5UjolA--~B/aD01MDA7dz03NTA7YXBwaWQ9eXRhY2h5b24-/https://media.zenfs.com/en/insidermonkey.com/533c57e4c1cb36518e681958c8e26ed2',cast('2022-03-06T21:24:52Z' as TIMESTAMP));
insert into NEWS.NEWS_COMPANY(COMPANY, SOURCE_NAME, AUTHOR, TITLE, DESCRIPTION, CONTENT, URL, IMG_URL, PUBLISH_DATE) 
                    values('nvidia','TweakTown','Anthony Garreffa','NVIDIA GeForce RTX 3090 Ti reportedly launches March 29, yeah sure','NVIDIA reportedly launching flagship GeForce RTX 3090 Ti on March 29, while the mid-range GeForce RTX 3070 Ti 16GB has been canned. Continue reading at TweakTown >','Man, what an absolute mess the launch of NVIDIA"s GeForce RTX 3090 Ti has been so far... the card was meant to be unleashed in late January, and now we"re in the first week of March and it"s still no… [+1004 chars]','https://www.tweaktown.com/news/84927/nvidia-geforce-rtx-3090-ti-reportedly-launches-march-29-yeah-sure/index.html','https://static.tweaktown.com/news/8/4/84927_509_nvidia-geforce-rtx-3090-ti-reportedly-launches-march-29-yeah-sure_full.jpg',cast('2022-03-06T03:56:02Z' as TIMESTAMP));
insert into NEWS.NEWS_COMPANY(COMPANY, SOURCE_NAME, AUTHOR, TITLE, DESCRIPTION, CONTENT, URL, IMG_URL, PUBLISH_DATE) 
                    values('nvidia','TweakTown','Anthony Garreffa','Samsung hacked by same hackers as NVIDIA, 190GB worth of data stolen','The same group that hacked NVIDIA have attacked Samsung, stealing 190GB worth of data... including confidential Samsung code. Continue reading at TweakTown >','And so the cyber pandemic continues, with Samsung now hacked by the same team that stole over 1TB of confidential data from NVIDIA.
Samsung has been hacked by Lapsus$ with over 190GB of confidential… [+1702 chars]','https://www.tweaktown.com/news/84929/samsung-hacked-by-same-hackers-as-nvidia-190gb-worth-of-data-stolen/index.html','https://static.tweaktown.com/news/8/4/84929_09_samsung-hacked-by-same-hackers-as-nvidia-190gb-worth-of-data-stolen_full.jpg',cast('2022-03-06T05:05:02Z' as TIMESTAMP));
insert into NEWS.NEWS_COMPANY(COMPANY, SOURCE_NAME, AUTHOR, TITLE, DESCRIPTION, CONTENT, URL, IMG_URL, PUBLISH_DATE) 
                    values('nvidia','TweakTown','Anthony Garreffa','NVIDIA closes can of whoop ass in Russia, halts sales over Ukraine','NVIDIA joins AMD and Intel in halting sales to Russia over the conflict in Ukraine, meaning no more GeForce GPUs for Russians. Continue reading at TweakTown >','NVIDIA has now halted sales of its products to Russia over the ongoing conflict in Ukraine, joining the likes of its competitors AMD and Intel.
An NVIDIA spokesperson confirmed the news to PCMag, bu… [+738 chars]','https://www.tweaktown.com/news/84928/nvidia-closes-can-of-whoop-ass-in-russia-halts-sales-over-ukraine/index.html','https://static.tweaktown.com/news/8/4/84928_519_nvidia-closes-can-of-whoop-ass-in-russia-halts-sales-over-ukraine_full.jpg',cast('2022-03-06T04:36:03Z' as TIMESTAMP));
[2022-03-21 16:48:12,326] {logging_mixin.py:104} INFO - 
[2022-03-21 16:48:12,326] {python.py:118} INFO - Done. Returned value was: None
[2022-03-21 16:48:12,426] {taskinstance.py:1166} INFO - Marking task as SUCCESS. dag_id=fetch_news, task_id=prepare_insert, execution_date=20220306T000000, start_date=20220321T164811, end_date=20220321T164812
[2022-03-21 16:48:12,555] {taskinstance.py:1220} INFO - 1 downstream tasks scheduled from follow-on schedule check
[2022-03-21 16:48:12,610] {local_task_job.py:146} INFO - Task exited with return code 0
