[2022-03-21 16:47:14,784] {taskinstance.py:851} INFO - Dependencies all met for <TaskInstance: fetch_news.dowload_desc 2022-03-19T00:00:00+00:00 [queued]>
[2022-03-21 16:47:14,850] {taskinstance.py:851} INFO - Dependencies all met for <TaskInstance: fetch_news.dowload_desc 2022-03-19T00:00:00+00:00 [queued]>
[2022-03-21 16:47:14,850] {taskinstance.py:1042} INFO - 
--------------------------------------------------------------------------------
[2022-03-21 16:47:14,851] {taskinstance.py:1043} INFO - Starting attempt 33 of 33
[2022-03-21 16:47:14,851] {taskinstance.py:1044} INFO - 
--------------------------------------------------------------------------------
[2022-03-21 16:47:14,894] {taskinstance.py:1063} INFO - Executing <Task(BashOperator): dowload_desc> on 2022-03-19T00:00:00+00:00
[2022-03-21 16:47:14,902] {standard_task_runner.py:52} INFO - Started process 186 to run task
[2022-03-21 16:47:14,933] {standard_task_runner.py:76} INFO - Running: ['airflow', 'tasks', 'run', 'fetch_news', 'dowload_desc', '2022-03-19T00:00:00+00:00', '--job-id', '698', '--pool', 'default_pool', '--raw', '--subdir', 'DAGS_FOLDER/fetch_news.py', '--cfg-path', '/tmp/tmpe9u3u8f7', '--error-file', '/tmp/tmp6dxchjrf']
[2022-03-21 16:47:14,933] {standard_task_runner.py:77} INFO - Job 698: Subtask dowload_desc
[2022-03-21 16:47:15,177] {logging_mixin.py:104} INFO - Running <TaskInstance: fetch_news.dowload_desc 2022-03-19T00:00:00+00:00 [running]> on host dd6a275532f2
[2022-03-21 16:47:15,244] {taskinstance.py:1257} INFO - Exporting the following env vars:
AIRFLOW_CTX_DAG_OWNER=airflow
AIRFLOW_CTX_DAG_ID=fetch_news
AIRFLOW_CTX_TASK_ID=dowload_desc
AIRFLOW_CTX_EXECUTION_DATE=2022-03-19T00:00:00+00:00
AIRFLOW_CTX_DAG_RUN_ID=scheduled__2022-03-19T00:00:00+00:00
[2022-03-21 16:47:15,245] {bash.py:135} INFO - Tmp dir root location: 
 /tmp
[2022-03-21 16:47:15,246] {bash.py:158} INFO - Running command: curl -o /tmp/news_nvidia_2022-03-19_2022-03-20.json https://newsapi.org/v2/everything -G -d from=2022-03-19 -d to=2022-03-19 -d language=en -d q=nvidia -d apiKey=1ddd1951b81c4e9eb662cc118c33ff6a
[2022-03-21 16:47:15,253] {bash.py:169} INFO - Output:
[2022-03-21 16:47:15,260] {bash.py:173} INFO -   % Total    % Received % Xferd  Average Speed   Time    Time     Time  Current
[2022-03-21 16:47:15,260] {bash.py:173} INFO -                                  Dload  Upload   Total   Spent    Left  Speed
[2022-03-21 16:47:15,519] {bash.py:173} INFO -   0     0    0     0    0     0      0      0 --:--:-- --:--:-- --:--:--     0100 16757  100 16757    0     0  64698      0 --:--:-- --:--:-- --:--:-- 64698
[2022-03-21 16:47:15,521] {bash.py:177} INFO - Command exited with return code 0
[2022-03-21 16:47:15,589] {taskinstance.py:1166} INFO - Marking task as SUCCESS. dag_id=fetch_news, task_id=dowload_desc, execution_date=20220319T000000, start_date=20220321T164714, end_date=20220321T164715
[2022-03-21 16:47:15,669] {taskinstance.py:1220} INFO - 1 downstream tasks scheduled from follow-on schedule check
[2022-03-21 16:47:15,705] {local_task_job.py:146} INFO - Task exited with return code 0
