[2022-03-21 16:47:17,228] {taskinstance.py:851} INFO - Dependencies all met for <TaskInstance: fetch_news.prepare_insert 2022-03-17T00:00:00+00:00 [queued]>
[2022-03-21 16:47:17,267] {taskinstance.py:851} INFO - Dependencies all met for <TaskInstance: fetch_news.prepare_insert 2022-03-17T00:00:00+00:00 [queued]>
[2022-03-21 16:47:17,267] {taskinstance.py:1042} INFO - 
--------------------------------------------------------------------------------
[2022-03-21 16:47:17,267] {taskinstance.py:1043} INFO - Starting attempt 12 of 12
[2022-03-21 16:47:17,267] {taskinstance.py:1044} INFO - 
--------------------------------------------------------------------------------
[2022-03-21 16:47:17,289] {taskinstance.py:1063} INFO - Executing <Task(PythonOperator): prepare_insert> on 2022-03-17T00:00:00+00:00
[2022-03-21 16:47:17,300] {standard_task_runner.py:52} INFO - Started process 212 to run task
[2022-03-21 16:47:17,314] {standard_task_runner.py:76} INFO - Running: ['airflow', 'tasks', 'run', 'fetch_news', 'prepare_insert', '2022-03-17T00:00:00+00:00', '--job-id', '700', '--pool', 'default_pool', '--raw', '--subdir', 'DAGS_FOLDER/fetch_news.py', '--cfg-path', '/tmp/tmpgqrtjgn0', '--error-file', '/tmp/tmpvj0ybkkm']
[2022-03-21 16:47:17,314] {standard_task_runner.py:77} INFO - Job 700: Subtask prepare_insert
[2022-03-21 16:47:17,461] {logging_mixin.py:104} INFO - Running <TaskInstance: fetch_news.prepare_insert 2022-03-17T00:00:00+00:00 [running]> on host dd6a275532f2
[2022-03-21 16:47:17,713] {taskinstance.py:1257} INFO - Exporting the following env vars:
AIRFLOW_CTX_DAG_OWNER=airflow
AIRFLOW_CTX_DAG_ID=fetch_news
AIRFLOW_CTX_TASK_ID=prepare_insert
AIRFLOW_CTX_EXECUTION_DATE=2022-03-17T00:00:00+00:00
AIRFLOW_CTX_DAG_RUN_ID=scheduled__2022-03-17T00:00:00+00:00
[2022-03-21 16:47:17,714] {logging_mixin.py:104} INFO - /tmp/news_nvidia_2022-03-17_2022-03-18.sql
[2022-03-21 16:47:17,714] {logging_mixin.py:104} INFO - delete from NEWS.NEWS_COMPANY where cast('2022-03-17' as DATE) = cast(PUBLISH_DATE as DATE);
insert into NEWS.NEWS_COMPANY(COMPANY, SOURCE_NAME, AUTHOR, TITLE, DESCRIPTION, CONTENT, URL, IMG_URL, PUBLISH_DATE) 
                    values('nvidia','Engadget','Kris Holt','Samsung"s Neo QLED 8K TVs are available for pre-order, starting at $3,500','Samsung
 has opened up pre-orders
 for many of its 2022 TVs and revealed when you"ll be able to lock in an order for some of its other upcoming displays. The company is refreshing its Neo QLED sets this year with features such as refresh rates of up to 144H…','Samsung
 has opened up pre-orders
 for many of its 2022 TVs and revealed when you"ll be able to lock in an order for some of its other upcoming displays. The company is refreshing its Neo QLED sets… [+1813 chars]','https://www.engadget.com/samsung-2022-tv-pre-order-neo-qled-the-frame-oled-181541669.html','https://s.yimg.com/os/creatr-uploaded-images/2022-03/9c8173a0-a61b-11ec-b7ff-2afb32e2bd62',cast('2022-03-17T18:15:41Z' as TIMESTAMP));
insert into NEWS.NEWS_COMPANY(COMPANY, SOURCE_NAME, AUTHOR, TITLE, DESCRIPTION, CONTENT, URL, IMG_URL, PUBLISH_DATE) 
                    values('nvidia','Digital Trends','Monica J. White','The future of fast PC graphics? Connecting directly to SSDs','Nvidia and IBM want to bring greater improvements than expected to PC graphics by connecting the GPU to an SSD.','Performance boosts are expected with each new generation of the best graphics cards, but it seems that Nvidia and IBM have their sights set on greater changes.
The companies teamed up to work on Big… [+3152 chars]','https://www.digitaltrends.com/computing/nvidia-and-ibm-team-up-to-connect-gpu-directly-to-ssd/','https://icdn.digitaltrends.com/image/digitaltrends/gpu-temperature.jpg',cast('2022-03-17T20:31:55Z' as TIMESTAMP));
insert into NEWS.NEWS_COMPANY(COMPANY, SOURCE_NAME, AUTHOR, TITLE, DESCRIPTION, CONTENT, URL, IMG_URL, PUBLISH_DATE) 
                    values('nvidia','Windows Central','John Levite','Save $350 on this Acer Predator Triton laptop with RTX graphics today only','The Acer Predator Triton 300 SE laptop has dropped in price to $999.99 at Best Buy. This sale is one of Best Buy"s deals of the day and is in fact the featured deal. It"s a huge $350 price drop from the laptop"s regular price. While we have seen other Acer Pr…','The Acer Predator Triton 300 SE laptop has dropped in price to $999.99 at Best Buy. This sale is one of Best Buy"s deals of the day and is in fact the featured deal. It"s a huge $350 price drop from … [+1580 chars]','https://www.windowscentral.com/save-350-acer-predator-triton-laptop-rtx-graphics-today-only','https://www.windowscentral.com/sites/wpcentral.com/files/styles/large/public/field/image/2022/03/acer-predator-triton-laptop.jpg',cast('2022-03-17T15:20:01Z' as TIMESTAMP));
insert into NEWS.NEWS_COMPANY(COMPANY, SOURCE_NAME, AUTHOR, TITLE, DESCRIPTION, CONTENT, URL, IMG_URL, PUBLISH_DATE) 
                    values('nvidia','Digital Trends','Jacob Roach','AMD FSR 2.0 takes notes from DLSS — and it’s coming soon','AMD has pulled back the curtain on FSR 2.0, which should arrive soon. The company also released its general-purpose RSR upscaling solution for all AMD GPUs.','AMD has lifted the curtain on the new version of FidelityFX Super Resolution (FSR), and this time around, it’s looking to be a more direct competitor to Nvidia’s DLSS. The aptly named FSR 2.0 promise… [+2793 chars]','https://www.digitaltrends.com/computing/amd-announces-fsr-2-launches-rsr/','https://icdn.digitaltrends.com/image/digitaltrends/deathloop-fsr-2-comparison.jpg',cast('2022-03-17T13:00:18Z' as TIMESTAMP));
insert into NEWS.NEWS_COMPANY(COMPANY, SOURCE_NAME, AUTHOR, TITLE, DESCRIPTION, CONTENT, URL, IMG_URL, PUBLISH_DATE) 
                    values('nvidia','Motley Fool','newsfeedback@fool.com (Will Healy)','Is Nvidia Stock a Buy Now?','Its valuation remains elevated, and investors may have overlooked one key danger.','Nvidia ( NVDA -1.18% ) is considered by some to be the world"s leading semiconductor company. Its GPUs power applications in artificial intelligence, virtual reality, and data centers, and its massiv… [+3789 chars]','https://www.fool.com/investing/2022/03/17/is-nvidia-stock-a-buy-now/','https://g.foolcdn.com/editorial/images/670510/gettyimages-1339056287.jpg',cast('2022-03-17T15:19:47Z' as TIMESTAMP));
insert into NEWS.NEWS_COMPANY(COMPANY, SOURCE_NAME, AUTHOR, TITLE, DESCRIPTION, CONTENT, URL, IMG_URL, PUBLISH_DATE) 
                    values('nvidia','SlashGear','staff@slashgear.com (Gabriel Moss)','What Is NVIDIA G-Sync?','You&#039;ve probably heard of NVIDIA&#039;s G-Sync technology, but do you know what it&#039;s for? Here&#039;s a simple primer to help you understand why these monitors matter.','Normally, your gaming PC and your monitor (or TV, if that suits your fancy) are operating on two different sets of rules. If you don"t look closely, you might think they"re working together in unison… [+1061 chars]','https://www.slashgear.com/803081/what-is-nvidia-g-sync/','https://www.slashgear.com/img/gallery/what-is-nvidia-g-sync/l-intro-1647551781.jpg',cast('2022-03-17T21:19:04Z' as TIMESTAMP));
insert into NEWS.NEWS_COMPANY(COMPANY, SOURCE_NAME, AUTHOR, TITLE, DESCRIPTION, CONTENT, URL, IMG_URL, PUBLISH_DATE) 
                    values('nvidia','Windows Central','Sean Endicott','Radeon Super Resolution boosts gaming performance, and it"s available now','You don"t have to wait for game developers to implement AMD"s new performance-boosting technology.



What you need to know


Radeon Super Resolution is now available in the latest driver update from AMD.
The feature can boost the performance of any game that…','Radeon Super Resolution is now available through the latest driver from AMD. The technology can boost the framerate of any game, even without any specific implementation by developers. Competing tech… [+1650 chars]','https://www.windowscentral.com/amd-boosts-performance-all-pc-games-radeon-super-resolution','https://www.windowscentral.com/sites/wpcentral.com/files/styles/large/public/field/image/2021/01/asus-tuf-gaming-rx-6800-hero-01.jpg',cast('2022-03-17T14:50:14Z' as TIMESTAMP));
insert into NEWS.NEWS_COMPANY(COMPANY, SOURCE_NAME, AUTHOR, TITLE, DESCRIPTION, CONTENT, URL, IMG_URL, PUBLISH_DATE) 
                    values('nvidia','GSMArena.com','Michail','Redmi Max 100" TV and RedmiBook Pro 2022 arrive alongside new K50 series','Xiaomi capped off a big event earlier today where it announced the Redmi K50, K50 Pro and K40s phones. We also got a new 100-inch Redmi Max TV and a 15-inch Redmi Book Pro 2022 laptop.

Redmi Max 100 TV

Redmi Max 100 is the largest TV in Xiaomi’s product ran…','Xiaomi capped off a big event earlier today where it announced the Redmi K50, K50 Pro and K40s phones. We also got a new 100-inch Redmi Max TV and a 15-inch Redmi Book Pro 2022 laptop.
Redmi Max 100… [+1938 chars]','https://www.gsmarena.com/redmi_max_100_tv_and_redmibook_pro_2022_announced-news-53609.php','https://fdn.gsmarena.com/imgroot/news/22/03/redmi-max-100-tv-redmibook-pro-2022/-952x498w6/gsmarena_00.jpg',cast('2022-03-17T16:43:02Z' as TIMESTAMP));
insert into NEWS.NEWS_COMPANY(COMPANY, SOURCE_NAME, AUTHOR, TITLE, DESCRIPTION, CONTENT, URL, IMG_URL, PUBLISH_DATE) 
                    values('nvidia','Rock Paper Shotgun','James Archer','AMD Radeon Super Resolution is FSR-style upscaling for almost any game','GPU-based upscaling has proven to be one of the most useful additions to gaming PC tech in years. Big performance improvements in exchange for only a minor drop in visual quality, if any at all? Yes please and thank you. Nvidia’s DLSS has established itself a…','GPU-based upscaling has proven to be one of the most useful additions to gaming PC tech in years. Big performance improvements in exchange for only a minor drop in visual quality, if any at all? Yes … [+8517 chars]','https://www.rockpapershotgun.com/amd-radeon-super-resolution-is-fsr-style-upscaling-for-almost-any-game','https://assets2.rockpapershotgun.com/elden-ring-maximum-quality.png/BROK/thumbnail/1600x900/format/jpg/quality/80/elden-ring-maximum-quality.png',cast('2022-03-17T12:59:10Z' as TIMESTAMP));
insert into NEWS.NEWS_COMPANY(COMPANY, SOURCE_NAME, AUTHOR, TITLE, DESCRIPTION, CONTENT, URL, IMG_URL, PUBLISH_DATE) 
                    values('nvidia','TechRadar','Sponsored','Forget about system requirements, PC gaming is as easy as ever to get into','NVIDIA GeForce NOW game streaming lets you tap into the power of a gaming PC from phones, tablets, and low-power computers for the PC gaming experience without the PC gaming fuss.','Do you think you’d get into PC gaming if you didn’t have to face the many difficulties it poses, skipping past all the compatibility issues of new builds and the never-ending upgrade cycle to keep up… [+3668 chars]','https://www.techradar.com/news/forget-about-system-requirements-pc-gaming-is-as-easy-as-ever-to-get-into','https://cdn.mos.cms.futurecdn.net/aw4QMYVzjR6Z8oEz459onL-1200-80.png',cast('2022-03-17T20:26:15Z' as TIMESTAMP));
insert into NEWS.NEWS_COMPANY(COMPANY, SOURCE_NAME, AUTHOR, TITLE, DESCRIPTION, CONTENT, URL, IMG_URL, PUBLISH_DATE) 
                    values('nvidia','PCWorld','Ian Paul','This GeForce RTX 3060-powered gaming PC is just $1,000, today only','It’s a good day to game for less. Newegg is selling an ABS Master Gaming PC with an Nvidia GeForce RTX 3060 for $1000. That’s $500 off the MSRP. It’s a pretty good deal considering an RTX 3060 alone is going to set you back $500 to $600 on eBay–and that’s for…','Skip to contentType your search and hit enter
It’s a good day to game for less. Newegg is selling an ABS Master Gaming PC with an Nvidia GeForce RTX 3060 for $1000. That’s $500 off the MSRP. It’s a … [+1712 chars]','https://www.pcworld.com/article/624192/today-only-his-pre-built-pc-with-an-nvidia-rtx-3060-is-just-1000.html','https://www.pcworld.com/wp-content/uploads/2022/03/ABSMaster.png?w=1024',cast('2022-03-17T14:02:02Z' as TIMESTAMP));
insert into NEWS.NEWS_COMPANY(COMPANY, SOURCE_NAME, AUTHOR, TITLE, DESCRIPTION, CONTENT, URL, IMG_URL, PUBLISH_DATE) 
                    values('nvidia','CNET','Dan Ackerman','Apple Mac Studio Review: A Compact Desktop for Creators Looking to Step Up - CNET','Apple"s new desktop and new Studio Display are aimed at content creators who need more than a Mac Mini, but not quite a full Mac Pro desktop.','A full setup of the Mac Studio, Studio Display and new keyboard/touchpad.   
Dan Ackerman/CNET
It"s rare that Apple launches an entirely new product line, but that"s what we have in the Mac Studio,… [+15237 chars]','https://www.cnet.com/tech/computing/apple-mac-studio-review/','https://www.cnet.com/a/img/resize/37676d92934b38e4314639738cb77c701c6ecb1f/2022/03/16/c01b7aef-fb81-4b85-913e-0180877691bd/yt-mac-studio-review-v1.jpg?auto=webp&fit=crop&height=630&width=1200',cast('2022-03-17T15:16:00Z' as TIMESTAMP));
insert into NEWS.NEWS_COMPANY(COMPANY, SOURCE_NAME, AUTHOR, TITLE, DESCRIPTION, CONTENT, URL, IMG_URL, PUBLISH_DATE) 
                    values('nvidia','MacRumors','Juli Clover','M1 Ultra Doesn"t Beat Out Nvidia"s RTX 3090 GPU Despite Apple"s Charts','Despite Apple"s claims and charts, the new M1 Ultra chip is not able to outperform Nvidia"s RTX 3090 in terms of raw GPU performance, according to benchmark testing performed by The Verge.





When the ‌M1‌ Ultra was introduced, Apple shared a chart that had…','Despite Apple"s claims and charts, the new M1 Ultra chip is not able to outperform Nvidia"s RTX 3090 in terms of raw GPU performance, according to benchmark testing performed by The Verge.
When the … [+1491 chars]','https://www.macrumors.com/2022/03/17/m1-ultra-nvidia-rtx-3090-comparison/','https://images.macrumors.com/t/t4PAoZuIvQI5R-66wlNkh-OZZ3c=/1720x/article-new/2022/03/m1-ultra-performance-chart.jpg',cast('2022-03-17T20:17:42Z' as TIMESTAMP));
insert into NEWS.NEWS_COMPANY(COMPANY, SOURCE_NAME, AUTHOR, TITLE, DESCRIPTION, CONTENT, URL, IMG_URL, PUBLISH_DATE) 
                    values('nvidia','TechRadar','Darren Allan','AMD’s next-gen frame rate booster aims to take the fight to Nvidia DLSS','Team Red has given us a first look at FSR 2.0 upscaling, and it’s exciting stuff.','AMD has given us the lowdown on FSR 2.0, which is the next-generation of its FidelityFX Super Resolution upscaling designed to boost frame rates, giving us a first look at the new tech running in Dea… [+2660 chars]','https://www.techradar.com/news/amds-next-gen-frame-rate-booster-aims-to-take-the-fight-to-nvidia-dlss','https://cdn.mos.cms.futurecdn.net/uP2rVpDDJPzKQM4Kj4pUc5-1200-80.jpg',cast('2022-03-17T17:00:04Z' as TIMESTAMP));
insert into NEWS.NEWS_COMPANY(COMPANY, SOURCE_NAME, AUTHOR, TITLE, DESCRIPTION, CONTENT, URL, IMG_URL, PUBLISH_DATE) 
                    values('nvidia','PCWorld','Brad Chacos','Radeon Super Resolution arrives to speed up your games in AMD Adrenalin','Congratulations, Radeon graphics card owners. Most (and maybe all) of your PC games are about to run a whole lot faster now that the latest annual edition of AMD’s Adrenalin Edition software is here. The flagship feature is the debut of Radeon Super Resolutio…','Skip to contentType your search and hit enter
Congratulations, Radeon graphics card owners. Most (and maybe all) of your PC games are about to run a whole lot faster now that the latest annual editi… [+8714 chars]','https://www.pcworld.com/article/623910/amd-adrenalin-radeon-super-resolution-is-here-to-speed-up-your-games.html','https://www.pcworld.com/wp-content/uploads/2022/03/radeon-rx-6700-xt-logo-1.jpg?quality=50&strip=all&w=1024',cast('2022-03-17T13:00:00Z' as TIMESTAMP));
insert into NEWS.NEWS_COMPANY(COMPANY, SOURCE_NAME, AUTHOR, TITLE, DESCRIPTION, CONTENT, URL, IMG_URL, PUBLISH_DATE) 
                    values('nvidia','MobileSyrup','Karandeep Oberoi','Here are the new games coming to Nvidia GeForce Now this week','Nvidia has announced seven new games that are coming to its GeForce Now cloud-streaming platform this week. Below is a full list of all of the titles arriving shortly: Monster Energy Supercross — The Official Videogame 5 (New release on Steam) Tunic (New rele…','Nvidia has announced seven new games that are coming to its GeForce Now cloud-streaming platform this week.
Below is a full list of all of the titles arriving shortly:
Check out all other titles co… [+896 chars]','https://mobilesyrup.com/2022/03/17/here-are-the-new-games-coming-to-nvidia-geforce-now-this-week/','https://cdn.mobilesyrup.com/wp-content/uploads/2022/03/GeForce-March-header.jpg',cast('2022-03-17T21:39:13Z' as TIMESTAMP));
insert into NEWS.NEWS_COMPANY(COMPANY, SOURCE_NAME, AUTHOR, TITLE, DESCRIPTION, CONTENT, URL, IMG_URL, PUBLISH_DATE) 
                    values('nvidia','ExtremeTech','Josh Norem','GPU Prices Continue to Fall, Some Are Even in Stock Too','The RTX 3060 has mining restrictions on it. The rumored RTX 3080 Ti may as well. 


Prices aren"t falling off a cliff, but they are slowly coming back down to earth. 
The post GPU Prices Continue to Fall, Some Are Even in Stock Too appeared first on ExtremeT…','We don’t want to get your hopes up or anything, but it seems like GPU prices are finally — finally — starting to fall back to earth. There have been a number of reports over the last few weeks confir… [+3263 chars]','https://www.extremetech.com/gaming/332805-gpu-prices-continue-to-fall-some-are-even-in-stock-too','https://www.extremetech.com/wp-content/uploads/2021/01/NVIDIA-GeForce-RTX-3060-Official-Graphics-Card-_2-640x353.jpg',cast('2022-03-17T13:40:40Z' as TIMESTAMP));
insert into NEWS.NEWS_COMPANY(COMPANY, SOURCE_NAME, AUTHOR, TITLE, DESCRIPTION, CONTENT, URL, IMG_URL, PUBLISH_DATE) 
                    values('nvidia','PC Gamer','Jacob Ridley','Your RDNA GPU just got the power to upscale nearly any game with Radeon Super Resolution','Radeon Super Resolution is available now in the latest AMD Software Adrenalin Edition drivers.','AMD has released a brand new suite of driver features for its AMD Radeon Software—or rather the AMD Software, as it"s now called. AMD has decided that the application and driver package is for more t… [+4851 chars]','https://www.pcgamer.com/amd-radeon-super-resolution-drivers/','https://cdn.mos.cms.futurecdn.net/qayAfJZk4YozamT9be5J8E-1200-80.jpg',cast('2022-03-17T13:00:28Z' as TIMESTAMP));
insert into NEWS.NEWS_COMPANY(COMPANY, SOURCE_NAME, AUTHOR, TITLE, DESCRIPTION, CONTENT, URL, IMG_URL, PUBLISH_DATE) 
                    values('nvidia','Kdnuggets.com','KDnuggets','Top AI and Data Science Tools and Techniques for 2022 and Beyond','How will AI and data science impact the world of business in the next decade? Find out what trends to look out for in 2022 and beyond at NVIDIA GTC.','By Jess Nguyen, NVIDIA
Want to know how artificial intelligence will change business in the next decade? World-class Kaggle Grandmasters, top data professionals, and influencers across several indus… [+3418 chars]','https://www.kdnuggets.com/2022/03/nvidia-0317-top-ai-data-science-tools-techniques-2022-beyond.html','https://www.kdnuggets.com/wp-content/uploads/NVIDIA_GTC_March_2022_press_release_collage.jpg',cast('2022-03-17T17:00:58Z' as TIMESTAMP));
insert into NEWS.NEWS_COMPANY(COMPANY, SOURCE_NAME, AUTHOR, TITLE, DESCRIPTION, CONTENT, URL, IMG_URL, PUBLISH_DATE) 
                    values('nvidia','Theregister.com','Jeff Burt','Devil-may-care Lapsus$ gang is not the aspirational brand infosec needs','Hitting big targets, untouchable, technically proficient. Who will it inspire next? Analysis  The Lapsus$ cyber-crime gang, believed to be based in Brazil, until recently was best known for attacks on that country"s Ministry of Health and Portuguese media out…','Analysis The Lapsus$ cyber-crime gang, believed to be based in Brazil, until recently was best known for attacks on that country"s Ministry of Health and Portuguese media outlets SIC Noticias and Exp… [+6276 chars]','https://www.theregister.com/2022/03/17/lapsus-larger-companies/','https://regmedia.co.uk/2022/03/16/shutterstock_assasins_creed_syndicate.jpg',cast('2022-03-17T03:58:20Z' as TIMESTAMP));
[2022-03-21 16:47:17,714] {logging_mixin.py:104} INFO - 
[2022-03-21 16:47:17,715] {python.py:118} INFO - Done. Returned value was: None
[2022-03-21 16:47:17,783] {taskinstance.py:1166} INFO - Marking task as SUCCESS. dag_id=fetch_news, task_id=prepare_insert, execution_date=20220317T000000, start_date=20220321T164717, end_date=20220321T164717
[2022-03-21 16:47:17,922] {taskinstance.py:1220} INFO - 1 downstream tasks scheduled from follow-on schedule check
[2022-03-21 16:47:17,979] {local_task_job.py:146} INFO - Task exited with return code 0
