[2022-03-21 10:14:06,158] {taskinstance.py:851} INFO - Dependencies all met for <TaskInstance: fetch_news.write_to_postgres 2022-03-13T00:00:00+00:00 [queued]>
[2022-03-21 10:14:06,234] {taskinstance.py:851} INFO - Dependencies all met for <TaskInstance: fetch_news.write_to_postgres 2022-03-13T00:00:00+00:00 [queued]>
[2022-03-21 10:14:06,237] {taskinstance.py:1042} INFO - 
--------------------------------------------------------------------------------
[2022-03-21 10:14:06,237] {taskinstance.py:1043} INFO - Starting attempt 4 of 4
[2022-03-21 10:14:06,237] {taskinstance.py:1044} INFO - 
--------------------------------------------------------------------------------
[2022-03-21 10:14:06,367] {taskinstance.py:1063} INFO - Executing <Task(PythonOperator): write_to_postgres> on 2022-03-13T00:00:00+00:00
[2022-03-21 10:14:06,385] {standard_task_runner.py:52} INFO - Started process 1367 to run task
[2022-03-21 10:14:06,413] {standard_task_runner.py:76} INFO - Running: ['airflow', 'tasks', 'run', 'fetch_news', 'write_to_postgres', '2022-03-13T00:00:00+00:00', '--job-id', '583', '--pool', 'default_pool', '--raw', '--subdir', 'DAGS_FOLDER/fetch_news.py', '--cfg-path', '/tmp/tmpdz6r1xno', '--error-file', '/tmp/tmp5tbf5tti']
[2022-03-21 10:14:06,414] {standard_task_runner.py:77} INFO - Job 583: Subtask write_to_postgres
[2022-03-21 10:14:06,674] {logging_mixin.py:104} INFO - Running <TaskInstance: fetch_news.write_to_postgres 2022-03-13T00:00:00+00:00 [running]> on host e39215f0be5b
[2022-03-21 10:14:07,056] {taskinstance.py:1257} INFO - Exporting the following env vars:
AIRFLOW_CTX_DAG_OWNER=airflow
AIRFLOW_CTX_DAG_ID=fetch_news
AIRFLOW_CTX_TASK_ID=write_to_postgres
AIRFLOW_CTX_EXECUTION_DATE=2022-03-13T00:00:00+00:00
AIRFLOW_CTX_DAG_RUN_ID=scheduled__2022-03-13T00:00:00+00:00
[2022-03-21 10:14:07,166] {base.py:74} INFO - Using connection to: id: news_in. Host: postgres, Port: 5432, Schema: , Login: airflow, Password: XXXXXXXX, extra: None
[2022-03-21 10:14:07,190] {dbapi.py:180} INFO - Running statement: insert into NEWS.NEWS_COMPANY(COMPANY, SOURCE_NAME, AUTHOR, TITLE, DESCRIPTION, CONTENT, URL, IMG_URL, PUBLISH_DATE) 

                    values('nvidia','MarketBeat','MarketBeat Staff','Amazon’s Shareholder Friendly Moves Confirms Its a Buy','A newly announced stock split will soon make Amazon stock the most affordable it has been in more than a decade.The split combined with a concurrently announced buyback program has...','Dont be alarmed when Amazon.coms (NASDAQ: AMZN) share price is less than $200. The e-commerce giant is not the subject of an antitrust lawsuit nor is brick-and-mortar retail staging a massive retro c… [+4637 chars]','https://www.marketbeat.com/originals/amazons-shareholder-friendly-moves-confirms-its-a-buy/','https://assets.entrepreneur.com/providers/marketbeat/hero-image-marketbeat-422168.jpeg','2022-03-14T12:00:00Z');

insert into NEWS.NEWS_COMPANY(COMPANY, SOURCE_NAME, AUTHOR, TITLE, DESCRIPTION, CONTENT, URL, IMG_URL, PUBLISH_DATE) 

                    values('nvidia','Motley Fool','newsfeedback@fool.com (Rich Smith)','Why Nvidia Stock Dropped Again Today','Citigroup sees numerous reasons for investors to be worried about semiconductor stocks.','What happened

Nvidia( NVDA -3.85% ) dropped in Monday trading, falling by 4.1% through 2:15 p.m. ET in response to continuing despondent news about the state of the semiconductor industry.

Reuters … [+2341 chars]','https://www.fool.com/investing/2022/03/14/why-nvidia-stock-dropped-again-today/','https://g.foolcdn.com/editorial/images/670423/red-down-arrow-on-a-black-backdrop-of-tickertape-prices.jpg','2022-03-14T19:35:21Z');

insert into NEWS.NEWS_COMPANY(COMPANY, SOURCE_NAME, AUTHOR, TITLE, DESCRIPTION, CONTENT, URL, IMG_URL, PUBLISH_DATE) 

                    values('nvidia','Dpreview.com','DL Cade','Laptop Review: ASUS Studiobook 16 OLED - ASUS dials in a winner','<table>



<tr>

<td></td>

</tr>

<tr>

<td>The ASUS ProArt Studiobook 16 is a sleek and powerful creator laptop with a gorgeous OLED display and some interesting design touches.</td>

</tr>





</table>

All product photography by DL Cade

The ASUS Studiobook 16 OLED…','All product photography by DL Cade

The ASUS Studiobook 16 OLED is one of the best creator laptops we"ve had the chance to review. Not because it has a next-generation CPU (it doesn"t) or the most po… [+27285 chars]','https://www.dpreview.com/reviews/laptop-review-asus-studiobook-16-oled-asus-dials-in-a-winner','https://4.img-dpreview.com/files/p/E~TS940x788~articles/6083160906/DLCS4770-Edit.jpeg','2022-03-14T13:00:00Z');

insert into NEWS.NEWS_COMPANY(COMPANY, SOURCE_NAME, AUTHOR, TITLE, DESCRIPTION, CONTENT, URL, IMG_URL, PUBLISH_DATE) 

                    values('nvidia','TechRadar','matthew.hanson@futurenet.com (Matt Hanson)','Nvidia RTX 3090 Ti launch date leaked – along with some bad news','Nvidia RTX 3090 Ti is coming soon, but you’ll be faced with a dilemma.','A new Nvidia RTX 3090 Ti leak has emerged, bringing both good and bad news for people looking forward to Team Green’s next super-powerful graphics card.

The good news is that it looks like The Nvidi… [+3044 chars]','https://www.techradar.com/news/nvidia-rtx-3090-ti-launch-date-leaked-along-with-some-bad-news','https://cdn.mos.cms.futurecdn.net/ESwTLvWcLV6ZtXsrj4ziuY-1200-80.jpg','2022-03-14T11:11:07Z');

insert into NEWS.NEWS_COMPANY(COMPANY, SOURCE_NAME, AUTHOR, TITLE, DESCRIPTION, CONTENT, URL, IMG_URL, PUBLISH_DATE) 

                    values('nvidia','PCWorld','Mark Hachman','Microsoft releases DirectStorage, the future of fast-loading PC games','Microsoft said Monday that it is finally making its DirectStorage API available to game developers, promising to bring one of the best features of the Xbox Series X game console, Quick Resume, to the PC.









Microsoft originally announced that DirectStorage …','Skip to contentType your search and hit enter

Microsoft said Monday that it is finally making its DirectStorage API available to game developers, promising to bring one of the best features of the X… [+3289 chars]','https://www.pcworld.com/article/623036/microsoft-releases-directstorage-the-future-of-fast-loading-pc-games.html','https://www.pcworld.com/wp-content/uploads/2022/03/wdblacksn850-100913939-orig.jpg?quality=50&strip=all&w=1024','2022-03-14T21:55:17Z');

insert into NEWS.NEWS_COMPANY(COMPANY, SOURCE_NAME, AUTHOR, TITLE, DESCRIPTION, CONTENT, URL, IMG_URL, PUBLISH_DATE) 

                    values('nvidia','Slickdeals.net','iconian','LG OLED TV"s + 4-Yr Accidental Warranty w/ Burn-in: 65" C1 + $150 Visa GC $1747, 77" C1 + $225 Visa GC $2797, 55" C1 + $70 GC $1247 + free s/h at Buydig','Update: This popular offer is still available now w/ slightly different prices/GC values. 

 

BuyDig has select *LG 4K Smart OLED TV + VISA Gift Cards & 4-Yr Accidental Damage Warranty* on sale listed...','Update: This popular offer is still available now w/ slightly different prices/GC values.BuyDig has select LG 4K Smart OLED TV + VISA Gift Cards &amp; 4-Yr Accidental Damage Warranty on sale listed b… [+666 chars]','https://slickdeals.net/f/15653749-lg-oleds-w-4-year-accidental-warranty-65-lg-oled65c1pub-150-visa-gc-1747-2-5-sd-cashback-more-free-s-h','https://static.slickdealscdn.com/attachment/3/5/9/4/0/2/8/11266696.attach','2022-03-13T05:07:52Z');

insert into NEWS.NEWS_COMPANY(COMPANY, SOURCE_NAME, AUTHOR, TITLE, DESCRIPTION, CONTENT, URL, IMG_URL, PUBLISH_DATE) 

                    values('nvidia','Videocardz.com',null,'NVIDIA CEO Jensen Huang to give away signed GeForce RTX 3090 graphics cards at GTC 2022 - VideoCardz.com','<ol><li>NVIDIA CEO Jensen Huang to give away signed GeForce RTX 3090 graphics cards at GTC 2022  VideoCardz.com

</li><li>Want an RTX 3090? Nvidia to hand them out for free next week  Digital Trends

</li><li>NVIDIA To Giveaway A Special GeForce RTX 3090 Grap…','GTC 2022 participants will take part in a RTX 3090 lottery.

NVIDIA is now preparing for its Graphics Technology Conference (GTC) 2022 set for March 21. This conference focuses on the AI technology f… [+892 chars]','https://videocardz.com/newz/nvidia-ceo-jensen-huang-to-give-away-signed-geforce-rtx-3090-graphics-cards-at-gtc-2022','https://cdn.videocardz.com/1/2022/03/RTX3090-Jensen-Signature-1.jpg','2022-03-14T07:52:00Z');

insert into NEWS.NEWS_COMPANY(COMPANY, SOURCE_NAME, AUTHOR, TITLE, DESCRIPTION, CONTENT, URL, IMG_URL, PUBLISH_DATE) 

                    values('nvidia','Internet','noreply@blogger.com (Ravie Lakshmanan)','Gaming Company Ubisoft Confirms It was Hacked, Resets Staff Passwords','French video game company Ubisoft on Friday confirmed it was a victim of a "cyber security incident," causing temporary disruptions to its games, systems, and services.

The Montreuil-headquartered firm said that an investigation into the breach was underway a…','French video game company Ubisoft on Friday confirmed it was a victim of a "cyber security incident," causing temporary disruptions to its games, systems, and services.

The Montreuil-headquartered f… [+1174 chars]','https://thehackernews.com/2022/03/gaming-company-ubisoft-confirms-it-was.html','https://thehackernews.com/new-images/img/a/AVvXsEjml6Xu7f6uo5tHvSTroK0m7KGbwO5bHwkX49RvapOjknMSOOIAdOHC1B4610YTmfftCfk3ZXjOOE1m6qeT2ckkQarT2d2oLc4HNXbW-ZNJ2yrL48lVHsJ-9WhUc1I2QbsBwpClAs9MrIPtP29l_pl2z-3B5h4bR3X0c5Sr_KPWmkAtII2ByEmNWbTA=s728-e1000','2022-03-14T13:26:26Z');

insert into NEWS.NEWS_COMPANY(COMPANY, SOURCE_NAME, AUTHOR, TITLE, DESCRIPTION, CONTENT, URL, IMG_URL, PUBLISH_DATE) 

                    values('nvidia','Telegraph.co.uk','James Titcomb','British tech champion Arm to slash hundreds of jobs','Chip giant plans to cut up to 15pc of its global workforce in wake of failed Nvidia takeover','Arm, one of Britains biggest technology companies, is cutting hundreds of staff weeks after a $40bn (£31bn) deal to sell the company to Nvidia fell apart, The Telegraph can reveal.

Rene Haas, the ch… [+2105 chars]','https://www.telegraph.co.uk/business/2022/03/14/british-tech-champion-arm-slash-hundreds-jobs/','https://www.telegraph.co.uk/content/dam/business/2022/03/14/TELEMMGLPICT000239627857_trans_NvBQzQNjv4Bq3480UNUU8UfSxDSaY1n7MBMSxGIR1rd_-iNIxL4YeIk.jpeg?impolicy=logo-overlay','2022-03-14T17:48:47Z');

insert into NEWS.NEWS_COMPANY(COMPANY, SOURCE_NAME, AUTHOR, TITLE, DESCRIPTION, CONTENT, URL, IMG_URL, PUBLISH_DATE) 

                    values('nvidia','Justcreative.com','Jacob Cass','The Best Intel Core i7 Laptops in 2022 – Ultimate Guide','If you are looking for power, performance, and productivity all in one device, then go for Intel Core i7 laptops. We feature the best i7 laptops in this post!','Laptops have become an essential part of our lives, especially for people who are always on the go. These devices are widely used in various aspects of our lives like work, school, and entertainment.… [+18614 chars]','https://justcreative.com/best-i7-laptops/','https://justcreative.com/wp-content/uploads/2022/03/Best-Intel-Core-i7-Laptops.jpeg','2022-03-14T03:29:11Z');

insert into NEWS.NEWS_COMPANY(COMPANY, SOURCE_NAME, AUTHOR, TITLE, DESCRIPTION, CONTENT, URL, IMG_URL, PUBLISH_DATE) 

                    values('nvidia','Neowin','sen92sayan@gmail.com (Sayan Sen)','AMD FSR 2.0 alleged details leak, could finally be a viable replacement for Nvidia DLSS','According to a report, AMD is going to introduce the next revision of its FSR image upscaling tech soon. The leaked details say FSR 2.0 is going to bring image quality even better than the native. Read more...','At Computex last year, AMD introduced the world to its FidelityFX Super Resolution (FSR) image upscaling technology. FSR was a rival to Nvidia"s Deep Learning Super Sampling (DLSS) and could be run o… [+1669 chars]','https://www.neowin.net/news/amd-fsr-20-alleged-details-leak-could-finally-be-a-viable-replacement-for-nvidia-dlss/','https://cdn.neow.in/news/images/uploaded/2021/06/1622521108_amd_fsr_story.jpg','2022-03-14T14:16:01Z');

insert into NEWS.NEWS_COMPANY(COMPANY, SOURCE_NAME, AUTHOR, TITLE, DESCRIPTION, CONTENT, URL, IMG_URL, PUBLISH_DATE) 

                    values('nvidia','Motley Fool','newsfeedback@fool.com (Rekha Khandelwal)','5 of the Fastest-Growing Stocks on the Planet','The five-year revenue growth rate of these companies averaged between 28% and 53%.','One of the easiest ways to identify winning stocks is to look for companies that are growing their revenue and earnings fast. If you invest at the right time, this strategy is bound to generate hands… [+5056 chars]','https://www.fool.com/investing/2022/03/14/5-of-the-fastest-growing-stocks-on-the-planet/','https://g.foolcdn.com/editorial/images/669889/a-pastel-colored-growing-graph-with-rising-rocket.jpg','2022-03-14T14:15:00Z');

insert into NEWS.NEWS_COMPANY(COMPANY, SOURCE_NAME, AUTHOR, TITLE, DESCRIPTION, CONTENT, URL, IMG_URL, PUBLISH_DATE) 

                    values('nvidia','Motley Fool','newsfeedback@fool.com (Jose Najarro)','This Huge Semiconductor Company Just Reported Strong Growth','Based on this chip manufacturer"s recent revenue growth, the demand for semiconductors is still high.','Today"s video focuses on Taiwan Semiconductor Manufacturing Company ( TSM -2.45% ), its recent February revenue report, and an update on the current status of its 3 nm technology. TSM provides chips … [+1192 chars]','https://www.fool.com/investing/2022/03/13/this-huge-semiconductor-company-just-reported-stro/','https://g.foolcdn.com/editorial/images/670289/maxresdefault-3.jpg','2022-03-13T11:00:00Z');

insert into NEWS.NEWS_COMPANY(COMPANY, SOURCE_NAME, AUTHOR, TITLE, DESCRIPTION, CONTENT, URL, IMG_URL, PUBLISH_DATE) 

                    values('nvidia','MSPoweruser','Sharron Bennet','Lenovo Yoga 7i Offers $300 Discount on Best Buy Top Deals','Yoga 7i is one of the most coveted laptops from Lenovo. It offers an excellent display, long battery life, and robust components. But here is the most giant magnet of this model: an incredible performance for an affordable price. Even more, it comes with a $3…','Samsung is one of the most trusted brands when it comes to televisions. The brand offers incredible features that set its TV models apart from others. One of them is the Samsung QN85A, an 85...

TCL … [+2244 chars]','https://mspoweruser.com/lenovo-yoga-7i-offers-300-discount-on-best-buy-top-deals/','https://mspoweruser.com/wp-content/uploads/2022/03/7i1.jpg','2022-03-13T14:15:27Z');

insert into NEWS.NEWS_COMPANY(COMPANY, SOURCE_NAME, AUTHOR, TITLE, DESCRIPTION, CONTENT, URL, IMG_URL, PUBLISH_DATE) 

                    values('nvidia','Techviral.net','Himanshu Panchal','After Samsung and Nvidia, Ubisoft Got a Cyberattack by LAPSUS$','Ubisoft is best known for its Assassin’s Creed, Far Cry, Tom Clancy’s Rainbow Six Siege, Prince of Persia, and Watch Dogs series. Ubisoft was 2nd largest video game publisher in the world as of 2017. Last week, Ubisoft experienced a Cyberattack incident that …','Ubisoft is best known for its Assassins Creed, Far Cry, Tom Clancys Rainbow Six Siege, Prince of Persia, and Watch Dogs series. Ubisoft was 2nd largest video game publisher in the world as of 2017.

… [+1858 chars]','https://techviral.net/ubisoft-got-a-cyberattack/','https://techviral.net/wp-content/uploads/2022/03/Ubisoft-Got-a-Cyberattack-By-Same-Hacker-Group-Which-Targeted-Samsung-and-Nvidia-1.jpg','2022-03-13T14:34:04Z');

insert into NEWS.NEWS_COMPANY(COMPANY, SOURCE_NAME, AUTHOR, TITLE, DESCRIPTION, CONTENT, URL, IMG_URL, PUBLISH_DATE) 

                    values('nvidia','Geeksaresexy.net','Geeks are Sexy','Today’s Hottest Deals: Save BIG on Omni Series Smart TVs, Anker Soundcore Headphones, Home Studio Camera Accessories, and MORE!','For today’s edition of “Deal of the Day,” here are some of the best deals we stumbled on while browsing the web this morning! Please note that Geeks are Sexy might get a small commission from qualifying purchases done through our posts (as an Amazon associate…','For todays edition of Deal of the Day, here are some of the best deals we stumbled on while browsing the web this morning! Please note that Geeks are Sexy might get a small commission from qualifying… [+1061 chars]','https://www.geeksaresexy.net/2022/03/14/todays-hottest-deals-save-big-on-omni-series-smart-tvs-anker-soundcore-headphones-home-studio-camera-accessories-and-more/','https://i0.wp.com/www.geeksaresexy.net/wp-content/uploads/2022/03/deal88.jpg?fit=1200%2C628&ssl=1','2022-03-14T14:10:04Z');

insert into NEWS.NEWS_COMPANY(COMPANY, SOURCE_NAME, AUTHOR, TITLE, DESCRIPTION, CONTENT, URL, IMG_URL, PUBLISH_DATE) 

                    values('nvidia','Giveawayoftheday.com','GOTD_Editor','Tipard Video Enhancer 9.2.36','Tipard Video Enhancer is the enhancing tool which can improve video quality in color balance and resolution even video de-shaking. With the enhancing features, you can even convert your files to 1080p HD video. It can also edit videos, including rotating, cro…','Tipard Video Converter Ultimate is the all-in-one video utility of Video Converter, Video Enhancer, Video Collage Maker and MV Maker. It enables you to convert video or audio formats like MP4, AVI, F… [+3077 chars]','https://www.giveawayoftheday.com/tipard-video-enhancer-9-2-36/','https://giveawayoftheday.com/wp-content/uploads/og/2021/06/1f012c900cf9f29d2cc9bc658b4ff7d1.png','2022-03-14T08:00:00Z');

insert into NEWS.NEWS_COMPANY(COMPANY, SOURCE_NAME, AUTHOR, TITLE, DESCRIPTION, CONTENT, URL, IMG_URL, PUBLISH_DATE) 

                    values('nvidia','XDA Developers','João Carrasqueira','Samsung Galaxy Book 2 Pro 360 vs HP Spectre x360: What’s the best convertible?','Samsung recently launched the Galaxy Book 2 Pro series, and that includes the Galaxy Book 2 Pro 360, one of the lightest convertibles around. The original Samsung Galaxy Book Pro 360 was already a fantastic lightweight laptop, but if you’re considering its su…','Samsung recently launched the Galaxy Book 2 Pro series, and that includes the Galaxy Book 2 Pro 360, one of the lightest convertibles around. The original Samsung Galaxy Book Pro 360 was already a fa… [+17016 chars]','https://www.xda-developers.com/samsung-galaxy-book-2-pro-360-vs-hp-spectre-x360/','https://www.xda-developers.com/files/2022/03/Samsung-Galaxy-Book2-Pro-360-in-Burgundy-vs-HP-SPectre-x360.jpg','2022-03-14T17:00:30Z');

insert into NEWS.NEWS_COMPANY(COMPANY, SOURCE_NAME, AUTHOR, TITLE, DESCRIPTION, CONTENT, URL, IMG_URL, PUBLISH_DATE) 

                    values('nvidia','Fc2.com','北森八雲','GeForce RTX 4090（仮称）クラスの次世代GPUはTGPが600Wに達する','NVIDIA GeForce RTX 4090-class GPU with 600W TGP has reportedly been confirmed（VideoCardz）NVIDIA GeForce RTX 4090 ‘Ada Lovelace’ GPUs Rocks Up To 600W TGP, Ti Variant Over 800W, Rumor Alleges（WCCF Tech）Someone told me the xx90 with 600W TGP has been confirmed.…','Someone told me the xx90 with 600W TGP has been confirmed. I think it"s too early to talk about it.

— kopite7kimi (@kopite7kimi) March 12, 2022

Greymon55

GeForce RTX 4080450WGeForce RTX 4090600WGe… [+797 chars]','https://northwood.blog.fc2.com/blog-entry-11285.html',null,'2022-03-13T09:39:32Z');

insert into NEWS.NEWS_COMPANY(COMPANY, SOURCE_NAME, AUTHOR, TITLE, DESCRIPTION, CONTENT, URL, IMG_URL, PUBLISH_DATE) 

                    values('nvidia','CTech',null,'"High-tech companies need to take into account the language difficulties of Arab candidates" | Ctech - CTech','This is what Ali Ayoub, Senior Director at Nvidia and a serial entrepreneur, said at a panel on high-tech and entrepreneurship at the Arab Economic Forum in collaboration with Calcalist; Entrepreneur Khalil Shawahna: "Only 3% of high-tech employees are Arabs"…','"Only about 3% of all high-tech employees are Arabs, and out of 10,000 start-ups in Israel, only about 100 are from Arab entrepreneurs," said Khalil Shawahna, an entrepreneur from Sakhnin, who chaire… [+2751 chars]','https://www.calcalistech.com/ctechnews/article/hyencio11c','https://images1.calcalist.co.il/picserver3/crop_images/2022/03/12/rJOx0N511c/rJOx0N511c_0_90_2500_1408_0_large.jpg','2022-03-13T12:39:00Z');
, parameters: None
[2022-03-21 10:14:07,205] {dbapi.py:186} INFO - Rows affected: 1
[2022-03-21 10:14:07,266] {python.py:118} INFO - Done. Returned value was: None
[2022-03-21 10:14:07,306] {taskinstance.py:1166} INFO - Marking task as SUCCESS. dag_id=fetch_news, task_id=write_to_postgres, execution_date=20220313T000000, start_date=20220321T101406, end_date=20220321T101407
[2022-03-21 10:14:07,549] {taskinstance.py:1220} INFO - 0 downstream tasks scheduled from follow-on schedule check
[2022-03-21 10:14:07,595] {local_task_job.py:146} INFO - Task exited with return code 0
