[2022-03-21 16:48:14,445] {taskinstance.py:851} INFO - Dependencies all met for <TaskInstance: fetch_news.write_to_postgres 2022-03-13T00:00:00+00:00 [queued]>
[2022-03-21 16:48:14,493] {taskinstance.py:851} INFO - Dependencies all met for <TaskInstance: fetch_news.write_to_postgres 2022-03-13T00:00:00+00:00 [queued]>
[2022-03-21 16:48:14,494] {taskinstance.py:1042} INFO - 
--------------------------------------------------------------------------------
[2022-03-21 16:48:14,494] {taskinstance.py:1043} INFO - Starting attempt 7 of 7
[2022-03-21 16:48:14,494] {taskinstance.py:1044} INFO - 
--------------------------------------------------------------------------------
[2022-03-21 16:48:14,525] {taskinstance.py:1063} INFO - Executing <Task(PythonOperator): write_to_postgres> on 2022-03-13T00:00:00+00:00
[2022-03-21 16:48:14,534] {standard_task_runner.py:76} INFO - Running: ['airflow', 'tasks', 'run', 'fetch_news', 'write_to_postgres', '2022-03-13T00:00:00+00:00', '--job-id', '758', '--pool', 'default_pool', '--raw', '--subdir', 'DAGS_FOLDER/fetch_news.py', '--cfg-path', '/tmp/tmpnx3kp91d', '--error-file', '/tmp/tmpm20m42ze']
[2022-03-21 16:48:14,528] {standard_task_runner.py:52} INFO - Started process 353 to run task
[2022-03-21 16:48:14,546] {standard_task_runner.py:77} INFO - Job 758: Subtask write_to_postgres
[2022-03-21 16:48:14,661] {logging_mixin.py:104} INFO - Running <TaskInstance: fetch_news.write_to_postgres 2022-03-13T00:00:00+00:00 [running]> on host dd6a275532f2
[2022-03-21 16:48:14,799] {taskinstance.py:1257} INFO - Exporting the following env vars:
AIRFLOW_CTX_DAG_OWNER=airflow
AIRFLOW_CTX_DAG_ID=fetch_news
AIRFLOW_CTX_TASK_ID=write_to_postgres
AIRFLOW_CTX_EXECUTION_DATE=2022-03-13T00:00:00+00:00
AIRFLOW_CTX_DAG_RUN_ID=scheduled__2022-03-13T00:00:00+00:00
[2022-03-21 16:48:14,811] {base.py:74} INFO - Using connection to: id: news_in. Host: postgres, Port: 5432, Schema: , Login: airflow, Password: XXXXXXXX, extra: None
[2022-03-21 16:48:14,817] {dbapi.py:180} INFO - Running statement: delete from NEWS.NEWS_COMPANY where cast('2022-03-13' as DATE) = cast(PUBLISH_DATE as DATE);

insert into NEWS.NEWS_COMPANY(COMPANY, SOURCE_NAME, AUTHOR, TITLE, DESCRIPTION, CONTENT, URL, IMG_URL, PUBLISH_DATE) 

                    values('nvidia','Slickdeals.net','iconian','LG OLED TV"s + 4-Yr Accidental Warranty w/ Burn-in: 65" C1 + $150 Visa GC $1747, 77" C1 + $225 Visa GC $2797, 55" C1 + $70 GC $1247 + free s/h at Buydig','Update: This popular offer is still available now w/ slightly different prices/GC values. 

 

BuyDig has select *LG 4K Smart OLED TV + VISA Gift Cards & 4-Yr Accidental Damage Warranty* on sale listed...','Update: This popular offer is still available now w/ slightly different prices/GC values.BuyDig has select LG 4K Smart OLED TV + VISA Gift Cards &amp; 4-Yr Accidental Damage Warranty on sale listed b… [+666 chars]','https://slickdeals.net/f/15653749-lg-oleds-w-4-year-accidental-warranty-65-lg-oled65c1pub-150-visa-gc-1747-2-5-sd-cashback-more-free-s-h','https://static.slickdealscdn.com/attachment/3/5/9/4/0/2/8/11266696.attach',cast('2022-03-13T05:07:52Z' as TIMESTAMP));

insert into NEWS.NEWS_COMPANY(COMPANY, SOURCE_NAME, AUTHOR, TITLE, DESCRIPTION, CONTENT, URL, IMG_URL, PUBLISH_DATE) 

                    values('nvidia','Motley Fool','newsfeedback@fool.com (Jose Najarro)','This Huge Semiconductor Company Just Reported Strong Growth','Based on this chip manufacturer"s recent revenue growth, the demand for semiconductors is still high.','Today"s video focuses on Taiwan Semiconductor Manufacturing Company ( TSM -2.45% ), its recent February revenue report, and an update on the current status of its 3 nm technology. TSM provides chips … [+1192 chars]','https://www.fool.com/investing/2022/03/13/this-huge-semiconductor-company-just-reported-stro/','https://g.foolcdn.com/editorial/images/670289/maxresdefault-3.jpg',cast('2022-03-13T11:00:00Z' as TIMESTAMP));

insert into NEWS.NEWS_COMPANY(COMPANY, SOURCE_NAME, AUTHOR, TITLE, DESCRIPTION, CONTENT, URL, IMG_URL, PUBLISH_DATE) 

                    values('nvidia','MSPoweruser','Sharron Bennet','Lenovo Yoga 7i Offers $300 Discount on Best Buy Top Deals','Yoga 7i is one of the most coveted laptops from Lenovo. It offers an excellent display, long battery life, and robust components. But here is the most giant magnet of this model: an incredible performance for an affordable price. Even more, it comes with a $3…','Samsung is one of the most trusted brands when it comes to televisions. The brand offers incredible features that set its TV models apart from others. One of them is the Samsung QN85A, an 85...

TCL … [+2244 chars]','https://mspoweruser.com/lenovo-yoga-7i-offers-300-discount-on-best-buy-top-deals/','https://mspoweruser.com/wp-content/uploads/2022/03/7i1.jpg',cast('2022-03-13T14:15:27Z' as TIMESTAMP));

insert into NEWS.NEWS_COMPANY(COMPANY, SOURCE_NAME, AUTHOR, TITLE, DESCRIPTION, CONTENT, URL, IMG_URL, PUBLISH_DATE) 

                    values('nvidia','Techviral.net','Himanshu Panchal','After Samsung and Nvidia, Ubisoft Got a Cyberattack by LAPSUS$','Ubisoft is best known for its Assassin’s Creed, Far Cry, Tom Clancy’s Rainbow Six Siege, Prince of Persia, and Watch Dogs series. Ubisoft was 2nd largest video game publisher in the world as of 2017. Last week, Ubisoft experienced a Cyberattack incident that …','Ubisoft is best known for its Assassins Creed, Far Cry, Tom Clancys Rainbow Six Siege, Prince of Persia, and Watch Dogs series. Ubisoft was 2nd largest video game publisher in the world as of 2017.

… [+1858 chars]','https://techviral.net/ubisoft-got-a-cyberattack/','https://techviral.net/wp-content/uploads/2022/03/Ubisoft-Got-a-Cyberattack-By-Same-Hacker-Group-Which-Targeted-Samsung-and-Nvidia-1.jpg',cast('2022-03-13T14:34:04Z' as TIMESTAMP));

insert into NEWS.NEWS_COMPANY(COMPANY, SOURCE_NAME, AUTHOR, TITLE, DESCRIPTION, CONTENT, URL, IMG_URL, PUBLISH_DATE) 

                    values('nvidia','Fc2.com','北森八雲','GeForce RTX 4090（仮称）クラスの次世代GPUはTGPが600Wに達する','NVIDIA GeForce RTX 4090-class GPU with 600W TGP has reportedly been confirmed（VideoCardz）NVIDIA GeForce RTX 4090 ‘Ada Lovelace’ GPUs Rocks Up To 600W TGP, Ti Variant Over 800W, Rumor Alleges（WCCF Tech）Someone told me the xx90 with 600W TGP has been confirmed.…','Someone told me the xx90 with 600W TGP has been confirmed. I think it"s too early to talk about it.

— kopite7kimi (@kopite7kimi) March 12, 2022

Greymon55

GeForce RTX 4080450WGeForce RTX 4090600WGe… [+797 chars]','https://northwood.blog.fc2.com/blog-entry-11285.html',null,cast('2022-03-13T09:39:32Z' as TIMESTAMP));

insert into NEWS.NEWS_COMPANY(COMPANY, SOURCE_NAME, AUTHOR, TITLE, DESCRIPTION, CONTENT, URL, IMG_URL, PUBLISH_DATE) 

                    values('nvidia','CTech',null,'"High-tech companies need to take into account the language difficulties of Arab candidates" | Ctech - CTech','This is what Ali Ayoub, Senior Director at Nvidia and a serial entrepreneur, said at a panel on high-tech and entrepreneurship at the Arab Economic Forum in collaboration with Calcalist; Entrepreneur Khalil Shawahna: "Only 3% of high-tech employees are Arabs"…','"Only about 3% of all high-tech employees are Arabs, and out of 10,000 start-ups in Israel, only about 100 are from Arab entrepreneurs," said Khalil Shawahna, an entrepreneur from Sakhnin, who chaire… [+2751 chars]','https://www.calcalistech.com/ctechnews/article/hyencio11c','https://images1.calcalist.co.il/picserver3/crop_images/2022/03/12/rJOx0N511c/rJOx0N511c_0_90_2500_1408_0_large.jpg',cast('2022-03-13T12:39:00Z' as TIMESTAMP));

insert into NEWS.NEWS_COMPANY(COMPANY, SOURCE_NAME, AUTHOR, TITLE, DESCRIPTION, CONTENT, URL, IMG_URL, PUBLISH_DATE) 

                    values('nvidia','Thewindowsclub.com','Obinna@TWC','Fix NVIDIA GeForce Experience overlay not working on Windows PC','Normally, on your Windows 11 or Windows 10 gaming computer, pressing the Alt+Z key combo will bring up your NVIDIA GeForce Experience overlay. Some PC users are reporting the issue of NVIDIA GeForce overlay not working on games on their gaming device. In this…','Normally, on your Windows 11 or Windows 10 gaming computer, pressing the Alt+Z key combo will bring up your NVIDIA GeForce Experience overlay. Some PC users are reporting the issue of NVIDIA GeForce … [+9044 chars]','https://www.thewindowsclub.com/nvidia-geforce-experience-overlay-not-working','https://www.thewindowsclub.com/wp-content/uploads/2022/03/NVIDIA-GeForce-Experience-overlay-not-working.jpg',cast('2022-03-13T02:02:05Z' as TIMESTAMP));

insert into NEWS.NEWS_COMPANY(COMPANY, SOURCE_NAME, AUTHOR, TITLE, DESCRIPTION, CONTENT, URL, IMG_URL, PUBLISH_DATE) 

                    values('nvidia','Ozbargain.com.au','bargainsgrabber','Razer Blade 14 14 165hz QHD Matte Display AMD Ryzen 9 5900HX RTX 3080 8GB VRAM/ 16GB RAM/ 1TB PCIeSSD $3399 Delivered @Amazon AU','3 stock left at time of posting (more on the way)

Amazon just released this on their website 4 days ago per 3x camel, still showing RRP $4999 at most places. Not worth paying full price imo



Features & details

* 14 Inch QHD 165Hz (2560 x 1440) Display

* AMD R…','3 stock left at time of posting (more on the way)Amazon just released this on their website 4 days ago per 3x camel, still showing RRP $4999 at most places. Not worth paying full price imo

Features … [+906 chars]','https://www.ozbargain.com.au/node/688332','https://files.ozbargain.com.au/n/32/688332x.jpg?h=afa76dd4',cast('2022-03-13T18:34:32Z' as TIMESTAMP));

insert into NEWS.NEWS_COMPANY(COMPANY, SOURCE_NAME, AUTHOR, TITLE, DESCRIPTION, CONTENT, URL, IMG_URL, PUBLISH_DATE) 

                    values('nvidia','Digital Trends','Luke Larsen','Asus ROG Flow Z13 review: A gaming tablet with guts','The Asus ROG Flow Z13 proves why a gaming tablet might be a good alternative to a gaming laptop after all.','The ROG Flow Z13 shouldnt be possible.

Its a device not much bigger than a Surface Pro, yet with some bona fide gaming parts inside. It’s a 2-in-1 laptop detachable keyboard and all but with the pow… [+16876 chars]','https://www.digitaltrends.com/laptop-reviews/asus-rog-flow-z13-review/','https://icdn.digitaltrends.com/image/digitaltrends/rog-flow-z13-02.jpg',cast('2022-03-13T13:00:26Z' as TIMESTAMP));

insert into NEWS.NEWS_COMPANY(COMPANY, SOURCE_NAME, AUTHOR, TITLE, DESCRIPTION, CONTENT, URL, IMG_URL, PUBLISH_DATE) 

                    values('nvidia','Ozbargain.com.au','D-Train','Dell G15 Gaming Laptop with i7-12700H, RTX 3070ti, 16GB DDR5 RAM, 512GB NVMe SSD $2,319.00 Delivered @ Dell','Further $162.33 discount if you have access to the Dell "EMPLOYEE & STUDENT PURCHASE PROGRAM" making it a total of $2,156.67 delivered.



Specs:



Processor

12th Gen Intel® Core™ i7-12700H (24 MB cache, 14 cores, 20 threads, up to 4.70 GHz Turbo)



Operating Sys…','Further $162.33 discount if you have access to the Dell "EMPLOYEE &amp; STUDENT PURCHASE PROGRAM" making it a total of $2,156.67 delivered.

Specs:

Processor12th Gen Intel® Core i7-12700H (24 MB cac… [+444 chars]','https://www.ozbargain.com.au/node/688253','https://files.ozbargain.com.au/n/53/688253l.jpg?h=1de53218',cast('2022-03-13T03:58:56Z' as TIMESTAMP));

insert into NEWS.NEWS_COMPANY(COMPANY, SOURCE_NAME, AUTHOR, TITLE, DESCRIPTION, CONTENT, URL, IMG_URL, PUBLISH_DATE) 

                    values('nvidia','Livedoor.jp','nanjstu','J民「メモリは16にしろ、SSDは512はいる、最低core i5」家電屋「お客さんの使い方によりますね」','転載元: https://swallow.5ch.net/test/read.cgi/livejupiter/1647183738/1: 風吹けば名無し 2022/03/14(月) 00:02:18.65 ID:YJ9+Oj+v0

 どっちを信用したらええんや……🙄 



2: 風吹けば名無し 2022/03/14(月) 00:02:48.08 ID:8/tR0mOOa

 J民 

4: 風吹けば名無し 2022/03...','13 CPU Core i7-10750H 16GB (DDR4 SDRAM SODIMM) SSD 1TB 

15.6 1920x1080 NVIDIA GeForce RTX 2060','http://blog.livedoor.jp/nanjstu/archives/59108001.html','https://livedoor.blogimg.jp/nanjstu/imgs/e/1/e1830dd3.jpg',cast('2022-03-13T15:41:13Z' as TIMESTAMP));

insert into NEWS.NEWS_COMPANY(COMPANY, SOURCE_NAME, AUTHOR, TITLE, DESCRIPTION, CONTENT, URL, IMG_URL, PUBLISH_DATE) 

                    values('nvidia','Graham Cluley Security News','Graham Cluley','Ubisoft changes employee passwords after “cyber security incident”','Video game company Ubisoft, maker of hit titles like Assassin’s Creed and Just Dance says that it has “experienced a cyber security incident” - and as a consequence is changing its employees" passwords.','Video game company Ubisoft, maker of hit titles like Assassins Creed and Just Dance, says that it has experienced a cyber security incident.

In a brief statement published on its website, Ubisoft sa… [+2608 chars]','https://grahamcluley.com/ubisoft-changes-employee-passwords-after-cyber-security-incident/','https://grahamcluley.com/wp-content/uploads/2022/03/ubisoft-breach-730.jpeg',cast('2022-03-13T13:59:59Z' as TIMESTAMP));

insert into NEWS.NEWS_COMPANY(COMPANY, SOURCE_NAME, AUTHOR, TITLE, DESCRIPTION, CONTENT, URL, IMG_URL, PUBLISH_DATE) 

                    values('nvidia','Apkmirror.com',null,'Nova Video Player 6.0.52-20220311.2137 by Courville Software','Nova Video Player 6.0.52-20220311.2137 APK Download by Courville Software - APKMirror Free and safe Android APK downloads','Nova is an opeN sOurce Video plAyer designed for tablets, phones and AndroidTV devices.available at github.com/nova-video-player/aos-AVP

Universal player:- Play videos from your computer, server (FT… [+1862 chars]','https://www.apkmirror.com/apk/courville-software/nova-video-player/nova-video-player-6-0-52-20220311-2137-release/','https://www.apkmirror.com/wp-content/uploads/2022/03/27/622d30ffdc639-384x384.png',cast('2022-03-13T00:33:42Z' as TIMESTAMP));

insert into NEWS.NEWS_COMPANY(COMPANY, SOURCE_NAME, AUTHOR, TITLE, DESCRIPTION, CONTENT, URL, IMG_URL, PUBLISH_DATE) 

                    values('nvidia','Forbes','Lawrence Wintermeyer, Contributor, 

 Lawrence Wintermeyer, Contributor

 https://www.forbes.com/sites/lawrencewintermeyer/','What Does The Future Hold For Bitcoin Mining?','Mining bans put the future of bitcoin at stake and the opportunity to exercise financial self-sovereignty via a decentralized cryptocurrency. More than ever, in the current state of global political and economic volatility, access to bitcoin is increasingly s…','Two technicians inspect bitcoin mining at Bitfarms in Saint Hyacinthe, Quebec. (Photo by Lars ... [+] Hagberg / AFP) (Photo by LARS HAGBERG/AFP via Getty Images)

AFP via Getty Images

From the outsi… [+17583 chars]','https://www.forbes.com/sites/lawrencewintermeyer/2022/03/13/what-does-the-future-hold-for-bitcoin-mining/','https://imageio.forbes.com/specials-images/imageserve/622d9cb7d593ec1d8bcb45fb/0x0.jpg?format=jpg&width=1200&fit=bounds',cast('2022-03-13T08:00:03Z' as TIMESTAMP));

insert into NEWS.NEWS_COMPANY(COMPANY, SOURCE_NAME, AUTHOR, TITLE, DESCRIPTION, CONTENT, URL, IMG_URL, PUBLISH_DATE) 

                    values('nvidia','Wccftech','Omar Sohail','Rare Premium Gaming Laptop Deal Brings an RTX 3070-Powered Lenovo Legion 5 Pro Down to Just $1,589.99','The Legion 5 Pro is regarded as one of the best premium gaming laptops on the market. Unfortunately, the chip shortage made things more than challenging for both Lenovo and customers as the waiting time to get one of these spanned months, and even if you coul…','The Legion 5 Pro is regarded as one of the best premium gaming laptops on the market. Unfortunately, the chip shortage made things more than challenging for both Lenovo and customers as the waiting t… [+1852 chars]','https://wccftech.com/fully-powered-rtx-3070-lenovo-legion-5-pro-down-to-1589-99/','https://cdn.wccftech.com/wp-content/uploads/2022/03/Legion-5-Pro.jpg',cast('2022-03-13T15:14:08Z' as TIMESTAMP));

insert into NEWS.NEWS_COMPANY(COMPANY, SOURCE_NAME, AUTHOR, TITLE, DESCRIPTION, CONTENT, URL, IMG_URL, PUBLISH_DATE) 

                    values('nvidia','Notebookcheck.net','Daniel R Deakin','Sizzling GeForce RTX 4090 TGP allegedly confirmed at 600 W with potential for over 800 W for the RTX 4090 Ti','The Total Graphics Power (TGP) figure for the Nvidia GeForce RTX 4090 has supposedly been confirmed. Apparently, it stands at a toasty 600 W, considerably higher than its Ampere counterpart. In addition, an astonishing figure of 800 W or more for the potentia…','Once again, two of the most noted graphics card-related leakers have been offering up information and rumors about the upcoming Lovelace series from Nvidia. While a naming scheme has yet to be confir… [+1588 chars]','https://www.notebookcheck.net/Sizzling-GeForce-RTX-4090-TGP-allegedly-confirmed-at-600-W-with-potential-for-over-800-W-for-the-RTX-4090-Ti.607980.0.html','https://www.notebookcheck.net/fileadmin/Notebooks/News/_nc3/GeForce_RTX_4090_TGP_power_heat_drdNBC.jpg',cast('2022-03-13T22:12:00Z' as TIMESTAMP));

insert into NEWS.NEWS_COMPANY(COMPANY, SOURCE_NAME, AUTHOR, TITLE, DESCRIPTION, CONTENT, URL, IMG_URL, PUBLISH_DATE) 

                    values('nvidia','Awealthofcommonsense.com','Ben Carlson','Is a Recession Bullish For Tech Stocks?','Do tech stocks need inflation to fall to outperform again?...','No two market environments are ever the same but there are certainly similarities across time.

For instance, the post-Corona Crash period in 2020 that seeped into the first couple months of 2021 sha… [+5667 chars]','https://awealthofcommonsense.com/2022/03/is-a-recession-bullish-for-tech-stocks/','https://awealthofcommonsense.com/wp-content/uploads/2022/03/Screenshot-2022-03-13-120814.png',cast('2022-03-13T16:06:45Z' as TIMESTAMP));

insert into NEWS.NEWS_COMPANY(COMPANY, SOURCE_NAME, AUTHOR, TITLE, DESCRIPTION, CONTENT, URL, IMG_URL, PUBLISH_DATE) 

                    values('nvidia','Slickdeals.net','TenseTest7770','CORSAIR VENGEANCE i7300 Series Gaming Desktop Intel Core i7 12700K 32GB Memory NVIDIA GeForce RTX 3070 Ti 1TB SSD CS-9050035-BB - Best Buy $2749.99','Best buy has for 2749.99 gaming computer 

 

https://www.bestbuy.com/site/corsair-vengeance-i7300-series-gaming-desktop-intel-core-i7-12700k-32gb-memory-nvidia-geforce-rtx-3070-ti-1tb-ssd/6498154.p?sku ...','Your vote will help the community find the best deals.','https://slickdeals.net/f/15667942-corsair-vengeance-i7300-series-gaming-desktop-intel-core-i7-12700k-32gb-memory-nvidia-geforce-rtx-3070-ti-1tb-ssd-cs-9050035-bb-best-buy-2749-99','https://static.slickdealscdn.com/attachment/1/8/4/2/8/7/8/5/11266627.attach',cast('2022-03-13T03:53:54Z' as TIMESTAMP));

insert into NEWS.NEWS_COMPANY(COMPANY, SOURCE_NAME, AUTHOR, TITLE, DESCRIPTION, CONTENT, URL, IMG_URL, PUBLISH_DATE) 

                    values('nvidia','Notebookcheck.net','Allen Ngo','Razer Blade 15 2022 vs. Blade 15 2018: Four years of accumulating improvements','The Razer Blade 15 series has been utilizing the same chassis design for almost five years running. Despite the lack of any major physical changes between yearly models, the internal updates have nonetheless added up over time. If you have the original 2018 m…','The current Blade 15 design launched in 2018 with Intel 8th gen CPUs and Nvidia Pascal GPUs. Though there have been minor physical changes year-over-year, the overall visual design has remained essen… [+1837 chars]','https://www.notebookcheck.net/Razer-Blade-15-2022-vs-Blade-15-2018-Four-years-of-accumulating-improvements.607864.0.html','https://www.notebookcheck.net/fileadmin/Notebooks/Razer/Blade_15_2022/IMG_20220309_104653.jpg',cast('2022-03-13T21:07:00Z' as TIMESTAMP));

insert into NEWS.NEWS_COMPANY(COMPANY, SOURCE_NAME, AUTHOR, TITLE, DESCRIPTION, CONTENT, URL, IMG_URL, PUBLISH_DATE) 

                    values('nvidia','Askubuntu.com','xxlali','Ubuntu 21.10 Color Problem on HDMI and DP','I use two monitor (one on DP one on HDMI) on my MSI Ge76 Laptop. I use Ubuntu 21.10 with Windows as dual boot. My kernel: 5.16.0-12.2-liquorix-amd64. I have color problem on my monitors. When I googled about the problem, first solution I found was calibrating…','I use two monitor (one on DP one on HDMI) on my MSI Ge76 Laptop. I use Ubuntu 21.10 with Windows as dual boot. My kernel: 5.16.0-12.2-liquorix-amd64. I have color problem on my monitors. When I googl… [+577 chars]','https://askubuntu.com/questions/1397349/ubuntu-21-10-color-problem-on-hdmi-and-dp','https://cdn.sstatic.net/Sites/askubuntu/Img/apple-touch-icon@2.png?v=c492c9229955',cast('2022-03-13T17:03:57Z' as TIMESTAMP));
, parameters: None
[2022-03-21 16:48:14,823] {dbapi.py:186} INFO - Rows affected: 1
[2022-03-21 16:48:14,884] {python.py:118} INFO - Done. Returned value was: None
[2022-03-21 16:48:14,917] {taskinstance.py:1166} INFO - Marking task as SUCCESS. dag_id=fetch_news, task_id=write_to_postgres, execution_date=20220313T000000, start_date=20220321T164814, end_date=20220321T164814
[2022-03-21 16:48:14,991] {taskinstance.py:1220} INFO - 0 downstream tasks scheduled from follow-on schedule check
[2022-03-21 16:48:15,009] {local_task_job.py:146} INFO - Task exited with return code 0
