[2022-03-21 16:43:49,765] {taskinstance.py:851} INFO - Dependencies all met for <TaskInstance: fetch_news.dowload_desc 2022-03-15T00:00:00+00:00 [queued]>
[2022-03-21 16:43:49,835] {taskinstance.py:851} INFO - Dependencies all met for <TaskInstance: fetch_news.dowload_desc 2022-03-15T00:00:00+00:00 [queued]>
[2022-03-21 16:43:49,835] {taskinstance.py:1042} INFO - 
--------------------------------------------------------------------------------
[2022-03-21 16:43:49,835] {taskinstance.py:1043} INFO - Starting attempt 14 of 14
[2022-03-21 16:43:49,835] {taskinstance.py:1044} INFO - 
--------------------------------------------------------------------------------
[2022-03-21 16:43:49,861] {taskinstance.py:1063} INFO - Executing <Task(BashOperator): dowload_desc> on 2022-03-15T00:00:00+00:00
[2022-03-21 16:43:49,877] {standard_task_runner.py:52} INFO - Started process 101 to run task
[2022-03-21 16:43:49,891] {standard_task_runner.py:76} INFO - Running: ['airflow', 'tasks', 'run', 'fetch_news', 'dowload_desc', '2022-03-15T00:00:00+00:00', '--job-id', '664', '--pool', 'default_pool', '--raw', '--subdir', 'DAGS_FOLDER/fetch_news.py', '--cfg-path', '/tmp/tmpa20j3043', '--error-file', '/tmp/tmp7k5kqpcc']
[2022-03-21 16:43:49,894] {standard_task_runner.py:77} INFO - Job 664: Subtask dowload_desc
[2022-03-21 16:43:50,022] {logging_mixin.py:104} INFO - Running <TaskInstance: fetch_news.dowload_desc 2022-03-15T00:00:00+00:00 [running]> on host dd6a275532f2
[2022-03-21 16:43:50,119] {taskinstance.py:1257} INFO - Exporting the following env vars:
AIRFLOW_CTX_DAG_OWNER=airflow
AIRFLOW_CTX_DAG_ID=fetch_news
AIRFLOW_CTX_TASK_ID=dowload_desc
AIRFLOW_CTX_EXECUTION_DATE=2022-03-15T00:00:00+00:00
AIRFLOW_CTX_DAG_RUN_ID=scheduled__2022-03-15T00:00:00+00:00
[2022-03-21 16:43:50,119] {bash.py:135} INFO - Tmp dir root location: 
 /tmp
[2022-03-21 16:43:50,120] {bash.py:158} INFO - Running command: curl -o /tmp/news_nvidia_2022-03-15_2022-03-16.json https://newsapi.org/v2/everything -G -d from=2022-03-15 -d to=2022-03-15 -d language=en -d q=nvidia -d apiKey=1ddd1951b81c4e9eb662cc118c33ff6a
[2022-03-21 16:43:50,128] {bash.py:169} INFO - Output:
[2022-03-21 16:43:50,136] {bash.py:173} INFO -   % Total    % Received % Xferd  Average Speed   Time    Time     Time  Current
[2022-03-21 16:43:50,136] {bash.py:173} INFO -                                  Dload  Upload   Total   Spent    Left  Speed
[2022-03-21 16:43:50,428] {bash.py:173} INFO -   0     0    0     0    0     0      0      0 --:--:-- --:--:-- --:--:--     0100 15955  100 15955    0     0  54640      0 --:--:-- --:--:-- --:--:-- 54640
[2022-03-21 16:43:50,429] {bash.py:177} INFO - Command exited with return code 0
[2022-03-21 16:43:50,493] {taskinstance.py:1166} INFO - Marking task as SUCCESS. dag_id=fetch_news, task_id=dowload_desc, execution_date=20220315T000000, start_date=20220321T164349, end_date=20220321T164350
[2022-03-21 16:43:50,540] {taskinstance.py:1220} INFO - 1 downstream tasks scheduled from follow-on schedule check
[2022-03-21 16:43:50,555] {local_task_job.py:146} INFO - Task exited with return code 0
