[2022-03-20 20:55:51,922] {taskinstance.py:851} INFO - Dependencies all met for <TaskInstance: fetch_news.prepare_insert 2022-03-18T00:00:00+00:00 [queued]>
[2022-03-20 20:55:51,966] {taskinstance.py:851} INFO - Dependencies all met for <TaskInstance: fetch_news.prepare_insert 2022-03-18T00:00:00+00:00 [queued]>
[2022-03-20 20:55:51,966] {taskinstance.py:1042} INFO - 
--------------------------------------------------------------------------------
[2022-03-20 20:55:51,966] {taskinstance.py:1043} INFO - Starting attempt 3 of 3
[2022-03-20 20:55:51,967] {taskinstance.py:1044} INFO - 
--------------------------------------------------------------------------------
[2022-03-20 20:55:51,993] {taskinstance.py:1063} INFO - Executing <Task(PythonOperator): prepare_insert> on 2022-03-18T00:00:00+00:00
[2022-03-20 20:55:52,004] {standard_task_runner.py:76} INFO - Running: ['airflow', 'tasks', 'run', 'fetch_news', 'prepare_insert', '2022-03-18T00:00:00+00:00', '--job-id', '286', '--pool', 'default_pool', '--raw', '--subdir', 'DAGS_FOLDER/fetch_news.py', '--cfg-path', '/tmp/tmp21k7wejp', '--error-file', '/tmp/tmpstp77zmz']
[2022-03-20 20:55:52,004] {standard_task_runner.py:77} INFO - Job 286: Subtask prepare_insert
[2022-03-20 20:55:51,999] {standard_task_runner.py:52} INFO - Started process 554 to run task
[2022-03-20 20:55:52,157] {logging_mixin.py:104} INFO - Running <TaskInstance: fetch_news.prepare_insert 2022-03-18T00:00:00+00:00 [running]> on host e39215f0be5b
[2022-03-20 20:55:52,333] {taskinstance.py:1257} INFO - Exporting the following env vars:
AIRFLOW_CTX_DAG_OWNER=airflow
AIRFLOW_CTX_DAG_ID=fetch_news
AIRFLOW_CTX_TASK_ID=prepare_insert
AIRFLOW_CTX_EXECUTION_DATE=2022-03-18T00:00:00+00:00
AIRFLOW_CTX_DAG_RUN_ID=scheduled__2022-03-18T00:00:00+00:00
[2022-03-20 20:55:52,335] {python.py:118} INFO - Done. Returned value was: None
[2022-03-20 20:55:52,364] {taskinstance.py:1166} INFO - Marking task as SUCCESS. dag_id=fetch_news, task_id=prepare_insert, execution_date=20220318T000000, start_date=20220320T205551, end_date=20220320T205552
[2022-03-20 20:55:52,493] {taskinstance.py:1220} INFO - 1 downstream tasks scheduled from follow-on schedule check
[2022-03-20 20:55:52,578] {local_task_job.py:146} INFO - Task exited with return code 0
