[2022-03-20 21:03:24,617] {taskinstance.py:851} INFO - Dependencies all met for <TaskInstance: fetch_news.prepare_insert 2022-03-18T00:00:00+00:00 [queued]>
[2022-03-20 21:03:24,641] {taskinstance.py:851} INFO - Dependencies all met for <TaskInstance: fetch_news.prepare_insert 2022-03-18T00:00:00+00:00 [queued]>
[2022-03-20 21:03:24,641] {taskinstance.py:1042} INFO - 
--------------------------------------------------------------------------------
[2022-03-20 21:03:24,641] {taskinstance.py:1043} INFO - Starting attempt 4 of 4
[2022-03-20 21:03:24,641] {taskinstance.py:1044} INFO - 
--------------------------------------------------------------------------------
[2022-03-20 21:03:24,655] {taskinstance.py:1063} INFO - Executing <Task(PythonOperator): prepare_insert> on 2022-03-18T00:00:00+00:00
[2022-03-20 21:03:24,658] {standard_task_runner.py:52} INFO - Started process 600 to run task
[2022-03-20 21:03:24,662] {standard_task_runner.py:76} INFO - Running: ['airflow', 'tasks', 'run', 'fetch_news', 'prepare_insert', '2022-03-18T00:00:00+00:00', '--job-id', '307', '--pool', 'default_pool', '--raw', '--subdir', 'DAGS_FOLDER/fetch_news.py', '--cfg-path', '/tmp/tmpmohbpotz', '--error-file', '/tmp/tmpwhgnhmju']
[2022-03-20 21:03:24,662] {standard_task_runner.py:77} INFO - Job 307: Subtask prepare_insert
[2022-03-20 21:03:24,708] {logging_mixin.py:104} INFO - Running <TaskInstance: fetch_news.prepare_insert 2022-03-18T00:00:00+00:00 [running]> on host e39215f0be5b
[2022-03-20 21:03:24,747] {taskinstance.py:1257} INFO - Exporting the following env vars:
AIRFLOW_CTX_DAG_OWNER=airflow
AIRFLOW_CTX_DAG_ID=fetch_news
AIRFLOW_CTX_TASK_ID=prepare_insert
AIRFLOW_CTX_EXECUTION_DATE=2022-03-18T00:00:00+00:00
AIRFLOW_CTX_DAG_RUN_ID=scheduled__2022-03-18T00:00:00+00:00
[2022-03-20 21:03:24,748] {logging_mixin.py:104} INFO - /tmp/news_nvidia_2022-03-18_2022-03-19.sql
[2022-03-20 21:03:24,748] {logging_mixin.py:104} INFO - insert into NEWS.NEWS_COMPANY(COMPANY, SOURCE_NAME, AUTHOR, TITLE, DESCRIPTION, CONTENT, URL, IMG_URL, PUBLISH_DATE) 
                    values(None,None,None,None,None,None,None,None,None);
insert into NEWS.NEWS_COMPANY(COMPANY, SOURCE_NAME, AUTHOR, TITLE, DESCRIPTION, CONTENT, URL, IMG_URL, PUBLISH_DATE) 
                    values(None,None,None,None,None,None,None,None,None);
insert into NEWS.NEWS_COMPANY(COMPANY, SOURCE_NAME, AUTHOR, TITLE, DESCRIPTION, CONTENT, URL, IMG_URL, PUBLISH_DATE) 
                    values(None,None,None,None,None,None,None,None,None);
insert into NEWS.NEWS_COMPANY(COMPANY, SOURCE_NAME, AUTHOR, TITLE, DESCRIPTION, CONTENT, URL, IMG_URL, PUBLISH_DATE) 
                    values(None,None,None,None,None,None,None,None,None);
insert into NEWS.NEWS_COMPANY(COMPANY, SOURCE_NAME, AUTHOR, TITLE, DESCRIPTION, CONTENT, URL, IMG_URL, PUBLISH_DATE) 
                    values(None,None,None,None,None,None,None,None,None);
insert into NEWS.NEWS_COMPANY(COMPANY, SOURCE_NAME, AUTHOR, TITLE, DESCRIPTION, CONTENT, URL, IMG_URL, PUBLISH_DATE) 
                    values(None,None,None,None,None,None,None,None,None);
insert into NEWS.NEWS_COMPANY(COMPANY, SOURCE_NAME, AUTHOR, TITLE, DESCRIPTION, CONTENT, URL, IMG_URL, PUBLISH_DATE) 
                    values(None,None,None,None,None,None,None,None,None);
insert into NEWS.NEWS_COMPANY(COMPANY, SOURCE_NAME, AUTHOR, TITLE, DESCRIPTION, CONTENT, URL, IMG_URL, PUBLISH_DATE) 
                    values(None,None,None,None,None,None,None,None,None);
insert into NEWS.NEWS_COMPANY(COMPANY, SOURCE_NAME, AUTHOR, TITLE, DESCRIPTION, CONTENT, URL, IMG_URL, PUBLISH_DATE) 
                    values(None,None,None,None,None,None,None,None,None);
insert into NEWS.NEWS_COMPANY(COMPANY, SOURCE_NAME, AUTHOR, TITLE, DESCRIPTION, CONTENT, URL, IMG_URL, PUBLISH_DATE) 
                    values(None,None,None,None,None,None,None,None,None);
insert into NEWS.NEWS_COMPANY(COMPANY, SOURCE_NAME, AUTHOR, TITLE, DESCRIPTION, CONTENT, URL, IMG_URL, PUBLISH_DATE) 
                    values(None,None,None,None,None,None,None,None,None);
insert into NEWS.NEWS_COMPANY(COMPANY, SOURCE_NAME, AUTHOR, TITLE, DESCRIPTION, CONTENT, URL, IMG_URL, PUBLISH_DATE) 
                    values(None,None,None,None,None,None,None,None,None);
insert into NEWS.NEWS_COMPANY(COMPANY, SOURCE_NAME, AUTHOR, TITLE, DESCRIPTION, CONTENT, URL, IMG_URL, PUBLISH_DATE) 
                    values(None,None,None,None,None,None,None,None,None);
insert into NEWS.NEWS_COMPANY(COMPANY, SOURCE_NAME, AUTHOR, TITLE, DESCRIPTION, CONTENT, URL, IMG_URL, PUBLISH_DATE) 
                    values(None,None,None,None,None,None,None,None,None);
insert into NEWS.NEWS_COMPANY(COMPANY, SOURCE_NAME, AUTHOR, TITLE, DESCRIPTION, CONTENT, URL, IMG_URL, PUBLISH_DATE) 
                    values(None,None,None,None,None,None,None,None,None);
insert into NEWS.NEWS_COMPANY(COMPANY, SOURCE_NAME, AUTHOR, TITLE, DESCRIPTION, CONTENT, URL, IMG_URL, PUBLISH_DATE) 
                    values(None,None,None,None,None,None,None,None,None);
insert into NEWS.NEWS_COMPANY(COMPANY, SOURCE_NAME, AUTHOR, TITLE, DESCRIPTION, CONTENT, URL, IMG_URL, PUBLISH_DATE) 
                    values(None,None,None,None,None,None,None,None,None);
insert into NEWS.NEWS_COMPANY(COMPANY, SOURCE_NAME, AUTHOR, TITLE, DESCRIPTION, CONTENT, URL, IMG_URL, PUBLISH_DATE) 
                    values(None,None,None,None,None,None,None,None,None);
insert into NEWS.NEWS_COMPANY(COMPANY, SOURCE_NAME, AUTHOR, TITLE, DESCRIPTION, CONTENT, URL, IMG_URL, PUBLISH_DATE) 
                    values(None,None,None,None,None,None,None,None,None);
insert into NEWS.NEWS_COMPANY(COMPANY, SOURCE_NAME, AUTHOR, TITLE, DESCRIPTION, CONTENT, URL, IMG_URL, PUBLISH_DATE) 
                    values(None,None,None,None,None,None,None,None,None);
[2022-03-20 21:03:24,748] {logging_mixin.py:104} INFO - 
[2022-03-20 21:03:24,749] {python.py:118} INFO - Done. Returned value was: None
[2022-03-20 21:03:24,758] {taskinstance.py:1166} INFO - Marking task as SUCCESS. dag_id=fetch_news, task_id=prepare_insert, execution_date=20220318T000000, start_date=20220320T210324, end_date=20220320T210324
[2022-03-20 21:03:24,786] {taskinstance.py:1220} INFO - 1 downstream tasks scheduled from follow-on schedule check
[2022-03-20 21:03:24,797] {local_task_job.py:146} INFO - Task exited with return code 0
