[2022-03-20 20:47:58,674] {taskinstance.py:851} INFO - Dependencies all met for <TaskInstance: fetch_news.dowload_desc 2022-03-03T00:00:00+00:00 [queued]>
[2022-03-20 20:47:58,710] {taskinstance.py:851} INFO - Dependencies all met for <TaskInstance: fetch_news.dowload_desc 2022-03-03T00:00:00+00:00 [queued]>
[2022-03-20 20:47:58,712] {taskinstance.py:1042} INFO - 
--------------------------------------------------------------------------------
[2022-03-20 20:47:58,717] {taskinstance.py:1043} INFO - Starting attempt 3 of 3
[2022-03-20 20:47:58,717] {taskinstance.py:1044} INFO - 
--------------------------------------------------------------------------------
[2022-03-20 20:47:58,829] {taskinstance.py:1063} INFO - Executing <Task(BashOperator): dowload_desc> on 2022-03-03T00:00:00+00:00
[2022-03-20 20:47:58,856] {standard_task_runner.py:52} INFO - Started process 132 to run task
[2022-03-20 20:47:58,901] {standard_task_runner.py:76} INFO - Running: ['airflow', 'tasks', 'run', 'fetch_news', 'dowload_desc', '2022-03-03T00:00:00+00:00', '--job-id', '151', '--pool', 'default_pool', '--raw', '--subdir', 'DAGS_FOLDER/fetch_news.py', '--cfg-path', '/tmp/tmpt7r39t15', '--error-file', '/tmp/tmplks_r5gu']
[2022-03-20 20:47:58,903] {standard_task_runner.py:77} INFO - Job 151: Subtask dowload_desc
[2022-03-20 20:47:59,201] {logging_mixin.py:104} INFO - Running <TaskInstance: fetch_news.dowload_desc 2022-03-03T00:00:00+00:00 [running]> on host e39215f0be5b
[2022-03-20 20:47:59,345] {taskinstance.py:1257} INFO - Exporting the following env vars:
AIRFLOW_CTX_DAG_OWNER=airflow
AIRFLOW_CTX_DAG_ID=fetch_news
AIRFLOW_CTX_TASK_ID=dowload_desc
AIRFLOW_CTX_EXECUTION_DATE=2022-03-03T00:00:00+00:00
AIRFLOW_CTX_DAG_RUN_ID=scheduled__2022-03-03T00:00:00+00:00
[2022-03-20 20:47:59,347] {bash.py:135} INFO - Tmp dir root location: 
 /tmp
[2022-03-20 20:47:59,348] {bash.py:158} INFO - Running command: curl -o news_nvidia_2022-03-03_2022-03-04.json https://newsapi.org/v2/everything -G -d from=2022-03-03 -d to=2022-03-04 -d language=en -d q=nvidia -d apiKey=1ddd1951b81c4e9eb662cc118c33ff6a
[2022-03-20 20:47:59,394] {bash.py:169} INFO - Output:
[2022-03-20 20:47:59,418] {bash.py:173} INFO -   % Total    % Received % Xferd  Average Speed   Time    Time     Time  Current
[2022-03-20 20:47:59,418] {bash.py:173} INFO -                                  Dload  Upload   Total   Spent    Left  Speed
[2022-03-20 20:47:59,710] {bash.py:173} INFO -   0     0    0     0    0     0      0      0 --:--:-- --:--:-- --:--:--     0100 16545  100 16545    0     0  56660      0 --:--:-- --:--:-- --:--:-- 56660
[2022-03-20 20:47:59,712] {bash.py:177} INFO - Command exited with return code 0
[2022-03-20 20:47:59,782] {taskinstance.py:1166} INFO - Marking task as SUCCESS. dag_id=fetch_news, task_id=dowload_desc, execution_date=20220303T000000, start_date=20220320T204758, end_date=20220320T204759
[2022-03-20 20:47:59,855] {taskinstance.py:1220} INFO - 1 downstream tasks scheduled from follow-on schedule check
[2022-03-20 20:47:59,905] {local_task_job.py:146} INFO - Task exited with return code 0
