[2022-03-21 10:13:53,523] {taskinstance.py:851} INFO - Dependencies all met for <TaskInstance: fetch_news.dowload_desc 2022-03-04T00:00:00+00:00 [queued]>
[2022-03-21 10:13:53,584] {taskinstance.py:851} INFO - Dependencies all met for <TaskInstance: fetch_news.dowload_desc 2022-03-04T00:00:00+00:00 [queued]>
[2022-03-21 10:13:53,585] {taskinstance.py:1042} INFO - 
--------------------------------------------------------------------------------
[2022-03-21 10:13:53,585] {taskinstance.py:1043} INFO - Starting attempt 11 of 11
[2022-03-21 10:13:53,585] {taskinstance.py:1044} INFO - 
--------------------------------------------------------------------------------
[2022-03-21 10:13:53,675] {taskinstance.py:1063} INFO - Executing <Task(BashOperator): dowload_desc> on 2022-03-04T00:00:00+00:00
[2022-03-21 10:13:53,678] {standard_task_runner.py:52} INFO - Started process 1234 to run task
[2022-03-21 10:13:53,696] {standard_task_runner.py:76} INFO - Running: ['airflow', 'tasks', 'run', 'fetch_news', 'dowload_desc', '2022-03-04T00:00:00+00:00', '--job-id', '534', '--pool', 'default_pool', '--raw', '--subdir', 'DAGS_FOLDER/fetch_news.py', '--cfg-path', '/tmp/tmpdd985t3u', '--error-file', '/tmp/tmphx5zokg1']
[2022-03-21 10:13:53,698] {standard_task_runner.py:77} INFO - Job 534: Subtask dowload_desc
[2022-03-21 10:13:54,168] {logging_mixin.py:104} INFO - Running <TaskInstance: fetch_news.dowload_desc 2022-03-04T00:00:00+00:00 [running]> on host e39215f0be5b
[2022-03-21 10:13:54,703] {taskinstance.py:1257} INFO - Exporting the following env vars:
AIRFLOW_CTX_DAG_OWNER=airflow
AIRFLOW_CTX_DAG_ID=fetch_news
AIRFLOW_CTX_TASK_ID=dowload_desc
AIRFLOW_CTX_EXECUTION_DATE=2022-03-04T00:00:00+00:00
AIRFLOW_CTX_DAG_RUN_ID=scheduled__2022-03-04T00:00:00+00:00
[2022-03-21 10:13:54,704] {bash.py:135} INFO - Tmp dir root location: 
 /tmp
[2022-03-21 10:13:54,705] {bash.py:158} INFO - Running command: curl -o /tmp/news_nvidia_2022-03-04_2022-03-05.json https://newsapi.org/v2/everything -G -d from=2022-03-04 -d to=2022-03-05 -d language=en -d q=nvidia -d apiKey=1ddd1951b81c4e9eb662cc118c33ff6a
[2022-03-21 10:13:54,767] {bash.py:169} INFO - Output:
[2022-03-21 10:13:54,769] {bash.py:173} INFO -   % Total    % Received % Xferd  Average Speed   Time    Time     Time  Current
[2022-03-21 10:13:54,771] {bash.py:173} INFO -                                  Dload  Upload   Total   Spent    Left  Speed
[2022-03-21 10:13:55,096] {bash.py:173} INFO -   0     0    0     0    0     0      0      0 --:--:-- --:--:-- --:--:--     0100 17098  100 17098    0     0  50288      0 --:--:-- --:--:-- --:--:-- 50288
[2022-03-21 10:13:55,101] {bash.py:177} INFO - Command exited with return code 0
[2022-03-21 10:13:55,166] {taskinstance.py:1166} INFO - Marking task as SUCCESS. dag_id=fetch_news, task_id=dowload_desc, execution_date=20220304T000000, start_date=20220321T101353, end_date=20220321T101355
[2022-03-21 10:13:55,312] {taskinstance.py:1220} INFO - 1 downstream tasks scheduled from follow-on schedule check
[2022-03-21 10:13:55,320] {local_task_job.py:146} INFO - Task exited with return code 0
