[2022-03-21 11:38:40,773] {taskinstance.py:851} INFO - Dependencies all met for <TaskInstance: fetch_news.dowload_desc 2022-03-18T00:00:00+00:00 [queued]>
[2022-03-21 11:38:40,882] {taskinstance.py:851} INFO - Dependencies all met for <TaskInstance: fetch_news.dowload_desc 2022-03-18T00:00:00+00:00 [queued]>
[2022-03-21 11:38:40,882] {taskinstance.py:1042} INFO - 
--------------------------------------------------------------------------------
[2022-03-21 11:38:40,883] {taskinstance.py:1043} INFO - Starting attempt 13 of 13
[2022-03-21 11:38:40,883] {taskinstance.py:1044} INFO - 
--------------------------------------------------------------------------------
[2022-03-21 11:38:40,967] {taskinstance.py:1063} INFO - Executing <Task(BashOperator): dowload_desc> on 2022-03-18T00:00:00+00:00
[2022-03-21 11:38:40,975] {standard_task_runner.py:52} INFO - Started process 1392 to run task
[2022-03-21 11:38:40,998] {standard_task_runner.py:76} INFO - Running: ['airflow', 'tasks', 'run', 'fetch_news', 'dowload_desc', '2022-03-18T00:00:00+00:00', '--job-id', '592', '--pool', 'default_pool', '--raw', '--subdir', 'DAGS_FOLDER/fetch_news.py', '--cfg-path', '/tmp/tmp61sasonq', '--error-file', '/tmp/tmph7yrroc6']
[2022-03-21 11:38:40,998] {standard_task_runner.py:77} INFO - Job 592: Subtask dowload_desc
[2022-03-21 11:38:41,134] {logging_mixin.py:104} INFO - Running <TaskInstance: fetch_news.dowload_desc 2022-03-18T00:00:00+00:00 [running]> on host e39215f0be5b
[2022-03-21 11:38:41,258] {taskinstance.py:1257} INFO - Exporting the following env vars:
AIRFLOW_CTX_DAG_OWNER=airflow
AIRFLOW_CTX_DAG_ID=fetch_news
AIRFLOW_CTX_TASK_ID=dowload_desc
AIRFLOW_CTX_EXECUTION_DATE=2022-03-18T00:00:00+00:00
AIRFLOW_CTX_DAG_RUN_ID=scheduled__2022-03-18T00:00:00+00:00
[2022-03-21 11:38:41,259] {bash.py:135} INFO - Tmp dir root location: 
 /tmp
[2022-03-21 11:38:41,260] {bash.py:158} INFO - Running command: curl -o /tmp/news_nvidia_2022-03-18_2022-03-19.json https://newsapi.org/v2/everything -G -d from=2022-03-18 -d to=2022-03-18 -d language=en -d q=nvidia -d apiKey=1ddd1951b81c4e9eb662cc118c33ff6a
[2022-03-21 11:38:41,272] {bash.py:169} INFO - Output:
[2022-03-21 11:38:41,291] {bash.py:173} INFO -   % Total    % Received % Xferd  Average Speed   Time    Time     Time  Current
[2022-03-21 11:38:41,294] {bash.py:173} INFO -                                  Dload  Upload   Total   Spent    Left  Speed
[2022-03-21 11:38:41,596] {bash.py:173} INFO -   0     0    0     0    0     0      0      0 --:--:-- --:--:-- --:--:--     0  0     0    0     0    0     0      0      0 --:--:-- --:--:-- --:--:--     0100 15968  100 15968    0     0  51844      0 --:--:-- --:--:-- --:--:-- 51844
[2022-03-21 11:38:41,599] {bash.py:177} INFO - Command exited with return code 0
[2022-03-21 11:38:41,687] {taskinstance.py:1166} INFO - Marking task as SUCCESS. dag_id=fetch_news, task_id=dowload_desc, execution_date=20220318T000000, start_date=20220321T113840, end_date=20220321T113841
[2022-03-21 11:38:41,749] {taskinstance.py:1220} INFO - 1 downstream tasks scheduled from follow-on schedule check
[2022-03-21 11:38:41,770] {local_task_job.py:146} INFO - Task exited with return code 0
