[2022-03-20 20:52:16,641] {taskinstance.py:851} INFO - Dependencies all met for <TaskInstance: fetch_news.dowload_desc 2022-03-18T00:00:00+00:00 [queued]>
[2022-03-20 20:52:16,652] {taskinstance.py:851} INFO - Dependencies all met for <TaskInstance: fetch_news.dowload_desc 2022-03-18T00:00:00+00:00 [queued]>
[2022-03-20 20:52:16,652] {taskinstance.py:1042} INFO - 
--------------------------------------------------------------------------------
[2022-03-20 20:52:16,652] {taskinstance.py:1043} INFO - Starting attempt 4 of 4
[2022-03-20 20:52:16,652] {taskinstance.py:1044} INFO - 
--------------------------------------------------------------------------------
[2022-03-20 20:52:16,665] {taskinstance.py:1063} INFO - Executing <Task(BashOperator): dowload_desc> on 2022-03-18T00:00:00+00:00
[2022-03-20 20:52:16,668] {standard_task_runner.py:52} INFO - Started process 290 to run task
[2022-03-20 20:52:16,673] {standard_task_runner.py:76} INFO - Running: ['airflow', 'tasks', 'run', 'fetch_news', 'dowload_desc', '2022-03-18T00:00:00+00:00', '--job-id', '197', '--pool', 'default_pool', '--raw', '--subdir', 'DAGS_FOLDER/fetch_news.py', '--cfg-path', '/tmp/tmpau7pkuch', '--error-file', '/tmp/tmperx5bql_']
[2022-03-20 20:52:16,674] {standard_task_runner.py:77} INFO - Job 197: Subtask dowload_desc
[2022-03-20 20:52:16,726] {logging_mixin.py:104} INFO - Running <TaskInstance: fetch_news.dowload_desc 2022-03-18T00:00:00+00:00 [running]> on host e39215f0be5b
[2022-03-20 20:52:16,767] {taskinstance.py:1257} INFO - Exporting the following env vars:
AIRFLOW_CTX_DAG_OWNER=airflow
AIRFLOW_CTX_DAG_ID=fetch_news
AIRFLOW_CTX_TASK_ID=dowload_desc
AIRFLOW_CTX_EXECUTION_DATE=2022-03-18T00:00:00+00:00
AIRFLOW_CTX_DAG_RUN_ID=scheduled__2022-03-18T00:00:00+00:00
[2022-03-20 20:52:16,768] {bash.py:135} INFO - Tmp dir root location: 
 /tmp
[2022-03-20 20:52:16,769] {bash.py:158} INFO - Running command: curl -o /tmp/news_nvidia_2022-03-18_2022-03-19.json https://newsapi.org/v2/everything -G -d from=2022-03-18 -d to=2022-03-19 -d language=en -d q=nvidia -d apiKey=1ddd1951b81c4e9eb662cc118c33ff6a
[2022-03-20 20:52:16,776] {bash.py:169} INFO - Output:
[2022-03-20 20:52:16,786] {bash.py:173} INFO -   % Total    % Received % Xferd  Average Speed   Time    Time     Time  Current
[2022-03-20 20:52:16,786] {bash.py:173} INFO -                                  Dload  Upload   Total   Spent    Left  Speed
[2022-03-20 20:52:17,033] {bash.py:173} INFO -   0     0    0     0    0     0      0      0 --:--:-- --:--:-- --:--:--     0100 15999  100 15999    0     0  64253      0 --:--:-- --:--:-- --:--:-- 64253
[2022-03-20 20:52:17,034] {bash.py:177} INFO - Command exited with return code 0
[2022-03-20 20:52:17,078] {taskinstance.py:1166} INFO - Marking task as SUCCESS. dag_id=fetch_news, task_id=dowload_desc, execution_date=20220318T000000, start_date=20220320T205216, end_date=20220320T205217
[2022-03-20 20:52:17,116] {taskinstance.py:1220} INFO - 0 downstream tasks scheduled from follow-on schedule check
[2022-03-20 20:52:17,126] {local_task_job.py:146} INFO - Task exited with return code 0
