[2022-03-28 13:58:30,008] {taskinstance.py:851} INFO - Dependencies all met for <TaskInstance: fetch_news.write_to_postgres 2022-03-27T00:00:00+00:00 [queued]>
[2022-03-28 13:58:30,035] {taskinstance.py:851} INFO - Dependencies all met for <TaskInstance: fetch_news.write_to_postgres 2022-03-27T00:00:00+00:00 [queued]>
[2022-03-28 13:58:30,035] {taskinstance.py:1042} INFO - 
--------------------------------------------------------------------------------
[2022-03-28 13:58:30,035] {taskinstance.py:1043} INFO - Starting attempt 1 of 1
[2022-03-28 13:58:30,035] {taskinstance.py:1044} INFO - 
--------------------------------------------------------------------------------
[2022-03-28 13:58:30,048] {taskinstance.py:1063} INFO - Executing <Task(PythonOperator): write_to_postgres> on 2022-03-27T00:00:00+00:00
[2022-03-28 13:58:30,050] {standard_task_runner.py:52} INFO - Started process 46 to run task
[2022-03-28 13:58:30,065] {standard_task_runner.py:76} INFO - Running: ['airflow', 'tasks', 'run', 'fetch_news', 'write_to_postgres', '2022-03-27T00:00:00+00:00', '--job-id', '802', '--pool', 'default_pool', '--raw', '--subdir', 'DAGS_FOLDER/fetch_news.py', '--cfg-path', '/tmp/tmpuo7apfn1', '--error-file', '/tmp/tmpttvvi2aa']
[2022-03-28 13:58:30,065] {standard_task_runner.py:77} INFO - Job 802: Subtask write_to_postgres
[2022-03-28 13:58:30,151] {logging_mixin.py:104} INFO - Running <TaskInstance: fetch_news.write_to_postgres 2022-03-27T00:00:00+00:00 [running]> on host dd6a275532f2
[2022-03-28 13:58:30,222] {taskinstance.py:1257} INFO - Exporting the following env vars:
AIRFLOW_CTX_DAG_OWNER=airflow
AIRFLOW_CTX_DAG_ID=fetch_news
AIRFLOW_CTX_TASK_ID=write_to_postgres
AIRFLOW_CTX_EXECUTION_DATE=2022-03-27T00:00:00+00:00
AIRFLOW_CTX_DAG_RUN_ID=scheduled__2022-03-27T00:00:00+00:00
[2022-03-28 13:58:30,236] {base.py:74} INFO - Using connection to: id: news_in. Host: postgres, Port: 5432, Schema: , Login: airflow, Password: XXXXXXXX, extra: None
[2022-03-28 13:58:30,239] {dbapi.py:180} INFO - Running statement: delete from NEWS.NEWS_COMPANY where cast('2022-03-27' as DATE) = cast(PUBLISH_DATE as DATE);

insert into NEWS.NEWS_COMPANY(COMPANY, SOURCE_NAME, AUTHOR, TITLE, DESCRIPTION, CONTENT, URL, IMG_URL, PUBLISH_DATE) 

                    values('nvidia','MSPoweruser','Sharron Bennet','Instant NeRF can transform 2D images into a 3D scene in a few milliseconds','It really is the era of modern technology where things can be done in just a matter of seconds. That is proven by Instant NeRF, which was able to render a 3D scene featuring a model dressed like Andy Warhol in a demo conducted by the NVIDIA Research team. It …','The Instant NeRF includes a fast 2D image capture process of capturing the still shots, as motions from the subjects can translate to a blurry 3D scene. After this, the NeRF will recreate the scene b… [+2648 chars]','https://mspoweruser.com/instant-nerf-can-transform-2d-images-into-a-3d-scene-in-a-few-milliseconds/','https://mspoweruser.com/wp-content/uploads/2022/03/Screenshot-81.png',cast('2022-03-27T16:10:25Z' as TIMESTAMP));

insert into NEWS.NEWS_COMPANY(COMPANY, SOURCE_NAME, AUTHOR, TITLE, DESCRIPTION, CONTENT, URL, IMG_URL, PUBLISH_DATE) 

                    values('nvidia','Forbes','Janakiram MSV, Senior Contributor, 

 Janakiram MSV, Senior Contributor

 https://www.forbes.com/sites/janakirammsv/','10 Interesting Facts About NVIDIA Hopper H100 GPU','At the Graphics Technology Conference (GTC), NVIDIA unveiled the latest AI accelerator - the H100 Tensor Core GPU.','At the Graphics Technology Conference (GTC), NVIDIA unveiled the latest AI accelerator - the H100 Tensor Core GPU. Its a successor to the wildly successful A100 GPU launched two years ago. With 9X fa… [+3026 chars]','https://www.forbes.com/sites/janakirammsv/2022/03/27/10-interesting-facts-about-nvidia-hopper-h100-gpu/','https://imageio.forbes.com/specials-images/imageserve/62404bee2e866c2678125ebb/0x0.jpg?format=jpg&width=1200',cast('2022-03-27T11:37:23Z' as TIMESTAMP));

insert into NEWS.NEWS_COMPANY(COMPANY, SOURCE_NAME, AUTHOR, TITLE, DESCRIPTION, CONTENT, URL, IMG_URL, PUBLISH_DATE) 

                    values('nvidia','Forbes','Janakiram MSV, Senior Contributor, 

 Janakiram MSV, Senior Contributor

 https://www.forbes.com/sites/janakirammsv/','NVIDIA Ups The Ante On Edge AI With Jetson AGX Orin','With Jetson AGX Orin, NVIDIA  promises server-class AI performance at the edge, making it the best-in-class edge platform.','NVIDIA continues it evolve the Jetson edge computing platform with newer additions. At the recently held GTC conference, the company has announced the availability of Jetson AGX Orin, a power-packed … [+3109 chars]','https://www.forbes.com/sites/janakirammsv/2022/03/27/nvidia-ups-the-ante-on-edge-ai-with-jetson-agx-orin/','https://imageio.forbes.com/specials-images/imageserve/6240029a9902b9aee86f0b13/0x0.jpg?format=jpg&width=1200',cast('2022-03-27T06:23:46Z' as TIMESTAMP));

insert into NEWS.NEWS_COMPANY(COMPANY, SOURCE_NAME, AUTHOR, TITLE, DESCRIPTION, CONTENT, URL, IMG_URL, PUBLISH_DATE) 

                    values('nvidia','Singularity Hub','Jason Dorrier','NVIDIA’s Tiny New AI Transforms Photos Into Full 3D Scenes in Mere Seconds','There was a time when converting an old photograph into a digital image impressed people. These days we can do a bit more, like bringing vintage photos to life à la Harry Potter. And this week, chipmaker NVIDIA performed another magic trick. Building on previ…','There was a time when converting an old photograph into a digital image impressed people. These days we can do a bit more, like bringing vintage photos to life à la Harry Potter. And this week, chipm… [+3617 chars]','https://singularityhub.com/2022/03/27/nvidias-tiny-new-ai-transforms-photos-into-full-3d-scenes-in-mere-seconds/','https://singularityhub.com/wp-content/uploads/2022/03/nvidia-andy-warhol-tribute-black-sweater-polaroid-camera.jpeg',cast('2022-03-27T16:10:46Z' as TIMESTAMP));

insert into NEWS.NEWS_COMPANY(COMPANY, SOURCE_NAME, AUTHOR, TITLE, DESCRIPTION, CONTENT, URL, IMG_URL, PUBLISH_DATE) 

                    values('nvidia','Motley Fool','newsfeedback@fool.com (Rich Duprey)','2 Top Tech Stocks Ready for a Bull Run','Investors should be ready to take advantage of these fast-growing tech stocks.','The stock market had been on an amazing run for more than a decade following the collapse of the financial markets, and it was the technology sector leading the way. Even accounting for the market pl… [+4748 chars]','https://www.fool.com/investing/2022/03/27/2-top-tech-stocks-ready-for-a-bull-run/','https://g.foolcdn.com/editorial/images/671552/bull-market-stocks-getty.jpeg',cast('2022-03-27T12:30:00Z' as TIMESTAMP));

insert into NEWS.NEWS_COMPANY(COMPANY, SOURCE_NAME, AUTHOR, TITLE, DESCRIPTION, CONTENT, URL, IMG_URL, PUBLISH_DATE) 

                    values('nvidia','GSMArena.com','Michail','Week 12 in review: Realme GT Neo3 and Redmi 10C debut, Nothing confirms phone (1) and Nothing OS','After a few announcement-heavy weeks, things got a little calmer in week 12. Nothing announced its plans to become an ecosystem rival to the likes of Apple with its phone (1) set to release sometime this summer. Carl Pei also announced Nothing OS Launcher whi…','After a few announcement-heavy weeks, things got a little calmer in week 12. Nothing announced its plans to become an ecosystem rival to the likes of Apple with its phone (1) set to release sometime … [+3221 chars]','https://www.gsmarena.com/week_12_in_review-news-53721.php','https://fdn.gsmarena.com/imgroot/news/19/04/week-in-review/-952x498w6/gsmarena_005.jpg',cast('2022-03-27T18:31:02Z' as TIMESTAMP));

insert into NEWS.NEWS_COMPANY(COMPANY, SOURCE_NAME, AUTHOR, TITLE, DESCRIPTION, CONTENT, URL, IMG_URL, PUBLISH_DATE) 

                    values('nvidia','The Wall Street Journal','Gunjan Banerji','Riskiest Bets in Stock Market Are Most Popular...','Riskiest Bets in Stock Market Are Most Popular...



 

 

 

 (Third column, 10th story, link)



 



 



 

 Related stories:Biden planning digital currency. Why you should be worried...

Britain rolling out crypto regulations...

NFT Collection Failures Begin to…','When technology stocks tumbled for a fourth straight day in January, Evan Fetter, a 25-year-old in the U.S. military, saw an opportunity to swing for the fences. The trade has been underwater at time… [+6609 chars]','https://www.wsj.com/articles/the-riskiest-bets-in-the-stock-market-are-the-most-popular-11648329082','https://images.wsj.net/im-512265/social',cast('2022-03-27T10:46:40Z' as TIMESTAMP));

insert into NEWS.NEWS_COMPANY(COMPANY, SOURCE_NAME, AUTHOR, TITLE, DESCRIPTION, CONTENT, URL, IMG_URL, PUBLISH_DATE) 

                    values('nvidia','Help Net Security','Help Net Security','Week in review: Lapsus$ breaches Okta and Microsoft, Red Team 101, cybersecurity during M&As','Here’s an overview of some of last week’s most interesting news, articles and interviews: Lapsus$ gang says it has breached Okta and Microsoft After breaching NVIDIA and Samsung and stealing and leaking those companies’ propertary data, the Lapsus$ cyber exto…','Heres an overview of some of last weeks most interesting news, articles and interviews:

Lapsus$ gang says it has breached Okta and MicrosoftAfter breaching NVIDIA and Samsung and stealing and leakin… [+5173 chars]','https://www.helpnetsecurity.com/2022/03/27/week-in-review-lapsus-breaches-okta-and-microsoft-red-team-101-cybersecurity-during-mas/','https://img.helpnetsecurity.com/wp-content/uploads/2020/11/16094615/week_in_review2.jpg',cast('2022-03-27T08:00:37Z' as TIMESTAMP));

insert into NEWS.NEWS_COMPANY(COMPANY, SOURCE_NAME, AUTHOR, TITLE, DESCRIPTION, CONTENT, URL, IMG_URL, PUBLISH_DATE) 

                    values('nvidia','Storagereview.com','harold-fritts','NVIDIA Introduces Next-Gen Hopper Architecture, New Supercomputer, Jetson AGX Orin Developer Kit, And More At GTC','NVIDIA Hopper architecture took center stage during NVIDIA GTC with the focus to power the next wave of AI data centers. Named for Grace Hopper, a pioneering U.S. computer scientist, the next-generation accelerated computing platform delivers an order of magn…','NVIDIA Hopper architecture took center stage during NVIDIA GTC with the focus to power the next wave of AI data centers. Named for Grace Hopper, a pioneering U.S. computer scientist, the next-generat… [+9072 chars]','https://www.storagereview.com/news/nvidia-introduces-next-gen-hopper-architecture-new-supercomputer-jetson-agx-orin-developer-kit-and-more-at-gtc','https://www.storagereview.com/wp-content/uploads/2022/03/grace-cpu-superchip.jpeg.png',cast('2022-03-27T12:38:32Z' as TIMESTAMP));

insert into NEWS.NEWS_COMPANY(COMPANY, SOURCE_NAME, AUTHOR, TITLE, DESCRIPTION, CONTENT, URL, IMG_URL, PUBLISH_DATE) 

                    values('nvidia','Eurogamer.net','Alex Battaglia','Ghostwire: Tokyo on PC debuts impressive new DLSS competitor','Ghostwire: Tokyo is a game with many surprises in terms of its technical make-up. Developer Tango Gameworks has delivered a gameplay concept I wasn"t expecting, wrapped up in a very different engine from prior titles, offering up an exceptional level of graph…','Ghostwire: Tokyo is a game with many surprises in terms of its technical make-up. Developer Tango Gameworks has delivered a gameplay concept I wasn"t expecting, wrapped up in a very different engine … [+7184 chars]','https://www.eurogamer.net/articles/digitalfoundry-2022-ghostwire-tokyo-pc-tech-review','https://images.gnwcdn.com/2022/articles/2022-03-27-11-31/-1648377108035.jpg/EG11/resize/1200x-1/-1648377108035.jpg',cast('2022-03-27T15:29:00Z' as TIMESTAMP));

insert into NEWS.NEWS_COMPANY(COMPANY, SOURCE_NAME, AUTHOR, TITLE, DESCRIPTION, CONTENT, URL, IMG_URL, PUBLISH_DATE) 

                    values('nvidia','PC Perspective','PCPer Staff','Podcast #669 – NVIDIA and AMD at GTC, New ATX PSU Spec, Monoprice IGZO Monitor, DLSS + more!','There"s GTC coverage, Intel has got a new bag of tricks with their ATX PSU spec, and a nice review of the Monoprice IGZO Monitor, plus some DLSS and FSR2.0 talk. …','There’s GTC coverage, Intel has got a new bag of tricks with their ATX PSU spec, and a nice review of the Monoprice IGZO Monitor, plus some DLSS and FSR2.0 talk. Check the topics below!

Huge thank y… [+502 chars]','https://pcper.com/2022/03/podcast-669/','https://pcper.com/wp-content/uploads/2022/03/podcast-669.jpg',cast('2022-03-27T00:00:09Z' as TIMESTAMP));

insert into NEWS.NEWS_COMPANY(COMPANY, SOURCE_NAME, AUTHOR, TITLE, DESCRIPTION, CONTENT, URL, IMG_URL, PUBLISH_DATE) 

                    values('nvidia','Yahoo Entertainment','Sam Reynolds, Damanick Dantes, James Rubin','First Mover Asia: Crypto Concerns Weigh on Taiwan PC Component Makers" Stocks; Bitcoin Springs to 3-Month High','Share prices of Asus, Gigabyte and MSI have fallen amid a massive drop in pricing for graphics cards as Ethereum"s transition to a proof-of-stake protocol...','Don"t miss CoinDesk"s Consensus 2022, the must-attend crypto &amp; blockchain festival experience of the year in Austin, TX this June 9-12.

Good morning. Heres whats happening:

Prices: Bitcoin soar… [+10536 chars]','https://finance.yahoo.com/news/first-mover-asia-crypto-concerns-230924580.html','https://s.yimg.com/uu/api/res/1.2/Gk0J1x3IujdGQWIvnY58Fw--~B/aD02MDA7dz04MDA7YXBwaWQ9eXRhY2h5b24-/https://media.zenfs.com/en/coindesk_75/379c833fd320ff67752f08c36d7f123d',cast('2022-03-27T23:09:24Z' as TIMESTAMP));

insert into NEWS.NEWS_COMPANY(COMPANY, SOURCE_NAME, AUTHOR, TITLE, DESCRIPTION, CONTENT, URL, IMG_URL, PUBLISH_DATE) 

                    values('nvidia','Wccftech','Jason R. Wilson','Intel Arc A30M PRO Discrete Workstation Mobility GPU Confirmed By Dell','Website ITHome recently posts the first arrival of the Intel ARC A30M PRO workstations sold by Dell in their Dell Precision 5470 systems Intel Arc A30M PRO Workstation GPUs confirmed by Dell Precision 5470 leaflet featuring A30M PRO discrete graphics cards Th…','Website ITHome recently posts the first arrival of the Intel ARC A30M PRO workstations sold by Dell in their Dell Precision 5470 systems

This information confirms that Intel will reveal the ARC work… [+2394 chars]','https://wccftech.com/intel-arc-a30m-pro-discrete-workstation-mobillity-cpu-confirmed-by-dell/','https://cdn.wccftech.com/wp-content/uploads/2021/08/Intel-ARC-Alchemist-Flagship-GPU-Graphics-Card.png',cast('2022-03-27T20:25:42Z' as TIMESTAMP));

insert into NEWS.NEWS_COMPANY(COMPANY, SOURCE_NAME, AUTHOR, TITLE, DESCRIPTION, CONTENT, URL, IMG_URL, PUBLISH_DATE) 

                    values('nvidia','Bloody Disgusting','Mike Wilson','‘Mirror Forge’ Is a ‘Silent Hill’-Inspired Title That Feeds on Fear [Trailer]','Any time a dev mentions Silent Hill as one of the inspirations for their game, we’re interested. Developer MystiveDev hopes to capitalize on that inspiration with their upcoming psychological Survival Horror game, Mirror Forge, which is set for release on Sep…','Developers Saber Interactive have provided us with a new look at the upcoming Evil Dead: The Gamethis week, giving us our first taste at the game’s single-player missions.

Evil Dead: The Game is com… [+2028 chars]','https://bloody-disgusting.com/?p=3708682','https://i0.wp.com/bloody-disgusting.com/wp-content/uploads/2022/03/mirrorforge.jpg?resize=830%2C535&ssl=1',cast('2022-03-27T14:30:34Z' as TIMESTAMP));

insert into NEWS.NEWS_COMPANY(COMPANY, SOURCE_NAME, AUTHOR, TITLE, DESCRIPTION, CONTENT, URL, IMG_URL, PUBLISH_DATE) 

                    values('nvidia','Daemonology.net',null,'Daily Hacker News for 2022-03-26','The 10 highest-rated articles on

Hacker News

on March 26, 2022 which have not appeared on any previous

Hacker News Daily

are:

<ul>

<li>

Wolfenstein 3D secrets revealed by John Romero in lengthy post-mortem chat

(comments)

</li>

<li>

Pidgin: The Universal Chat…','The 10 highest-rated articles on

Hacker News

on March 26, 2022 which have not appeared on any previous

Hacker News Daily

are:','https://www.daemonology.net/hn-daily/2022-03-26.html',null,cast('2022-03-27T00:00:00Z' as TIMESTAMP));

insert into NEWS.NEWS_COMPANY(COMPANY, SOURCE_NAME, AUTHOR, TITLE, DESCRIPTION, CONTENT, URL, IMG_URL, PUBLISH_DATE) 

                    values('nvidia','Popular Mechanics','Popular Mechanics','7 Best ASUS Gaming Laptops for Every Type of Gamer','You don"t have to break the bank to get a powerful, enjoyable gaming experience. These ASUS gaming laptops are perfect for playing your favorite games','Within the world of laptops and PC peripherals, ASUS products are almost unavoidable. With a plethora of well-priced computers, monitors, and accessories, any quick Google search will be loaded with … [+2050 chars]','https://www.popularmechanics.com/technology/video-games/g39368586/best-asus-gaming-laptops/','https://s.yimg.com/ny/api/res/1.2/l3QwmRbm8beFnDy3_OndyA--/YXBwaWQ9aGlnaGxhbmRlcjt3PTEyMDA7aD02MDA-/https://s.yimg.com/uu/api/res/1.2/2ntjqDtkrXkfemS2V9IO2A--~B/aD03MjA7dz0xNDQwO2FwcGlkPXl0YWNoeW9u/https://media.zenfs.com/en/popular_mechanics_642/8712daa3ea006dcad3a41b4c0970c1e2',cast('2022-03-27T16:00:00Z' as TIMESTAMP));

insert into NEWS.NEWS_COMPANY(COMPANY, SOURCE_NAME, AUTHOR, TITLE, DESCRIPTION, CONTENT, URL, IMG_URL, PUBLISH_DATE) 

                    values('nvidia','USA Today','USA TODAY, Bob O"Donnell','5G service is coming to more cars. What can drivers expect – and when?','Wireless carriers are phasing out 3G support for cars to make room for 5G. What can faster internet speeds do for your ride and when are they coming?','T-Mobile"s $20/month Magenta Drive service, available in BMW"s new iX xDrive 50, provides high-speed connectivity to the car, both for calls and data services. In addition, it powers an internal Wi-F… [+6022 chars]','https://www.usatoday.com/story/tech/columnists/2022/03/27/5-g-and-cars-what-to-expect/7167778001/','https://www.gannett-cdn.com/presto/2022/03/25/USAT/61c49792-7111-4f47-a9a3-28064df1b31e-P90437517_highRes_the-first-ever-bmw-i.jpg?crop=5499,3093,x0,y346&width=3200&height=1680&fit=bounds',cast('2022-03-27T12:00:06Z' as TIMESTAMP));

insert into NEWS.NEWS_COMPANY(COMPANY, SOURCE_NAME, AUTHOR, TITLE, DESCRIPTION, CONTENT, URL, IMG_URL, PUBLISH_DATE) 

                    values('nvidia','Hotukdeals.com','Random1234','115° - LG C1 Series OLED65C16LA 65" 4K Smart UHD OLED TV - £1361.70 with code - 5 Years Warranty @ Sevenoaks Sound','<a href="https://www.hotukdeals.com/visit/threaddesc/3910899/16861841" target="_blank">LG C1 Series OLED65C16LA 65 4K Smart UHD OLED TV</a> (RRP £2499) is on sale for <strong>£1361.70 with code GD10PC</strong><br /><a href="https://www.hotukdeals.com/visit/th…','LG C1 Series OLED65C16LA 65 4K Smart UHD OLED TV (RRP £2499) is on sale for £1361.70 with code GD10PCLG C1 Series OLED77C16LA 77 4K Smart UHD OLED TV (RRP £3999) is on sale for £2303.10 with code GD1… [+9029 chars]','https://www.hotukdeals.com/deals/lg-c1-series-oled65c16la-65-4k-smart-uhd-oled-tv-ps136170-with-code-oled77c16la-77-ps230310-with-code-5-yr-wrnty-at-sevenoaks-sound-3910899','https://images.hotukdeals.com/threads/raw/blcu6/3910899_1/re/1024x1024/qt/60/3910899_1.jpg',cast('2022-03-27T11:45:42Z' as TIMESTAMP));

insert into NEWS.NEWS_COMPANY(COMPANY, SOURCE_NAME, AUTHOR, TITLE, DESCRIPTION, CONTENT, URL, IMG_URL, PUBLISH_DATE) 

                    values('nvidia','CryptoSlate','Liam Andrew Wright','How to get access to Metropolis, the reason ZIL is up 100% in 24 hours','The first Metaverse as a Service (MaaS) has been announced on the network. 

The post How to get access to Metropolis, the reason ZIL is up 100% in 24 hours appeared first on CryptoSlate.','The first Metaverse as a Service (MaaS) has been announced on the Zilliqa network. Named, Metropolis, the newly announced metaverse project will be supported by an IRL early access event in Miami on … [+5797 chars]','https://cryptoslate.com/how-to-get-access-to-metropolis-the-reason-zil-is-up-150-in-24-hours/','https://cryptoslate.com/wp-content/uploads/2022/03/zil-metropoli.jpg',cast('2022-03-27T14:25:28Z' as TIMESTAMP));

insert into NEWS.NEWS_COMPANY(COMPANY, SOURCE_NAME, AUTHOR, TITLE, DESCRIPTION, CONTENT, URL, IMG_URL, PUBLISH_DATE) 

                    values('nvidia','CryptoSlate','Liam Andrew Wright','How to get access to Metapolis, the reason ZIL is up 100% in 24 hours','The first Metaverse as a Service (MaaS) has been announced on the network. 

The post How to get access to Metapolis, the reason ZIL is up 100% in 24 hours appeared first on CryptoSlate.','The first Metaverse as a Service (MaaS) has been announced on the Zilliqa network. Named, Metapolis, the newly announced metaverse project will be supported by an IRL early access event in Miami on A… [+5790 chars]','https://cryptoslate.com/how-to-get-access-to-metapolis-the-reason-zil-is-up-100-in-24-hours/','https://cryptoslate.com/wp-content/uploads/2022/03/zil-metropoli.jpg',cast('2022-03-27T14:25:28Z' as TIMESTAMP));
, parameters: None
[2022-03-28 13:58:30,262] {dbapi.py:186} INFO - Rows affected: 1
[2022-03-28 13:58:30,267] {python.py:118} INFO - Done. Returned value was: None
[2022-03-28 13:58:30,281] {taskinstance.py:1166} INFO - Marking task as SUCCESS. dag_id=fetch_news, task_id=write_to_postgres, execution_date=20220327T000000, start_date=20220328T135830, end_date=20220328T135830
[2022-03-28 13:58:30,340] {taskinstance.py:1220} INFO - 0 downstream tasks scheduled from follow-on schedule check
[2022-03-28 13:58:30,360] {local_task_job.py:146} INFO - Task exited with return code 0
