[2022-03-21 16:48:12,552] {taskinstance.py:851} INFO - Dependencies all met for <TaskInstance: fetch_news.write_to_postgres 2022-03-05T00:00:00+00:00 [queued]>
[2022-03-21 16:48:12,702] {taskinstance.py:851} INFO - Dependencies all met for <TaskInstance: fetch_news.write_to_postgres 2022-03-05T00:00:00+00:00 [queued]>
[2022-03-21 16:48:12,703] {taskinstance.py:1042} INFO - 
--------------------------------------------------------------------------------
[2022-03-21 16:48:12,704] {taskinstance.py:1043} INFO - Starting attempt 5 of 5
[2022-03-21 16:48:12,704] {taskinstance.py:1044} INFO - 
--------------------------------------------------------------------------------
[2022-03-21 16:48:12,833] {taskinstance.py:1063} INFO - Executing <Task(PythonOperator): write_to_postgres> on 2022-03-05T00:00:00+00:00
[2022-03-21 16:48:12,838] {standard_task_runner.py:52} INFO - Started process 340 to run task
[2022-03-21 16:48:12,842] {standard_task_runner.py:76} INFO - Running: ['airflow', 'tasks', 'run', 'fetch_news', 'write_to_postgres', '2022-03-05T00:00:00+00:00', '--job-id', '751', '--pool', 'default_pool', '--raw', '--subdir', 'DAGS_FOLDER/fetch_news.py', '--cfg-path', '/tmp/tmp1ftj9bjn', '--error-file', '/tmp/tmppy07vctg']
[2022-03-21 16:48:12,844] {standard_task_runner.py:77} INFO - Job 751: Subtask write_to_postgres
[2022-03-21 16:48:13,051] {logging_mixin.py:104} INFO - Running <TaskInstance: fetch_news.write_to_postgres 2022-03-05T00:00:00+00:00 [running]> on host dd6a275532f2
[2022-03-21 16:48:13,368] {taskinstance.py:1257} INFO - Exporting the following env vars:
AIRFLOW_CTX_DAG_OWNER=airflow
AIRFLOW_CTX_DAG_ID=fetch_news
AIRFLOW_CTX_TASK_ID=write_to_postgres
AIRFLOW_CTX_EXECUTION_DATE=2022-03-05T00:00:00+00:00
AIRFLOW_CTX_DAG_RUN_ID=scheduled__2022-03-05T00:00:00+00:00
[2022-03-21 16:48:13,407] {base.py:74} INFO - Using connection to: id: news_in. Host: postgres, Port: 5432, Schema: , Login: airflow, Password: XXXXXXXX, extra: None
[2022-03-21 16:48:13,434] {dbapi.py:180} INFO - Running statement: delete from NEWS.NEWS_COMPANY where cast('2022-03-05' as DATE) = cast(PUBLISH_DATE as DATE);

insert into NEWS.NEWS_COMPANY(COMPANY, SOURCE_NAME, AUTHOR, TITLE, DESCRIPTION, CONTENT, URL, IMG_URL, PUBLISH_DATE) 

                    values('nvidia','Engadget','Igor Bonifacic','Hackers may have obtained 190GB of sensitive data from Samsung','Some of Samsung’s confidential data has reportedly leaked due to a suspected cyberattack. On Friday, South American hacking group Lapsus$ uploaded a trove of data it claims came from the smartphone manufacturer. Bleeping Computer

 was among the first publica…','Some of Samsungs confidential data has reportedly leaked due to a suspected cyberattack. On Friday, South American hacking group Lapsus$ uploaded a trove of data it claims came from the smartphone ma… [+1260 chars]','https://www.engadget.com/samsung-lapsus-leak-181517961.html','https://s.yimg.com/os/creatr-uploaded-images/2022-03/352faed0-9caf-11ec-beee-051465808cb8',cast('2022-03-05T18:15:17Z' as TIMESTAMP));

insert into NEWS.NEWS_COMPANY(COMPANY, SOURCE_NAME, AUTHOR, TITLE, DESCRIPTION, CONTENT, URL, IMG_URL, PUBLISH_DATE) 

                    values('nvidia','MarketBeat','Sean Sechler','3 Hedge Fund Favorite Stocks to Buy Now','Certain stocks become hedge fund favorites over time for a variety of reasons, and paying attention to the names that come up time and time again in their holdings can...','Although investors should never blindly follow the market moves of a hedge fund, theres something intriguing about checking out the moves that smart money is making each quarter. This is especially t… [+4557 chars]','https://www.marketbeat.com/originals/3-hedge-fund-favorite-stocks-to-buy-now/?utm_source=entrepreneurcom&amp;amp;utm_medium=entrepreneurcom','https://assets.entrepreneur.com/providers/marketbeat/hero-image-marketbeat-421479.jpeg',cast('2022-03-05T10:00:00Z' as TIMESTAMP));

insert into NEWS.NEWS_COMPANY(COMPANY, SOURCE_NAME, AUTHOR, TITLE, DESCRIPTION, CONTENT, URL, IMG_URL, PUBLISH_DATE) 

                    values('nvidia','Theregister.com','Gareth Corfield','Leaked stolen Nvidia cert can sign Windows malware','70k staff email addresses and NTLM password hashes also dumped online

An Nvidia code-signing certificate was among the mountain of files stolen and leaked online by criminals who ransacked the GPU giant"s internal systems.…<!--#include virtual="/data_centre/_…','An Nvidia code-signing certificate was among the mountain of files stolen and leaked online by criminals who ransacked the GPU giant"s internal systems.

At least two binaries not developed by Nvidia… [+4480 chars]','https://www.theregister.com/2022/03/05/nvidia_stolen_certificate/','https://regmedia.co.uk/2015/01/05/nvidia_tegra_x1_processor.jpg',cast('2022-03-05T04:09:54Z' as TIMESTAMP));

insert into NEWS.NEWS_COMPANY(COMPANY, SOURCE_NAME, AUTHOR, TITLE, DESCRIPTION, CONTENT, URL, IMG_URL, PUBLISH_DATE) 

                    values('nvidia','Techmeme.com',null,'Lapsus$ says if Nvidia doesn"t remove crypto mining limits on its graphic cards and open source its GPU drivers, the group will release the source code it stole (Dan Goodin/Ars Technica)','Dan Goodin / Ars Technica:

Lapsus$ says if Nvidia doesn"t remove crypto mining limits on its graphic cards and open source its GPU drivers, the group will release the source code it stole  —  Chipmaker has until Friday to comply or see its crown-jewel source …','CB Insights Newsletter

724,948 subscribers get our free newsletter to stay a step ahead on technology trends, venture capital, startups, and the industries of tomorrow.','https://www.techmeme.com/220305/p8','https://cdn.arstechnica.net/wp-content/uploads/2022/03/nvidia-rtx-3060-760x380.jpeg',cast('2022-03-05T20:40:01Z' as TIMESTAMP));

insert into NEWS.NEWS_COMPANY(COMPANY, SOURCE_NAME, AUTHOR, TITLE, DESCRIPTION, CONTENT, URL, IMG_URL, PUBLISH_DATE) 

                    values('nvidia','Phoronix',null,'LatencyFlex v0.1 Released As Drop-In Replacement To NVIDIA Reflex','Back in January I wrote about LatencyFlex as an open-source, vendor-agnostic alternative to NVIDIA Reflex. This drop-in replacement to NVIDIA"s proprietary solution focused on reducing rendering latency is out with its very first release...','Back in January I wrote about LatencyFlex as an open-source, vendor-agnostic alternative to NVIDIA Reflex. This drop-in replacement to NVIDIA"s proprietary solution focused on reducing rendering late… [+1152 chars]','https://www.phoronix.com/scan.php?page=news_item&px=LatencyFlex-0.1','https://www.phoronix.net/image.php?id=2022&image=latencyflex',cast('2022-03-05T00:47:51Z' as TIMESTAMP));

insert into NEWS.NEWS_COMPANY(COMPANY, SOURCE_NAME, AUTHOR, TITLE, DESCRIPTION, CONTENT, URL, IMG_URL, PUBLISH_DATE) 

                    values('nvidia','Motley Fool','newsfeedback@fool.com (Chris Neiger)','3 Robinhood Stocks That Are Great Long-Term Picks','Avoid flash-in-the-pan stocks and buy these tech leaders instead.','Robinhood Market"s easy-to-use online investing platform is used by millions to buy and trade stocks. More than 17 million investors use Robinhood every month, and while the platform has earned a rep… [+4639 chars]','https://www.fool.com/investing/2022/03/05/3-robinhood-stocks-that-are-great-long-term-picks/','https://g.foolcdn.com/editorial/images/669109/gettyimages-1209036439.jpg',cast('2022-03-05T13:35:00Z' as TIMESTAMP));

insert into NEWS.NEWS_COMPANY(COMPANY, SOURCE_NAME, AUTHOR, TITLE, DESCRIPTION, CONTENT, URL, IMG_URL, PUBLISH_DATE) 

                    values('nvidia','PC Gamer','ted.litchfield@futurenet.com (Ted Litchfield)','Nvidia hackers target Samsung, release 190GB of sensitive data','The hacker group Lapsus$ has not yet made public demands like they did with Nvidia.','According to reporting from Bleeping Computer, Lapsus$, the same collective that hacked Nvidia last week, has successfully breached the Korean tech giant Samsung as well. Lapsus$ has released almost … [+1196 chars]','https://www.pcgamer.com/nvidia-hackers-target-samsung-release-190gb-of-sensitive-data/','https://cdn.mos.cms.futurecdn.net/DTtd9WTiiR5GFoT3TSr5nn-1200-80.jpg',cast('2022-03-05T21:37:57Z' as TIMESTAMP));

insert into NEWS.NEWS_COMPANY(COMPANY, SOURCE_NAME, AUTHOR, TITLE, DESCRIPTION, CONTENT, URL, IMG_URL, PUBLISH_DATE) 

                    values('nvidia','iMore','Rebecca Spear','Nintendo recap: Gen 9 is official, emulators on Steam Deck, and more','Plus, Triangle Strategy launched and a Kirby and the Forgotten Land demo is available.



This has been a packed week for Nintendo fans, with the Gen 9 Pokémon games getting a surprise reveal. Additionally, the highly-anticipated JRPG, Triangle Strategy, launch…','Source: Rebecca Spear / iMore

This has been a packed week for Nintendo fans, with the Gen 9 Pokémon games getting a surprise reveal. Additionally, the highly-anticipated JRPG, Triangle Strategy, lau… [+10400 chars]','https://www.imore.com/nintendo-recap-switch-emulators-steam-deck-nvidia-leak-new-console','https://www.imore.com/sites/imore.com/files/styles/large/public/field/image/2022/03/nintendo-switch-hori-split-pad-pro.jpg',cast('2022-03-05T18:00:02Z' as TIMESTAMP));

insert into NEWS.NEWS_COMPANY(COMPANY, SOURCE_NAME, AUTHOR, TITLE, DESCRIPTION, CONTENT, URL, IMG_URL, PUBLISH_DATE) 

                    values('nvidia','Gamepur','Michael Stoyanoff','Activision Blizzard suspends game sales in Russia while raising funds to support Ukraine - Gamepur','<ol><li>Activision Blizzard suspends game sales in Russia while raising funds to support Ukraine  Gamepur

</li><li>Microsoft Suspends All New Sales In Russia  TheGamer

</li><li>Why Cyberpunk 2077 is Being Review Bombed Again  GameRant

</li><li>New World"s …','Yesterday, President and COO Daniel Alegre of Activision Blizzard released a statement in support of the Ukrainian people. He made it very clear that the company is committed to helping those impacte… [+1148 chars]','https://www.gamepur.com/news/activision-blizzard-suspends-game-sales-in-russia-while-raising-funds-to-support-ukraine/','https://www.gamepur.com/wp-content/uploads/2022/02/actiblizz.jpg',cast('2022-03-05T19:57:32Z' as TIMESTAMP));

insert into NEWS.NEWS_COMPANY(COMPANY, SOURCE_NAME, AUTHOR, TITLE, DESCRIPTION, CONTENT, URL, IMG_URL, PUBLISH_DATE) 

                    values('nvidia','SamMobile','Adnan F.','Samsung’s secret data leaks after devastating cyberattack','Samsung Electronics has reportedly been hit by a devastating cyberattack that has resulted in a lot of confidential data being leaked online. A hacking group is reportedly behind this attack on the tech giant. Reports mention that Samsung’s confidential sourc…','Samsung Electronics has reportedly been hit by a devastating cyberattack that has resulted in a lot of confidential data being leaked online. A hacking group is reportedly behind this attack on the t… [+1787 chars]','https://www.sammobile.com/news/samsungs-secret-data-leaks-devastating-cyberattack/','https://www.sammobile.com/wp-content/uploads/2019/01/samsung-logo-720x480.jpg',cast('2022-03-05T08:32:01Z' as TIMESTAMP));

insert into NEWS.NEWS_COMPANY(COMPANY, SOURCE_NAME, AUTHOR, TITLE, DESCRIPTION, CONTENT, URL, IMG_URL, PUBLISH_DATE) 

                    values('nvidia','Securityaffairs.co','Pierluigi Paganini','Lapsus$ gang leaks data allegedly stolen from Samsung Electronics','The Lapsus$ ransomware group claimed to have hacked Samsung Electronics and leaked alleged stolen confidential data. The Lapsus$ ransomware gang claims to have stolen a huge trove of sensitive data from Samsung Electronics and leaked 190GB of alleged Samsung …','The Lapsus$ ransomware gang claims to have stolen a huge trove of sensitive data from Samsung Electronics and leaked 190GB of alleged Samsung data as proof of the hack.

The gang announced the availa… [+1360 chars]','https://securityaffairs.co/wordpress/128712/cyber-crime/samsung-electronics-lapsus-ransomware.html','https://i0.wp.com/securityaffairs.co/wordpress/wp-content/uploads/2022/03/Lapsus-ransomware.png?resize=300%2C300&ssl=1',cast('2022-03-05T22:11:44Z' as TIMESTAMP));

insert into NEWS.NEWS_COMPANY(COMPANY, SOURCE_NAME, AUTHOR, TITLE, DESCRIPTION, CONTENT, URL, IMG_URL, PUBLISH_DATE) 

                    values('nvidia','BleepingComputer','Lawrence Abrams','Malware now using NVIDIA"s stolen code signing certificates','Threat actors are using stolen NVIDIA code signing certificates to sign malware to appear trustworthy and allow malicious drivers to be loaded in Windows. [...]','Threat actors are using stolen NVIDIA code signing certificates to sign malware to appear trustworthy and allow malicious drivers to be loaded in Windows.

This week, NVIDIA confirmed that they suffe… [+3174 chars]','https://www.bleepingcomputer.com/news/security/malware-now-using-nvidias-stolen-code-signing-certificates/','https://www.bleepstatic.com/content/hl-images/2022/03/01/0_NVIDIA_headpic.jpg',cast('2022-03-05T20:45:50Z' as TIMESTAMP));

insert into NEWS.NEWS_COMPANY(COMPANY, SOURCE_NAME, AUTHOR, TITLE, DESCRIPTION, CONTENT, URL, IMG_URL, PUBLISH_DATE) 

                    values('nvidia','Wccftech','Ramish Zafar','NVIDIA Stops Sales In Russia According To Spokesperson','Chip designer NVIDIA Corporation has confirmed that it is suspending sales to the Russian Federation in the wake of the ongoing crisis in Ukraine. An NVIDIA spokesperson confirmed the decision to PCMag, but did not share the reasons behind it. With the announ…','Chip designer NVIDIA Corporation has confirmed that it is suspending sales to the Russian Federation in the wake of the ongoing crisis in Ukraine. An NVIDIA spokesperson confirmed the decision to PCM… [+2848 chars]','https://wccftech.com/nvidia-stops-sales-in-russia-according-to-spokesperson/','https://cdn.wccftech.com/wp-content/uploads/2022/03/NVIDIA-GeForce-RTX-40-GPU-1-740x363.png',cast('2022-03-05T18:05:19Z' as TIMESTAMP));

insert into NEWS.NEWS_COMPANY(COMPANY, SOURCE_NAME, AUTHOR, TITLE, DESCRIPTION, CONTENT, URL, IMG_URL, PUBLISH_DATE) 

                    values('nvidia','GeekTyrant','Joey Paur','The Classic 90s Hot Wheels PC Transformed Into a High Performance Gaming System','I totally remember when Hot Wheels released a PC computer in the 90s! I thought that was one of the coolest-looking computers at the time! My brothers and I wanted one so badly, but we never got one. Anyway, Shank Mods got a hold of one of these computers and…','I totally remember when Hot Wheels released a PC computer in the 90s! I thought that was one of the coolest-looking computers at the time! My brothers and I wanted one so badly, but we never got one.… [+905 chars]','https://geektyrant.com/news/the-classic-90s-hot-wheels-pc-transformed-into-a-into-high-performance-gaming-system','http://static1.squarespace.com/static/51b3dc8ee4b051b96ceb10de/51ce6099e4b0d911b4489b79/621d3574b99e6d6a2ce98996/1646487007270/Screen+Shot+2022-02-28+at+1.01.57+PM.png?format=1500w',cast('2022-03-05T13:30:00Z' as TIMESTAMP));

insert into NEWS.NEWS_COMPANY(COMPANY, SOURCE_NAME, AUTHOR, TITLE, DESCRIPTION, CONTENT, URL, IMG_URL, PUBLISH_DATE) 

                    values('nvidia','Slashdot.org','EditorDavid','On Raspberry Pi"s 10th Anniversary, Eben Upton Ponders the Prospects for a RISC-V Pi','On the 10th anniversary of the Raspberry Pi, the Register takes a look backwards — and forwards — in a new interview Eben Upton:

As for the future, a Raspberry Pi 5 is inevitable but, in a blow to those hoping for something even more exotic than the usual Bro…','As for the future, a Raspberry Pi 5 is inevitable but, in a blow to those hoping for something even more exotic than the usual Broadcom Arm SoC, RISC-V isn"t on the cards, certainly not in the timefr… [+748 chars]','https://news.slashdot.org/story/22/03/05/0151232/on-raspberry-pis-10th-anniversary-eben-upton-ponders-the-prospects-for-a-risc-v-pi','https://a.fsdn.com/sd/topics/education_64.png',cast('2022-03-05T15:34:00Z' as TIMESTAMP));

insert into NEWS.NEWS_COMPANY(COMPANY, SOURCE_NAME, AUTHOR, TITLE, DESCRIPTION, CONTENT, URL, IMG_URL, PUBLISH_DATE) 

                    values('nvidia','Wccftech','Hassan Mujtaba','NVIDIA GeForce RTX 3090 Ti Flagship Graphics Card Allegedly Launches on 29th March, RTX 3070 Ti 16 GB Cancelled','Reports from Chiphell Forums seem to provide the latest update on NVIDIA"s GeForce RTX 3090 Ti & RTX 3070 Ti 16 GB graphics cards. NVIDIA GeForce RTX 3090 Ti Graphics Card Rumored For 29th March Launch While 3070 Ti 16 GB Cancelled The NVIDIA GeForce RTX 3090…','Reports from Chiphell Forums seem to provide the latest update on NVIDIA"s GeForce RTX 3090 Ti &amp; RTX 3070 Ti 16 GB graphics cards.

NVIDIA GeForce RTX 3090 Ti Graphics Card Rumored For 29th March… [+6922 chars]','https://wccftech.com/nvidia-geforce-rtx-3090-ti-29th-march-launch-3070-ti-16-gb-cancelled-rumor/','https://cdn.wccftech.com/wp-content/uploads/2022/01/nvidia-ces-2022-geforce-rtx-3090-ti-large-3840-740x445.png',cast('2022-03-05T16:42:34Z' as TIMESTAMP));

insert into NEWS.NEWS_COMPANY(COMPANY, SOURCE_NAME, AUTHOR, TITLE, DESCRIPTION, CONTENT, URL, IMG_URL, PUBLISH_DATE) 

                    values('nvidia','PC Perspective','PCPer Staff','Podcast #666 – Nvidia Hack, AMD Valuation, Intel buys Linutronix, FreeDOS, ICY Graphite Review, + we’re doomed!','This is the ill fated episode #666, with hellish lighting included.

Nvidia gets hacked in a big way, Intel buys a linux company, AMD was briefly valued at more then Intel, and even…','This is the ill fated episode #666, with hellish lighting included.

Nvidia gets hacked in a big way, Intel buys a linux company, AMD was briefly valued at more then Intel, and even FreeDOS gets upda… [+637 chars]','https://pcper.com/2022/03/pc-perspective-podcast-666/','https://pcper.com/wp-content/uploads/2022/02/podcast666.jpg',cast('2022-03-05T18:40:09Z' as TIMESTAMP));

insert into NEWS.NEWS_COMPANY(COMPANY, SOURCE_NAME, AUTHOR, TITLE, DESCRIPTION, CONTENT, URL, IMG_URL, PUBLISH_DATE) 

                    values('nvidia','Slickdeals.net','sr71','ASUS TUF Gaming Laptop: i5-11260H, 17.3" 144Hz, 8GB RAM, 512GB SSD RTX 3050 Ti $800 at Bestbuy','https://www.bestbuy.com/site/asus-tuf-gaming-17-3-laptop-intel-core-i5-8gb-memory-nvidia-geforce-rtx3050-ti-512gb-ssd-eclipse-grey/6485599.p?skuId=6485599','Your vote will help the community find the best deals.','https://slickdeals.net/f/15654559-asus-tuf-gaming-laptop-i5-11260h-17-3-144hz-8gb-ram-512gb-ssd-rtx-3050-ti-800-at-bestbuy','https://static.slickdealscdn.com/attachment/2/5/0/5/1/4/11240110.attach',cast('2022-03-05T06:57:04Z' as TIMESTAMP));

insert into NEWS.NEWS_COMPANY(COMPANY, SOURCE_NAME, AUTHOR, TITLE, DESCRIPTION, CONTENT, URL, IMG_URL, PUBLISH_DATE) 

                    values('nvidia','The Information','Stephen Nellis, Sylvia Varnham O"Regan','Intel’s Decades-Old Russian Software Operations Underscore Tough Choices for U.S. Tech Firms','When Intel Corp. suspended chip sales to Russia last week, it joined a stampede of U.S. tech companies cutting off sales after President Vladimir Putin’s invasion of Ukraine. But Intel’s ties to Russia run far deeper than chip sales. For more than two decades…','When Intel Corp. suspended chip sales to Russia last week, it joined a stampede of U.S. tech companies cutting off sales after President Vladimir Putin’s invasion of Ukraine. But Intel’s ties to Russ… [+852 chars]','https://www.theinformation.com/articles/intels-decades-old-russian-software-operations-underscore-tough-choices-for-u-s-tech-firms','https://tii.imgix.net/production/articles/7388/880150bb-a167-4220-96b3-ca60bb79c6fc.jpeg?w=800&fm=jpg&auto=compress&frame=0',cast('2022-03-05T14:07:03Z' as TIMESTAMP));

insert into NEWS.NEWS_COMPANY(COMPANY, SOURCE_NAME, AUTHOR, TITLE, DESCRIPTION, CONTENT, URL, IMG_URL, PUBLISH_DATE) 

                    values('nvidia','Wired','Lily Hay Newman','A Major Internet Backbone Company Cuts Off Russia','Plus: A ransomware gang leak, an Nvidia hack, and more of the week"s top security news.','Russia"s War of choice against Ukraine drew global attention this week with Russian President Vladimir Putin continuing to escalate the conflict as the United States and Europe moved to drastically i… [+3824 chars]','https://www.wired.com/story/cogent-internet-backbone-cuts-off-russia-nvidia-ransomware-conti-security-news/','https://media.wired.com/photos/6222ff519e8883344f3ae360/191:100/w_1280,c_limit/Security-Roundup-Russia-Internet-200161777-001.jpg',cast('2022-03-05T14:00:00Z' as TIMESTAMP));
, parameters: None
[2022-03-21 16:48:13,442] {dbapi.py:186} INFO - Rows affected: 1
[2022-03-21 16:48:13,534] {python.py:118} INFO - Done. Returned value was: None
[2022-03-21 16:48:13,663] {taskinstance.py:1166} INFO - Marking task as SUCCESS. dag_id=fetch_news, task_id=write_to_postgres, execution_date=20220305T000000, start_date=20220321T164812, end_date=20220321T164813
[2022-03-21 16:48:13,821] {taskinstance.py:1220} INFO - 0 downstream tasks scheduled from follow-on schedule check
[2022-03-21 16:48:13,843] {local_task_job.py:146} INFO - Task exited with return code 0
