[2022-03-21 11:43:17,866] {taskinstance.py:851} INFO - Dependencies all met for <TaskInstance: fetch_news.dowload_desc 2022-03-16T00:00:00+00:00 [queued]>
[2022-03-21 11:43:17,889] {taskinstance.py:851} INFO - Dependencies all met for <TaskInstance: fetch_news.dowload_desc 2022-03-16T00:00:00+00:00 [queued]>
[2022-03-21 11:43:17,889] {taskinstance.py:1042} INFO - 
--------------------------------------------------------------------------------
[2022-03-21 11:43:17,889] {taskinstance.py:1043} INFO - Starting attempt 13 of 13
[2022-03-21 11:43:17,889] {taskinstance.py:1044} INFO - 
--------------------------------------------------------------------------------
[2022-03-21 11:43:17,911] {taskinstance.py:1063} INFO - Executing <Task(BashOperator): dowload_desc> on 2022-03-16T00:00:00+00:00
[2022-03-21 11:43:17,914] {standard_task_runner.py:52} INFO - Started process 1460 to run task
[2022-03-21 11:43:17,924] {standard_task_runner.py:76} INFO - Running: ['airflow', 'tasks', 'run', 'fetch_news', 'dowload_desc', '2022-03-16T00:00:00+00:00', '--job-id', '621', '--pool', 'default_pool', '--raw', '--subdir', 'DAGS_FOLDER/fetch_news.py', '--cfg-path', '/tmp/tmpcb8_txse', '--error-file', '/tmp/tmpew2sd6v4']
[2022-03-21 11:43:17,925] {standard_task_runner.py:77} INFO - Job 621: Subtask dowload_desc
[2022-03-21 11:43:17,995] {logging_mixin.py:104} INFO - Running <TaskInstance: fetch_news.dowload_desc 2022-03-16T00:00:00+00:00 [running]> on host e39215f0be5b
[2022-03-21 11:43:18,087] {taskinstance.py:1257} INFO - Exporting the following env vars:
AIRFLOW_CTX_DAG_OWNER=airflow
AIRFLOW_CTX_DAG_ID=fetch_news
AIRFLOW_CTX_TASK_ID=dowload_desc
AIRFLOW_CTX_EXECUTION_DATE=2022-03-16T00:00:00+00:00
AIRFLOW_CTX_DAG_RUN_ID=scheduled__2022-03-16T00:00:00+00:00
[2022-03-21 11:43:18,088] {bash.py:135} INFO - Tmp dir root location: 
 /tmp
[2022-03-21 11:43:18,089] {bash.py:158} INFO - Running command: curl -o /tmp/news_nvidia_2022-03-16_2022-03-17.json https://newsapi.org/v2/everything -G -d from=2022-03-16 -d to=2022-03-16 -d language=en -d q=nvidia -d apiKey=1ddd1951b81c4e9eb662cc118c33ff6a
[2022-03-21 11:43:18,097] {bash.py:169} INFO - Output:
[2022-03-21 11:43:18,108] {bash.py:173} INFO -   % Total    % Received % Xferd  Average Speed   Time    Time     Time  Current
[2022-03-21 11:43:18,109] {bash.py:173} INFO -                                  Dload  Upload   Total   Spent    Left  Speed
[2022-03-21 11:43:18,346] {bash.py:173} INFO -   0     0    0     0    0     0      0      0 --:--:-- --:--:-- --:--:--     0100 16053  100 16053    0     0  67734      0 --:--:-- --:--:-- --:--:-- 67449100 16053  100 16053    0     0  67734      0 --:--:-- --:--:-- --:--:-- 67449
[2022-03-21 11:43:18,347] {bash.py:177} INFO - Command exited with return code 0
[2022-03-21 11:43:18,397] {taskinstance.py:1166} INFO - Marking task as SUCCESS. dag_id=fetch_news, task_id=dowload_desc, execution_date=20220316T000000, start_date=20220321T114317, end_date=20220321T114318
[2022-03-21 11:43:18,457] {taskinstance.py:1220} INFO - 1 downstream tasks scheduled from follow-on schedule check
[2022-03-21 11:43:18,511] {local_task_job.py:146} INFO - Task exited with return code 0
