[2022-03-27 12:06:20,353] {taskinstance.py:851} INFO - Dependencies all met for <TaskInstance: fetch_news.dowload_desc 2022-03-21T00:00:00+00:00 [queued]>
[2022-03-27 12:06:20,366] {taskinstance.py:851} INFO - Dependencies all met for <TaskInstance: fetch_news.dowload_desc 2022-03-21T00:00:00+00:00 [queued]>
[2022-03-27 12:06:20,366] {taskinstance.py:1042} INFO - 
--------------------------------------------------------------------------------
[2022-03-27 12:06:20,366] {taskinstance.py:1043} INFO - Starting attempt 1 of 1
[2022-03-27 12:06:20,367] {taskinstance.py:1044} INFO - 
--------------------------------------------------------------------------------
[2022-03-27 12:06:20,382] {taskinstance.py:1063} INFO - Executing <Task(BashOperator): dowload_desc> on 2022-03-21T00:00:00+00:00
[2022-03-27 12:06:20,386] {standard_task_runner.py:52} INFO - Started process 41 to run task
[2022-03-27 12:06:20,389] {standard_task_runner.py:76} INFO - Running: ['airflow', 'tasks', 'run', 'fetch_news', 'dowload_desc', '2022-03-21T00:00:00+00:00', '--job-id', '779', '--pool', 'default_pool', '--raw', '--subdir', 'DAGS_FOLDER/fetch_news.py', '--cfg-path', '/tmp/tmph85mg7dd', '--error-file', '/tmp/tmpd4lu2f7c']
[2022-03-27 12:06:20,390] {standard_task_runner.py:77} INFO - Job 779: Subtask dowload_desc
[2022-03-27 12:06:20,432] {logging_mixin.py:104} INFO - Running <TaskInstance: fetch_news.dowload_desc 2022-03-21T00:00:00+00:00 [running]> on host dd6a275532f2
[2022-03-27 12:06:20,474] {taskinstance.py:1257} INFO - Exporting the following env vars:
AIRFLOW_CTX_DAG_OWNER=airflow
AIRFLOW_CTX_DAG_ID=fetch_news
AIRFLOW_CTX_TASK_ID=dowload_desc
AIRFLOW_CTX_EXECUTION_DATE=2022-03-21T00:00:00+00:00
AIRFLOW_CTX_DAG_RUN_ID=scheduled__2022-03-21T00:00:00+00:00
[2022-03-27 12:06:20,474] {bash.py:135} INFO - Tmp dir root location: 
 /tmp
[2022-03-27 12:06:20,475] {bash.py:158} INFO - Running command: curl -o /tmp/news_nvidia_2022-03-21_2022-03-22.json https://newsapi.org/v2/everything -G -d from=2022-03-21 -d to=2022-03-21 -d language=en -d q=nvidia -d apiKey=1ddd1951b81c4e9eb662cc118c33ff6a
[2022-03-27 12:06:20,481] {bash.py:169} INFO - Output:
[2022-03-27 12:06:20,488] {bash.py:173} INFO -   % Total    % Received % Xferd  Average Speed   Time    Time     Time  Current
[2022-03-27 12:06:20,488] {bash.py:173} INFO -                                  Dload  Upload   Total   Spent    Left  Speed
[2022-03-27 12:06:21,486] {bash.py:173} INFO -   0     0    0     0    0     0      0      0 --:--:-- --:--:-- --:--:--     0100 17201  100 17201    0     0  17252      0 --:--:-- --:--:-- --:--:-- 17252
[2022-03-27 12:06:21,486] {bash.py:177} INFO - Command exited with return code 0
[2022-03-27 12:06:21,565] {taskinstance.py:1166} INFO - Marking task as SUCCESS. dag_id=fetch_news, task_id=dowload_desc, execution_date=20220321T000000, start_date=20220327T120620, end_date=20220327T120621
[2022-03-27 12:06:21,601] {taskinstance.py:1220} INFO - 1 downstream tasks scheduled from follow-on schedule check
[2022-03-27 12:06:21,614] {local_task_job.py:146} INFO - Task exited with return code 0
