[2022-03-21 10:13:53,429] {taskinstance.py:851} INFO - Dependencies all met for <TaskInstance: fetch_news.dowload_desc 2022-03-01T00:00:00+00:00 [queued]>
[2022-03-21 10:13:53,508] {taskinstance.py:851} INFO - Dependencies all met for <TaskInstance: fetch_news.dowload_desc 2022-03-01T00:00:00+00:00 [queued]>
[2022-03-21 10:13:53,508] {taskinstance.py:1042} INFO - 
--------------------------------------------------------------------------------
[2022-03-21 10:13:53,508] {taskinstance.py:1043} INFO - Starting attempt 11 of 11
[2022-03-21 10:13:53,508] {taskinstance.py:1044} INFO - 
--------------------------------------------------------------------------------
[2022-03-21 10:13:53,586] {taskinstance.py:1063} INFO - Executing <Task(BashOperator): dowload_desc> on 2022-03-01T00:00:00+00:00
[2022-03-21 10:13:53,589] {standard_task_runner.py:52} INFO - Started process 1232 to run task
[2022-03-21 10:13:53,657] {standard_task_runner.py:76} INFO - Running: ['airflow', 'tasks', 'run', 'fetch_news', 'dowload_desc', '2022-03-01T00:00:00+00:00', '--job-id', '530', '--pool', 'default_pool', '--raw', '--subdir', 'DAGS_FOLDER/fetch_news.py', '--cfg-path', '/tmp/tmpb5pbdnkx', '--error-file', '/tmp/tmpucsk31sa']
[2022-03-21 10:13:53,658] {standard_task_runner.py:77} INFO - Job 530: Subtask dowload_desc
[2022-03-21 10:13:54,023] {logging_mixin.py:104} INFO - Running <TaskInstance: fetch_news.dowload_desc 2022-03-01T00:00:00+00:00 [running]> on host e39215f0be5b
[2022-03-21 10:13:54,258] {taskinstance.py:1257} INFO - Exporting the following env vars:
AIRFLOW_CTX_DAG_OWNER=airflow
AIRFLOW_CTX_DAG_ID=fetch_news
AIRFLOW_CTX_TASK_ID=dowload_desc
AIRFLOW_CTX_EXECUTION_DATE=2022-03-01T00:00:00+00:00
AIRFLOW_CTX_DAG_RUN_ID=scheduled__2022-03-01T00:00:00+00:00
[2022-03-21 10:13:54,259] {bash.py:135} INFO - Tmp dir root location: 
 /tmp
[2022-03-21 10:13:54,260] {bash.py:158} INFO - Running command: curl -o /tmp/news_nvidia_2022-03-01_2022-03-02.json https://newsapi.org/v2/everything -G -d from=2022-03-01 -d to=2022-03-02 -d language=en -d q=nvidia -d apiKey=1ddd1951b81c4e9eb662cc118c33ff6a
[2022-03-21 10:13:54,277] {bash.py:169} INFO - Output:
[2022-03-21 10:13:54,301] {bash.py:173} INFO -   % Total    % Received % Xferd  Average Speed   Time    Time     Time  Current
[2022-03-21 10:13:54,306] {bash.py:173} INFO -                                  Dload  Upload   Total   Spent    Left  Speed
[2022-03-21 10:13:54,624] {bash.py:173} INFO -   0     0    0     0    0     0      0      0 --:--:-- --:--:-- --:--:--     0100 16473  100 16473    0     0  50842      0 --:--:-- --:--:-- --:--:-- 50686100 16473  100 16473    0     0  50842      0 --:--:-- --:--:-- --:--:-- 50686
[2022-03-21 10:13:54,625] {bash.py:177} INFO - Command exited with return code 0
[2022-03-21 10:13:54,927] {taskinstance.py:1166} INFO - Marking task as SUCCESS. dag_id=fetch_news, task_id=dowload_desc, execution_date=20220301T000000, start_date=20220321T101353, end_date=20220321T101354
[2022-03-21 10:13:55,270] {taskinstance.py:1220} INFO - 0 downstream tasks scheduled from follow-on schedule check
[2022-03-21 10:13:55,302] {local_task_job.py:146} INFO - Task exited with return code 0
