[2022-03-20 15:06:41,017] {taskinstance.py:851} INFO - Dependencies all met for <TaskInstance: fetch_news.dowload_desc 2022-03-01T00:00:00+00:00 [queued]>
[2022-03-20 15:06:41,068] {taskinstance.py:851} INFO - Dependencies all met for <TaskInstance: fetch_news.dowload_desc 2022-03-01T00:00:00+00:00 [queued]>
[2022-03-20 15:06:41,068] {taskinstance.py:1042} INFO - 
--------------------------------------------------------------------------------
[2022-03-20 15:06:41,068] {taskinstance.py:1043} INFO - Starting attempt 2 of 2
[2022-03-20 15:06:41,069] {taskinstance.py:1044} INFO - 
--------------------------------------------------------------------------------
[2022-03-20 15:06:41,183] {taskinstance.py:1063} INFO - Executing <Task(BashOperator): dowload_desc> on 2022-03-01T00:00:00+00:00
[2022-03-20 15:06:41,226] {standard_task_runner.py:76} INFO - Running: ['airflow', 'tasks', 'run', 'fetch_news', 'dowload_desc', '2022-03-01T00:00:00+00:00', '--job-id', '33', '--pool', 'default_pool', '--raw', '--subdir', 'DAGS_FOLDER/fetch_news.py', '--cfg-path', '/tmp/tmp5apk78s4', '--error-file', '/tmp/tmpkq7rm9yc']
[2022-03-20 15:06:41,227] {standard_task_runner.py:77} INFO - Job 33: Subtask dowload_desc
[2022-03-20 15:06:41,190] {standard_task_runner.py:52} INFO - Started process 113 to run task
[2022-03-20 15:06:41,400] {logging_mixin.py:104} INFO - Running <TaskInstance: fetch_news.dowload_desc 2022-03-01T00:00:00+00:00 [running]> on host 0b08bfee94e8
[2022-03-20 15:06:41,608] {taskinstance.py:1257} INFO - Exporting the following env vars:
AIRFLOW_CTX_DAG_OWNER=airflow
AIRFLOW_CTX_DAG_ID=fetch_news
AIRFLOW_CTX_TASK_ID=dowload_desc
AIRFLOW_CTX_EXECUTION_DATE=2022-03-01T00:00:00+00:00
AIRFLOW_CTX_DAG_RUN_ID=scheduled__2022-03-01T00:00:00+00:00
[2022-03-20 15:06:41,609] {bash.py:135} INFO - Tmp dir root location: 
 /tmp
[2022-03-20 15:06:41,610] {bash.py:158} INFO - Running command: curl -o news_nvidia_2022-03-01_2022-03-02.json https://newsapi.org/v2/everything -G -d from=2022-03-01 -d to=2022-03-02 -d language=en -d q=nvidia -d apiKey=1ddd1951b81c4e9eb662cc118c33ff6a
[2022-03-20 15:06:41,659] {bash.py:169} INFO - Output:
[2022-03-20 15:06:41,686] {bash.py:173} INFO -   % Total    % Received % Xferd  Average Speed   Time    Time     Time  Current
[2022-03-20 15:06:41,687] {bash.py:173} INFO -                                  Dload  Upload   Total   Spent    Left  Speed
[2022-03-20 15:06:42,748] {bash.py:173} INFO -   0     0    0     0    0     0      0      0 --:--:-- --:--:-- --:--:--     0 46 16473   46  7704    0     0   7658      0  0:00:02  0:00:01  0:00:01  7658100 16473  100 16473    0     0  15366      0  0:00:01  0:00:01 --:--:-- 15366
[2022-03-20 15:06:42,750] {bash.py:177} INFO - Command exited with return code 0
[2022-03-20 15:06:42,787] {taskinstance.py:1166} INFO - Marking task as SUCCESS. dag_id=fetch_news, task_id=dowload_desc, execution_date=20220301T000000, start_date=20220320T150641, end_date=20220320T150642
[2022-03-20 15:06:42,880] {taskinstance.py:1220} INFO - 0 downstream tasks scheduled from follow-on schedule check
[2022-03-20 15:06:42,891] {local_task_job.py:146} INFO - Task exited with return code 0
