[2022-03-20 20:52:14,517] {taskinstance.py:851} INFO - Dependencies all met for <TaskInstance: fetch_news.dowload_desc 2022-03-01T00:00:00+00:00 [queued]>
[2022-03-20 20:52:14,575] {taskinstance.py:851} INFO - Dependencies all met for <TaskInstance: fetch_news.dowload_desc 2022-03-01T00:00:00+00:00 [queued]>
[2022-03-20 20:52:14,575] {taskinstance.py:1042} INFO - 
--------------------------------------------------------------------------------
[2022-03-20 20:52:14,575] {taskinstance.py:1043} INFO - Starting attempt 4 of 4
[2022-03-20 20:52:14,575] {taskinstance.py:1044} INFO - 
--------------------------------------------------------------------------------
[2022-03-20 20:52:14,629] {taskinstance.py:1063} INFO - Executing <Task(BashOperator): dowload_desc> on 2022-03-01T00:00:00+00:00
[2022-03-20 20:52:14,639] {standard_task_runner.py:52} INFO - Started process 241 to run task
[2022-03-20 20:52:14,664] {standard_task_runner.py:76} INFO - Running: ['airflow', 'tasks', 'run', 'fetch_news', 'dowload_desc', '2022-03-01T00:00:00+00:00', '--job-id', '183', '--pool', 'default_pool', '--raw', '--subdir', 'DAGS_FOLDER/fetch_news.py', '--cfg-path', '/tmp/tmpfjlt3sbt', '--error-file', '/tmp/tmpfi7x12wg']
[2022-03-20 20:52:14,677] {standard_task_runner.py:77} INFO - Job 183: Subtask dowload_desc
[2022-03-20 20:52:14,904] {logging_mixin.py:104} INFO - Running <TaskInstance: fetch_news.dowload_desc 2022-03-01T00:00:00+00:00 [running]> on host e39215f0be5b
[2022-03-20 20:52:15,059] {taskinstance.py:1257} INFO - Exporting the following env vars:
AIRFLOW_CTX_DAG_OWNER=airflow
AIRFLOW_CTX_DAG_ID=fetch_news
AIRFLOW_CTX_TASK_ID=dowload_desc
AIRFLOW_CTX_EXECUTION_DATE=2022-03-01T00:00:00+00:00
AIRFLOW_CTX_DAG_RUN_ID=scheduled__2022-03-01T00:00:00+00:00
[2022-03-20 20:52:15,060] {bash.py:135} INFO - Tmp dir root location: 
 /tmp
[2022-03-20 20:52:15,061] {bash.py:158} INFO - Running command: curl -o /tmp/news_nvidia_2022-03-01_2022-03-02.json https://newsapi.org/v2/everything -G -d from=2022-03-01 -d to=2022-03-02 -d language=en -d q=nvidia -d apiKey=1ddd1951b81c4e9eb662cc118c33ff6a
[2022-03-20 20:52:15,093] {bash.py:169} INFO - Output:
[2022-03-20 20:52:15,142] {bash.py:173} INFO -   % Total    % Received % Xferd  Average Speed   Time    Time     Time  Current
[2022-03-20 20:52:15,143] {bash.py:173} INFO -                                  Dload  Upload   Total   Spent    Left  Speed
[2022-03-20 20:52:15,404] {bash.py:173} INFO -   0     0    0     0    0     0      0      0 --:--:-- --:--:-- --:--:--     0  0     0    0     0    0     0      0      0 --:--:-- --:--:-- --:--:--     0100 16473  100 16473    0     0  61237      0 --:--:-- --:--:-- --:--:-- 61011
[2022-03-20 20:52:15,423] {bash.py:177} INFO - Command exited with return code 0
[2022-03-20 20:52:15,532] {taskinstance.py:1166} INFO - Marking task as SUCCESS. dag_id=fetch_news, task_id=dowload_desc, execution_date=20220301T000000, start_date=20220320T205214, end_date=20220320T205215
[2022-03-20 20:52:15,614] {taskinstance.py:1220} INFO - 0 downstream tasks scheduled from follow-on schedule check
[2022-03-20 20:52:15,658] {local_task_job.py:146} INFO - Task exited with return code 0
