[2022-03-21 16:43:51,922] {taskinstance.py:851} INFO - Dependencies all met for <TaskInstance: fetch_news.prepare_insert 2022-03-15T00:00:00+00:00 [queued]>
[2022-03-21 16:43:52,006] {taskinstance.py:851} INFO - Dependencies all met for <TaskInstance: fetch_news.prepare_insert 2022-03-15T00:00:00+00:00 [queued]>
[2022-03-21 16:43:52,007] {taskinstance.py:1042} INFO - 
--------------------------------------------------------------------------------
[2022-03-21 16:43:52,007] {taskinstance.py:1043} INFO - Starting attempt 10 of 10
[2022-03-21 16:43:52,007] {taskinstance.py:1044} INFO - 
--------------------------------------------------------------------------------
[2022-03-21 16:43:52,026] {taskinstance.py:1063} INFO - Executing <Task(PythonOperator): prepare_insert> on 2022-03-15T00:00:00+00:00
[2022-03-21 16:43:52,030] {standard_task_runner.py:52} INFO - Started process 129 to run task
[2022-03-21 16:43:52,040] {standard_task_runner.py:76} INFO - Running: ['airflow', 'tasks', 'run', 'fetch_news', 'prepare_insert', '2022-03-15T00:00:00+00:00', '--job-id', '670', '--pool', 'default_pool', '--raw', '--subdir', 'DAGS_FOLDER/fetch_news.py', '--cfg-path', '/tmp/tmpe42i5qcp', '--error-file', '/tmp/tmp18j6zf50']
[2022-03-21 16:43:52,043] {standard_task_runner.py:77} INFO - Job 670: Subtask prepare_insert
[2022-03-21 16:43:52,178] {logging_mixin.py:104} INFO - Running <TaskInstance: fetch_news.prepare_insert 2022-03-15T00:00:00+00:00 [running]> on host dd6a275532f2
[2022-03-21 16:43:52,340] {taskinstance.py:1257} INFO - Exporting the following env vars:
AIRFLOW_CTX_DAG_OWNER=airflow
AIRFLOW_CTX_DAG_ID=fetch_news
AIRFLOW_CTX_TASK_ID=prepare_insert
AIRFLOW_CTX_EXECUTION_DATE=2022-03-15T00:00:00+00:00
AIRFLOW_CTX_DAG_RUN_ID=scheduled__2022-03-15T00:00:00+00:00
[2022-03-21 16:43:52,341] {logging_mixin.py:104} INFO - /tmp/news_nvidia_2022-03-15_2022-03-16.sql
[2022-03-21 16:43:52,352] {logging_mixin.py:104} INFO - delete from NEWS.NEWS_COMPANY where cast('{delete_date}' as DATE) = cast(PUBLISH_DATE as DATE)
insert into NEWS.NEWS_COMPANY(COMPANY, SOURCE_NAME, AUTHOR, TITLE, DESCRIPTION, CONTENT, URL, IMG_URL, PUBLISH_DATE) 
                    values('nvidia','CNET','Attila Tomaschek','Arm Turns to Layoffs After Nvidia Deal Falls Through - CNET','The chipmaker could be cutting nearly 1,000 jobs in the US and UK.','Arm"s layoffs could affect close to 1,000 employees in the US and UK.
Arm; Illustration by Stephen Shankland/CNET
Chipmaker Arm, owned by Japanese tech giant SoftBank, is making plans for layoffs a… [+812 chars]','https://www.cnet.com/tech/computing/arm-turns-to-layoffs-after-nvidia-deal-falls-through/','https://www.cnet.com/a/img/resize/08d20a65b2743620a4e640e17704a9cfd831ec04/2021/05/25/e27405fa-f6b3-4069-97c0-0367bf76f704/arm-cortex-x2-gradient.jpg?auto=webp&fit=crop&height=630&width=1200',cast('2022-03-15T14:09:00Z' as TIMESTAMP));
insert into NEWS.NEWS_COMPANY(COMPANY, SOURCE_NAME, AUTHOR, TITLE, DESCRIPTION, CONTENT, URL, IMG_URL, PUBLISH_DATE) 
                    values('nvidia','The Guardian','Guardian staff and agency','UK chipmaker Arm to cut up to 1,000 jobs after $40bn sale collapses','Company says most of redundancies will be in UK and US after Nvidia takeover falls throughArm is planning to cut up to 15% of its workforce, the UK computer chipmaker said on Monday, just over a month after the collapse of the firm’s $40bn (£30bn) sale to its…','Arm is planning to cut up to 15% of its workforce, the UK computer chipmaker said on Monday, just over a month after the collapse of the firms $40bn (£30bn) sale to its US rival Nvidia.
The Cambridg… [+1935 chars]','https://amp.theguardian.com/business/2022/mar/15/uk-chipmaker-arm-cut-jobs-sale-uk-us-nvidia','https://i.guim.co.uk/img/media/53a75422501b0fae23bbc4b9b7c5d4a706f39228/0_331_3500_2100/master/3500.jpg?width=1200&height=630&quality=85&auto=format&fit=crop&overlay-align=bottom%2Cleft&overlay-width=100p&overlay-base64=L2ltZy9zdGF0aWMvb3ZlcmxheXMvdGctZGVmYXVsdC5wbmc&enable=upscale&s=581777fb3b6498f61e13c5cb35f2ddb4',cast('2022-03-15T07:56:12Z' as TIMESTAMP));
insert into NEWS.NEWS_COMPANY(COMPANY, SOURCE_NAME, AUTHOR, TITLE, DESCRIPTION, CONTENT, URL, IMG_URL, PUBLISH_DATE) 
                    values('nvidia','Ars Technica','Scharon Harding','Microsoft promises faster PC game load times with DirectStorage release','Developers will be able to create more detailed virtual worlds, Microsoft says.','Enlarge/ You"ll need an NVMe SSD to use DirectStorage on Windows.
10 with 8 posters participating
PC games can now use DirectStorage, a DirectX 12 Ultimate API that Microsoft announced in 2020. The… [+1872 chars]','https://arstechnica.com/gaming/2022/03/microsoft-promises-faster-pc-game-load-times-with-directstorage-release/','https://cdn.arstechnica.net/wp-content/uploads/2022/03/GettyImages-1166311282-760x380.jpg',cast('2022-03-15T16:21:54Z' as TIMESTAMP));
insert into NEWS.NEWS_COMPANY(COMPANY, SOURCE_NAME, AUTHOR, TITLE, DESCRIPTION, CONTENT, URL, IMG_URL, PUBLISH_DATE) 
                    values('nvidia','Reuters',null,'Futures edge higher ahead of Fed meeting - Reuters.com','U.S. stock index futures edged higher on Tuesday ahead of the Federal Reserve"s two-day policy meeting, with investors also assessing the fallout from fresh COVID-19 restrictions in China.','March 15 (Reuters) - U.S. stock index futures edged higher on Tuesday ahead of the Federal Reserve"s two-day policy meeting, with investors also assessing the fallout from fresh COVID-19 restrictions… [+2016 chars]','https://www.reuters.com/business/futures-edge-higher-ahead-fed-meeting-2022-03-15/','https://www.reuters.com/resizer/aJVSl3ILzWYmWq_Zlcd9g9nreYU=/1200x628/smart/filters:quality(80)/cloudfront-us-east-2.images.arcpublishing.com/reuters/DM65WCYQRJLYZI2XLXN3ETLGYA.jpg',cast('2022-03-15T11:25:00Z' as TIMESTAMP));
insert into NEWS.NEWS_COMPANY(COMPANY, SOURCE_NAME, AUTHOR, TITLE, DESCRIPTION, CONTENT, URL, IMG_URL, PUBLISH_DATE) 
                    values('nvidia','Windows Central','Ben Wilson','The best Alienware desktops to enjoy PC gaming with ease','Building a killer gaming PC can be a daunting task for a novice, with cutting-edge hardware running up costs and compatibility mismatches causing headaches. Even the most hardcore enthusiasts spring for a pre-built machine if individual parts suffer from chip…','Source: Dell
Best
Alienware desktop
Windows Central2022
Building a killer gaming PC can be a daunting task for a novice, with cutting-edge hardware running up costs and compatibility mismatches c… [+8353 chars]','https://www.windowscentral.com/best-alienware-desktop','https://www.windowscentral.com/sites/wpcentral.com/files/styles/large/public/field/image/2022/03/alienware_aurora_r13_motherboard.jpg',cast('2022-03-15T19:48:02Z' as TIMESTAMP));
insert into NEWS.NEWS_COMPANY(COMPANY, SOURCE_NAME, AUTHOR, TITLE, DESCRIPTION, CONTENT, URL, IMG_URL, PUBLISH_DATE) 
                    values('nvidia','Motley Fool','newsfeedback@fool.com (Anders Bylund)','Better Buy: Netflix vs. Nvidia','In a battle of growth-stock giants, one walks away with a clear win.','Few stocks see as much market action as Netflix( NFLX 1.62% ) and Nvidia( NVDA 2.93% ). On an average market day, Netflix shares worth roughly $2.8 billion are changing hands. Nvidia"s daily dollar v… [+3854 chars]','https://www.fool.com/investing/2022/03/15/better-buy-netflix-vs-nvidia/','https://g.foolcdn.com/editorial/images/670503/mature-couple-watching-tv-with-popcorn.jpg',cast('2022-03-15T14:15:00Z' as TIMESTAMP));
insert into NEWS.NEWS_COMPANY(COMPANY, SOURCE_NAME, AUTHOR, TITLE, DESCRIPTION, CONTENT, URL, IMG_URL, PUBLISH_DATE) 
                    values('nvidia','GameSpot','Darryn Bonthuys','Tiny Tina"s Wonderlands PC Requirements Revealed','Ahead of its release this month, Tiny Tina"s Wonderlands developer Gearbox has released the official minimum and recommended settings for the game on PC. Unsurprisingly, you won"t need a gaming rig that doubles as an Nvidia-branded Borg cube as the requiremen…','Ahead of its release this month, Tiny Tina"s Wonderlands developer Gearbox has released the official minimum and recommended settings for the game on PC. Unsurprisingly, you won"t need a gaming rig t… [+2135 chars]','https://www.gamespot.com/articles/tiny-tinas-wonderlands-pc-requirements-revealed/1100-6501525/','https://www.gamespot.com/a/uploads/screen_kubrick/1601/16018044/3952638-tinytinawonderlands.jpg',cast('2022-03-15T16:00:00Z' as TIMESTAMP));
insert into NEWS.NEWS_COMPANY(COMPANY, SOURCE_NAME, AUTHOR, TITLE, DESCRIPTION, CONTENT, URL, IMG_URL, PUBLISH_DATE) 
                    values('nvidia','Motley Fool','newsfeedback@fool.com (Rich Smith)','Why Nvidia Stock Rocketed Higher Today','Cowen sees a bright metaverse future for Nvidia in 2030.','What happened
After three days of uninterrupted selling, shares of semiconductor star Nvidia(NASDAQ:NVDA) soared on Tuesday -- up 6.5% as of 12:10 p.m. ET.
You can probably thank investment bank Co… [+1586 chars]','https://www.fool.com/investing/2022/03/15/why-nvidia-stock-rocketed-higher-today/','https://g.foolcdn.com/editorial/images/670552/concept-art-of-a-rocketship-on-a-laptop-on-a-semiconductor-chip-all-bathed-in-blue.jpg',cast('2022-03-15T17:23:40Z' as TIMESTAMP));
insert into NEWS.NEWS_COMPANY(COMPANY, SOURCE_NAME, AUTHOR, TITLE, DESCRIPTION, CONTENT, URL, IMG_URL, PUBLISH_DATE) 
                    values('nvidia','SlashGear','staff@slashgear.com (Gabriel Moss)','What Is NVIDIA DLSS?','NVIDIA, famous for its powerful graphics cards and AI deep learning technology, has introduced a process called DLSS, or Deep Learning Super Sampling','Video games are becoming far more graphically detailed and environmentally complex than ever before. These vast strides in visual fidelity are made possible in part due to new rendering processes suc… [+901 chars]','https://www.slashgear.com/800166/what-is-nvidia-dlss/','https://www.slashgear.com/img/gallery/what-is-nvidia-dlss/l-intro-1647376045.jpg',cast('2022-03-15T20:30:59Z' as TIMESTAMP));
insert into NEWS.NEWS_COMPANY(COMPANY, SOURCE_NAME, AUTHOR, TITLE, DESCRIPTION, CONTENT, URL, IMG_URL, PUBLISH_DATE) 
                    values('nvidia','Motley Fool','newsfeedback@fool.com (Jose Najarro and Nicholas Rossolillo)','Is Now the Time to Buy Nvidia Stock?','The company is priced for perfection. Does that mean investors should hold off?','In this video clip from "Semiconductor Revolution" on Motley Fool Live,recorded on March 3, Motley Fool contributors Jose Najarro and Nicholas Rossolillo discuss why they"re cautiously bullish on Nvi… [+2058 chars]','https://www.fool.com/investing/2022/03/15/is-now-the-time-to-buy-nvidia-stock/','https://g.foolcdn.com/editorial/images/670591/gettyimages-investorcrypto.jpg',cast('2022-03-15T18:52:40Z' as TIMESTAMP));
insert into NEWS.NEWS_COMPANY(COMPANY, SOURCE_NAME, AUTHOR, TITLE, DESCRIPTION, CONTENT, URL, IMG_URL, PUBLISH_DATE) 
                    values('nvidia','Motley Fool','newsfeedback@fool.com (Jose Najarro, Nicholas Rossolillo, and Billy Duberstein)','Should Investors Worry About Nvidia"s Latest Hack?','Three Motley Fool contributors explain why they"re not worried.','In late Februrary, Nvidia"s ( NVDA 6.51% ) internal network was hacked by a cyber gang known as Lapsus$0. The hackers threatened to begin leaking proprietary information if Nvidia refused to remove t… [+5027 chars]','https://www.fool.com/investing/2022/03/15/should-investors-worry-about-nvidias-latest-hack/','https://g.foolcdn.com/editorial/images/670571/gettyimages-computerhacker.jpg',cast('2022-03-15T18:37:19Z' as TIMESTAMP));
insert into NEWS.NEWS_COMPANY(COMPANY, SOURCE_NAME, AUTHOR, TITLE, DESCRIPTION, CONTENT, URL, IMG_URL, PUBLISH_DATE) 
                    values('nvidia','Theregister.com','Simon Sharwood','Arm to drop up to 15 percent of staff – about 1,000 people','Move along, nothing to see here, totally not slimming down ahead of IPO – or a second IPO in China
Chip designer and licensor to the stars, Arm, has reportedly dropped around 1,000 workers onto unemployment queues.…<!--#include virtual="/data_centre/_whitepap…','Chip designer and licensor to the stars, Arm, has reportedly dropped around 1,000 workers onto unemployment queues.
An email to staff from Arm CEO Rene Haas, seen and reported by the UK"s Daily Tele… [+2329 chars]','https://www.theregister.com/2022/03/15/arm_job_cuts/','https://regmedia.co.uk/2022/03/15/shutterstock_uk_flag_arm.jpg',cast('2022-03-15T05:08:07Z' as TIMESTAMP));
insert into NEWS.NEWS_COMPANY(COMPANY, SOURCE_NAME, AUTHOR, TITLE, DESCRIPTION, CONTENT, URL, IMG_URL, PUBLISH_DATE) 
                    values('nvidia','Motley Fool','newsfeedback@fool.com (Rich Smith)','Why AMD Stock Rocketed Higher Today','A Cowen analyst foresees huge gains for semiconductor stocks this decade.','What happened
After three days of uninterrupted selling, shares of semiconductor stalwart Advanced Micro Devices (NASDAQ:AMD) soared on Tuesday -- up 6.1% as of 2:15 p.m. ET.
Cowen &amp; Co. is at … [+1776 chars]','https://www.fool.com/investing/2022/03/15/why-amd-stock-rocketed-higher-today/','https://g.foolcdn.com/editorial/images/670558/concept-art-of-a-rocketship-on-a-laptop-on-a-semiconductor-chip-all-bathed-in-blue.jpg',cast('2022-03-15T18:19:32Z' as TIMESTAMP));
insert into NEWS.NEWS_COMPANY(COMPANY, SOURCE_NAME, AUTHOR, TITLE, DESCRIPTION, CONTENT, URL, IMG_URL, PUBLISH_DATE) 
                    values('nvidia','New Atlas','Michael Irving','Glasses-free 3D display extends viewing distance for more realistic images','No matter how many times 3D displays emerge and fade, the tech refuses to die. Researchers from Soochow University have now developed a glasses-free 3D display prototype, which uses a series of nanostructured lenses to produce more realistic images that can b…','No matter how many times 3D displays emerge and fade, the tech refuses to die. Researchers from Soochow University have now developed a glasses-free 3D display prototype, which uses a series of nanos… [+2769 chars]','https://newatlas.com/technology/glasses-free-3d-display-nanostructured-lenses/','https://assets.newatlas.com/dims4/default/07d6653/2147483647/strip/true/crop/1080x567+0+119/resize/1200x630!/quality/90/?url=http%3A%2F%2Fnewatlas-brightspot.s3.amazonaws.com%2F47%2F5e%2F86152d1b479d9f2a469f0b173b37%2F3d-lens-2.png',cast('2022-03-15T03:49:49Z' as TIMESTAMP));
insert into NEWS.NEWS_COMPANY(COMPANY, SOURCE_NAME, AUTHOR, TITLE, DESCRIPTION, CONTENT, URL, IMG_URL, PUBLISH_DATE) 
                    values('nvidia','PC Gamer','Hope Corrigan','Nvidia to give away 8 RTX 3090s during GTC','Winning a card is always great, but with the 3090 Ti set to launch soon, a 3090 is bit of an odd choice.','While we"re all hoping to see the end to the GPU shortage, we aren"t quite there yet. GPUs are hard to come by, especially good ones and though prices have started to come back down to Earth, they"re… [+1795 chars]','https://www.pcgamer.com/nvidia-to-give-away-8-rtx-3090s-during-gtc/','https://cdn.mos.cms.futurecdn.net/8M4UAwSpEwh7b4Mbf3zyZL-1200-80.jpg',cast('2022-03-15T02:51:07Z' as TIMESTAMP));
insert into NEWS.NEWS_COMPANY(COMPANY, SOURCE_NAME, AUTHOR, TITLE, DESCRIPTION, CONTENT, URL, IMG_URL, PUBLISH_DATE) 
                    values('nvidia','Seeking Alpha','JR Research','Pros And Cons Of Investing In Nvidia Stock','NVIDIA could announce exciting new developments, contract wins and expanded use cases at its GTC starting on March 21. See the pros and cons of NVDA stock here.','Justin Sullivan/Getty Images News
Investment Thesis
 NVIDIA Corporation"s (NVDA) highly anticipated GTC would occur between March 21-24, as investors parse the latest developments by CEO Jensen Hua… [+10628 chars]','https://seekingalpha.com/article/4495512-pros-cons-investing-nvidia-stock','https://static.seekingalpha.com/cdn/s3/uploads/getty_images/957037022/image_957037022.jpg?io=getty-c-w750',cast('2022-03-15T13:30:00Z' as TIMESTAMP));
insert into NEWS.NEWS_COMPANY(COMPANY, SOURCE_NAME, AUTHOR, TITLE, DESCRIPTION, CONTENT, URL, IMG_URL, PUBLISH_DATE) 
                    values('nvidia','Motley Fool','newsfeedback@fool.com (Billy Duberstein, Nicholas Rossolillo, and Jose Najarro)','Inside Intel"s Self-Driving Spinoff','Can Mobileye help bring autonomous vehicles to the mass market?','At Intel"s ( INTC -0.25% ) recent investor day, the company revealed it would soon be spinning off its Mobileye subsidiary, which develops self-driving cars and driver-assist systems.
In this video … [+4076 chars]','https://www.fool.com/investing/2022/03/15/inside-intels-self-driving-spinoff/','https://g.foolcdn.com/editorial/images/670565/gettyimages-autonomousvehicle.jpg',cast('2022-03-15T17:50:16Z' as TIMESTAMP));
insert into NEWS.NEWS_COMPANY(COMPANY, SOURCE_NAME, AUTHOR, TITLE, DESCRIPTION, CONTENT, URL, IMG_URL, PUBLISH_DATE) 
                    values('nvidia','Neowin','usama.jawad@neowin.net (Usama Jawad)','Arm is laying off 15% of its workforce following failed Nvidia deal','Arm has confirmed that it is cutting nearly 1,000 jobs in the wake of its failed Nvidia deal. The removal of "redundant" personnel will primarily impact those in the U.S. and the UK. Read more...','Last month, we reported that Nvidia"s $40 billion acquisition of UK chipmaker Arm has failed due to regulatory hurdles. Arm is currently owned by Japanese conglomerate SoftBank, which purchased the c… [+1559 chars]','https://www.neowin.net/news/arm-is-laying-off-15-of-its-workforce-following-failed-nvidia-deal/','https://cdn.neow.in/news/images/uploaded/2021/08/1628021487_arm-uk_story.jpg',cast('2022-03-15T13:26:01Z' as TIMESTAMP));
insert into NEWS.NEWS_COMPANY(COMPANY, SOURCE_NAME, AUTHOR, TITLE, DESCRIPTION, CONTENT, URL, IMG_URL, PUBLISH_DATE) 
                    values('nvidia','BBC News','https://www.facebook.com/bbcnews','Chip giant Arm set to axe 15% of its staff after deal fails','The UK technology firm could cut hundreds of jobs after its $40bn sale to US chipmaker Nvidia failed.','Image source, Getty Images
Image caption, There is a global shortage of microchips
British microchip designer Arm Holdings has said it plans to cut up to 15% of its workforce.
The redundancies hav… [+1266 chars]','https://www.bbc.co.uk/news/business-60745707','https://ichef.bbci.co.uk/news/1024/branded_news/6003/production/_123197542_gettyimages-1307216100.jpg',cast('2022-03-15T00:59:32Z' as TIMESTAMP));
insert into NEWS.NEWS_COMPANY(COMPANY, SOURCE_NAME, AUTHOR, TITLE, DESCRIPTION, CONTENT, URL, IMG_URL, PUBLISH_DATE) 
                    values('nvidia','Creative Bloq','beren.neale@futurenet.com (Beren Neale)','The lowest Surface Laptop Studio prices in {month} {year}','The new Surface Laptop Studio can handle the most demanding of digital creative work.','Getting one of the best Surface Laptop Studio deals is a great idea for any creative professional looking to get a premium desktop alternative that can handle all sorts of intense work, and also conf… [+1130 chars]','https://www.creativebloq.com/deals/microsoft-surface-laptop-studio-deals','https://cdn.mos.cms.futurecdn.net/JeybEq2BkNVrqRbtDxoGSf-1200-80.jpg',cast('2022-03-15T12:28:53Z' as TIMESTAMP));
[2022-03-21 16:43:52,353] {logging_mixin.py:104} INFO - 
[2022-03-21 16:43:52,353] {python.py:118} INFO - Done. Returned value was: None
[2022-03-21 16:43:52,380] {taskinstance.py:1166} INFO - Marking task as SUCCESS. dag_id=fetch_news, task_id=prepare_insert, execution_date=20220315T000000, start_date=20220321T164351, end_date=20220321T164352
[2022-03-21 16:43:52,438] {taskinstance.py:1220} INFO - 1 downstream tasks scheduled from follow-on schedule check
[2022-03-21 16:43:52,446] {local_task_job.py:146} INFO - Task exited with return code 0
