[2022-03-20 21:15:02,906] {taskinstance.py:851} INFO - Dependencies all met for <TaskInstance: fetch_news.prepare_insert 2022-03-19T00:00:00+00:00 [queued]>
[2022-03-20 21:15:02,916] {taskinstance.py:851} INFO - Dependencies all met for <TaskInstance: fetch_news.prepare_insert 2022-03-19T00:00:00+00:00 [queued]>
[2022-03-20 21:15:02,917] {taskinstance.py:1042} INFO - 
--------------------------------------------------------------------------------
[2022-03-20 21:15:02,917] {taskinstance.py:1043} INFO - Starting attempt 13 of 13
[2022-03-20 21:15:02,917] {taskinstance.py:1044} INFO - 
--------------------------------------------------------------------------------
[2022-03-20 21:15:02,930] {taskinstance.py:1063} INFO - Executing <Task(PythonOperator): prepare_insert> on 2022-03-19T00:00:00+00:00
[2022-03-20 21:15:02,933] {standard_task_runner.py:52} INFO - Started process 648 to run task
[2022-03-20 21:15:02,936] {standard_task_runner.py:76} INFO - Running: ['airflow', 'tasks', 'run', 'fetch_news', 'prepare_insert', '2022-03-19T00:00:00+00:00', '--job-id', '325', '--pool', 'default_pool', '--raw', '--subdir', 'DAGS_FOLDER/fetch_news.py', '--cfg-path', '/tmp/tmpf6rjigc3', '--error-file', '/tmp/tmpu_38i22u']
[2022-03-20 21:15:02,937] {standard_task_runner.py:77} INFO - Job 325: Subtask prepare_insert
[2022-03-20 21:15:02,978] {logging_mixin.py:104} INFO - Running <TaskInstance: fetch_news.prepare_insert 2022-03-19T00:00:00+00:00 [running]> on host e39215f0be5b
[2022-03-20 21:15:03,022] {taskinstance.py:1257} INFO - Exporting the following env vars:
AIRFLOW_CTX_DAG_OWNER=airflow
AIRFLOW_CTX_DAG_ID=fetch_news
AIRFLOW_CTX_TASK_ID=prepare_insert
AIRFLOW_CTX_EXECUTION_DATE=2022-03-19T00:00:00+00:00
AIRFLOW_CTX_DAG_RUN_ID=scheduled__2022-03-19T00:00:00+00:00
[2022-03-20 21:15:03,023] {logging_mixin.py:104} INFO - /tmp/news_nvidia_2022-03-19_2022-03-20.sql
[2022-03-20 21:15:03,024] {logging_mixin.py:104} INFO - insert into NEWS.NEWS_COMPANY(COMPANY, SOURCE_NAME, AUTHOR, TITLE, DESCRIPTION, CONTENT, URL, IMG_URL, PUBLISH_DATE) 
                    values('nvidia','Engadget','Mariella Moon','GM to buy out SoftBank"s stake in Cruise self-driving unit','General Motors is acquiring SoftBank"s stake in Cruise and pouring even more money into the self-driving unit it purchased in 2016. The auto giant has announced that it"s buying out SoftBank Vision Fund 1"s equity ownership into the company that"s worth $2.1 …','General Motors is acquiring SoftBank"s stake in Cruise and pouring even more money into the self-driving unit it purchased in 2016. The auto giant has announced that it"s buying out SoftBank Vision F… [+1581 chars]','https://www.engadget.com/gm-to-buy-out-soft-bank-and-invest-35-billion-more-into-cruise-141657567.html','https://s.yimg.com/os/creatr-uploaded-images/2022-03/78c88300-a77d-11ec-b575-85505b0b8629','2022-03-19T14:17:08Z');
insert into NEWS.NEWS_COMPANY(COMPANY, SOURCE_NAME, AUTHOR, TITLE, DESCRIPTION, CONTENT, URL, IMG_URL, PUBLISH_DATE) 
                    values('nvidia','Slashdot.org','EditorDavid','More Apple M1 Ultra Benchmarks Show It Doesn"t Beat the Best GPUs from Nvidia and AMD','Tom"s Guide tested a Mac Studio workstation equipped with an M1 Ultra with the Geekbench 5.4 CPU benchmarks "to get a sense of how effectively it handles single-core and multi-core workflows." 

"Since our M1 Ultra is the best you can buy (at a rough price of…','Tom"s Guide tested a Mac Studio workstation equipped with an M1 Ultra with the Geekbench 5.4 CPU benchmarks "to get a sense of how effectively it handles single-core and multi-core workflows.""Since … [+3315 chars]','https://hardware.slashdot.org/story/22/03/19/2031214/more-apple-m1-ultra-benchmarks-show-it-doesnt-beat-the-best-gpus-from-nvidia-and-amd','https://a.fsdn.com/sd/topics/graphics_64.png','2022-03-20T01:34:00Z');
insert into NEWS.NEWS_COMPANY(COMPANY, SOURCE_NAME, AUTHOR, TITLE, DESCRIPTION, CONTENT, URL, IMG_URL, PUBLISH_DATE) 
                    values('nvidia','Kotaku','Zack Zwiezen','Warehouse Employees Steal Over $35,000 Worth Of Video Cards','Three men in Russia were reportedly arrested after stealing 20 Nvidia RTX 3070 TIs from a suburban warehouse. While they successfully made off with the video cards, a haul worth nearly $38,000 USD, they were arrested after trying to sell them to local pawn sh…','Three men in Russia were reportedly arrested after stealing 20 Nvidia RTX 3070 TIs from a suburban warehouse. While they successfully made off with the video cards, a haul worth nearly $38,000 USD, t… [+1811 chars]','https://kotaku.com/video-cards-stolen-warehouse-crime-videogame-rtx-3070-r-1848676335','https://i.kinja-img.com/gawker-media/image/upload/c_fill,f_auto,fl_progressive,g_center,h_675,pg_1,q_80,w_1200/4de4464fcadd121cfa9373deb969a0b8.jpg','2022-03-19T16:03:41Z');
insert into NEWS.NEWS_COMPANY(COMPANY, SOURCE_NAME, AUTHOR, TITLE, DESCRIPTION, CONTENT, URL, IMG_URL, PUBLISH_DATE) 
                    values('nvidia','Motley Fool','newsfeedback@fool.com (Leo Sun)','Better Buy: Meta Platforms vs. Nvidia','Which tech giant is the better long-term investment today?','Meta Platforms( FB 4.16% ) and Nvidia( NVDA 6.81% ) both seemed like unstoppable growth stocks in 2021. After the initial COVID lockdowns, a surge in advertising growth drove Meta"s stock to an all-t… [+5393 chars]','https://www.fool.com/investing/2022/03/19/better-buy-meta-platforms-vs-nvidia/','https://g.foolcdn.com/editorial/images/670864/gettyimages-1322205515.jpg','2022-03-19T13:00:00Z');
insert into NEWS.NEWS_COMPANY(COMPANY, SOURCE_NAME, AUTHOR, TITLE, DESCRIPTION, CONTENT, URL, IMG_URL, PUBLISH_DATE) 
                    values('nvidia','Motley Fool','newsfeedback@fool.com (Jose Najarro)','Nvidia Is on an Acquisition Shopping Spree','Nvidia investors should be aware of these upcoming events.','Today"s video focuses on Nvidia"s ( NVDA 6.81% ) recent stock price action, acquisition updates, and events that investors should watch. Here are some highlights from the video. 
<ul><li>Nvidia will… [+998 chars]','https://www.fool.com/investing/2022/03/19/nvidia-is-on-an-acquisition-shopping-spree/','https://g.foolcdn.com/editorial/images/671057/copy-of-copy-of-copy-of-copy-of-copy-of-copy-of-copy-of-copy-of-buy-or-pass-template-2022-03-18t100121957.png','2022-03-19T14:00:00Z');
insert into NEWS.NEWS_COMPANY(COMPANY, SOURCE_NAME, AUTHOR, TITLE, DESCRIPTION, CONTENT, URL, IMG_URL, PUBLISH_DATE) 
                    values('nvidia','DIYphotography','John Aldred','New Google Chrome extension helps you spot fake photos with 99.29% accuracy','With the rise in AI-generated imagery lately, creating fake images, even very realistic looking human faces is become more widespread and readily available than ever – especially thanks to services like This Person Does Not Exist – which uses NVIDIA tech that…','With the rise in AI-generated imagery lately, creating fake images, even very realistic looking human faces is become more widespread and readily available than ever especially thanks to services lik… [+2058 chars]','https://www.diyphotography.net/new-google-chrome-extension-helps-you-spot-fake-photos-with-99-29-accuracy/','https://www.diyphotography.net/wp-content/uploads/2022/03/real-or-fake.jpg','2022-03-20T17:53:10Z');
insert into NEWS.NEWS_COMPANY(COMPANY, SOURCE_NAME, AUTHOR, TITLE, DESCRIPTION, CONTENT, URL, IMG_URL, PUBLISH_DATE) 
                    values('nvidia','Yahoo Entertainment','Alan Farley','Take Aggressive NVIDIA Profits','The chip giant posted outstanding gains last week, lifting more than 25% to a four-week high.','NVIDIA Corp. (NVDA) posted outstanding gains last week, lifting more than 25% to a four-week high. The turnaround erupted at the 200-day moving average, raising hopes for a sustained bottom and end o… [+2441 chars]','https://finance.yahoo.com/news/aggressive-nvidia-profits-123803446.html','https://s.yimg.com/uu/api/res/1.2/E2QzVwMH5qsl3y_.4i8Eww--~B/aD00MTA7dz02MTU7YXBwaWQ9eXRhY2h5b24-/https://media.zenfs.com/en/fx_empire_176/174370bc9041e041d0fc57559bd65270','2022-03-20T12:38:03Z');
insert into NEWS.NEWS_COMPANY(COMPANY, SOURCE_NAME, AUTHOR, TITLE, DESCRIPTION, CONTENT, URL, IMG_URL, PUBLISH_DATE) 
                    values('nvidia','TechRadar','Darren Allan','Nvidia RTX 3090 Ti price is leaked – but surely the GPU won’t be this expensive?','The spilled price is monstrous, but may just be a placeholder – although there’s a worrying alignment with earlier leaks.','When it comes to the RTX 3090 Ti graphics card, rumored to be arriving at the end of March, there’s been a good deal of speculation about how high Nvidia might go with the price tag – and a fresh lea… [+2108 chars]','https://www.techradar.com/news/nvidia-rtx-3090-ti-price-is-leaked-but-surely-the-gpu-wont-be-this-expensive','https://cdn.mos.cms.futurecdn.net/zqbsmWwNbvZH5eoaNfCRs8-1200-80.jpg','2022-03-19T14:58:03Z');
insert into NEWS.NEWS_COMPANY(COMPANY, SOURCE_NAME, AUTHOR, TITLE, DESCRIPTION, CONTENT, URL, IMG_URL, PUBLISH_DATE) 
                    values('nvidia','Motley Fool','newsfeedback@fool.com (Travis Hoium)','Just One More Reason to Be Bullish on Apple Stock','Apple"s latest development gives it even greater competitive advantage.','The news of Apple"s ( AAPL 2.09% ) latest development could cause considerable industry disruption. In this clip from "The Virtual Opportunities Show" on Motley Fool Live, recorded on March 15, Motle… [+2701 chars]','https://www.fool.com/investing/2022/03/20/just-one-more-reason-to-be-bullish-on-apple-stock/','https://g.foolcdn.com/editorial/images/671177/gettyimages-1319763415.jpg','2022-03-20T12:00:00Z');
insert into NEWS.NEWS_COMPANY(COMPANY, SOURCE_NAME, AUTHOR, TITLE, DESCRIPTION, CONTENT, URL, IMG_URL, PUBLISH_DATE) 
                    values('nvidia','XDA Developers','Karthik Iyer','AMD Ryzen 9 6900HX Review: Can Ryzen 6000 series CPU beat Intel Alder Lake?','Intel created huge waves in the industry with the launch of its 12th-gen Alder Lake CPUs, but AMD isn’t giving up just yet. The AMD Ryzen 6900HX represents the best of what AMD has to offer in terms of the performance with new Ryzen 6000 series chips. This 45…','Intel created huge waves in the industry with the launch of its 12th-gen Alder Lake CPUs, but AMD isn’t giving up just yet. The AMD Ryzen 6900HX represents the best of what AMD has to offer in terms … [+17952 chars]','https://www.xda-developers.com/asus-rog-strix-g15-review/','https://www.xda-developers.com/files/2022/03/ASUS-ROG-Strix-G15-2022-featured-1.jpg','2022-03-20T15:00:54Z');
insert into NEWS.NEWS_COMPANY(COMPANY, SOURCE_NAME, AUTHOR, TITLE, DESCRIPTION, CONTENT, URL, IMG_URL, PUBLISH_DATE) 
                    values('nvidia','Motley Fool','newsfeedback@fool.com (Eric Cuka)','12 Tech Stocks to Buy Now','After the recent stock market correction, which stocks should you buy now?','The stock market has bounced back from its lows, and you are asking yourself, "Which stocks should I buy now?" I"ve got your back! I have a dozen stock picks for you to explore. These tech stocks hav… [+1916 chars]','https://www.fool.com/investing/2022/03/19/12-tech-stocks-to-buy-now/','https://g.foolcdn.com/editorial/images/670936/12-tech-stocks.jpg','2022-03-19T14:00:00Z');
insert into NEWS.NEWS_COMPANY(COMPANY, SOURCE_NAME, AUTHOR, TITLE, DESCRIPTION, CONTENT, URL, IMG_URL, PUBLISH_DATE) 
                    values('nvidia','PC Gamer','Sponsored','The AERO 17 HDR Laptop from Gigabyte has all the power you need to work hard and play harder','With an industry-leading display, 11th Gen Intel chips, and Nvidia RTX 3000 series graphics cards, the Gigabyte AERO 17 HDR laptops have all the power gamers and creative professionals need, and more.','Gamers and creative professionals have one thing in common: they never settle for anything less than the best. Whether it’s getting one more win to beat out the competition or ensuring every image is… [+3626 chars]','https://www.pcgamer.com/the-aero-17-hdr-laptop-from-gigabyte-has-all-the-power-you-need-to-work-hard-and-play-harder/',null,'2022-03-19T14:26:39Z');
insert into NEWS.NEWS_COMPANY(COMPANY, SOURCE_NAME, AUTHOR, TITLE, DESCRIPTION, CONTENT, URL, IMG_URL, PUBLISH_DATE) 
                    values('nvidia','Android Authority','Hadlee Simons','The 8 best Android smartphone processors in history','From the budget tier to full-blown flagships, we take a look at the best Android smartphone processors ever made.','Android smartphone processors come in all shapes and sizes, with everyone from Qualcomm and Mediatek to Samsung and Huawei contributing SoCs over the past decade and a half. In that time, weve even s… [+11318 chars]','https://www.androidauthority.com/best-android-smartphone-processors-history-3110822/','https://www.androidauthority.com/wp-content/uploads/2018/12/Snapdragon-855-chip-4-of-4.jpeg','2022-03-19T10:30:31Z');
insert into NEWS.NEWS_COMPANY(COMPANY, SOURCE_NAME, AUTHOR, TITLE, DESCRIPTION, CONTENT, URL, IMG_URL, PUBLISH_DATE) 
                    values('nvidia','Techviral.net','Farhan Shaikh','Lenovo ThinkBook 14+,16+ Laptops With Nvidia RTX 2050 GPU Launched','Lenovo launched two new laptops on Friday as an addition to the ThinkBook portfolio. Both the laptops run on Windows 11 out-of-box and are powered by 12th Gen Intel Core i5. The laptops are Lenovo ThinkBook 14+ and ThinkBook 16+. Both the devices have Intel I…','Lenovo launched two new laptops on Friday as an addition to the ThinkBook portfolio. Both the laptops run on Windows 11 out-of-box and are powered by 12th Gen Intel Core i5.
The laptops are Lenovo T… [+1715 chars]','https://techviral.net/lenovo-thinkbook-14-16-laptops/','https://techviral.net/wp-content/uploads/2022/03/ThinkBook-Laptops-launched-in-China-1.jpg','2022-03-19T11:35:03Z');
insert into NEWS.NEWS_COMPANY(COMPANY, SOURCE_NAME, AUTHOR, TITLE, DESCRIPTION, CONTENT, URL, IMG_URL, PUBLISH_DATE) 
                    values('nvidia','Neowin','work@buria.me (Taras Buria)','Two years after Chrome and Edge, Firefox is getting AV1 hardware acceleration','In 2020, Microsoft and Google equipped their browsers with hardware acceleration for the AV1 video support. Two years later, Mozilla is finally catching up with the same capability in Firefox. Read more...','According to an update made to a post on Bugzilla, The Mozilla Foundation is finally ready to add hardware acceleration for the AV1 video format. Developers plan to implement improved AV1 support in … [+1751 chars]','https://www.neowin.net/news/two-years-after-chrome-and-edge-firefox-is-getting-av1-hardware-acceleration/','https://cdn.neow.in/news/images/uploaded/2022/03/1647772028_firefox_av1_story.jpg','2022-03-20T11:38:01Z');
insert into NEWS.NEWS_COMPANY(COMPANY, SOURCE_NAME, AUTHOR, TITLE, DESCRIPTION, CONTENT, URL, IMG_URL, PUBLISH_DATE) 
                    values('nvidia','TechSpot','Cohen Coberly','Overwatch 2"s PC-exclusive beta system requirements have been revealed','Come April 26, Overwatch fans will finally be able to take the game"s sequel for a spin. That"s great news, too: after years of development (Overwatch 2 was first announced in 2019) and ongoing turmoil at Activision Blizzard HQ, the title"s future seemed to b…','Highly anticipated: Overwatch took the multiplayer shooter genre by storm when it launched in 2016. It quickly grew in popularity and has since become a worldwide phenomenon, with entire eSports leag… [+2706 chars]','https://www.techspot.com/news/93847-overwatch-2-pc-exclusive-beta-system-requirements-have.html','https://static.techspot.com/images2/news/bigimage/2022/03/2022-03-19-image-2.jpg','2022-03-19T20:46:00Z');
insert into NEWS.NEWS_COMPANY(COMPANY, SOURCE_NAME, AUTHOR, TITLE, DESCRIPTION, CONTENT, URL, IMG_URL, PUBLISH_DATE) 
                    values('nvidia','Neowin','sen92sayan@gmail.com (Sayan Sen)','Here are the best graphics cards for 1080p gaming in 2022 (Part 1)','As GPU prices begin to settle slowly creeping back to their MSRP levels, we look at the best graphics card purchases to make across a wide variety of refresh rates for those that game at 1080p. Read more...','For the longest time, it has been near impossible to purchase graphics cards at fair market prices. A variety of factors like the global chip shortage, cryptocurrency mining, among others, has contri… [+5212 chars]','https://www.neowin.net/news/here-are-the-best-graphics-cards-for-1080p-gaming-in-2022-part-1/','https://cdn.neow.in/news/images/uploaded/2022/03/1647696996_msi_graphics_cards_2_story.jpg','2022-03-20T16:32:01Z');
insert into NEWS.NEWS_COMPANY(COMPANY, SOURCE_NAME, AUTHOR, TITLE, DESCRIPTION, CONTENT, URL, IMG_URL, PUBLISH_DATE) 
                    values('nvidia','SamMobile','Asif S.','Samsung’s Chromebooks could soon support variable refresh rates','A few days ago, Google announced support for Steam on ChromeOS. It’s the most popular game distribution platform for PC games, and it’s now coming to ChromeOS devices, albeit in a beta form for now. In line with that announcement, Google appears to be working…','A few days ago, Google announced support for Steam on ChromeOS. It’s the most popular game distribution platform for PC games, and it’s now coming to ChromeOS devices, albeit in a beta form for now. … [+1459 chars]','https://www.sammobile.com/news/samsung-chromebooks-support-variable-refresh-rates/','https://www.sammobile.com/wp-content/uploads/2021/02/Samsung-Galaxy-Chromebook-Fiesta-Red.jpg-720x405.png','2022-03-20T11:18:00Z');
insert into NEWS.NEWS_COMPANY(COMPANY, SOURCE_NAME, AUTHOR, TITLE, DESCRIPTION, CONTENT, URL, IMG_URL, PUBLISH_DATE) 
                    values('nvidia','Gizchina.com','Marco Lancaster','Nvidia MX570 to boast the same video codec as RXT 2050','NVIDIA has just unveiled the NVIDIA MX150, 250, 350, 450 four-generation MX series graphics cards, all without NVENC / NVDEC video codec units. The info ...
The post Nvidia MX570 to boast the same video codec as RXT 2050 appeared first on Gizchina.com.','NVIDIA has just unveiled the NVIDIA MX150, 250, 350, 450 four-generation MX series graphics cards, all without NVENC / NVDEC video codec units. The info comes straight from industry insiders “Golden … [+2483 chars]','https://www.gizchina.com/2022/03/20/nvidia-mx570-to-boast-the-same-video-codec-as-rxt-2050/','https://www.gizchina.com/wp-content/uploads/images/2022/03/imagem_2022-03-20_170513.png','2022-03-20T20:06:16Z');
insert into NEWS.NEWS_COMPANY(COMPANY, SOURCE_NAME, AUTHOR, TITLE, DESCRIPTION, CONTENT, URL, IMG_URL, PUBLISH_DATE) 
                    values('nvidia','Ozbargain.com.au','MetroCom','[Afterpay] Gigabyte G5 KC 15.6in 144hz i5-10500H RTX 3060P Gaming Laptop Windows 10 Home $1146.65 Delivered @ MetroCom eBay','Original Coupon Deal

Grab this cheap RTX 3060 laptop before the Afterpay promotion ends!

Specs
15.6" Thin Bezel FHD 1920x1080 IPS-level Anti-glare Display LCD (144Hz Refresh Rate)
10th Gen Intel® Core™ i5-10500H (2.5GHz~4.5GHz)
16GB DDR4, 512GB M.2 SSD
NVID…','Original Coupon Deal
Grab this cheap RTX 3060 laptop before the Afterpay promotion ends!
Specs15.6" Thin Bezel FHD 1920x1080 IPS-level Anti-glare Display LCD (144Hz Refresh Rate)10th Gen Intel® Cor… [+129 chars]','https://www.ozbargain.com.au/node/689553','https://files.ozbargain.com.au/n/53/689553l.jpg?h=dca4aa10','2022-03-19T05:40:38Z');
[2022-03-20 21:15:03,024] {logging_mixin.py:104} INFO - 
[2022-03-20 21:15:03,024] {python.py:118} INFO - Done. Returned value was: None
[2022-03-20 21:15:03,036] {taskinstance.py:1166} INFO - Marking task as SUCCESS. dag_id=fetch_news, task_id=prepare_insert, execution_date=20220319T000000, start_date=20220320T211502, end_date=20220320T211503
[2022-03-20 21:15:03,071] {taskinstance.py:1220} INFO - 1 downstream tasks scheduled from follow-on schedule check
[2022-03-20 21:15:03,110] {local_task_job.py:146} INFO - Task exited with return code 0
