[2022-03-20 21:34:13,305] {taskinstance.py:851} INFO - Dependencies all met for <TaskInstance: fetch_news.prepare_insert 2022-03-19T00:00:00+00:00 [queued]>
[2022-03-20 21:34:13,315] {taskinstance.py:851} INFO - Dependencies all met for <TaskInstance: fetch_news.prepare_insert 2022-03-19T00:00:00+00:00 [queued]>
[2022-03-20 21:34:13,315] {taskinstance.py:1042} INFO - 
--------------------------------------------------------------------------------
[2022-03-20 21:34:13,315] {taskinstance.py:1043} INFO - Starting attempt 20 of 20
[2022-03-20 21:34:13,315] {taskinstance.py:1044} INFO - 
--------------------------------------------------------------------------------
[2022-03-20 21:34:13,327] {taskinstance.py:1063} INFO - Executing <Task(PythonOperator): prepare_insert> on 2022-03-19T00:00:00+00:00
[2022-03-20 21:34:13,330] {standard_task_runner.py:52} INFO - Started process 1120 to run task
[2022-03-20 21:34:13,334] {standard_task_runner.py:76} INFO - Running: ['airflow', 'tasks', 'run', 'fetch_news', 'prepare_insert', '2022-03-19T00:00:00+00:00', '--job-id', '497', '--pool', 'default_pool', '--raw', '--subdir', 'DAGS_FOLDER/fetch_news.py', '--cfg-path', '/tmp/tmpql54f1vj', '--error-file', '/tmp/tmpc2qvpxnm']
[2022-03-20 21:34:13,334] {standard_task_runner.py:77} INFO - Job 497: Subtask prepare_insert
[2022-03-20 21:34:13,381] {logging_mixin.py:104} INFO - Running <TaskInstance: fetch_news.prepare_insert 2022-03-19T00:00:00+00:00 [running]> on host e39215f0be5b
[2022-03-20 21:34:13,435] {taskinstance.py:1257} INFO - Exporting the following env vars:
AIRFLOW_CTX_DAG_OWNER=airflow
AIRFLOW_CTX_DAG_ID=fetch_news
AIRFLOW_CTX_TASK_ID=prepare_insert
AIRFLOW_CTX_EXECUTION_DATE=2022-03-19T00:00:00+00:00
AIRFLOW_CTX_DAG_RUN_ID=scheduled__2022-03-19T00:00:00+00:00
[2022-03-20 21:34:13,436] {taskinstance.py:1455} ERROR - [Errno 2] No such file or directory: '/tmp_2022-03-19_2022-03-20/news_nvidia.json'
Traceback (most recent call last):
  File "/home/airflow/.local/lib/python3.6/site-packages/airflow/models/taskinstance.py", line 1112, in _run_raw_task
    self._prepare_and_execute_task_with_callbacks(context, task)
  File "/home/airflow/.local/lib/python3.6/site-packages/airflow/models/taskinstance.py", line 1285, in _prepare_and_execute_task_with_callbacks
    result = self._execute_task(context, task_copy)
  File "/home/airflow/.local/lib/python3.6/site-packages/airflow/models/taskinstance.py", line 1315, in _execute_task
    result = task_copy.execute(context=context)
  File "/home/airflow/.local/lib/python3.6/site-packages/airflow/operators/python.py", line 117, in execute
    return_value = self.execute_callable()
  File "/home/airflow/.local/lib/python3.6/site-packages/airflow/operators/python.py", line 128, in execute_callable
    return self.python_callable(*self.op_args, **self.op_kwargs)
  File "/opt/airflow/dags/fetch_news.py", line 36, in _prepare_insert
    with open(json_file) as f:
FileNotFoundError: [Errno 2] No such file or directory: '/tmp_2022-03-19_2022-03-20/news_nvidia.json'
[2022-03-20 21:34:13,439] {taskinstance.py:1503} INFO - Marking task as FAILED. dag_id=fetch_news, task_id=prepare_insert, execution_date=20220319T000000, start_date=20220320T213413, end_date=20220320T213413
[2022-03-20 21:34:13,467] {local_task_job.py:146} INFO - Task exited with return code 1
