[2022-03-20 21:04:42,826] {taskinstance.py:851} INFO - Dependencies all met for <TaskInstance: fetch_news.prepare_insert 2022-03-19T00:00:00+00:00 [queued]>
[2022-03-20 21:04:42,837] {taskinstance.py:851} INFO - Dependencies all met for <TaskInstance: fetch_news.prepare_insert 2022-03-19T00:00:00+00:00 [queued]>
[2022-03-20 21:04:42,837] {taskinstance.py:1042} INFO - 
--------------------------------------------------------------------------------
[2022-03-20 21:04:42,837] {taskinstance.py:1043} INFO - Starting attempt 9 of 9
[2022-03-20 21:04:42,837] {taskinstance.py:1044} INFO - 
--------------------------------------------------------------------------------
[2022-03-20 21:04:42,851] {taskinstance.py:1063} INFO - Executing <Task(PythonOperator): prepare_insert> on 2022-03-19T00:00:00+00:00
[2022-03-20 21:04:42,854] {standard_task_runner.py:52} INFO - Started process 614 to run task
[2022-03-20 21:04:42,858] {standard_task_runner.py:76} INFO - Running: ['airflow', 'tasks', 'run', 'fetch_news', 'prepare_insert', '2022-03-19T00:00:00+00:00', '--job-id', '312', '--pool', 'default_pool', '--raw', '--subdir', 'DAGS_FOLDER/fetch_news.py', '--cfg-path', '/tmp/tmptxlxoqvy', '--error-file', '/tmp/tmpo5xciahj']
[2022-03-20 21:04:42,858] {standard_task_runner.py:77} INFO - Job 312: Subtask prepare_insert
[2022-03-20 21:04:42,903] {logging_mixin.py:104} INFO - Running <TaskInstance: fetch_news.prepare_insert 2022-03-19T00:00:00+00:00 [running]> on host e39215f0be5b
[2022-03-20 21:04:42,946] {taskinstance.py:1257} INFO - Exporting the following env vars:
AIRFLOW_CTX_DAG_OWNER=airflow
AIRFLOW_CTX_DAG_ID=fetch_news
AIRFLOW_CTX_TASK_ID=prepare_insert
AIRFLOW_CTX_EXECUTION_DATE=2022-03-19T00:00:00+00:00
AIRFLOW_CTX_DAG_RUN_ID=scheduled__2022-03-19T00:00:00+00:00
[2022-03-20 21:04:42,947] {logging_mixin.py:104} INFO - /tmp/news_nvidia_2022-03-19_2022-03-20.sql
[2022-03-20 21:04:42,947] {logging_mixin.py:104} INFO - insert into NEWS.NEWS_COMPANY(COMPANY, SOURCE_NAME, AUTHOR, TITLE, DESCRIPTION, CONTENT, URL, IMG_URL, PUBLISH_DATE) 
                    values(None,None,None,None,None,None,None,None,None);
insert into NEWS.NEWS_COMPANY(COMPANY, SOURCE_NAME, AUTHOR, TITLE, DESCRIPTION, CONTENT, URL, IMG_URL, PUBLISH_DATE) 
                    values(None,None,None,None,None,None,None,None,None);
insert into NEWS.NEWS_COMPANY(COMPANY, SOURCE_NAME, AUTHOR, TITLE, DESCRIPTION, CONTENT, URL, IMG_URL, PUBLISH_DATE) 
                    values(None,None,None,None,None,None,None,None,None);
insert into NEWS.NEWS_COMPANY(COMPANY, SOURCE_NAME, AUTHOR, TITLE, DESCRIPTION, CONTENT, URL, IMG_URL, PUBLISH_DATE) 
                    values(None,None,None,None,None,None,None,None,None);
insert into NEWS.NEWS_COMPANY(COMPANY, SOURCE_NAME, AUTHOR, TITLE, DESCRIPTION, CONTENT, URL, IMG_URL, PUBLISH_DATE) 
                    values(None,None,None,None,None,None,None,None,None);
insert into NEWS.NEWS_COMPANY(COMPANY, SOURCE_NAME, AUTHOR, TITLE, DESCRIPTION, CONTENT, URL, IMG_URL, PUBLISH_DATE) 
                    values(None,None,None,None,None,None,None,None,None);
insert into NEWS.NEWS_COMPANY(COMPANY, SOURCE_NAME, AUTHOR, TITLE, DESCRIPTION, CONTENT, URL, IMG_URL, PUBLISH_DATE) 
                    values(None,None,None,None,None,None,None,None,None);
insert into NEWS.NEWS_COMPANY(COMPANY, SOURCE_NAME, AUTHOR, TITLE, DESCRIPTION, CONTENT, URL, IMG_URL, PUBLISH_DATE) 
                    values(None,None,None,None,None,None,None,None,None);
insert into NEWS.NEWS_COMPANY(COMPANY, SOURCE_NAME, AUTHOR, TITLE, DESCRIPTION, CONTENT, URL, IMG_URL, PUBLISH_DATE) 
                    values(None,None,None,None,None,None,None,None,None);
insert into NEWS.NEWS_COMPANY(COMPANY, SOURCE_NAME, AUTHOR, TITLE, DESCRIPTION, CONTENT, URL, IMG_URL, PUBLISH_DATE) 
                    values(None,None,None,None,None,None,None,None,None);
insert into NEWS.NEWS_COMPANY(COMPANY, SOURCE_NAME, AUTHOR, TITLE, DESCRIPTION, CONTENT, URL, IMG_URL, PUBLISH_DATE) 
                    values(None,None,None,None,None,None,None,None,None);
insert into NEWS.NEWS_COMPANY(COMPANY, SOURCE_NAME, AUTHOR, TITLE, DESCRIPTION, CONTENT, URL, IMG_URL, PUBLISH_DATE) 
                    values(None,None,None,None,None,None,None,null,None);
insert into NEWS.NEWS_COMPANY(COMPANY, SOURCE_NAME, AUTHOR, TITLE, DESCRIPTION, CONTENT, URL, IMG_URL, PUBLISH_DATE) 
                    values(None,None,None,None,None,None,None,None,None);
insert into NEWS.NEWS_COMPANY(COMPANY, SOURCE_NAME, AUTHOR, TITLE, DESCRIPTION, CONTENT, URL, IMG_URL, PUBLISH_DATE) 
                    values(None,None,None,None,None,None,None,None,None);
insert into NEWS.NEWS_COMPANY(COMPANY, SOURCE_NAME, AUTHOR, TITLE, DESCRIPTION, CONTENT, URL, IMG_URL, PUBLISH_DATE) 
                    values(None,None,None,None,None,None,None,None,None);
insert into NEWS.NEWS_COMPANY(COMPANY, SOURCE_NAME, AUTHOR, TITLE, DESCRIPTION, CONTENT, URL, IMG_URL, PUBLISH_DATE) 
                    values(None,None,None,None,None,None,None,None,None);
insert into NEWS.NEWS_COMPANY(COMPANY, SOURCE_NAME, AUTHOR, TITLE, DESCRIPTION, CONTENT, URL, IMG_URL, PUBLISH_DATE) 
                    values(None,None,None,None,None,None,None,None,None);
insert into NEWS.NEWS_COMPANY(COMPANY, SOURCE_NAME, AUTHOR, TITLE, DESCRIPTION, CONTENT, URL, IMG_URL, PUBLISH_DATE) 
                    values(None,None,None,None,None,None,None,None,None);
insert into NEWS.NEWS_COMPANY(COMPANY, SOURCE_NAME, AUTHOR, TITLE, DESCRIPTION, CONTENT, URL, IMG_URL, PUBLISH_DATE) 
                    values(None,None,None,None,None,None,None,None,None);
insert into NEWS.NEWS_COMPANY(COMPANY, SOURCE_NAME, AUTHOR, TITLE, DESCRIPTION, CONTENT, URL, IMG_URL, PUBLISH_DATE) 
                    values(None,None,None,None,None,None,None,None,None);
[2022-03-20 21:04:42,947] {logging_mixin.py:104} INFO - 
[2022-03-20 21:04:42,947] {python.py:118} INFO - Done. Returned value was: None
[2022-03-20 21:04:42,956] {taskinstance.py:1166} INFO - Marking task as SUCCESS. dag_id=fetch_news, task_id=prepare_insert, execution_date=20220319T000000, start_date=20220320T210442, end_date=20220320T210442
[2022-03-20 21:04:43,000] {taskinstance.py:1220} INFO - 1 downstream tasks scheduled from follow-on schedule check
[2022-03-20 21:04:43,031] {local_task_job.py:146} INFO - Task exited with return code 0
