[2022-03-21 16:48:14,367] {taskinstance.py:851} INFO - Dependencies all met for <TaskInstance: fetch_news.write_to_postgres 2022-03-01T00:00:00+00:00 [queued]>
[2022-03-21 16:48:14,410] {taskinstance.py:851} INFO - Dependencies all met for <TaskInstance: fetch_news.write_to_postgres 2022-03-01T00:00:00+00:00 [queued]>
[2022-03-21 16:48:14,410] {taskinstance.py:1042} INFO - 
--------------------------------------------------------------------------------
[2022-03-21 16:48:14,416] {taskinstance.py:1043} INFO - Starting attempt 7 of 7
[2022-03-21 16:48:14,416] {taskinstance.py:1044} INFO - 
--------------------------------------------------------------------------------
[2022-03-21 16:48:14,455] {taskinstance.py:1063} INFO - Executing <Task(PythonOperator): write_to_postgres> on 2022-03-01T00:00:00+00:00
[2022-03-21 16:48:14,458] {standard_task_runner.py:52} INFO - Started process 352 to run task
[2022-03-21 16:48:14,477] {standard_task_runner.py:76} INFO - Running: ['airflow', 'tasks', 'run', 'fetch_news', 'write_to_postgres', '2022-03-01T00:00:00+00:00', '--job-id', '757', '--pool', 'default_pool', '--raw', '--subdir', 'DAGS_FOLDER/fetch_news.py', '--cfg-path', '/tmp/tmp06wkltzr', '--error-file', '/tmp/tmpspblsari']
[2022-03-21 16:48:14,491] {standard_task_runner.py:77} INFO - Job 757: Subtask write_to_postgres
[2022-03-21 16:48:14,616] {logging_mixin.py:104} INFO - Running <TaskInstance: fetch_news.write_to_postgres 2022-03-01T00:00:00+00:00 [running]> on host dd6a275532f2
[2022-03-21 16:48:14,758] {taskinstance.py:1257} INFO - Exporting the following env vars:
AIRFLOW_CTX_DAG_OWNER=airflow
AIRFLOW_CTX_DAG_ID=fetch_news
AIRFLOW_CTX_TASK_ID=write_to_postgres
AIRFLOW_CTX_EXECUTION_DATE=2022-03-01T00:00:00+00:00
AIRFLOW_CTX_DAG_RUN_ID=scheduled__2022-03-01T00:00:00+00:00
[2022-03-21 16:48:14,788] {base.py:74} INFO - Using connection to: id: news_in. Host: postgres, Port: 5432, Schema: , Login: airflow, Password: XXXXXXXX, extra: None
[2022-03-21 16:48:14,800] {dbapi.py:180} INFO - Running statement: delete from NEWS.NEWS_COMPANY where cast('2022-03-01' as DATE) = cast(PUBLISH_DATE as DATE);

insert into NEWS.NEWS_COMPANY(COMPANY, SOURCE_NAME, AUTHOR, TITLE, DESCRIPTION, CONTENT, URL, IMG_URL, PUBLISH_DATE) 

                    values('nvidia','Engadget','Igor Bonifacic','NVIDIA confirms hackers obtained company data in last week"s cyberattack','NVIDIA confirmed Tuesday some of its data was stolen as part of a cyberattack

 that occurred last week. “We are aware that the threat actor took employee credentials and some NVIDIA proprietary information from our systems and has begun leaking it online,” a…','NVIDIA confirmed Tuesday some of its data was stolen as part of a cyberattack

 that occurred last week. We are aware that the threat actor took employee credentials and some NVIDIA proprietary infor… [+1261 chars]','https://www.engadget.com/nvidia-confirms-data-stolen-cyberattack-171259243.html','https://s.yimg.com/os/creatr-uploaded-images/2022-03/a6436bb0-9981-11ec-97fd-efa27ba4c66c',cast('2022-03-01T17:12:59Z' as TIMESTAMP));

insert into NEWS.NEWS_COMPANY(COMPANY, SOURCE_NAME, AUTHOR, TITLE, DESCRIPTION, CONTENT, URL, IMG_URL, PUBLISH_DATE) 

                    values('nvidia','Reuters',null,'Nvidia says employee, company information leaked online after cyber attack - Reuters','U.S. chipmaker Nvidia Corp <a href="https://www.reuters.com/companies/NVDA.O" target="_blank">(NVDA.O)</a> said on Tuesday a cyber attacker has leaked employee credentials and some company proprietary information online after their systems were breached.','March 1 (Reuters) - U.S. chipmaker Nvidia Corp (NVDA.O) said on Tuesday a cyber attacker has leaked employee credentials and some company proprietary information online after their systems were breac… [+1042 chars]','https://www.reuters.com/technology/nvidia-says-employee-company-information-leaked-online-after-cyber-attack-2022-03-01/','https://www.reuters.com/resizer/iumMLOOhdnIrn2xq8E4PAKSxxrw=/1200x628/smart/filters:quality(80)/cloudfront-us-east-2.images.arcpublishing.com/reuters/NUDG7NNF2RMK3EX5TAJTJGC6DQ.jpg',cast('2022-03-01T10:59:00Z' as TIMESTAMP));

insert into NEWS.NEWS_COMPANY(COMPANY, SOURCE_NAME, AUTHOR, TITLE, DESCRIPTION, CONTENT, URL, IMG_URL, PUBLISH_DATE) 

                    values('nvidia','Slashdot.org','msmash','Nvidia Says Employee, Company Information Leaked Online After Cyber Attack','U.S. chipmaker Nvidia said on Tuesday a cyber attacker has leaked employee credentials and some company proprietary information online after their systems were breached. From a report: "We have no evidence of ransomware being deployed on the Nvidia environmen…','The Fine Print: The following comments are owned by whoever posted them. We are not responsible for them in any way.','https://it.slashdot.org/story/22/03/01/1523248/nvidia-says-employee-company-information-leaked-online-after-cyber-attack','https://a.fsdn.com/sd/topics/security_64.png',cast('2022-03-01T15:24:00Z' as TIMESTAMP));

insert into NEWS.NEWS_COMPANY(COMPANY, SOURCE_NAME, AUTHOR, TITLE, DESCRIPTION, CONTENT, URL, IMG_URL, PUBLISH_DATE) 

                    values('nvidia','Digital Trends','Zak Islam','Next-gen Nvidia GPU plans revealed in massive data hack','More information deriving from the recent Nvidia cyber breach has started to emerge, which reportedly reveals details pertaining to the company’s upcoming GPUs.','More information deriving from the recent Nvidia cyber breach has started to emerge, which reportedly reveals details pertaining to the companys upcoming GPUs.

Nvidia has also publicly acknowledged … [+3613 chars]','https://www.digitaltrends.com/computing/next-gen-nvidia-gpu-plans-revealed-in-massive-data-hack/','https://icdn.digitaltrends.com/image/digitaltrends/geforce-rtx-30-series.jpg',cast('2022-03-01T12:54:18Z' as TIMESTAMP));

insert into NEWS.NEWS_COMPANY(COMPANY, SOURCE_NAME, AUTHOR, TITLE, DESCRIPTION, CONTENT, URL, IMG_URL, PUBLISH_DATE) 

                    values('nvidia','Digital Trends','Monica J. White','GPU prices are slowly dropping at long last','Although it"s a slow decline, graphics card prices are steadily dropping. How much did the prices drop in February and what does this mean for the GPU shortage?','Just recently, we reported that graphics card prices may take a big plunge in the coming months. While that is still unconfirmed, we are definitely seeing a decline in GPU pricing.

The prices of som… [+3063 chars]','https://www.digitaltrends.com/computing/graphics-card-prices-slow-decline-february-2022/','https://icdn.digitaltrends.com/image/digitaltrends/rtx-3050-image.jpg',cast('2022-03-01T15:57:56Z' as TIMESTAMP));

insert into NEWS.NEWS_COMPANY(COMPANY, SOURCE_NAME, AUTHOR, TITLE, DESCRIPTION, CONTENT, URL, IMG_URL, PUBLISH_DATE) 

                    values('nvidia','Techmeme.com',null,'Nvidia confirms that hackers have leaked employee data and "some Nvidia proprietary information"; LAPSUS$ group claims it took 1TB data, including source code (Michael Kan/PCMag)','Michael Kan / PCMag:

Nvidia confirms that hackers have leaked employee data and “some Nvidia proprietary information”; LAPSUS$ group claims it took 1TB data, including source code  —  Nvidia has confirmed that hackers stole data from the company during last w…','CB Insights Newsletter

724,948 subscribers get our free newsletter to stay a step ahead on technology trends, venture capital, startups, and the industries of tomorrow.','https://www.techmeme.com/220301/p21','https://i.pcmag.com/imagery/articles/07ktajRVU7bQkiv42wHvXOZ-1.fit_lim.size_1200x630.v1646139981.jpg',cast('2022-03-01T14:42:59Z' as TIMESTAMP));

insert into NEWS.NEWS_COMPANY(COMPANY, SOURCE_NAME, AUTHOR, TITLE, DESCRIPTION, CONTENT, URL, IMG_URL, PUBLISH_DATE) 

                    values('nvidia','TechCrunch','Carly Page','Nvidia says hackers are leaking company data after ransomware attack','Nvidia has confirmed that hackers stole sensitive data from its networks, including employee credentials and proprietary company information, during last...','Nvidia has confirmed that hackers stole sensitive data from its networks, including employee credentials and proprietary company information, during last weeks cyberattack and are now "leaking it onl… [+2338 chars]','https://techcrunch.com/2022/03/01/nvidia-hackers-leak-ransomware/','https://s.yimg.com/ny/api/res/1.2/wukzHpzQsmlgFJc.g_Zb1A--/YXBwaWQ9aGlnaGxhbmRlcjt3PTEyMDA7aD04MDA-/https://s.yimg.com/uu/api/res/1.2/zm7Nllz0nJf7WE4YoQ9d7g--~B/aD0zMzMzO3c9NTAwMDthcHBpZD15dGFjaHlvbg--/https://media.zenfs.com/en/techcrunch_350/8e34bb12c9b55aa6166e515ed29c9c0d',cast('2022-03-01T16:42:50Z' as TIMESTAMP));

insert into NEWS.NEWS_COMPANY(COMPANY, SOURCE_NAME, AUTHOR, TITLE, DESCRIPTION, CONTENT, URL, IMG_URL, PUBLISH_DATE) 

                    values('nvidia','PCWorld','Thiago Trevisan','Nvidia LHR explained: What is a ‘Lite Hash Rate’ GPU?','It’s a tough time to be a PC gamer. A crippling GPU shortage has made buying the best graphics cards next to impossible, and when you can find a GPU, it’s usually at an exorbitant markup. Making matters worse, crypto currencies like Bitcoin and Ethereum have …','Skip to contentType your search and hit enter

It’s a tough time to be a PC gamer. A crippling GPU shortage has made buying the best graphics cards next to impossible, and when you can find a GPU, it… [+4555 chars]','https://www.pcworld.com/article/395041/nvidia-lhr-explained-what-is-a-lite-hash-rate-gpu.html','https://www.pcworld.com/wp-content/uploads/2022/03/rtx-founders-edition-100900233-orig.jpg?quality=50&strip=all&w=1024',cast('2022-03-01T15:30:00Z' as TIMESTAMP));

insert into NEWS.NEWS_COMPANY(COMPANY, SOURCE_NAME, AUTHOR, TITLE, DESCRIPTION, CONTENT, URL, IMG_URL, PUBLISH_DATE) 

                    values('nvidia','Eurogamer.net','Mark Harrison','Get an Nvidia 3060 for a discounted price of £522','If you"re in the market for one of NVIDIA"s 30-series graphics cards, then unfortunately you"re still going to have to pay well above the expected retail price to get one right now.That doesn"t mean that you still can"t get a good cost to performance ratio wh…','If you"re in the market for one of NVIDIA"s 30-series graphics cards, then unfortunately you"re still going to have to pay well above the expected retail price to get one right now.

That doesn"t mea… [+1264 chars]','https://www.eurogamer.net/articles/2022-03-01-nvidia-3060-in-stock-and-discounted-right-now','https://images.gnwcdn.com/2022/articles/2022-03-01-10-41/palit_3060_with_box.jpg/EG11/resize/1200x-1/palit_3060_with_box.jpg',cast('2022-03-01T12:16:00Z' as TIMESTAMP));

insert into NEWS.NEWS_COMPANY(COMPANY, SOURCE_NAME, AUTHOR, TITLE, DESCRIPTION, CONTENT, URL, IMG_URL, PUBLISH_DATE) 

                    values('nvidia','PCWorld','Matt Smith','Do G-Sync and FreeSync work over USB-C? Yes, but it’s complicated','AMD’s FreeSync and Nvidia’s G-Sync are must-have features for PC enthusiasts. Each syncs the refresh rate of compatible displays with your graphics card‘s frame rate, providing perfectly smooth motion in most situations. The tech has even come to televisions …','Skip to contentType your search and hit enter

AMD’s FreeSync and Nvidia’s G-Sync are must-have features for PC enthusiasts. Each syncs the refresh rate of compatible displays with your graphics card… [+5494 chars]','https://www.pcworld.com/article/617097/usb-c-and-adaptive-sync-do-g-sync-and-freesync-work-over-usb-c.html','https://www.pcworld.com/wp-content/uploads/2022/03/asus-rog-monitor.jpg?quality=50&strip=all&w=1024',cast('2022-03-01T11:45:00Z' as TIMESTAMP));

insert into NEWS.NEWS_COMPANY(COMPANY, SOURCE_NAME, AUTHOR, TITLE, DESCRIPTION, CONTENT, URL, IMG_URL, PUBLISH_DATE) 

                    values('nvidia','TechRadar','Anthony Spadafora','Hackers threaten to turn every Nvidia GPU into a Bitcoin mining machine','A group of hackers claims to have stolen data from Nvidia that could kill the mining performance limiter in its graphics cards.','The software and firmware data for Nvidia LHR (Lite Hash Rate) GPUs could soon be leaked online if Nvidia fails to meet the demands of the South American hacking group Lapsus$.

Details of the group"… [+2397 chars]','https://www.techradar.com/news/hackers-threaten-to-turn-every-nvidia-gpu-into-a-bitcoin-mining-machine','https://cdn.mos.cms.futurecdn.net/RzdqY6hhVUXJjJYEgfCrVe-1200-80.jpg',cast('2022-03-01T05:03:26Z' as TIMESTAMP));

insert into NEWS.NEWS_COMPANY(COMPANY, SOURCE_NAME, AUTHOR, TITLE, DESCRIPTION, CONTENT, URL, IMG_URL, PUBLISH_DATE) 

                    values('nvidia','IGN','Taylor Lyles','Nvidia Suffers Major Cyberattack, Hackers Threaten to Reverse Crypto Mining Limiter','An Nvidia spokesperson confirmed to IGN that it was recently the victim of a recent cyberattack in which the hackers stole "proprietary information" from the GPU giant.','Nvidia has confirmed that it was recently the victim of a cyberattack, following reportslastweek that its internal systems were compromised. 

In a statement sent to IGN, an Nvidia spokesperson confi… [+1845 chars]','https://www.ign.com/articles/nvidia-hackers-crypto-mining-limiter-reversal-threat','https://assets-prd.ignimgs.com/2022/03/01/nvidia-blogroll-logos-1646144465037.jpg?width=1280',cast('2022-03-01T16:03:43Z' as TIMESTAMP));

insert into NEWS.NEWS_COMPANY(COMPANY, SOURCE_NAME, AUTHOR, TITLE, DESCRIPTION, CONTENT, URL, IMG_URL, PUBLISH_DATE) 

                    values('nvidia','PC Gamer','dave.james@futurenet.com (Dave James)','Nvidia hack reportedly leaks six next-gen GeForce GPU names','But no other genuine details have so far made it out of the stolen data folder.','The reported Nvidia hack has allegedly thrown up the codenames of a bunch of next-gen GPUs, which have now been leaked out to the press. The most pertinent ones for us would be the Lovelace GeForce G… [+3099 chars]','https://www.pcgamer.com/nvidia-hack-reportedly-leaks-six-next-gen-geforce-gpu-names/','https://cdn.mos.cms.futurecdn.net/tSpaPDffEYGLWy3tHovyu7-1200-80.jpg',cast('2022-03-01T14:15:04Z' as TIMESTAMP));

insert into NEWS.NEWS_COMPANY(COMPANY, SOURCE_NAME, AUTHOR, TITLE, DESCRIPTION, CONTENT, URL, IMG_URL, PUBLISH_DATE) 

                    values('nvidia','Fox Business','Lucas Manfredi','Nvidia employee credentials, company data leaked in cybersecurity incident - Fox Business','NVIDIA does not anticipate any disruption to its business or ability to serve its customers as a result of the incident.','Nvidia has confirmed that it was the victim of a cybersecurity incident on Feb. 23 that impacted its IT resources. 

VOLUNTEER HACKERS JOIN UKRAINE"S FIGHT AGAINST RUSSIA

"Shortly after discovering … [+1961 chars]','https://www.foxbusiness.com/technology/nvidia-cybersecurity-incident','https://a57.foxnews.com/static.foxbusiness.com/foxbusiness.com/content/uploads/2021/12/0/0/Nvidia-chips-A.jpg?ve=1&tl=1',cast('2022-03-01T18:56:31Z' as TIMESTAMP));

insert into NEWS.NEWS_COMPANY(COMPANY, SOURCE_NAME, AUTHOR, TITLE, DESCRIPTION, CONTENT, URL, IMG_URL, PUBLISH_DATE) 

                    values('nvidia','CoinDesk','Aoyon Ashraf','Nvidia Hackers Are Selling Software to Bypass Ethereum Hashrate Limiter','LAPSUS$ said it’s selling a customized driver that could help miners get around the hash rate limiter installed on Nvidia’s high-end gaming cards.','The leader in news and information on cryptocurrency, digital assets and the future of money, CoinDesk is a media outlet that strives for the highest journalistic standards and abides by astrict set … [+426 chars]','https://www.coindesk.com/business/2022/03/01/nvidia-hackers-are-selling-software-to-bypass-ethereum-hash-rate-limiter/','https://www.coindesk.com/resizer/Zh7K_qj7ESYEsgHB0ZKgEteqWSU=/1200x628/center/middle/cloudfront-us-east-1.images.arcpublishing.com/coindesk/7VRBAOW5J5B7VO2DTELOTHAR44.jpg',cast('2022-03-01T15:14:56Z' as TIMESTAMP));

insert into NEWS.NEWS_COMPANY(COMPANY, SOURCE_NAME, AUTHOR, TITLE, DESCRIPTION, CONTENT, URL, IMG_URL, PUBLISH_DATE) 

                    values('nvidia','Securityweek.com','Ionut Arghire','NVIDIA Confirms Employee Credentials Stolen in Cyberattack','NVIDIA this week acknowledged that employee credentials were stolen during a cyberattack on February 23 and confirmed the attackers have started leaking the information online.

The compromise occured on February 23 and impacted certain "IT resources," an NVID…','NVIDIA this week acknowledged that employee credentials were stolen during a cyberattack on February 23 and confirmed the attackers have started leaking the information online.

The compromise occure… [+1359 chars]','https://www.securityweek.com/nvidia-confirms-employee-credentials-stolen-cyberattack',null,cast('2022-03-01T16:52:50Z' as TIMESTAMP));

insert into NEWS.NEWS_COMPANY(COMPANY, SOURCE_NAME, AUTHOR, TITLE, DESCRIPTION, CONTENT, URL, IMG_URL, PUBLISH_DATE) 

                    values('nvidia','Motley Fool','newsfeedback@fool.com (Chris Hill)','The Peloton-Chipotle Comparison','Plus other market news and a look at how to talk about money with that special someone in your life.','In one announcement, Peloton ( PTON -4.96% ) announced layoffs, a reduction in its investment in a new factory, and a new CEO. Are these the moves of a company preparing itself to be sold, or of one … [+27310 chars]','https://www.fool.com/investing/2022/03/01/the-peloton-chipotle-comparison/','https://g.foolcdn.com/editorial/images/668203/mfm_20220208.jpg',cast('2022-03-02T00:00:00Z' as TIMESTAMP));

insert into NEWS.NEWS_COMPANY(COMPANY, SOURCE_NAME, AUTHOR, TITLE, DESCRIPTION, CONTENT, URL, IMG_URL, PUBLISH_DATE) 

                    values('nvidia','XDA Developers','João Carrasqueira','PowerToys 0.56 is out with FancyZones and mouse utility improvements','Microsoft has released a new version of its PowerToys suite of tools, bringing it to version 0.56.1. This update focuses less on brand-new features, but it does bring some notable improvements to existing ones, such as FancyZones and the mouse utilities, spec…','Microsoft has released a new version of its PowerToys suite of tools, bringing it to version 0.56.1. This update focuses less on brand-new features, but it does bring some notable improvements to exi… [+5118 chars]','https://www.xda-developers.com/powertoys-0-56-improvements/','https://www.xda-developers.com/files/2021/09/PowerToys-on-the-Microsoft-Store.jpg',cast('2022-03-01T12:10:19Z' as TIMESTAMP));

insert into NEWS.NEWS_COMPANY(COMPANY, SOURCE_NAME, AUTHOR, TITLE, DESCRIPTION, CONTENT, URL, IMG_URL, PUBLISH_DATE) 

                    values('nvidia','Phoronix',null,'Steam Deck, GNOME 42 Advancements & AMD Linux Updates Excited Readers In February','During the course of February on Phoronix were 236 original news articles covering the state of open-source affairs and Linux performance. While the pandemic seems to be lightening up, sadly the ad industry is still in a downward state, but in any event here …','During the course of February on Phoronix were 236 original news articles covering the state of open-source affairs and Linux performance. While the pandemic seems to be lightening up, sadly the ad i… [+12780 chars]','https://www.phoronix.com/scan.php?page=news_item&px=February-2022-Highlights','https://www.phoronix.com/assets/categories/phoronix.jpg',cast('2022-03-01T10:21:01Z' as TIMESTAMP));

insert into NEWS.NEWS_COMPANY(COMPANY, SOURCE_NAME, AUTHOR, TITLE, DESCRIPTION, CONTENT, URL, IMG_URL, PUBLISH_DATE) 

                    values('nvidia','Techpowerup.com','btarunr','NVIDIA DLSS Source Code Leaked','The mother of all cyberattacks hit NVIDIA over the weekend, putting out critical driver source-code, the ability to disable LHR for mining, and even insights into future NVIDIA hardware, such as the Blackwell architecture. An anonymous tipster sent us this sc…','The mother of all cyberattacks hit NVIDIA over the weekend, putting out critical driver source-code, the ability to disable LHR for mining, and even insights into future NVIDIA hardware, such as the … [+752 chars]','https://www.techpowerup.com/292479/nvidia-dlss-source-code-leaked','https://www.techpowerup.com/img/HFoRTgUz8JlMKQ5j.jpg',cast('2022-03-01T10:39:20Z' as TIMESTAMP));
, parameters: None
[2022-03-21 16:48:14,806] {dbapi.py:186} INFO - Rows affected: 1
[2022-03-21 16:48:14,865] {python.py:118} INFO - Done. Returned value was: None
[2022-03-21 16:48:14,921] {taskinstance.py:1166} INFO - Marking task as SUCCESS. dag_id=fetch_news, task_id=write_to_postgres, execution_date=20220301T000000, start_date=20220321T164814, end_date=20220321T164814
[2022-03-21 16:48:14,989] {taskinstance.py:1220} INFO - 0 downstream tasks scheduled from follow-on schedule check
[2022-03-21 16:48:15,009] {local_task_job.py:146} INFO - Task exited with return code 0
