[2022-03-21 16:33:11,931] {taskinstance.py:851} INFO - Dependencies all met for <TaskInstance: fetch_news.prepare_insert 2022-03-16T00:00:00+00:00 [queued]>
[2022-03-21 16:33:12,000] {taskinstance.py:851} INFO - Dependencies all met for <TaskInstance: fetch_news.prepare_insert 2022-03-16T00:00:00+00:00 [queued]>
[2022-03-21 16:33:12,001] {taskinstance.py:1042} INFO - 
--------------------------------------------------------------------------------
[2022-03-21 16:33:12,001] {taskinstance.py:1043} INFO - Starting attempt 10 of 10
[2022-03-21 16:33:12,001] {taskinstance.py:1044} INFO - 
--------------------------------------------------------------------------------
[2022-03-21 16:33:12,076] {taskinstance.py:1063} INFO - Executing <Task(PythonOperator): prepare_insert> on 2022-03-16T00:00:00+00:00
[2022-03-21 16:33:12,113] {standard_task_runner.py:76} INFO - Running: ['airflow', 'tasks', 'run', 'fetch_news', 'prepare_insert', '2022-03-16T00:00:00+00:00', '--job-id', '650', '--pool', 'default_pool', '--raw', '--subdir', 'DAGS_FOLDER/fetch_news.py', '--cfg-path', '/tmp/tmpjgadqdk5', '--error-file', '/tmp/tmps2eh3dgo']
[2022-03-21 16:33:12,114] {standard_task_runner.py:77} INFO - Job 650: Subtask prepare_insert
[2022-03-21 16:33:12,082] {standard_task_runner.py:52} INFO - Started process 75 to run task
[2022-03-21 16:33:12,251] {logging_mixin.py:104} INFO - Running <TaskInstance: fetch_news.prepare_insert 2022-03-16T00:00:00+00:00 [running]> on host dd6a275532f2
[2022-03-21 16:33:12,355] {taskinstance.py:1257} INFO - Exporting the following env vars:
AIRFLOW_CTX_DAG_OWNER=airflow
AIRFLOW_CTX_DAG_ID=fetch_news
AIRFLOW_CTX_TASK_ID=prepare_insert
AIRFLOW_CTX_EXECUTION_DATE=2022-03-16T00:00:00+00:00
AIRFLOW_CTX_DAG_RUN_ID=scheduled__2022-03-16T00:00:00+00:00
[2022-03-21 16:33:12,357] {logging_mixin.py:104} INFO - /tmp/news_nvidia_2022-03-16_2022-03-17.sql
[2022-03-21 16:33:12,357] {logging_mixin.py:104} INFO - insert into NEWS.NEWS_COMPANY(COMPANY, SOURCE_NAME, AUTHOR, TITLE, DESCRIPTION, CONTENT, URL, IMG_URL, PUBLISH_DATE) 
                    values('nvidia','Android Central','jayar.decenella@gmail.com (Jay Bonggolto)','Phone shortages could get worse as Foxconn halts Shenzhen operation','As the number of COVID-19 cases increased, Shenzhen was once again placed under lockdown, forcing Foxconn and other manufacturers to suspend operations in the area.','<ul><li>Foxconn has suspended its production in Shenzhen after authorities placed the city under lockdown along with Shanghai.</li><li>The new restrictions are expected to deal another major blow to … [+1742 chars]','https://www.androidcentral.com/foxconn-stops-shenzhen-factory-production','https://cdn.mos.cms.futurecdn.net/T9TfmdTHjh8MyzuqYkrgek-1200-80.png',cast('2022-03-16T08:41:48Z' as TIMESTAMP));
insert into NEWS.NEWS_COMPANY(COMPANY, SOURCE_NAME, AUTHOR, TITLE, DESCRIPTION, CONTENT, URL, IMG_URL, PUBLISH_DATE) 
                    values('nvidia','Windows Central','Sean Endicott','Arm will cut up to 1,000 jobs, directly affecting up to 15% of employees','As many as 1,000 Arm employees are set to lose their jobs with the company.



What you need to know


Arm will reportedly cut hundreds of employees, which accounts for up to 15% of the company"s workforce.
Arm expanded its workforce after the announcement of…','Arm will cut up to 15% of its workforce according to a report by The Telegraph. Up to 1,000 Arm employees will lose their jobs, the majority of which will be based in the United States and the United… [+1499 chars]','https://www.windowscentral.com/arm-will-cut-15-its-workers-following-failed-acquisition-nvidia','https://www.windowscentral.com/sites/wpcentral.com/files/styles/large/public/field/image/2020/10/surface-pro-x-sq2-ports.jpg',cast('2022-03-16T13:06:10Z' as TIMESTAMP));
insert into NEWS.NEWS_COMPANY(COMPANY, SOURCE_NAME, AUTHOR, TITLE, DESCRIPTION, CONTENT, URL, IMG_URL, PUBLISH_DATE) 
                    values('nvidia','Motley Fool','newsfeedback@fool.com (Rich Smith)','Why Nvidia Stock Keeps Hopping Higher','Wells Fargo has high hopes for Nvidia during GTC 2022 next week.','What happened
Semiconductor star Nvidia( NVDA 6.08% ) is having another great day on Wednesday, with its stock up 5.5% as of 10:55 a.m. ET.
You can thank Wells Fargo for that.
Image source: Getty … [+1835 chars]','https://www.fool.com/investing/2022/03/16/why-nvidia-stock-keeps-hopping-higher/','https://g.foolcdn.com/editorial/images/670722/golden-2022-with-a-green-arrow-pointing-up.jpg',cast('2022-03-16T16:29:38Z' as TIMESTAMP));
insert into NEWS.NEWS_COMPANY(COMPANY, SOURCE_NAME, AUTHOR, TITLE, DESCRIPTION, CONTENT, URL, IMG_URL, PUBLISH_DATE) 
                    values('nvidia','MakeUseOf','Christian Cawley','10 Things To Do After You Have Installed Ubuntu 21.10','Switching to Ubuntu from Windows should go as smoothly as possible. Here are the most important things to do after installing Ubuntu.','Switching to Ubuntu from Windows might be a big step, but it"s one that you want to go as smoothly as possible. Just as you might configure Windows and the desktop theme, install the latest updates, … [+8640 chars]','https://www.makeuseof.com/tag/5-things-right-installing-ubuntu/','https://static1.makeuseofimages.com/wordpress/wp-content/uploads/2022/03/muo-linux-ubuntu-post-install-featured.jpg',cast('2022-03-16T13:45:13Z' as TIMESTAMP));
insert into NEWS.NEWS_COMPANY(COMPANY, SOURCE_NAME, AUTHOR, TITLE, DESCRIPTION, CONTENT, URL, IMG_URL, PUBLISH_DATE) 
                    values('nvidia','GSMArena.com','Ricky','Arm will reportedly lay off 15% of its workers following a failed Nvidia acquisition','Last month, Nvidia officially confirmed that its acquisition of Arm was being terminated due to complications with convincing regulators that the merger would not affect Arm’s free licensing model. Softbank (Japanese investment company and current owner of Ar…','Last month, Nvidia officially confirmed that its acquisition of Arm was being terminated due to complications with convincing regulators that the merger would not affect Arms free licensing model. So… [+1270 chars]','https://www.gsmarena.com/arm_will_reportedly_lay_off_15_of_its_workers_following_a_failed_nvidia_acquisition-news-53577.php','https://fdn.gsmarena.com/imgroot/news/22/03/arm-layoffs-2022/-952x498w6/gsmarena_000.jpg',cast('2022-03-16T03:09:01Z' as TIMESTAMP));
insert into NEWS.NEWS_COMPANY(COMPANY, SOURCE_NAME, AUTHOR, TITLE, DESCRIPTION, CONTENT, URL, IMG_URL, PUBLISH_DATE) 
                    values('nvidia','Digital Trends','Monica J. White','AMD’s next budget GPU may be a killer card — here’s why','Known leaker suggests that AMD Radeon RX 7000 may outperform the previous gen by miles, and will beat Nvidia"s RTX 4000 on power consumption.','The release of AMD’s Radeon RX 7000 graphics cards is still a while away, but we’re already hearing rumors about the performance and power requirements of these next-gen graphics cards.
Today, a kno… [+2735 chars]','https://www.digitaltrends.com/computing/amd-radeon-rx-7000-power-consumption-and-performance-leaks/','https://icdn.digitaltrends.com/image/digitaltrends/amds-rx-6900-xt-2.jpg',cast('2022-03-16T17:25:50Z' as TIMESTAMP));
insert into NEWS.NEWS_COMPANY(COMPANY, SOURCE_NAME, AUTHOR, TITLE, DESCRIPTION, CONTENT, URL, IMG_URL, PUBLISH_DATE) 
                    values('nvidia','TechRadar','Max Slater-Robins','Dell, Intel, and Nvidia are teaming up on a metaverse for professionals','Dell is collaborating with Nvidia to build the infrastructure for the metaverse.','Dell, Nvidia, and Intel are working together on new tools to help designers and creatives collaborate in 3D virtual environments.
The basis is Nvidia"s so-called Omniverse, built for design collabor… [+2127 chars]','https://www.techradar.com/news/dell-intel-and-nvidia-are-working-together-to-create-3d-worlds-for-creators','https://cdn.mos.cms.futurecdn.net/NMYMf2YbF9uwtDScqgyYUR-1200-80.jpg',cast('2022-03-16T13:11:34Z' as TIMESTAMP));
insert into NEWS.NEWS_COMPANY(COMPANY, SOURCE_NAME, AUTHOR, TITLE, DESCRIPTION, CONTENT, URL, IMG_URL, PUBLISH_DATE) 
                    values('nvidia','Slickdeals.net','joshftw','ASRock Radeon RX 6700 XT Challenger D Gaming 12GB GDDR6 Graphics Card $550 via Newegg App + Free S/H','Newegg via Mobile App (link for reference) has *ASRock Radeon RX 6700 XT Challenger D Gaming 12GB GDDR6 Graphics Card* on sale for *$549.99* when you *follow instructions below*. *Shipping is free*....','How long would a VGA last before buying a new one?I don"t work for nvidia, but I use GeForce Now and with 50$ / 6 mo. you don"t need a VGA like this, can don"t need to spend on new PC, new CPU, new D… [+130 chars]','https://slickdeals.net/f/15671623-asrock-radeon-rx-6700-xt-challenger-d-gaming-12gb-gddr6-graphics-card-550-via-newegg-app-free-s-h','https://static.slickdealscdn.com/attachment/3/0/5/4/6/7/0/11273923.attach',cast('2022-03-16T11:33:36Z' as TIMESTAMP));
insert into NEWS.NEWS_COMPANY(COMPANY, SOURCE_NAME, AUTHOR, TITLE, DESCRIPTION, CONTENT, URL, IMG_URL, PUBLISH_DATE) 
                    values('nvidia','TechRadar','Max Slater-Robins','Nvidia and IBM have a plan to connect GPUs straight to SSDs','Computing giants Nvidia and IBM detail plan to boost ML training and other tasks.','Nvidia, IBM, and researchers have a plan to make the lives of those working in machine learning a bit easier: connecting GPUs directly to SSDs. 
Detailed in a research paper, the idea is called Big … [+1628 chars]','https://www.techradar.com/news/nvidia-and-ibm-have-a-plan-to-connect-gpus-straight-to-ssds','https://cdn.mos.cms.futurecdn.net/Aa9K2ugMAG9SeAYEQXSue-1200-80.jpg',cast('2022-03-16T15:48:51Z' as TIMESTAMP));
insert into NEWS.NEWS_COMPANY(COMPANY, SOURCE_NAME, AUTHOR, TITLE, DESCRIPTION, CONTENT, URL, IMG_URL, PUBLISH_DATE) 
                    values('nvidia','Windows Central','Robert Carnevale','Dell unleashes new USB-C and 4K UHD gaming monitors','Dell has two new screens for your consideration.



What you need to know


Dell is launching its 32-inch 4K UHD gaming monitor (G3223Q) and 32-inch USB-C gaming monitor (G3223D) during March 2022.
North America is getting everything last, with the USB-C disp…','Dell"s latest two monitors are here for you to peruse and, if you have the cash and the inclination, buy. If you"re in a region that"s not North America or EMEA, you already have access to both of th… [+1697 chars]','https://www.windowscentral.com/dells-latest-32-inch-4k-uhd-and-usb-c-gaming-monitors-are-here','https://www.windowscentral.com/sites/wpcentral.com/files/styles/large/public/field/image/2022/03/g3223q-hero-shot.jpg',cast('2022-03-16T18:15:54Z' as TIMESTAMP));
insert into NEWS.NEWS_COMPANY(COMPANY, SOURCE_NAME, AUTHOR, TITLE, DESCRIPTION, CONTENT, URL, IMG_URL, PUBLISH_DATE) 
                    values('nvidia','Motley Fool','newsfeedback@fool.com (Chris Neiger)','The Best Stocks to Invest $1,000 in Right Now','The market is a bit scary now -- but these long-term tech plays are more than worth your attention.','There"s a lot of news causing the market instability right now. Inflation is at a 40-year high, interest rate hikes are coming from the Federal Reserve, conflict is rising in Europe, and oil prices w… [+4384 chars]','https://www.fool.com/investing/2022/03/16/the-best-stocks-to-invest-1000-in-right-now/','https://g.foolcdn.com/editorial/images/670515/gettyimages-1125856232.jpg',cast('2022-03-16T16:03:53Z' as TIMESTAMP));
insert into NEWS.NEWS_COMPANY(COMPANY, SOURCE_NAME, AUTHOR, TITLE, DESCRIPTION, CONTENT, URL, IMG_URL, PUBLISH_DATE) 
                    values('nvidia','Motley Fool','newsfeedback@fool.com (Stefon Walters)','The Nasdaq"s Soaring and Investors Are Watching These 2 Winning Stocks','These stocks can flourish amid market uncertainty.','The NASDAQ -- which is an acronym for National Association of Securities Dealers Automated Quotations -- is the second-largest stock exchange in the U.S. by market capitalization, trailing only behin… [+3633 chars]','https://www.fool.com/investing/2022/03/16/the-nasdaqs-soaring-and-investors-are-watching-the/','https://g.foolcdn.com/editorial/images/670531/gettyimages-1135420212_qhLvDnA.jpg',cast('2022-03-16T12:51:00Z' as TIMESTAMP));
insert into NEWS.NEWS_COMPANY(COMPANY, SOURCE_NAME, AUTHOR, TITLE, DESCRIPTION, CONTENT, URL, IMG_URL, PUBLISH_DATE) 
                    values('nvidia','PC Gamer','Hope Corrigan','Arm to layoff hundreds of employees after Nvidia buyout failed','That"s potentially up to 1,00 jobs.','The will-they-won"t-they of the Nvidia Arm acquisition had us in suspense until it finally came to an unsuccessful close in February. After a long haul of investigations from governing bodies, eventu… [+2102 chars]','https://www.pcgamer.com/arm-to-layoff-hundreds-of-employees-after-nvidia-buyout-failed/','https://cdn.mos.cms.futurecdn.net/nnp6a8cWmjUP8uk3aumwLS-1200-80.jpg',cast('2022-03-16T04:38:30Z' as TIMESTAMP));
insert into NEWS.NEWS_COMPANY(COMPANY, SOURCE_NAME, AUTHOR, TITLE, DESCRIPTION, CONTENT, URL, IMG_URL, PUBLISH_DATE) 
                    values('nvidia','Motley Fool','newsfeedback@fool.com (Keithen Drury)','3 Red-Hot Stocks That Could Continue to Beat the Market','These companies have consistently grown their revenue throughout many economic periods.','Finding red-hot stocks in this market is difficult. They are present in the energy sector, which includes oil companies, but this industry faces long-term headwinds, and investors might be wary of ho… [+5395 chars]','https://www.fool.com/investing/2022/03/16/3-red-hot-stocks-that-could-continue-to-beat-the-m/','https://g.foolcdn.com/editorial/images/668548/warehouse.jpg',cast('2022-03-16T10:15:00Z' as TIMESTAMP));
insert into NEWS.NEWS_COMPANY(COMPANY, SOURCE_NAME, AUTHOR, TITLE, DESCRIPTION, CONTENT, URL, IMG_URL, PUBLISH_DATE) 
                    values('nvidia','Motley Fool','newsfeedback@fool.com (Harsh Chauhan)','2 Best Metaverse Stocks to Buy in 2022 and Beyond','These companies could win big from the growing adoption of the metaverse.','The metaverse is a hot trend in the tech industry right now as it could usher in a new era of socializing that allows people to work, conduct commerce, play, study, collaborate, or even attend live e… [+6162 chars]','https://www.fool.com/investing/2022/03/16/2-best-metaverse-stocks-to-buy-in-2022-and-beyond/','https://g.foolcdn.com/editorial/images/670363/metaverse-headset-people.jpg',cast('2022-03-16T11:15:00Z' as TIMESTAMP));
insert into NEWS.NEWS_COMPANY(COMPANY, SOURCE_NAME, AUTHOR, TITLE, DESCRIPTION, CONTENT, URL, IMG_URL, PUBLISH_DATE) 
                    values('nvidia','Forbes','Karl Freund, Contributor, 
 Karl Freund, Contributor
 https://www.forbes.com/sites/karlfreund/','SiFive Lands $175M Financing','SyFive, the champion of the open-source RISC-V architecture, is now worth over $2.5B and stands to disrupt the processor industry.','Valued At Over $2.5B, SiFive Is Set To Challenge Arm, And x86 Vendors
SiFive, Inc., today announced it has raised $175 million in a Series F financing round, valuing the RISC-V company at over $2.5 … [+2285 chars]','https://www.forbes.com/sites/karlfreund/2022/03/16/sifive-lands-175m-financing/','https://imageio.forbes.com/specials-images/imageserve/623208f8bc5d2d7c53bf3797/0x0.jpg?format=jpg&width=1200&fit=bounds',cast('2022-03-16T21:25:27Z' as TIMESTAMP));
insert into NEWS.NEWS_COMPANY(COMPANY, SOURCE_NAME, AUTHOR, TITLE, DESCRIPTION, CONTENT, URL, IMG_URL, PUBLISH_DATE) 
                    values('nvidia','Digital Trends','Caleb Denison','I was wrong. Apple TV 4K is the best streamer you can buy','After years of sidelining the Apple TV, we"ve had a change of heart. Here"s why the Apple TV 4K might be the best streamer you can buy.','I havent shown much love for the Apple TV 4K box in the past. A $179 set-top box never made much sense to me when Roku sells one for $40, even though I own several other Apple devices. Recently, thou… [+6757 chars]','https://www.digitaltrends.com/home-theater/why-the-apple-tv-is-the-best-streaming-box-you-can-buy-right-now/','https://icdn.digitaltrends.com/image/digitaltrends/apple-tv-4k-db-14.jpg',cast('2022-03-16T13:05:51Z' as TIMESTAMP));
insert into NEWS.NEWS_COMPANY(COMPANY, SOURCE_NAME, AUTHOR, TITLE, DESCRIPTION, CONTENT, URL, IMG_URL, PUBLISH_DATE) 
                    values('nvidia','The Next Platform',null,'Teaching Kubernetes to Do Fractions and Multiplication on GPUs','When any new abstraction layer comes to compute, it can only think in integers at first, and then it learns to do fractions and finally, if we are lucky –','When any new abstraction layer comes to compute, it can only think in integers at first, and then it learns to do fractions and finally, if we are lucky and we are not always lucky that abstraction l… [+6075 chars]','https://www.nextplatform.com/2022/03/15/teaching-kubernetes-to-do-fractions-and-multiplication-on-gpus/','https://3s81si1s5ygj3mzby34dq6qf-wpengine.netdna-ssl.com/wp-content/uploads/2022/03/run-ai-logo.jpg',cast('2022-03-16T14:51:38Z' as TIMESTAMP));
insert into NEWS.NEWS_COMPANY(COMPANY, SOURCE_NAME, AUTHOR, TITLE, DESCRIPTION, CONTENT, URL, IMG_URL, PUBLISH_DATE) 
                    values('nvidia','PCWorld','Michael Crider','Intel wants in on cloud gaming with its mysterious ‘Project Endgame’','For the last several years Intel has been cranking up its GPU game, and it’s just about ready to step up to Nvidia and AMD with discrete “Arc” graphics cards of its own—at least in some places. But the company is never working on just one thing, and in the la…','Skip to contentType your search and hit enter
For the last several years Intel has been cranking up its GPU game, and it’s just about ready to step up to Nvidia and AMD with discrete “Arc” graphics … [+1866 chars]','https://www.pcworld.com/article/623766/intel-wants-in-on-cloud-gaming-with-project-endgame.html','https://www.pcworld.com/wp-content/uploads/2022/03/thanos-gauntlet-intel-inside.jpg?quality=50&strip=all&w=1024',cast('2022-03-16T15:27:57Z' as TIMESTAMP));
insert into NEWS.NEWS_COMPANY(COMPANY, SOURCE_NAME, AUTHOR, TITLE, DESCRIPTION, CONTENT, URL, IMG_URL, PUBLISH_DATE) 
                    values('nvidia','Network World','Michael Cooney, Michael Cooney','Pluribus extends cloud fabric to Nvidia smartNICs','Pluribus Networks has extended its switch-fabric software to server-based data processing units (DPU)—aka smartNICs—that can lighten the workload for server CPUs.
Pluribus has ported its Unified Cloud Fabric (previously Adaptive Cloud Fabric) software to the…','Pluribus Networks has extended its switch-fabric software to server-based data processing units (DPU)aka smartNICsthat can lighten the workload for server CPUs.
Pluribus has ported its Unified Cloud… [+3570 chars]','https://www.networkworld.com/article/3654148/pluribus-extends-cloud-fabric-to-nvidia-smartnics.html','https://images.idgesg.net/images/idge/imported/imageapi/2022/01/24/10/geometric_architecture_ceiling_structure_lines_connections_networks_perspective_by_brandon_mowinkel_cc0_via_unsplash_2400x1600-100788530-large-100917026-large.jpg?auto=webp&quality=85,70',cast('2022-03-16T20:08:00Z' as TIMESTAMP));
[2022-03-21 16:33:12,357] {logging_mixin.py:104} INFO - 
[2022-03-21 16:33:12,357] {python.py:118} INFO - Done. Returned value was: None
[2022-03-21 16:33:12,375] {taskinstance.py:1166} INFO - Marking task as SUCCESS. dag_id=fetch_news, task_id=prepare_insert, execution_date=20220316T000000, start_date=20220321T163311, end_date=20220321T163312
[2022-03-21 16:33:12,444] {taskinstance.py:1220} INFO - 1 downstream tasks scheduled from follow-on schedule check
[2022-03-21 16:33:12,452] {local_task_job.py:146} INFO - Task exited with return code 0
