[2022-03-20 20:52:39,946] {taskinstance.py:851} INFO - Dependencies all met for <TaskInstance: fetch_news.prepare_insert 2022-03-16T00:00:00+00:00 [queued]>
[2022-03-20 20:52:39,967] {taskinstance.py:851} INFO - Dependencies all met for <TaskInstance: fetch_news.prepare_insert 2022-03-16T00:00:00+00:00 [queued]>
[2022-03-20 20:52:39,968] {taskinstance.py:1042} INFO - 
--------------------------------------------------------------------------------
[2022-03-20 20:52:39,968] {taskinstance.py:1043} INFO - Starting attempt 2 of 2
[2022-03-20 20:52:39,969] {taskinstance.py:1044} INFO - 
--------------------------------------------------------------------------------
[2022-03-20 20:52:40,005] {taskinstance.py:1063} INFO - Executing <Task(PythonOperator): prepare_insert> on 2022-03-16T00:00:00+00:00
[2022-03-20 20:52:40,020] {standard_task_runner.py:52} INFO - Started process 409 to run task
[2022-03-20 20:52:40,036] {standard_task_runner.py:76} INFO - Running: ['airflow', 'tasks', 'run', 'fetch_news', 'prepare_insert', '2022-03-16T00:00:00+00:00', '--job-id', '234', '--pool', 'default_pool', '--raw', '--subdir', 'DAGS_FOLDER/fetch_news.py', '--cfg-path', '/tmp/tmpdmp72z7t', '--error-file', '/tmp/tmpeq4c0qqd']
[2022-03-20 20:52:40,037] {standard_task_runner.py:77} INFO - Job 234: Subtask prepare_insert
[2022-03-20 20:52:40,163] {logging_mixin.py:104} INFO - Running <TaskInstance: fetch_news.prepare_insert 2022-03-16T00:00:00+00:00 [running]> on host e39215f0be5b
[2022-03-20 20:52:40,335] {taskinstance.py:1257} INFO - Exporting the following env vars:
AIRFLOW_CTX_DAG_OWNER=airflow
AIRFLOW_CTX_DAG_ID=fetch_news
AIRFLOW_CTX_TASK_ID=prepare_insert
AIRFLOW_CTX_EXECUTION_DATE=2022-03-16T00:00:00+00:00
AIRFLOW_CTX_DAG_RUN_ID=scheduled__2022-03-16T00:00:00+00:00
[2022-03-20 20:52:40,336] {python.py:118} INFO - Done. Returned value was: None
[2022-03-20 20:52:40,399] {taskinstance.py:1166} INFO - Marking task as SUCCESS. dag_id=fetch_news, task_id=prepare_insert, execution_date=20220316T000000, start_date=20220320T205239, end_date=20220320T205240
[2022-03-20 20:52:40,500] {taskinstance.py:1220} INFO - 0 downstream tasks scheduled from follow-on schedule check
[2022-03-20 20:52:40,520] {local_task_job.py:146} INFO - Task exited with return code 0
