[2022-03-21 10:13:57,129] {taskinstance.py:851} INFO - Dependencies all met for <TaskInstance: fetch_news.dowload_desc 2022-03-17T00:00:00+00:00 [queued]>
[2022-03-21 10:13:57,167] {taskinstance.py:851} INFO - Dependencies all met for <TaskInstance: fetch_news.dowload_desc 2022-03-17T00:00:00+00:00 [queued]>
[2022-03-21 10:13:57,167] {taskinstance.py:1042} INFO - 
--------------------------------------------------------------------------------
[2022-03-21 10:13:57,167] {taskinstance.py:1043} INFO - Starting attempt 11 of 11
[2022-03-21 10:13:57,167] {taskinstance.py:1044} INFO - 
--------------------------------------------------------------------------------
[2022-03-21 10:13:57,209] {taskinstance.py:1063} INFO - Executing <Task(BashOperator): dowload_desc> on 2022-03-17T00:00:00+00:00
[2022-03-21 10:13:57,213] {standard_task_runner.py:52} INFO - Started process 1288 to run task
[2022-03-21 10:13:57,217] {standard_task_runner.py:76} INFO - Running: ['airflow', 'tasks', 'run', 'fetch_news', 'dowload_desc', '2022-03-17T00:00:00+00:00', '--job-id', '548', '--pool', 'default_pool', '--raw', '--subdir', 'DAGS_FOLDER/fetch_news.py', '--cfg-path', '/tmp/tmpxzi41nvh', '--error-file', '/tmp/tmp1h7ws5ys']
[2022-03-21 10:13:57,217] {standard_task_runner.py:77} INFO - Job 548: Subtask dowload_desc
[2022-03-21 10:13:57,372] {logging_mixin.py:104} INFO - Running <TaskInstance: fetch_news.dowload_desc 2022-03-17T00:00:00+00:00 [running]> on host e39215f0be5b
[2022-03-21 10:13:57,617] {taskinstance.py:1257} INFO - Exporting the following env vars:
AIRFLOW_CTX_DAG_OWNER=airflow
AIRFLOW_CTX_DAG_ID=fetch_news
AIRFLOW_CTX_TASK_ID=dowload_desc
AIRFLOW_CTX_EXECUTION_DATE=2022-03-17T00:00:00+00:00
AIRFLOW_CTX_DAG_RUN_ID=scheduled__2022-03-17T00:00:00+00:00
[2022-03-21 10:13:57,618] {bash.py:135} INFO - Tmp dir root location: 
 /tmp
[2022-03-21 10:13:57,623] {bash.py:158} INFO - Running command: curl -o /tmp/news_nvidia_2022-03-17_2022-03-18.json https://newsapi.org/v2/everything -G -d from=2022-03-17 -d to=2022-03-18 -d language=en -d q=nvidia -d apiKey=1ddd1951b81c4e9eb662cc118c33ff6a
[2022-03-21 10:13:57,641] {bash.py:169} INFO - Output:
[2022-03-21 10:13:57,661] {bash.py:173} INFO -   % Total    % Received % Xferd  Average Speed   Time    Time     Time  Current
[2022-03-21 10:13:57,662] {bash.py:173} INFO -                                  Dload  Upload   Total   Spent    Left  Speed
[2022-03-21 10:13:57,969] {bash.py:173} INFO -   0     0    0     0    0     0      0      0 --:--:-- --:--:-- --:--:--     0100 15939  100 15939    0     0  51582      0 --:--:-- --:--:-- --:--:-- 51582
[2022-03-21 10:13:57,971] {bash.py:177} INFO - Command exited with return code 0
[2022-03-21 10:13:58,361] {taskinstance.py:1166} INFO - Marking task as SUCCESS. dag_id=fetch_news, task_id=dowload_desc, execution_date=20220317T000000, start_date=20220321T101357, end_date=20220321T101358
[2022-03-21 10:13:58,966] {taskinstance.py:1220} INFO - 0 downstream tasks scheduled from follow-on schedule check
[2022-03-21 10:13:58,986] {local_task_job.py:146} INFO - Task exited with return code 0
