[2022-03-21 16:47:14,498] {taskinstance.py:851} INFO - Dependencies all met for <TaskInstance: fetch_news.dowload_desc 2022-03-17T00:00:00+00:00 [queued]>
[2022-03-21 16:47:14,525] {taskinstance.py:851} INFO - Dependencies all met for <TaskInstance: fetch_news.dowload_desc 2022-03-17T00:00:00+00:00 [queued]>
[2022-03-21 16:47:14,525] {taskinstance.py:1042} INFO - 
--------------------------------------------------------------------------------
[2022-03-21 16:47:14,526] {taskinstance.py:1043} INFO - Starting attempt 16 of 16
[2022-03-21 16:47:14,528] {taskinstance.py:1044} INFO - 
--------------------------------------------------------------------------------
[2022-03-21 16:47:14,563] {taskinstance.py:1063} INFO - Executing <Task(BashOperator): dowload_desc> on 2022-03-17T00:00:00+00:00
[2022-03-21 16:47:14,568] {standard_task_runner.py:52} INFO - Started process 182 to run task
[2022-03-21 16:47:14,617] {standard_task_runner.py:76} INFO - Running: ['airflow', 'tasks', 'run', 'fetch_news', 'dowload_desc', '2022-03-17T00:00:00+00:00', '--job-id', '696', '--pool', 'default_pool', '--raw', '--subdir', 'DAGS_FOLDER/fetch_news.py', '--cfg-path', '/tmp/tmpou785k1u', '--error-file', '/tmp/tmpc17526i7']
[2022-03-21 16:47:14,624] {standard_task_runner.py:77} INFO - Job 696: Subtask dowload_desc
[2022-03-21 16:47:14,884] {logging_mixin.py:104} INFO - Running <TaskInstance: fetch_news.dowload_desc 2022-03-17T00:00:00+00:00 [running]> on host dd6a275532f2
[2022-03-21 16:47:15,191] {taskinstance.py:1257} INFO - Exporting the following env vars:
AIRFLOW_CTX_DAG_OWNER=airflow
AIRFLOW_CTX_DAG_ID=fetch_news
AIRFLOW_CTX_TASK_ID=dowload_desc
AIRFLOW_CTX_EXECUTION_DATE=2022-03-17T00:00:00+00:00
AIRFLOW_CTX_DAG_RUN_ID=scheduled__2022-03-17T00:00:00+00:00
[2022-03-21 16:47:15,191] {bash.py:135} INFO - Tmp dir root location: 
 /tmp
[2022-03-21 16:47:15,192] {bash.py:158} INFO - Running command: curl -o /tmp/news_nvidia_2022-03-17_2022-03-18.json https://newsapi.org/v2/everything -G -d from=2022-03-17 -d to=2022-03-17 -d language=en -d q=nvidia -d apiKey=1ddd1951b81c4e9eb662cc118c33ff6a
[2022-03-21 16:47:15,202] {bash.py:169} INFO - Output:
[2022-03-21 16:47:15,213] {bash.py:173} INFO -   % Total    % Received % Xferd  Average Speed   Time    Time     Time  Current
[2022-03-21 16:47:15,214] {bash.py:173} INFO -                                  Dload  Upload   Total   Spent    Left  Speed
[2022-03-21 16:47:15,461] {bash.py:173} INFO -   0     0    0     0    0     0      0      0 --:--:-- --:--:-- --:--:--     0100 16964  100 16964    0     0  68959      0 --:--:-- --:--:-- --:--:-- 68959
[2022-03-21 16:47:15,461] {bash.py:177} INFO - Command exited with return code 0
[2022-03-21 16:47:15,529] {taskinstance.py:1166} INFO - Marking task as SUCCESS. dag_id=fetch_news, task_id=dowload_desc, execution_date=20220317T000000, start_date=20220321T164714, end_date=20220321T164715
[2022-03-21 16:47:15,593] {taskinstance.py:1220} INFO - 1 downstream tasks scheduled from follow-on schedule check
[2022-03-21 16:47:15,599] {local_task_job.py:146} INFO - Task exited with return code 0
