[2022-03-20 21:18:54,668] {taskinstance.py:851} INFO - Dependencies all met for <TaskInstance: fetch_news.dowload_desc 2022-03-17T00:00:00+00:00 [queued]>
[2022-03-20 21:18:54,703] {taskinstance.py:851} INFO - Dependencies all met for <TaskInstance: fetch_news.dowload_desc 2022-03-17T00:00:00+00:00 [queued]>
[2022-03-20 21:18:54,704] {taskinstance.py:1042} INFO - 
--------------------------------------------------------------------------------
[2022-03-20 21:18:54,705] {taskinstance.py:1043} INFO - Starting attempt 7 of 7
[2022-03-20 21:18:54,705] {taskinstance.py:1044} INFO - 
--------------------------------------------------------------------------------
[2022-03-20 21:18:54,785] {taskinstance.py:1063} INFO - Executing <Task(BashOperator): dowload_desc> on 2022-03-17T00:00:00+00:00
[2022-03-20 21:18:54,804] {standard_task_runner.py:52} INFO - Started process 742 to run task
[2022-03-20 21:18:54,809] {standard_task_runner.py:76} INFO - Running: ['airflow', 'tasks', 'run', 'fetch_news', 'dowload_desc', '2022-03-17T00:00:00+00:00', '--job-id', '351', '--pool', 'default_pool', '--raw', '--subdir', 'DAGS_FOLDER/fetch_news.py', '--cfg-path', '/tmp/tmp_x87u5ow', '--error-file', '/tmp/tmpkinh43n9']
[2022-03-20 21:18:54,810] {standard_task_runner.py:77} INFO - Job 351: Subtask dowload_desc
[2022-03-20 21:18:55,367] {logging_mixin.py:104} INFO - Running <TaskInstance: fetch_news.dowload_desc 2022-03-17T00:00:00+00:00 [running]> on host e39215f0be5b
[2022-03-20 21:18:55,619] {taskinstance.py:1257} INFO - Exporting the following env vars:
AIRFLOW_CTX_DAG_OWNER=airflow
AIRFLOW_CTX_DAG_ID=fetch_news
AIRFLOW_CTX_TASK_ID=dowload_desc
AIRFLOW_CTX_EXECUTION_DATE=2022-03-17T00:00:00+00:00
AIRFLOW_CTX_DAG_RUN_ID=scheduled__2022-03-17T00:00:00+00:00
[2022-03-20 21:18:55,621] {bash.py:135} INFO - Tmp dir root location: 
 /tmp
[2022-03-20 21:18:55,624] {bash.py:158} INFO - Running command: curl -o /tmp/news_nvidia.json https://newsapi.org/v2/everything -G -d from=2022-03-17 -d to=2022-03-18 -d language=en -d q=nvidia -d apiKey=1ddd1951b81c4e9eb662cc118c33ff6a
[2022-03-20 21:18:55,669] {bash.py:169} INFO - Output:
[2022-03-20 21:18:55,760] {bash.py:173} INFO -   % Total    % Received % Xferd  Average Speed   Time    Time     Time  Current
[2022-03-20 21:18:55,760] {bash.py:173} INFO -                                  Dload  Upload   Total   Spent    Left  Speed
[2022-03-20 21:18:56,052] {bash.py:173} INFO -   0     0    0     0    0     0      0      0 --:--:-- --:--:-- --:--:--     0100 15939  100 15939    0     0  51918      0 --:--:-- --:--:-- --:--:-- 52088
[2022-03-20 21:18:56,054] {bash.py:177} INFO - Command exited with return code 0
[2022-03-20 21:18:56,153] {taskinstance.py:1166} INFO - Marking task as SUCCESS. dag_id=fetch_news, task_id=dowload_desc, execution_date=20220317T000000, start_date=20220320T211854, end_date=20220320T211856
[2022-03-20 21:18:56,396] {taskinstance.py:1220} INFO - 1 downstream tasks scheduled from follow-on schedule check
[2022-03-20 21:18:56,432] {local_task_job.py:146} INFO - Task exited with return code 0
