[2022-03-21 10:00:14,073] {taskinstance.py:851} INFO - Dependencies all met for <TaskInstance: fetch_news.make_temp_dir 2022-03-20T00:00:00+00:00 [queued]>
[2022-03-21 10:00:14,087] {taskinstance.py:851} INFO - Dependencies all met for <TaskInstance: fetch_news.make_temp_dir 2022-03-20T00:00:00+00:00 [queued]>
[2022-03-21 10:00:14,088] {taskinstance.py:1042} INFO - 
--------------------------------------------------------------------------------
[2022-03-21 10:00:14,088] {taskinstance.py:1043} INFO - Starting attempt 3 of 3
[2022-03-21 10:00:14,088] {taskinstance.py:1044} INFO - 
--------------------------------------------------------------------------------
[2022-03-21 10:00:14,105] {taskinstance.py:1063} INFO - Executing <Task(BashOperator): make_temp_dir> on 2022-03-20T00:00:00+00:00
[2022-03-21 10:00:14,112] {standard_task_runner.py:76} INFO - Running: ['airflow', 'tasks', 'run', 'fetch_news', 'make_temp_dir', '2022-03-20T00:00:00+00:00', '--job-id', '512', '--pool', 'default_pool', '--raw', '--subdir', 'DAGS_FOLDER/fetch_news.py', '--cfg-path', '/tmp/tmprwcf105y', '--error-file', '/tmp/tmpg7__0472']
[2022-03-21 10:00:14,108] {standard_task_runner.py:52} INFO - Started process 1167 to run task
[2022-03-21 10:00:14,113] {standard_task_runner.py:77} INFO - Job 512: Subtask make_temp_dir
[2022-03-21 10:00:14,155] {logging_mixin.py:104} INFO - Running <TaskInstance: fetch_news.make_temp_dir 2022-03-20T00:00:00+00:00 [running]> on host e39215f0be5b
[2022-03-21 10:00:14,206] {taskinstance.py:1257} INFO - Exporting the following env vars:
AIRFLOW_CTX_DAG_OWNER=airflow
AIRFLOW_CTX_DAG_ID=fetch_news
AIRFLOW_CTX_TASK_ID=make_temp_dir
AIRFLOW_CTX_EXECUTION_DATE=2022-03-20T00:00:00+00:00
AIRFLOW_CTX_DAG_RUN_ID=scheduled__2022-03-20T00:00:00+00:00
[2022-03-21 10:00:14,207] {bash.py:135} INFO - Tmp dir root location: 
 /tmp
[2022-03-21 10:00:14,208] {bash.py:158} INFO - Running command: mkdir tmp_2022-03-20_2022-03-21
[2022-03-21 10:00:14,220] {bash.py:169} INFO - Output:
[2022-03-21 10:00:14,223] {bash.py:177} INFO - Command exited with return code 0
[2022-03-21 10:00:14,268] {taskinstance.py:1166} INFO - Marking task as SUCCESS. dag_id=fetch_news, task_id=make_temp_dir, execution_date=20220320T000000, start_date=20220321T100014, end_date=20220321T100014
[2022-03-21 10:00:14,310] {taskinstance.py:1220} INFO - 1 downstream tasks scheduled from follow-on schedule check
[2022-03-21 10:00:14,327] {local_task_job.py:146} INFO - Task exited with return code 0
