[2022-03-21 10:03:03,883] {taskinstance.py:851} INFO - Dependencies all met for <TaskInstance: fetch_news.make_temp_dir 2022-03-20T00:00:00+00:00 [queued]>
[2022-03-21 10:03:03,907] {taskinstance.py:851} INFO - Dependencies all met for <TaskInstance: fetch_news.make_temp_dir 2022-03-20T00:00:00+00:00 [queued]>
[2022-03-21 10:03:03,907] {taskinstance.py:1042} INFO - 
--------------------------------------------------------------------------------
[2022-03-21 10:03:03,907] {taskinstance.py:1043} INFO - Starting attempt 4 of 4
[2022-03-21 10:03:03,907] {taskinstance.py:1044} INFO - 
--------------------------------------------------------------------------------
[2022-03-21 10:03:03,922] {taskinstance.py:1063} INFO - Executing <Task(BashOperator): make_temp_dir> on 2022-03-20T00:00:00+00:00
[2022-03-21 10:03:03,926] {standard_task_runner.py:52} INFO - Started process 1174 to run task
[2022-03-21 10:03:03,929] {standard_task_runner.py:76} INFO - Running: ['airflow', 'tasks', 'run', 'fetch_news', 'make_temp_dir', '2022-03-20T00:00:00+00:00', '--job-id', '514', '--pool', 'default_pool', '--raw', '--subdir', 'DAGS_FOLDER/fetch_news.py', '--cfg-path', '/tmp/tmp_4vb5qp4', '--error-file', '/tmp/tmp_9qknxvt']
[2022-03-21 10:03:03,930] {standard_task_runner.py:77} INFO - Job 514: Subtask make_temp_dir
[2022-03-21 10:03:03,974] {logging_mixin.py:104} INFO - Running <TaskInstance: fetch_news.make_temp_dir 2022-03-20T00:00:00+00:00 [running]> on host e39215f0be5b
[2022-03-21 10:03:04,017] {taskinstance.py:1257} INFO - Exporting the following env vars:
AIRFLOW_CTX_DAG_OWNER=airflow
AIRFLOW_CTX_DAG_ID=fetch_news
AIRFLOW_CTX_TASK_ID=make_temp_dir
AIRFLOW_CTX_EXECUTION_DATE=2022-03-20T00:00:00+00:00
AIRFLOW_CTX_DAG_RUN_ID=scheduled__2022-03-20T00:00:00+00:00
[2022-03-21 10:03:04,018] {bash.py:135} INFO - Tmp dir root location: 
 /tmp
[2022-03-21 10:03:04,019] {bash.py:158} INFO - Running command: mkdir tmp_2022-03-20_2022-03-21
[2022-03-21 10:03:04,026] {bash.py:169} INFO - Output:
[2022-03-21 10:03:04,028] {bash.py:177} INFO - Command exited with return code 0
[2022-03-21 10:03:04,065] {taskinstance.py:1166} INFO - Marking task as SUCCESS. dag_id=fetch_news, task_id=make_temp_dir, execution_date=20220320T000000, start_date=20220321T100303, end_date=20220321T100304
[2022-03-21 10:03:04,100] {taskinstance.py:1220} INFO - 1 downstream tasks scheduled from follow-on schedule check
[2022-03-21 10:03:04,143] {local_task_job.py:146} INFO - Task exited with return code 0
