[2022-03-21 10:03:59,593] {taskinstance.py:851} INFO - Dependencies all met for <TaskInstance: fetch_news.make_temp_dir 2022-03-20T00:00:00+00:00 [queued]>
[2022-03-21 10:03:59,604] {taskinstance.py:851} INFO - Dependencies all met for <TaskInstance: fetch_news.make_temp_dir 2022-03-20T00:00:00+00:00 [queued]>
[2022-03-21 10:03:59,604] {taskinstance.py:1042} INFO - 
--------------------------------------------------------------------------------
[2022-03-21 10:03:59,604] {taskinstance.py:1043} INFO - Starting attempt 5 of 5
[2022-03-21 10:03:59,605] {taskinstance.py:1044} INFO - 
--------------------------------------------------------------------------------
[2022-03-21 10:03:59,623] {taskinstance.py:1063} INFO - Executing <Task(BashOperator): make_temp_dir> on 2022-03-20T00:00:00+00:00
[2022-03-21 10:03:59,626] {standard_task_runner.py:52} INFO - Started process 1183 to run task
[2022-03-21 10:03:59,630] {standard_task_runner.py:76} INFO - Running: ['airflow', 'tasks', 'run', 'fetch_news', 'make_temp_dir', '2022-03-20T00:00:00+00:00', '--job-id', '517', '--pool', 'default_pool', '--raw', '--subdir', 'DAGS_FOLDER/fetch_news.py', '--cfg-path', '/tmp/tmpziyzulrm', '--error-file', '/tmp/tmpjmpv5rsy']
[2022-03-21 10:03:59,630] {standard_task_runner.py:77} INFO - Job 517: Subtask make_temp_dir
[2022-03-21 10:03:59,674] {logging_mixin.py:104} INFO - Running <TaskInstance: fetch_news.make_temp_dir 2022-03-20T00:00:00+00:00 [running]> on host e39215f0be5b
[2022-03-21 10:03:59,718] {taskinstance.py:1257} INFO - Exporting the following env vars:
AIRFLOW_CTX_DAG_OWNER=airflow
AIRFLOW_CTX_DAG_ID=fetch_news
AIRFLOW_CTX_TASK_ID=make_temp_dir
AIRFLOW_CTX_EXECUTION_DATE=2022-03-20T00:00:00+00:00
AIRFLOW_CTX_DAG_RUN_ID=scheduled__2022-03-20T00:00:00+00:00
[2022-03-21 10:03:59,719] {bash.py:135} INFO - Tmp dir root location: 
 /tmp
[2022-03-21 10:03:59,720] {bash.py:158} INFO - Running command: mkdir /tmp_2022-03-20_2022-03-21
[2022-03-21 10:03:59,728] {bash.py:169} INFO - Output:
[2022-03-21 10:03:59,730] {bash.py:173} INFO - mkdir: cannot create directory ‘/tmp_2022-03-20_2022-03-21’: Permission denied
[2022-03-21 10:03:59,730] {bash.py:177} INFO - Command exited with return code 1
[2022-03-21 10:03:59,742] {taskinstance.py:1455} ERROR - Bash command failed. The command returned a non-zero exit code.
Traceback (most recent call last):
  File "/home/airflow/.local/lib/python3.6/site-packages/airflow/models/taskinstance.py", line 1112, in _run_raw_task
    self._prepare_and_execute_task_with_callbacks(context, task)
  File "/home/airflow/.local/lib/python3.6/site-packages/airflow/models/taskinstance.py", line 1285, in _prepare_and_execute_task_with_callbacks
    result = self._execute_task(context, task_copy)
  File "/home/airflow/.local/lib/python3.6/site-packages/airflow/models/taskinstance.py", line 1315, in _execute_task
    result = task_copy.execute(context=context)
  File "/home/airflow/.local/lib/python3.6/site-packages/airflow/operators/bash.py", line 180, in execute
    raise AirflowException('Bash command failed. The command returned a non-zero exit code.')
airflow.exceptions.AirflowException: Bash command failed. The command returned a non-zero exit code.
[2022-03-21 10:03:59,744] {taskinstance.py:1503} INFO - Marking task as FAILED. dag_id=fetch_news, task_id=make_temp_dir, execution_date=20220320T000000, start_date=20220321T100359, end_date=20220321T100359
[2022-03-21 10:03:59,804] {local_task_job.py:146} INFO - Task exited with return code 1
