[2022-03-27 12:07:17,193] {taskinstance.py:851} INFO - Dependencies all met for <TaskInstance: fetch_news.write_to_postgres 2022-03-23T00:00:00+00:00 [queued]>
[2022-03-27 12:07:17,203] {taskinstance.py:851} INFO - Dependencies all met for <TaskInstance: fetch_news.write_to_postgres 2022-03-23T00:00:00+00:00 [queued]>
[2022-03-27 12:07:17,203] {taskinstance.py:1042} INFO - 
--------------------------------------------------------------------------------
[2022-03-27 12:07:17,203] {taskinstance.py:1043} INFO - Starting attempt 1 of 1
[2022-03-27 12:07:17,203] {taskinstance.py:1044} INFO - 
--------------------------------------------------------------------------------
[2022-03-27 12:07:17,216] {taskinstance.py:1063} INFO - Executing <Task(PythonOperator): write_to_postgres> on 2022-03-23T00:00:00+00:00
[2022-03-27 12:07:17,222] {standard_task_runner.py:76} INFO - Running: ['airflow', 'tasks', 'run', 'fetch_news', 'write_to_postgres', '2022-03-23T00:00:00+00:00', '--job-id', '787', '--pool', 'default_pool', '--raw', '--subdir', 'DAGS_FOLDER/fetch_news.py', '--cfg-path', '/tmp/tmpp_b42517', '--error-file', '/tmp/tmp6mze3k4j']
[2022-03-27 12:07:17,223] {standard_task_runner.py:77} INFO - Job 787: Subtask write_to_postgres
[2022-03-27 12:07:17,218] {standard_task_runner.py:52} INFO - Started process 63 to run task
[2022-03-27 12:07:17,262] {logging_mixin.py:104} INFO - Running <TaskInstance: fetch_news.write_to_postgres 2022-03-23T00:00:00+00:00 [running]> on host dd6a275532f2
[2022-03-27 12:07:17,301] {taskinstance.py:1257} INFO - Exporting the following env vars:
AIRFLOW_CTX_DAG_OWNER=airflow
AIRFLOW_CTX_DAG_ID=fetch_news
AIRFLOW_CTX_TASK_ID=write_to_postgres
AIRFLOW_CTX_EXECUTION_DATE=2022-03-23T00:00:00+00:00
AIRFLOW_CTX_DAG_RUN_ID=scheduled__2022-03-23T00:00:00+00:00
[2022-03-27 12:07:17,310] {base.py:74} INFO - Using connection to: id: news_in. Host: postgres, Port: 5432, Schema: , Login: airflow, Password: XXXXXXXX, extra: None
[2022-03-27 12:07:17,313] {dbapi.py:180} INFO - Running statement: delete from NEWS.NEWS_COMPANY where cast('2022-03-23' as DATE) = cast(PUBLISH_DATE as DATE);

insert into NEWS.NEWS_COMPANY(COMPANY, SOURCE_NAME, AUTHOR, TITLE, DESCRIPTION, CONTENT, URL, IMG_URL, PUBLISH_DATE) 

                    values('nvidia','Reuters',null,'Nvidia CEO says interested in exploring chip manufacturing with Intel - Reuters.com','Nvidia Corp <a href="https://www.reuters.com/companies/NVDA.O" target="_blank">(NVDA.O)</a> is interested in exploring Intel Corp <a href="https://www.reuters.com/companies/INTC.O" target="_blank">(INTC.O)</a> as a foundry for making its chips, Chief Executiv…','March 23 (Reuters) - Nvidia Corp (NVDA.O) is interested in exploring Intel Corp (INTC.O) as a foundry for making its chips, Chief Executive Officer Jensen Huang said on a call with reporters on Wedne… [+837 chars]','https://www.reuters.com/business/nvidia-ceo-says-interested-exploring-chip-manufacturing-with-intel-2022-03-23/','https://www.reuters.com/resizer/_oDxa9qKjKfs10h_RSPEbYEkOmw=/1200x628/smart/filters:quality(80)/cloudfront-us-east-2.images.arcpublishing.com/reuters/GJSI6L52XJLFJDFZNSI4UYR3QY.jpg',cast('2022-03-23T16:13:00Z' as TIMESTAMP));

insert into NEWS.NEWS_COMPANY(COMPANY, SOURCE_NAME, AUTHOR, TITLE, DESCRIPTION, CONTENT, URL, IMG_URL, PUBLISH_DATE) 

                    values('nvidia','VentureBeat','Jeff Grubb','AMD’s FSR 2.0 is John Henry versus Nvidia DLSS’s machine learning','AMD"s FSR 2.0 is coming soon to games like DeathLoop, and it is closing the gap against Nvidia"s DLSS technology.','GamesBeat Summit 2022 returns with its largest event for leaders in gaming on April 26-28th. Reserve your spot here!

The image-quality battle brewing between AMD and Nvidia is heating up. And this w… [+1834 chars]','https://venturebeat.com/2022/03/23/amds-fsr-2-0-is-john-henry-versus-nvidia-dlsss-machine-learning/','https://venturebeat.com/wp-content/uploads/2022/03/deathloop-fsr.jpg?w=1200&strip=all',cast('2022-03-23T19:08:48Z' as TIMESTAMP));

insert into NEWS.NEWS_COMPANY(COMPANY, SOURCE_NAME, AUTHOR, TITLE, DESCRIPTION, CONTENT, URL, IMG_URL, PUBLISH_DATE) 

                    values('nvidia','Entrepreneur','Entrepreneur Staff','Microsoft confirms to have been attacked by LAPSUS$, what do we know about this hacker group?','Hackers released some of the source code for Bing and Cortana to demonstrate their might; Microsoft is the fourth large company that they manage to violate.','First it was Samsung and Nvidia, then Mercado Libre and now Microsoft . All four companies have been attacked by the LAPSUUS$ hacker group, in some cases exposing sensitive user data. Last Sunday, th… [+2520 chars]','https://www.entrepreneur.com/article/422970','https://assets.entrepreneur.com/content/3x2/2000/1648056842-GettyImages-1237826378.jpg',cast('2022-03-23T19:50:00Z' as TIMESTAMP));

insert into NEWS.NEWS_COMPANY(COMPANY, SOURCE_NAME, AUTHOR, TITLE, DESCRIPTION, CONTENT, URL, IMG_URL, PUBLISH_DATE) 

                    values('nvidia','Digital Trends','Zak Islam','Microsoft hacker LAPSUS$ just claimed yet another victim','The group behind the Nvidia hack has infiltrated another company, digital security authentication firm Okta.','LAPSUS$, the group behind the unprecedented Nvidia hack, has successfully infiltrated another company, digital security authentication firm Okta.

A cybersecurity incident was confirmed to have occur… [+3152 chars]','https://www.digitaltrends.com/computing/microsoft-hacker-lapsus-just-claimed-yet-another-victim/','https://icdn.digitaltrends.com/image/digitaltrends/hacker-in-front-of-computer-hacking-hack-hacked.jpg',cast('2022-03-23T15:29:20Z' as TIMESTAMP));

insert into NEWS.NEWS_COMPANY(COMPANY, SOURCE_NAME, AUTHOR, TITLE, DESCRIPTION, CONTENT, URL, IMG_URL, PUBLISH_DATE) 

                    values('nvidia','CNET','Adrian Marlow','24-Hour Best Buy Flash Sale Features Deals on Laptops, Tablets, TVs and More -- Today Only - CNET','Get great deals on top tech all day long including vacuums, small appliances, headphones and much more before the clock runs out.','Best Buy/Screenshot by CNET

Best Buy just launched a new 24-hour flash sale, with savings on smart TVs, wireless headphones, small appliances and much more. Big brands like Sony, Samsung, Dell, Appl… [+2397 chars]','https://www.cnet.com/tech/24-hour-best-buy-flash-sale-features-deals-on-laptops-tablets-tvs-and-more-today-only/','https://www.cnet.com/a/img/resize/8c73d5f456fadae8f4f21745e5df22585b6ec4be/2022/03/05/198e6cdd-8375-4a84-ad99-e55f645b35e4/asustufgaming.jpg?auto=webp&fit=crop&height=630&width=1200',cast('2022-03-23T13:15:02Z' as TIMESTAMP));

insert into NEWS.NEWS_COMPANY(COMPANY, SOURCE_NAME, AUTHOR, TITLE, DESCRIPTION, CONTENT, URL, IMG_URL, PUBLISH_DATE) 

                    values('nvidia','MarketWatch','Emily Bary','The Ratings Game: Nvidia’s $1 trillion ambitions draw cheers as software becomes a bigger piece of the pie','Nvidia Corp."s pursuit of what it sees as a $1 trillion opportunity won praise from analysts following the company"s investor-day presentation, even though the chipmaker"s stock conveyed a more muted reaction.','Nvidia Corp.s pursuit of what it sees as a $1 trillion opportunity won praise from analysts following the companys investor-day presentation, even though the chipmakers stock conveyed a more muted re… [+3149 chars]','https://www.marketwatch.com/story/nvidias-1-trillion-ambitions-draw-cheers-as-software-becomes-a-bigger-piece-of-the-pie-11648054478','https://images.mktw.net/im-386226/social',cast('2022-03-23T15:54:00Z' as TIMESTAMP));

insert into NEWS.NEWS_COMPANY(COMPANY, SOURCE_NAME, AUTHOR, TITLE, DESCRIPTION, CONTENT, URL, IMG_URL, PUBLISH_DATE) 

                    values('nvidia','Windows Central','Sean Endicott','NVIDIA says PC gamers are willing to spend more than in the past','PC gamers are paying more for NVIDIA GPUs, but the reasoning is up for debate.







What you need to know





PC gamers are spending $300 more on GPUs than the graphics cards that they"re replacing, according to NVIDIA"s Jeff Fisher.

The starting prices of high-e…','The best graphics cards are difficult to get your hands on these days, but people who do manage to order them appear to be willing to pay more than in the past. According to NVIDIA SVP Jeff Fisher, g… [+1616 chars]','https://www.windowscentral.com/pc-gamers-paying-more-nvidia-gpu','https://www.windowscentral.com/sites/wpcentral.com/files/styles/large/public/field/image/2020/10/nvidia-geforce-rtx-3080-12.jpg',cast('2022-03-23T18:03:36Z' as TIMESTAMP));

insert into NEWS.NEWS_COMPANY(COMPANY, SOURCE_NAME, AUTHOR, TITLE, DESCRIPTION, CONTENT, URL, IMG_URL, PUBLISH_DATE) 

                    values('nvidia','Theregister.com','Dylan Martin','How Nvidia is overcoming slowdown issues in GPU clusters','Claims it has cracked the scalability problem with incoming H100

GTC If you"re training a large deep learning model, and you want it to train it faster, you should just throw more GPUs at it, right? Well, that works for a while, but there is actually a limit …','GTC If you"re training a large deep learning model, and you want it to train it faster, you should just throw more GPUs at it, right? Well, that works for a while, but there is actually a limit to th… [+5036 chars]','https://www.theregister.com/2022/03/23/nvidia_slowdown_gpu/','https://regmedia.co.uk/2022/03/23/nvidia_dgx_superpod_h100.jpg',cast('2022-03-23T15:32:01Z' as TIMESTAMP));

insert into NEWS.NEWS_COMPANY(COMPANY, SOURCE_NAME, AUTHOR, TITLE, DESCRIPTION, CONTENT, URL, IMG_URL, PUBLISH_DATE) 

                    values('nvidia','Theregister.com','Dan Robinson','Microsoft, Nvidia extend Azure confidential computing to GPUs','Remember when orgs were worried about processing sensitive info in public cloud?

Microsoft has linked up with Nvidia to enable confidential computing in its Azure cloud to encompass the graphics giant"s GPUs. This will allow GPUs to process workloads on Azure…','Microsoft has linked up with Nvidia to enable confidential computing in its Azure cloud to encompass the graphics giant"s GPUs. This will allow GPUs to process workloads on Azure that call for the hi… [+2750 chars]','https://www.theregister.com/2022/03/23/microsoft_and_nvidia_extend_azure/','https://regmedia.co.uk/2021/05/25/azure.jpg',cast('2022-03-23T15:06:17Z' as TIMESTAMP));

insert into NEWS.NEWS_COMPANY(COMPANY, SOURCE_NAME, AUTHOR, TITLE, DESCRIPTION, CONTENT, URL, IMG_URL, PUBLISH_DATE) 

                    values('nvidia','Digital Trends','Jacob Roach','FSR 2.0 is the complete reboot AMD’s upscaling needed','AMD revealed more details about FSR 2.0 at GDC 2022. Here"s everything we learned about the upcoming upscaling feature.','AMD announced the next version of FidelityFX Super Resolution (FSR) not too long ago and the company shed more light on how it works on a technical level at GDC 2022.

FSR 1.0 wasn’t perfect, and the… [+5150 chars]','https://www.digitaltrends.com/computing/fsr-2-complete-reboot-amd-upscaling-needed/','https://icdn.digitaltrends.com/image/digitaltrends/deathloop-julianna.jpg',cast('2022-03-23T19:26:19Z' as TIMESTAMP));

insert into NEWS.NEWS_COMPANY(COMPANY, SOURCE_NAME, AUTHOR, TITLE, DESCRIPTION, CONTENT, URL, IMG_URL, PUBLISH_DATE) 

                    values('nvidia','Theregister.com','Jessica Lyons Hardcastle','Nvidia’s Morpheus AI security framework to land in April','We wonder how deep this rabbit hole will go

GTC Nvidia teased several updates to its Morpheus AI security framework at GTC this week, and also announced it would make the application framework generally available in April.…','GTC Nvidia teased several updates to its Morpheus AI security framework at GTC this week, and also announced it would make the application framework generally available in April.

In addition to rele… [+4197 chars]','https://www.theregister.com/2022/03/23/nvidia_morpheus_ai/','https://regmedia.co.uk/2022/03/22/red_pill_blue_pill_morpheus_shutterstock.jpg',cast('2022-03-23T01:22:10Z' as TIMESTAMP));

insert into NEWS.NEWS_COMPANY(COMPANY, SOURCE_NAME, AUTHOR, TITLE, DESCRIPTION, CONTENT, URL, IMG_URL, PUBLISH_DATE) 

                    values('nvidia','Windows Central','John Levite','This Dell XPS 15 laptop with RTX graphics is $300 off at Best Buy today','Best Buy has a Dell XPS 15.6-inch laptop on sale for $1,599.99. This price is $300 off what it regularly sells for and a fantastic deal if you"re looking for a new laptop. Intel is discounting a lot of stuff around Best Buy and other retailers, so keep an eye…','Best Buy has a Dell XPS 15.6-inch laptop on sale for $1,599.99. This price is $300 off what it regularly sells for and a fantastic deal if you"re looking for a new laptop. Intel is discounting a lot … [+1564 chars]','https://www.windowscentral.com/dell-xps-15-laptop-rtx-graphics-300-best-buy-today','https://www.windowscentral.com/sites/wpcentral.com/files/styles/large/public/field/image/2022/03/dell-15-xps-laptop.jpg',cast('2022-03-23T15:20:01Z' as TIMESTAMP));

insert into NEWS.NEWS_COMPANY(COMPANY, SOURCE_NAME, AUTHOR, TITLE, DESCRIPTION, CONTENT, URL, IMG_URL, PUBLISH_DATE) 

                    values('nvidia','Windows Central','John Levite','Grab this Razer Blade Stealth 13 laptop with a 4k display and save $400','One thing Razer has going for it, these laptops always look amazing. The Razer Blade Stealth 13 is no exception, and right now you can get one of these gaming laptops down to a low, low price of $1,599.99 through Microsoft. That"s a huge $400 discount off wha…','One thing Razer has going for it, these laptops always look amazing. The Razer Blade Stealth 13 is no exception, and right now you can get one of these gaming laptops down to a low, low price of $1,5… [+1702 chars]','https://www.windowscentral.com/save-400-razer-blade-stealth-13-gaming-laptop-today','https://www.windowscentral.com/sites/wpcentral.com/files/styles/large/public/field/image/2022/03/razer-blade-stealth-13-laptop.jpg',cast('2022-03-23T20:20:02Z' as TIMESTAMP));

insert into NEWS.NEWS_COMPANY(COMPANY, SOURCE_NAME, AUTHOR, TITLE, DESCRIPTION, CONTENT, URL, IMG_URL, PUBLISH_DATE) 

                    values('nvidia','Techmeme.com',null,'Researchers say a 16-year-old from England is the mastermind behind the Lapsus$ group; seven unique accounts associated with Lapsus$ were identified (Bloomberg)','Bloomberg:

Researchers say a 16-year-old from England is the mastermind behind the Lapsus$ group; seven unique accounts associated with Lapsus$ were identified  —  Cybersecurity researchers investigating a string of hacks against technology companies, includi…','Data Elixir

A weekly dose of the top data science picks from around the web. Covering machine learning, data visualization, analytics, and strategy.','https://www.techmeme.com/220323/p35','https://assets.bwbx.io/images/users/iqjWHBFdfxIU/iGMrMrc.XQMA/v0/1200x675.jpg',cast('2022-03-23T22:15:06Z' as TIMESTAMP));

insert into NEWS.NEWS_COMPANY(COMPANY, SOURCE_NAME, AUTHOR, TITLE, DESCRIPTION, CONTENT, URL, IMG_URL, PUBLISH_DATE) 

                    values('nvidia','GSMArena.com','Peter','Nvidia unveils RTX A5500 workstation GPU with 24GB ECC RAM, also a laptop version','Nvidia unveiled new GPUs, but no, it’s not the RTX 4000 series. Instead the company is introducing a number of workstation GPUs – one for the desktop and several for professional laptops.



The Nvidia RTX A5500 is based on the GA102 GPU with 10,240 CUDA cores.…','Nvidia unveiled new GPUs, but no, its not the RTX 4000 series. Instead the company is introducing a number of workstation GPUs one for the desktop and several for professional laptops.

The Nvidia RT… [+2688 chars]','https://www.gsmarena.com/nvidia_unveils_rtx_a5500_workstation_gpu_with_24gb_ecc_ram_also_a_laptop_version-news-53683.php','https://fdn.gsmarena.com/imgroot/news/22/03/nvidia-rtx-a-series-gpus/-952x498w6/gsmarena_0000.jpg',cast('2022-03-23T14:09:01Z' as TIMESTAMP));

insert into NEWS.NEWS_COMPANY(COMPANY, SOURCE_NAME, AUTHOR, TITLE, DESCRIPTION, CONTENT, URL, IMG_URL, PUBLISH_DATE) 

                    values('nvidia','BloombergQuint','Jeffrey Stone, Jack Gillum','Microsoft Says Digital Extortion Gang Lapsus$ Targets Cryptocurrency, Too - BloombergQuint','<ol><li>Microsoft Says Digital Extortion Gang Lapsus$ Targets Cryptocurrency, Too  BloombergQuint

</li><li>Lapsus$: Microsoft reports breach by hackers  CTV News

</li><li>Microsoft Says Lapsus$ Hackers Had “Limited Access” to Source Code - Thurrott.com  Thu…','(Bloomberg) -- A digital extortion gang with a murky background and unconventional methods -- one researcher called them laughably bad at times -- has claimed responsibility for a string of compromis… [+4109 chars]','https://www.bloombergquint.com/technology/lapsus-extortion-gang-hit-microsoft-and-targets-cryptocurrency','https://gumlet.assettype.com/bloombergquint%2F2018-08%2F3a8e2237-2edb-4494-bcf2-231993fb6108%2FBLOOMBERG_LOGO.png?rect=0%2C56%2C1920%2C1008&w=1200&auto=format%2Ccompress&ogImage=true',cast('2022-03-23T13:04:28Z' as TIMESTAMP));

insert into NEWS.NEWS_COMPANY(COMPANY, SOURCE_NAME, AUTHOR, TITLE, DESCRIPTION, CONTENT, URL, IMG_URL, PUBLISH_DATE) 

                    values('nvidia','Windows Central','Robert Carnevale','Microsoft confirms Lapsus$ breach, finds compromised account','Microsoft confirms the theft but denies that there are security risks associated with it.







What you need to know





On Monday, March 21, the same group that went after NVIDIA and Samsung (among others) released source code for Microsoft"s Bing and Cortana.

I…','Cybercriminal group Lapsus$ has made quite a name for itself in a short amount of time, staging attacks against NVIDIA, Samsung, and others wherein it secures sensitive data then threatens to go publ… [+1314 chars]','https://www.windowscentral.com/microsoft-confirms-lapsus-breach-denies-danger-source-code-leaks','https://www.windowscentral.com/sites/wpcentral.com/files/styles/large/public/field/image/2021/04/surface-laptop-4-amd-2021-keyboard_lights.jpg',cast('2022-03-23T14:25:48Z' as TIMESTAMP));

insert into NEWS.NEWS_COMPANY(COMPANY, SOURCE_NAME, AUTHOR, TITLE, DESCRIPTION, CONTENT, URL, IMG_URL, PUBLISH_DATE) 

                    values('nvidia','VentureBeat','Kyle Alspach','Okta should’ve ‘moved more swiftly’ to assess Lapsus$ breach, CSO says','Okta should have moved faster to understand the implications of the Lapsus$ breach of customer systems in January, Okta"s CSO said.','Did you miss a session at the Data Summit? Watch On-Demand Here.

Despite an investigation being launched into the breach of a third-party Okta provider on January 21, Okta did not receive a report a… [+5129 chars]','https://venturebeat.com/2022/03/22/okta-shouldve-moved-more-swiftly-to-assess-lapsus-breach-cso-says/','https://venturebeat.com/wp-content/uploads/2022/03/okta-apology.jpg?w=1200&strip=all',cast('2022-03-23T05:50:35Z' as TIMESTAMP));

insert into NEWS.NEWS_COMPANY(COMPANY, SOURCE_NAME, AUTHOR, TITLE, DESCRIPTION, CONTENT, URL, IMG_URL, PUBLISH_DATE) 

                    values('nvidia','Creative Bloq','Creative Bloq Staff','Vertex Week: 4 reasons why you need NVIDIA Omniverse','Whether you"re a 2D/3D artist or content creator, this is the collaborative tie that binds.','With the ever-increasing number of applications in the creative sector seamless collaboration and workflow between apps should not be messy and frustrating. 

NVIDIA Omniverse by PNY circumvents prob… [+2765 chars]','https://www.creativebloq.com/features/nvidia-omniverse','https://cdn.mos.cms.futurecdn.net/Ws9DCWogT3EvgaLmSFyg7g-1200-80.jpg',cast('2022-03-23T08:00:48Z' as TIMESTAMP));

insert into NEWS.NEWS_COMPANY(COMPANY, SOURCE_NAME, AUTHOR, TITLE, DESCRIPTION, CONTENT, URL, IMG_URL, PUBLISH_DATE) 

                    values('nvidia','ExtremeTech','Josh Norem','Nvidia Unveils Hopper H100 Data Center GPU','The replacement for Ampere has finally arrived, although gamers will still have to wait until the end of the year to see what Nvidia has in store for them.

The post Nvidia Unveils Hopper H100 Data Center GPU appeared first on ExtremeTech.','Nvidia has pulled the wraps off its new Hopper GPU architecture at its AI-based GTC conference.  As expected the chip is a beast, packing 80 billion transistors into a gigantic 814mm monolithic die. … [+2554 chars]','https://www.extremetech.com/computing/332979-nvidia-unveils-hopper-h100-data-center-gpu','https://www.extremetech.com/wp-content/uploads/2022/03/hopper-announcement-blog-1260x680-1-640x360.jpg',cast('2022-03-23T14:34:50Z' as TIMESTAMP));
, parameters: None
[2022-03-27 12:07:17,316] {dbapi.py:186} INFO - Rows affected: 1
[2022-03-27 12:07:17,319] {python.py:118} INFO - Done. Returned value was: None
[2022-03-27 12:07:17,329] {taskinstance.py:1166} INFO - Marking task as SUCCESS. dag_id=fetch_news, task_id=write_to_postgres, execution_date=20220323T000000, start_date=20220327T120717, end_date=20220327T120717
[2022-03-27 12:07:17,356] {taskinstance.py:1220} INFO - 0 downstream tasks scheduled from follow-on schedule check
[2022-03-27 12:07:17,399] {local_task_job.py:146} INFO - Task exited with return code 0
