[2022-03-21 16:48:06,343] {taskinstance.py:851} INFO - Dependencies all met for <TaskInstance: fetch_news.dowload_desc 2022-03-08T00:00:00+00:00 [queued]>
[2022-03-21 16:48:06,448] {taskinstance.py:851} INFO - Dependencies all met for <TaskInstance: fetch_news.dowload_desc 2022-03-08T00:00:00+00:00 [queued]>
[2022-03-21 16:48:06,448] {taskinstance.py:1042} INFO - 
--------------------------------------------------------------------------------
[2022-03-21 16:48:06,449] {taskinstance.py:1043} INFO - Starting attempt 11 of 11
[2022-03-21 16:48:06,449] {taskinstance.py:1044} INFO - 
--------------------------------------------------------------------------------
[2022-03-21 16:48:06,502] {taskinstance.py:1063} INFO - Executing <Task(BashOperator): dowload_desc> on 2022-03-08T00:00:00+00:00
[2022-03-21 16:48:06,518] {standard_task_runner.py:52} INFO - Started process 260 to run task
[2022-03-21 16:48:06,575] {standard_task_runner.py:76} INFO - Running: ['airflow', 'tasks', 'run', 'fetch_news', 'dowload_desc', '2022-03-08T00:00:00+00:00', '--job-id', '727', '--pool', 'default_pool', '--raw', '--subdir', 'DAGS_FOLDER/fetch_news.py', '--cfg-path', '/tmp/tmpc3mkd4pc', '--error-file', '/tmp/tmph89eeng4']
[2022-03-21 16:48:06,596] {standard_task_runner.py:77} INFO - Job 727: Subtask dowload_desc
[2022-03-21 16:48:06,925] {logging_mixin.py:104} INFO - Running <TaskInstance: fetch_news.dowload_desc 2022-03-08T00:00:00+00:00 [running]> on host dd6a275532f2
[2022-03-21 16:48:07,117] {taskinstance.py:1257} INFO - Exporting the following env vars:
AIRFLOW_CTX_DAG_OWNER=airflow
AIRFLOW_CTX_DAG_ID=fetch_news
AIRFLOW_CTX_TASK_ID=dowload_desc
AIRFLOW_CTX_EXECUTION_DATE=2022-03-08T00:00:00+00:00
AIRFLOW_CTX_DAG_RUN_ID=scheduled__2022-03-08T00:00:00+00:00
[2022-03-21 16:48:07,120] {bash.py:135} INFO - Tmp dir root location: 
 /tmp
[2022-03-21 16:48:07,121] {bash.py:158} INFO - Running command: curl -o /tmp/news_nvidia_2022-03-08_2022-03-09.json https://newsapi.org/v2/everything -G -d from=2022-03-08 -d to=2022-03-08 -d language=en -d q=nvidia -d apiKey=1ddd1951b81c4e9eb662cc118c33ff6a
[2022-03-21 16:48:07,136] {bash.py:169} INFO - Output:
[2022-03-21 16:48:07,150] {bash.py:173} INFO -   % Total    % Received % Xferd  Average Speed   Time    Time     Time  Current
[2022-03-21 16:48:07,152] {bash.py:173} INFO -                                  Dload  Upload   Total   Spent    Left  Speed
[2022-03-21 16:48:07,479] {bash.py:173} INFO -   0     0    0     0    0     0      0      0 --:--:-- --:--:-- --:--:--     0100 16690  100 16690    0     0  51039      0 --:--:-- --:--:-- --:--:-- 51196
[2022-03-21 16:48:07,480] {bash.py:177} INFO - Command exited with return code 0
[2022-03-21 16:48:07,755] {taskinstance.py:1166} INFO - Marking task as SUCCESS. dag_id=fetch_news, task_id=dowload_desc, execution_date=20220308T000000, start_date=20220321T164806, end_date=20220321T164807
[2022-03-21 16:48:08,206] {taskinstance.py:1220} INFO - 0 downstream tasks scheduled from follow-on schedule check
[2022-03-21 16:48:08,257] {local_task_job.py:146} INFO - Task exited with return code 0
