[2022-03-20 21:18:50,563] {taskinstance.py:851} INFO - Dependencies all met for <TaskInstance: fetch_news.dowload_desc 2022-03-08T00:00:00+00:00 [queued]>
[2022-03-20 21:18:50,644] {taskinstance.py:851} INFO - Dependencies all met for <TaskInstance: fetch_news.dowload_desc 2022-03-08T00:00:00+00:00 [queued]>
[2022-03-20 21:18:50,645] {taskinstance.py:1042} INFO - 
--------------------------------------------------------------------------------
[2022-03-20 21:18:50,646] {taskinstance.py:1043} INFO - Starting attempt 7 of 7
[2022-03-20 21:18:50,649] {taskinstance.py:1044} INFO - 
--------------------------------------------------------------------------------
[2022-03-20 21:18:50,747] {taskinstance.py:1063} INFO - Executing <Task(BashOperator): dowload_desc> on 2022-03-08T00:00:00+00:00
[2022-03-20 21:18:50,781] {standard_task_runner.py:52} INFO - Started process 675 to run task
[2022-03-20 21:18:50,942] {standard_task_runner.py:76} INFO - Running: ['airflow', 'tasks', 'run', 'fetch_news', 'dowload_desc', '2022-03-08T00:00:00+00:00', '--job-id', '330', '--pool', 'default_pool', '--raw', '--subdir', 'DAGS_FOLDER/fetch_news.py', '--cfg-path', '/tmp/tmpbh4cr08w', '--error-file', '/tmp/tmp9f9t4fu2']
[2022-03-20 21:18:50,943] {standard_task_runner.py:77} INFO - Job 330: Subtask dowload_desc
[2022-03-20 21:18:51,391] {logging_mixin.py:104} INFO - Running <TaskInstance: fetch_news.dowload_desc 2022-03-08T00:00:00+00:00 [running]> on host e39215f0be5b
[2022-03-20 21:18:51,579] {taskinstance.py:1257} INFO - Exporting the following env vars:
AIRFLOW_CTX_DAG_OWNER=airflow
AIRFLOW_CTX_DAG_ID=fetch_news
AIRFLOW_CTX_TASK_ID=dowload_desc
AIRFLOW_CTX_EXECUTION_DATE=2022-03-08T00:00:00+00:00
AIRFLOW_CTX_DAG_RUN_ID=scheduled__2022-03-08T00:00:00+00:00
[2022-03-20 21:18:51,579] {bash.py:135} INFO - Tmp dir root location: 
 /tmp
[2022-03-20 21:18:51,581] {bash.py:158} INFO - Running command: curl -o /tmp/news_nvidia.json https://newsapi.org/v2/everything -G -d from=2022-03-08 -d to=2022-03-09 -d language=en -d q=nvidia -d apiKey=1ddd1951b81c4e9eb662cc118c33ff6a
[2022-03-20 21:18:51,625] {bash.py:169} INFO - Output:
[2022-03-20 21:18:51,679] {bash.py:173} INFO -   % Total    % Received % Xferd  Average Speed   Time    Time     Time  Current
[2022-03-20 21:18:51,680] {bash.py:173} INFO -                                  Dload  Upload   Total   Spent    Left  Speed
[2022-03-20 21:18:51,986] {bash.py:173} INFO -   0     0    0     0    0     0      0      0 --:--:-- --:--:-- --:--:--     0100 16861  100 16861    0     0  55101      0 --:--:-- --:--:-- --:--:-- 55101
[2022-03-20 21:18:51,987] {bash.py:177} INFO - Command exited with return code 0
[2022-03-20 21:18:52,088] {taskinstance.py:1166} INFO - Marking task as SUCCESS. dag_id=fetch_news, task_id=dowload_desc, execution_date=20220308T000000, start_date=20220320T211850, end_date=20220320T211852
[2022-03-20 21:18:52,287] {taskinstance.py:1220} INFO - 1 downstream tasks scheduled from follow-on schedule check
[2022-03-20 21:18:52,306] {local_task_job.py:146} INFO - Task exited with return code 0
