[2022-03-20 15:06:40,610] {taskinstance.py:851} INFO - Dependencies all met for <TaskInstance: fetch_news.dowload_desc 2022-03-10T00:00:00+00:00 [queued]>
[2022-03-20 15:06:40,672] {taskinstance.py:851} INFO - Dependencies all met for <TaskInstance: fetch_news.dowload_desc 2022-03-10T00:00:00+00:00 [queued]>
[2022-03-20 15:06:40,672] {taskinstance.py:1042} INFO - 
--------------------------------------------------------------------------------
[2022-03-20 15:06:40,672] {taskinstance.py:1043} INFO - Starting attempt 2 of 2
[2022-03-20 15:06:40,672] {taskinstance.py:1044} INFO - 
--------------------------------------------------------------------------------
[2022-03-20 15:06:40,707] {taskinstance.py:1063} INFO - Executing <Task(BashOperator): dowload_desc> on 2022-03-10T00:00:00+00:00
[2022-03-20 15:06:40,719] {standard_task_runner.py:52} INFO - Started process 107 to run task
[2022-03-20 15:06:40,759] {standard_task_runner.py:76} INFO - Running: ['airflow', 'tasks', 'run', 'fetch_news', 'dowload_desc', '2022-03-10T00:00:00+00:00', '--job-id', '27', '--pool', 'default_pool', '--raw', '--subdir', 'DAGS_FOLDER/fetch_news.py', '--cfg-path', '/tmp/tmp9ob1o0vr', '--error-file', '/tmp/tmp4n94pmc2']
[2022-03-20 15:06:40,768] {standard_task_runner.py:77} INFO - Job 27: Subtask dowload_desc
[2022-03-20 15:06:40,886] {logging_mixin.py:104} INFO - Running <TaskInstance: fetch_news.dowload_desc 2022-03-10T00:00:00+00:00 [running]> on host 0b08bfee94e8
[2022-03-20 15:06:41,209] {taskinstance.py:1257} INFO - Exporting the following env vars:
AIRFLOW_CTX_DAG_OWNER=airflow
AIRFLOW_CTX_DAG_ID=fetch_news
AIRFLOW_CTX_TASK_ID=dowload_desc
AIRFLOW_CTX_EXECUTION_DATE=2022-03-10T00:00:00+00:00
AIRFLOW_CTX_DAG_RUN_ID=scheduled__2022-03-10T00:00:00+00:00
[2022-03-20 15:06:41,210] {bash.py:135} INFO - Tmp dir root location: 
 /tmp
[2022-03-20 15:06:41,211] {bash.py:158} INFO - Running command: curl -o news_nvidia_2022-03-10_2022-03-11.json https://newsapi.org/v2/everything -G -d from=2022-03-10 -d to=2022-03-11 -d language=en -d q=nvidia -d apiKey=1ddd1951b81c4e9eb662cc118c33ff6a
[2022-03-20 15:06:41,265] {bash.py:169} INFO - Output:
[2022-03-20 15:06:41,305] {bash.py:173} INFO -   % Total    % Received % Xferd  Average Speed   Time    Time     Time  Current
[2022-03-20 15:06:41,305] {bash.py:173} INFO -                                  Dload  Upload   Total   Spent    Left  Speed
[2022-03-20 15:06:41,997] {bash.py:173} INFO -   0     0    0     0    0     0      0      0 --:--:-- --:--:-- --:--:--     0  0     0    0     0    0     0      0      0 --:--:-- --:--:-- --:--:--     0100 16397  100 16397    0     0  23695      0 --:--:-- --:--:-- --:--:-- 23660
[2022-03-20 15:06:41,998] {bash.py:177} INFO - Command exited with return code 0
[2022-03-20 15:06:42,035] {taskinstance.py:1166} INFO - Marking task as SUCCESS. dag_id=fetch_news, task_id=dowload_desc, execution_date=20220310T000000, start_date=20220320T150640, end_date=20220320T150642
[2022-03-20 15:06:42,064] {taskinstance.py:1220} INFO - 0 downstream tasks scheduled from follow-on schedule check
[2022-03-20 15:06:42,107] {local_task_job.py:146} INFO - Task exited with return code 0
