[2022-03-21 10:14:03,094] {taskinstance.py:851} INFO - Dependencies all met for <TaskInstance: fetch_news.write_to_postgres 2022-03-08T00:00:00+00:00 [queued]>
[2022-03-21 10:14:03,298] {taskinstance.py:851} INFO - Dependencies all met for <TaskInstance: fetch_news.write_to_postgres 2022-03-08T00:00:00+00:00 [queued]>
[2022-03-21 10:14:03,298] {taskinstance.py:1042} INFO - 
--------------------------------------------------------------------------------
[2022-03-21 10:14:03,299] {taskinstance.py:1043} INFO - Starting attempt 4 of 4
[2022-03-21 10:14:03,299] {taskinstance.py:1044} INFO - 
--------------------------------------------------------------------------------
[2022-03-21 10:14:03,416] {taskinstance.py:1063} INFO - Executing <Task(PythonOperator): write_to_postgres> on 2022-03-08T00:00:00+00:00
[2022-03-21 10:14:03,423] {standard_task_runner.py:52} INFO - Started process 1348 to run task
[2022-03-21 10:14:03,544] {standard_task_runner.py:76} INFO - Running: ['airflow', 'tasks', 'run', 'fetch_news', 'write_to_postgres', '2022-03-08T00:00:00+00:00', '--job-id', '569', '--pool', 'default_pool', '--raw', '--subdir', 'DAGS_FOLDER/fetch_news.py', '--cfg-path', '/tmp/tmpxq94nkn3', '--error-file', '/tmp/tmpelbygyga']
[2022-03-21 10:14:03,558] {standard_task_runner.py:77} INFO - Job 569: Subtask write_to_postgres
[2022-03-21 10:14:03,907] {logging_mixin.py:104} INFO - Running <TaskInstance: fetch_news.write_to_postgres 2022-03-08T00:00:00+00:00 [running]> on host e39215f0be5b
[2022-03-21 10:14:04,260] {taskinstance.py:1257} INFO - Exporting the following env vars:
AIRFLOW_CTX_DAG_OWNER=airflow
AIRFLOW_CTX_DAG_ID=fetch_news
AIRFLOW_CTX_TASK_ID=write_to_postgres
AIRFLOW_CTX_EXECUTION_DATE=2022-03-08T00:00:00+00:00
AIRFLOW_CTX_DAG_RUN_ID=scheduled__2022-03-08T00:00:00+00:00
[2022-03-21 10:14:04,326] {base.py:74} INFO - Using connection to: id: news_in. Host: postgres, Port: 5432, Schema: , Login: airflow, Password: XXXXXXXX, extra: None
[2022-03-21 10:14:04,419] {dbapi.py:180} INFO - Running statement: insert into NEWS.NEWS_COMPANY(COMPANY, SOURCE_NAME, AUTHOR, TITLE, DESCRIPTION, CONTENT, URL, IMG_URL, PUBLISH_DATE) 

                    values('nvidia','The Verge','Tom Warren','Nvidia’s RTX 3090 Ti will reportedly launch on March 29th','Nvidia is reportedly planning to launch its RTX 3090 Ti GPU on March 29th. Rumors suggest retailers and reviews will be under embargo until the end of the month.','Nvidia is still officially quiet on availability

Nvidias RTX 3090 Ti.

Image: Nvidia

Nvidia announced its RTX 3090 Ti at CES earlier this year, promising more information by the end of January. Nvi… [+1155 chars]','https://www.theverge.com/2022/3/9/22968811/nvidia-rtx-3090-ti-launch-date-price-availability-rumors','https://cdn.vox-cdn.com/thumbor/4mFsejHRQBMCIzkhsHZkdpV3jHI=/0x62:1788x998/fit-in/1200x630/cdn.vox-cdn.com/uploads/chorus_asset/file/23144510/rtx3090Ti.jpg','2022-03-09T14:44:57Z');

insert into NEWS.NEWS_COMPANY(COMPANY, SOURCE_NAME, AUTHOR, TITLE, DESCRIPTION, CONTENT, URL, IMG_URL, PUBLISH_DATE) 

                    values('nvidia','StockNews.com','Dipanjan Banchur','Better Chip Stock: NVIDIA vs. Broadcom','The demand for semiconductor chips has skyrocketed over the past two years thanks to its growing application across various industries, benefiting popular chip stocks NVIDIA (NVDA) and Broadcom (AVGO). But,...','The demand for semiconductor chips has skyrocketed over the past two years thanks to its growing application across various industries, benefiting popular chip stocks NVIDIA (NVDA) and Broadcom (AVGO… [+7217 chars]','https://stocknews.com/news/nvda-avgo-better-chip-stock-nvidia-vs-broadcom/','https://assets.entrepreneur.com/providers/stocknews/hero-image-stocknews-421860.jpeg','2022-03-09T20:01:10Z');

insert into NEWS.NEWS_COMPANY(COMPANY, SOURCE_NAME, AUTHOR, TITLE, DESCRIPTION, CONTENT, URL, IMG_URL, PUBLISH_DATE) 

                    values('nvidia','StockNews.com','Oleksandr Pylypenko','Advanced Micro Devices or NVIDIA: Which Chip Stock is a Better Choice?','In this article I"ll analyze and compare Advanced Micro Devices (AMD) and NVIDIA (NVDA) to determine which chip stock is currently the better buy.','In this article I"ll analyze and compare Advanced Micro Devices (AMD) and NVIDIA (NVDA) to determine which chip stock is currently the better buy.

shutterstock.com - StockNews

The global semiconduc… [+5570 chars]','https://stocknews.com/news/amd-nvda-advanced-micro-devices-or-nvidia-which-chip-stock-is-a/','https://assets.entrepreneur.com/providers/stocknews/hero-image-stocknews-421831.jpeg','2022-03-09T15:14:50Z');

insert into NEWS.NEWS_COMPANY(COMPANY, SOURCE_NAME, AUTHOR, TITLE, DESCRIPTION, CONTENT, URL, IMG_URL, PUBLISH_DATE) 

                    values('nvidia','MakeUseOf','Arol Wright','Intel XeSS vs. Nvidia DLSS: Will Intel"s Upscaling Beat Out Nvidia?','Intel has joined the upscaling tech competition with XeSS as it ramps up its graphics efforts. But does it stand a chance against Nvidia"s DLSS?','For a long time, the GPU market has been dominated by two companies. Nvidia on one side, and AMD (after its acquisition of ATI in 2006) on the other. The entry of Intel to this field had long been ru… [+6390 chars]','https://www.makeuseof.com/intel-xess-vs-nvidia-dlss/','https://static1.makeuseofimages.com/wordpress/wp-content/uploads/2022/01/Intel-Arc-logo.jpg','2022-03-09T23:00:14Z');

insert into NEWS.NEWS_COMPANY(COMPANY, SOURCE_NAME, AUTHOR, TITLE, DESCRIPTION, CONTENT, URL, IMG_URL, PUBLISH_DATE) 

                    values('nvidia','Digital Trends','Monica J. White','This crafty crypto mining hack bypasses Nvidia’s LHR limiter','A new custom-made version of Nvidia"s RTX 3060 has surfaced on the second-hand market. The GPU was made to override Nvidia"s anti-crypto-mining measures.','It seems that cryptocurrency mining enthusiasts found yet another way to bypass Nvidia’s Lite Hash Rate limiter (LHR) technology, although this time, it doesn’t involve using any new software.

Custo… [+2934 chars]','https://www.digitaltrends.com/computing/custom-nvidia-rtx-3060-overrides-lhr/','https://icdn.digitaltrends.com/image/digitaltrends/rtx3060lhr.jpg','2022-03-08T16:57:36Z');

insert into NEWS.NEWS_COMPANY(COMPANY, SOURCE_NAME, AUTHOR, TITLE, DESCRIPTION, CONTENT, URL, IMG_URL, PUBLISH_DATE) 

                    values('nvidia','Windows Central','Sean Endicott','NVIDIA will reportedly launch the RTX 3090 Ti on March 29','The RTX 3090 Ti was originally scheduled to launch in January, but it appears we"ll finally see the GPU by the end of this month.



NVIDIA RTX 3090, which appears similar to the upcoming RTX 3090 Ti.



What you need to know





NVIDIA will reportedly start shippi…','NVIDIA RTX 3090, which appears similar to the upcoming RTX 3090 Ti.Source: ColorfulWe won"t have to wait long for NVIDIA"s new RTX 3090 Ti GPU, according to a report by Videocardz. The outlet claims … [+1305 chars]','https://www.windowscentral.com/nvidia-rtx-3090-ti-will-launch-march-29-says-leak','https://www.windowscentral.com/sites/wpcentral.com/files/styles/large/public/field/image/2021/06/rtx-3090.jpg','2022-03-09T16:33:25Z');

insert into NEWS.NEWS_COMPANY(COMPANY, SOURCE_NAME, AUTHOR, TITLE, DESCRIPTION, CONTENT, URL, IMG_URL, PUBLISH_DATE) 

                    values('nvidia','Boing Boing','Rob Beschizza','Apple Mac Studio not just a stack of Mac Minis in a trenchcoat','Yesterday, Apple announced its first new computer in years: the Mac Studio. About the size of three stacked Mac Minis, it echoes the handsome but underpowered Mac Cube of yore, but with all the benefits of modern performance and power management. — Read the r…','Yesterday, Apple announced its first new computer in years: the Mac Studio. About the size of three stacked Mac Minis, it echoes the handsome but underpowered Mac Cube of yore, but with all the benef… [+1305 chars]','https://boingboing.net/2022/03/09/apple-mac-studio-not-just-a-stack-of-mac-minis-in-a-trenchcoat.html','https://i0.wp.com/boingboing.net/wp-content/uploads/2022/03/Screen-Shot-2022-03-09-at-9.28.03-AM.jpg?fit=1200%2C595&ssl=1','2022-03-09T15:02:00Z');

insert into NEWS.NEWS_COMPANY(COMPANY, SOURCE_NAME, AUTHOR, TITLE, DESCRIPTION, CONTENT, URL, IMG_URL, PUBLISH_DATE) 

                    values('nvidia','Windows Central','John Levite','Step up your game with LG"s 1440p 144Hz monitor on sale for $347','If you"re looking to upgrade from 1080p or to something with a higher refresh rate for gaming, today"s your day. LG"s 27GL850-B 27-inch 1440p gaming monitor has dropped to just $346.99 at Amazon. This price matches its low, and it"s a price it has usually onl…','If you"re looking to upgrade from 1080p or to something with a higher refresh rate for gaming, today"s your day. LG"s 27GL850-B 27-inch 1440p gaming monitor has dropped to just $346.99 at Amazon. Thi… [+1879 chars]','https://www.windowscentral.com/step-your-game-lgs-1440p-144hz-monitor-sale-347','https://www.windowscentral.com/sites/wpcentral.com/files/styles/large/public/field/image/2022/03/lg-ultragear-1440p-monitor.jpg','2022-03-08T16:20:02Z');

insert into NEWS.NEWS_COMPANY(COMPANY, SOURCE_NAME, AUTHOR, TITLE, DESCRIPTION, CONTENT, URL, IMG_URL, PUBLISH_DATE) 

                    values('nvidia','GameSpot','Jenny Zheng','Nvidia"s RTX 3090 Ti Rumored To Launch On March 29','Announced during CES 2022, Nvidia"s RTX 3090 Ti is now rumored to launch on March 29.Nvidia hasn"t officially revealed any info, but Videocardz obtained and shared a report detailing the tech company"s internal embargoed info. It included the launch date of t…','Announced during CES 2022, Nvidia"s RTX 3090 Ti is now rumored to launch on March 29.

Nvidia hasn"t officially revealed any info, but Videocardz obtained and shared a report detailing the tech compa… [+992 chars]','https://www.gamespot.com/articles/nvidias-rtx-3090-ti-rumored-to-launch-on-march-29/1100-6501387/','https://www.gamespot.com/a/uploads/screen_kubrick/1597/15971658/3950717-nvidiathumb.jpg','2022-03-09T17:51:00Z');

insert into NEWS.NEWS_COMPANY(COMPANY, SOURCE_NAME, AUTHOR, TITLE, DESCRIPTION, CONTENT, URL, IMG_URL, PUBLISH_DATE) 

                    values('nvidia','HYPEBEAST','info@hypebeast.com (HYPEBEAST), HYPEBEAST','Samsung Confirms Losing Galaxy Source Code to Hackers','Samsung has now confirmed previous rumors that it had fallen victim to a hack from South American group Lapsus$.According to the Korean tech giant, hackers managed to obtain the source code for its Galaxy devices and possibly sensitive and confidential data r…','Samsung has now confirmed previous rumors that it had fallen victim to a hack from South American group Lapsus$.

According to the Korean tech giant, hackers managed to obtain the source code for its… [+1328 chars]','https://hypebeast.com/2022/3/samsung-galaxy-source-code-hack-lapsus-confirmed','https://image-cdn.hypb.st/https%3A%2F%2Fhypebeast.com%2Fimage%2F2022%2F03%2Fsamsung-galaxy-source-code-hack-lapsus-confirmed-tw.jpg?w=960&cbr=1&q=90&fit=max','2022-03-08T06:04:07Z');

insert into NEWS.NEWS_COMPANY(COMPANY, SOURCE_NAME, AUTHOR, TITLE, DESCRIPTION, CONTENT, URL, IMG_URL, PUBLISH_DATE) 

                    values('nvidia','Cracked.com','LePit','PC Gamers Beware: The Nvida Hack, And What To Do About It','Be wary of any beautifully rendered horses you might come across','In the past, we"ve covered how the mess that is crypto mining harms your chances of getting new gaming hardware and destroys your chances of getting it at a reasonable price. Luckily, after over a ye… [+1471 chars]','https://www.cracked.com/article_32905_pc-gamers-beware-the-nvida-hack-and-what-to-do-about-it.html','https://s3.crackedcdn.com/phpimages/article/1/0/9/832109.jpg','2022-03-08T16:30:00Z');

insert into NEWS.NEWS_COMPANY(COMPANY, SOURCE_NAME, AUTHOR, TITLE, DESCRIPTION, CONTENT, URL, IMG_URL, PUBLISH_DATE) 

                    values('nvidia','Motley Fool','newsfeedback@fool.com (Rich Smith)','Why Nvidia Stock Is on Fire Today','Multiple news headlines favor the semiconductors stock today.','What happened

Nvidia( NVDA 5.61% ) stock jumped out of the gate Wednesday morning, and shares of the semiconductors powerhouse are up 5.6% as of 10 a.m. ET.

What"s causing Nvidia stock to rise? A c… [+1759 chars]','https://www.fool.com/investing/2022/03/09/why-nvidia-stock-is-on-fire-today/','https://g.foolcdn.com/editorial/images/669703/glowing-semiconductor-chip.jpg','2022-03-09T17:22:53Z');

insert into NEWS.NEWS_COMPANY(COMPANY, SOURCE_NAME, AUTHOR, TITLE, DESCRIPTION, CONTENT, URL, IMG_URL, PUBLISH_DATE) 

                    values('nvidia','Digital Trends','Fionna Agomuoh','Alienware 34 QD-OLED is already sold out, because of course it is','The new Alienware 34 QD-OLED gaming monitor has proved popular among fans, selling out on its first day of availability.','The Alienware 34 QD-OLED monitor is already sold out after having gone on sale just this morning.

The highly anticipated 34-inch gaming monitor sells for $1,400 and features a curved design, high re… [+2099 chars]','https://www.digitaltrends.com/computing/alienware-34-qd-oled-is-already-sold-out/','https://icdn.digitaltrends.com/image/digitaltrends/alienware-34-1.jpg','2022-03-09T21:58:11Z');

insert into NEWS.NEWS_COMPANY(COMPANY, SOURCE_NAME, AUTHOR, TITLE, DESCRIPTION, CONTENT, URL, IMG_URL, PUBLISH_DATE) 

                    values('nvidia','Internet','noreply@blogger.com (Ravie Lakshmanan)','Samsung Confirms Data Breach After Hackers Leak Galaxy Source Code','Samsung on Monday confirmed a security breach that resulted in the exposure of internal company data, including the source code related to its Galaxy smartphones.

"According to our initial analysis, the breach involves some source code relating to the operati…','Samsung on Monday confirmed a security breach that resulted in the exposure of internal company data, including the source code related to its Galaxy smartphones.

"According to our initial analysis,… [+2076 chars]','https://thehackernews.com/2022/03/samsung-confirms-data-breach-after.html','https://thehackernews.com/new-images/img/a/AVvXsEgFtF5wpCzSBdf6ntWP1-9p-FfSAjjaGhYgTr4dryXKhIg8NQO_vbXIw1N4BNPhoE94N4nVwYeyrdpmQwQ8zsutUPFlFyCJ620tIKtbSpA0iol9ouebyAntQ2ZWToPww765LpCLBXxsQGvktGLKvsUFy8CBikovjarXSpxiUV6JTzL_A8DEQsRYHlVO=s728-e1000','2022-03-08T12:11:29Z');

insert into NEWS.NEWS_COMPANY(COMPANY, SOURCE_NAME, AUTHOR, TITLE, DESCRIPTION, CONTENT, URL, IMG_URL, PUBLISH_DATE) 

                    values('nvidia','Motley Fool','newsfeedback@fool.com (Rich Smith)','Why Nvidia, Micron, and AMD Stocks Popped Tuesday','More worries over semiconductor shortages spark a relief rally today.','What happened

Semiconductor stocks, which have been under pressure the past several days, bounced back in a big way Tuesday afternoon.

As of 1:15 p.m. ET, shares of Nvidia( NVDA 2.71% ) are up 4.3%… [+2650 chars]','https://www.fool.com/investing/2022/03/08/why-nvidia-micron-and-amd-stocks-popped-tuesday/','https://g.foolcdn.com/editorial/images/669557/red-and-blue-3d-semiconductor-computer-chip.jpg','2022-03-08T19:54:05Z');

insert into NEWS.NEWS_COMPANY(COMPANY, SOURCE_NAME, AUTHOR, TITLE, DESCRIPTION, CONTENT, URL, IMG_URL, PUBLISH_DATE) 

                    values('nvidia','The Next Web','Napier Lopez','Everything Apple announced at its March 8 event','Apple just held its first event of 2022, and as expected, it was jam packed with announcements — some of them predicted, and some of them genuine surprises. Didn’t have time to watch the event yourself? Here’s what you need to know. The new iPhone SE Apple ha…','Apple just held its first event of 2022, and as expected, it was jam-packed with announcements some of them predicted, and some of them genuine surprises.

Didnt have time to watch the event yourself… [+5079 chars]','https://thenextweb.com/news/apple-event-march-8-2022','https://img-cdn.tnwcdn.com/image/plugged?filter_last=1&fit=1280%2C640&url=https%3A%2F%2Fcdn0.tnwcdn.com%2Fwp-content%2Fblogs.dir%2F1%2Ffiles%2F2022%2F03%2FApple-event-copy.jpg&signature=4866fc717adf55fd2e24d12408ea29a6','2022-03-08T19:25:17Z');

insert into NEWS.NEWS_COMPANY(COMPANY, SOURCE_NAME, AUTHOR, TITLE, DESCRIPTION, CONTENT, URL, IMG_URL, PUBLISH_DATE) 

                    values('nvidia','Windows Central','Sean Endicott','Almost 16% of Steam users run Windows 11 on their PC','Almost one out of every six Steam users is running Windows 11 on their PC.







What you need to know





Usage of Windows 11 among Steam gamers increased to 15.59% in February 2022.

That increase marks a 2.03% growth of Windows 11 usage by Steam gamers since las…','Gaming enthusiasts are slowly adopting Windows 11, according to the latest Steam hardware and software survey. Windows 10 still dominates at 75.69%, but Windows 11 is steadily on the rise, reaching 1… [+1344 chars]','https://www.windowscentral.com/windows-11-continues-grow-use-among-steam-gamers-now-almost-16','https://www.windowscentral.com/sites/wpcentral.com/files/styles/large/public/field/image/2018/06/blade-15-steam.jpg','2022-03-08T13:56:15Z');

insert into NEWS.NEWS_COMPANY(COMPANY, SOURCE_NAME, AUTHOR, TITLE, DESCRIPTION, CONTENT, URL, IMG_URL, PUBLISH_DATE) 

                    values('nvidia','Windows Central','Brendan Lowry','Need a laptop with a backlit keyboard? These options won"t disappoint.','If you often find yourself working during nighttime hours or in dimly lit rooms, getting a keyboard that has good backlighting is crucial. This feature lights up your keycaps as you type, allowing you to easily see where specific keys are. Thankfully, keyboar…','If you often find yourself working during nighttime hours or in dimly lit rooms, getting a keyboard that has good backlighting is crucial. This feature lights up your keycaps as you type, allowing yo… [+5731 chars]','https://www.windowscentral.com/12-great-laptops-backlit-keyboards','https://www.windowscentral.com/sites/wpcentral.com/files/styles/large/public/field/image/2020/04/dell-xps-13-9300-1.jpg','2022-03-08T13:00:01Z');

insert into NEWS.NEWS_COMPANY(COMPANY, SOURCE_NAME, AUTHOR, TITLE, DESCRIPTION, CONTENT, URL, IMG_URL, PUBLISH_DATE) 

                    values('nvidia','Motley Fool','newsfeedback@fool.com (Harsh Chauhan)','1 Massive Reason Nvidia"s Tearing Growth Will Continue','The graphics card specialist continues to dominate this lucrative market.','The lucrative market for discrete graphics cards, used by video gamers in personal computers (PCs) and laptops, has played a crucial role in the terrific growth of Nvidia (NASDAQ:NVDA) over the years… [+4601 chars]','https://www.fool.com/investing/2022/03/08/1-massive-reason-why-nvidia-tearing-growth-will-c/','https://g.foolcdn.com/editorial/images/669320/man-woman-computer-screen.jpg','2022-03-08T12:21:00Z');

insert into NEWS.NEWS_COMPANY(COMPANY, SOURCE_NAME, AUTHOR, TITLE, DESCRIPTION, CONTENT, URL, IMG_URL, PUBLISH_DATE) 

                    values('nvidia','Forbes','Davey Winder, Senior Contributor, 

 Davey Winder, Senior Contributor

 https://www.forbes.com/sites/daveywinder/','Samsung Confirms Massive Galaxy Hack After 190GB Data Torrent Shared Via Telegram','The NVIDIA hackers have now targeted Samsung. Here"s what Galaxy smartphone owners need to know.','Samsung confirms massive data breach

NurPhoto via Getty Images

The bad news is that Samsung has now confirmed that a criminal group has, indeed, succeeded in breaching security and stolen code that… [+4939 chars]','https://www.forbes.com/sites/daveywinder/2022/03/08/samsung-confirms-massive-galaxy-hack-after-190gb-data-torrent-shared-via-telegram/','https://imageio.forbes.com/specials-images/imageserve/1190727787/0x0.jpg?format=jpg&width=1200&fit=bounds','2022-03-08T09:50:45Z');
, parameters: None
[2022-03-21 10:14:04,435] {dbapi.py:186} INFO - Rows affected: 1
[2022-03-21 10:14:04,483] {python.py:118} INFO - Done. Returned value was: None
[2022-03-21 10:14:04,545] {taskinstance.py:1166} INFO - Marking task as SUCCESS. dag_id=fetch_news, task_id=write_to_postgres, execution_date=20220308T000000, start_date=20220321T101403, end_date=20220321T101404
[2022-03-21 10:14:04,685] {taskinstance.py:1220} INFO - 0 downstream tasks scheduled from follow-on schedule check
[2022-03-21 10:14:04,714] {local_task_job.py:146} INFO - Task exited with return code 0
