[2022-03-27 12:07:47,549] {taskinstance.py:851} INFO - Dependencies all met for <TaskInstance: fetch_news.write_to_postgres 2022-03-24T00:00:00+00:00 [queued]>
[2022-03-27 12:07:47,559] {taskinstance.py:851} INFO - Dependencies all met for <TaskInstance: fetch_news.write_to_postgres 2022-03-24T00:00:00+00:00 [queued]>
[2022-03-27 12:07:47,559] {taskinstance.py:1042} INFO - 
--------------------------------------------------------------------------------
[2022-03-27 12:07:47,559] {taskinstance.py:1043} INFO - Starting attempt 1 of 1
[2022-03-27 12:07:47,559] {taskinstance.py:1044} INFO - 
--------------------------------------------------------------------------------
[2022-03-27 12:07:47,572] {taskinstance.py:1063} INFO - Executing <Task(PythonOperator): write_to_postgres> on 2022-03-24T00:00:00+00:00
[2022-03-27 12:07:47,574] {standard_task_runner.py:52} INFO - Started process 71 to run task
[2022-03-27 12:07:47,578] {standard_task_runner.py:76} INFO - Running: ['airflow', 'tasks', 'run', 'fetch_news', 'write_to_postgres', '2022-03-24T00:00:00+00:00', '--job-id', '790', '--pool', 'default_pool', '--raw', '--subdir', 'DAGS_FOLDER/fetch_news.py', '--cfg-path', '/tmp/tmp_cbev5l4', '--error-file', '/tmp/tmpc1u0pht9']
[2022-03-27 12:07:47,578] {standard_task_runner.py:77} INFO - Job 790: Subtask write_to_postgres
[2022-03-27 12:07:47,617] {logging_mixin.py:104} INFO - Running <TaskInstance: fetch_news.write_to_postgres 2022-03-24T00:00:00+00:00 [running]> on host dd6a275532f2
[2022-03-27 12:07:47,655] {taskinstance.py:1257} INFO - Exporting the following env vars:
AIRFLOW_CTX_DAG_OWNER=airflow
AIRFLOW_CTX_DAG_ID=fetch_news
AIRFLOW_CTX_TASK_ID=write_to_postgres
AIRFLOW_CTX_EXECUTION_DATE=2022-03-24T00:00:00+00:00
AIRFLOW_CTX_DAG_RUN_ID=scheduled__2022-03-24T00:00:00+00:00
[2022-03-27 12:07:47,663] {base.py:74} INFO - Using connection to: id: news_in. Host: postgres, Port: 5432, Schema: , Login: airflow, Password: XXXXXXXX, extra: None
[2022-03-27 12:07:47,667] {dbapi.py:180} INFO - Running statement: delete from NEWS.NEWS_COMPANY where cast('2022-03-24' as DATE) = cast(PUBLISH_DATE as DATE);

insert into NEWS.NEWS_COMPANY(COMPANY, SOURCE_NAME, AUTHOR, TITLE, DESCRIPTION, CONTENT, URL, IMG_URL, PUBLISH_DATE) 

                    values('nvidia','Video Games Chronicle','Tom Ivan','UK teen suspected of masterminding Microsoft, Nvidia and Ubisoft hacks | VGC - Video Games Chronicle','<ol><li>UK teen suspected of masterminding Microsoft, Nvidia and Ubisoft hacks | VGC  Video Games Chronicle

</li><li>Report: Microsoft, Nvidia, Ubisoft Hacked By Suspected Teenagers  Kotaku

</li><li>A teen is reportedly the mastermind behind the Lapsus$ hac…','A UK teenager has been identified as the suspected mastermind behind a series of hacks against major technology companies.

Hacking group Lapsus$ is thought to be responsible for recent attacks on Nv… [+1439 chars]','https://www.videogameschronicle.com/news/uk-teen-suspected-of-masterminding-microsoft-nvidia-and-ubisoft-hacks/','https://www.videogameschronicle.com/files/2020/10/WDL_screen_Hacker-Mass-Hack_061020_6pmCEST-scaled.jpg',cast('2022-03-24T12:16:52Z' as TIMESTAMP));

insert into NEWS.NEWS_COMPANY(COMPANY, SOURCE_NAME, AUTHOR, TITLE, DESCRIPTION, CONTENT, URL, IMG_URL, PUBLISH_DATE) 

                    values('nvidia','Reuters',null,'Goldman Sachs poised to lead U.S. IPO of SoftBank"s Arm -sources - Reuters','SoftBank Group Corp <a href="https://www.reuters.com/companies/9984.T" target="_blank">(9984.T)</a> is planning to pick Goldman Sachs Group Inc <a href="https://www.reuters.com/companies/GS.N" target="_blank">(GS.N)</a> as the lead underwriter on the initial …','March 24 (Reuters) - SoftBank Group Corp (9984.T) is planning to pick Goldman Sachs Group Inc (GS.N) as the lead underwriter on the initial public offering of Arm Ltd that could value the British chi… [+2830 chars]','https://www.reuters.com/business/goldman-sachs-poised-lead-us-ipo-softbanks-arm-sources-2022-03-24/','https://www.reuters.com/resizer/RFjv4FXnEwwBEMTUOf6-Fs7htcA=/1200x628/smart/filters:quality(80)/cloudfront-us-east-2.images.arcpublishing.com/reuters/XDULRO4HZJI3ZHS4D4SKG5NDXU.jpg',cast('2022-03-24T19:18:00Z' as TIMESTAMP));

insert into NEWS.NEWS_COMPANY(COMPANY, SOURCE_NAME, AUTHOR, TITLE, DESCRIPTION, CONTENT, URL, IMG_URL, PUBLISH_DATE) 

                    values('nvidia','Yahoo Entertainment','Daniel Howley','Nvidia CEO: Hack was a ‘wake-up call’ - Yahoo Canada Finance','<ol><li>Nvidia CEO: Hack was a ‘wake-up call’  Yahoo Canada Finance

</li><li>Lapsus$: Microsoft reports breach by hackers  CTV News

</li><li>Microsoft Says Lapsus$ Hackers Had “Limited Access” to Source Code - Thurrott.com  Thurrott.com

</li><li>Microsoft …','A day after Microsoft (MSFT) confirmed it was hacked by the cybercrime group Lapsus$, Nvidia (NVDA) CEO Jensen Huang called his own companys experience with the hackers a wake-up call.

In an intervi… [+4141 chars]','https://ca.finance.yahoo.com/news/nvidia-ceo-hack-was-a-wake-up-call-144119655.html','https://s.yimg.com/ny/api/res/1.2/7wf8LuLT8a3QTZOEE7Dm1A--/YXBwaWQ9aGlnaGxhbmRlcjt3PTEyMDA7aD02NTA-/https://s.yimg.com/os/creatr-uploaded-images/2021-11/5cf416e0-494e-11ec-bd3a-c1b7c4353a43',cast('2022-03-24T14:41:19Z' as TIMESTAMP));

insert into NEWS.NEWS_COMPANY(COMPANY, SOURCE_NAME, AUTHOR, TITLE, DESCRIPTION, CONTENT, URL, IMG_URL, PUBLISH_DATE) 

                    values('nvidia','Hackaday','Lewin Day','Copper Modding Helps Cool A Toasty GPU','[DandyWorks] had an NVIDIA RTX 3070 Ti GPU, and found it was running incredibly hot, with the card’s memory hitting temperatures of 110 °C. He decided to try “copper modding” …read more','[DandyWorks] had an NVIDIA RTX 3070 Ti GPU, and found it was running incredibly hot, with the card’s memory hitting temperatures of 110 °C. He decided to try “copper modding” to solve the problem, an… [+1318 chars]','https://hackaday.com/2022/03/24/copper-modding-helps-cool-a-toasty-gpu/','https://hackaday.com/wp-content/uploads/2022/03/I-Copper-Modded-An-RTX-3070-Ti.-Memory-Temperature-Dropped-45-Degrees-This-Is-How.-110C-to-64C-9-53-screenshot-1.png',cast('2022-03-24T08:00:29Z' as TIMESTAMP));

insert into NEWS.NEWS_COMPANY(COMPANY, SOURCE_NAME, AUTHOR, TITLE, DESCRIPTION, CONTENT, URL, IMG_URL, PUBLISH_DATE) 

                    values('nvidia','Tom"s Hardware UK','Paul Alcorn','Nvidia Unveils 144-Core Grace CPU Superchip','Nvidia enters the CPU business in a big way','(Image credit: Nvidia)

At GTC 2022, Nvidia CEO Jensen Huang finally shared more details around the company"s Arm endeavors as he unveiled the company"s new 144-core Grace CPU Superchip, the company"… [+13973 chars]','https://www.tomshardware.com/news/nvidia-unveils-144-core-grace-cpu-superchip-claims-arm-chip-15x-faster-than-amds-epyc-rome','https://cdn.mos.cms.futurecdn.net/RVjW8BTVzKJWJjGycR9C8h-1200-80.jpg',cast('2022-03-24T10:57:23Z' as TIMESTAMP));

insert into NEWS.NEWS_COMPANY(COMPANY, SOURCE_NAME, AUTHOR, TITLE, DESCRIPTION, CONTENT, URL, IMG_URL, PUBLISH_DATE) 

                    values('nvidia','Financial Post','James Pearson and Raphael Satter, Reuters','Suspected Okta hackers arrested by British police - Financial Post','<ol><li>Suspected Okta hackers arrested by British police  Financial Post

</li><li>Report: Microsoft, Nvidia, Ubisoft Hacked By Suspected Teenagers  Kotaku

</li><li>London police arrest seven people over Lapsus$ hacks  Engadget

</li><li>Researchers Suspect…','Author of the article:

Article content

LONDON/WASHINGTON Police in Britain have arrested seven people following a series of hacks by the Lapsus$ hacking group which targeted major firms including O… [+4562 chars]','https://financialpost.com/pmn/business-pmn/suspected-okta-hackers-arrested-by-british-police-2',null,cast('2022-03-24T21:42:21Z' as TIMESTAMP));

insert into NEWS.NEWS_COMPANY(COMPANY, SOURCE_NAME, AUTHOR, TITLE, DESCRIPTION, CONTENT, URL, IMG_URL, PUBLISH_DATE) 

                    values('nvidia','Digital Trends','Fionna Agomuoh','Dell powers up XPS 15 and 17 with Intel 12th-gen chips','The latest Dell XPS 15 and XPS 17 models feature new Intel and Nvidia hardware for power and creativity.','Dell’s latest XPS laptop models are now official, featuring the 12th-gen Intel Core H-Series processors.

The new versions include the XPS 15 and XPS 17, which are now available starting at $1,449 an… [+2278 chars]','https://www.digitaltrends.com/computing/dell-powers-up-xps-15-and-17-intel-12th-gen/','https://icdn.digitaltrends.com/image/digitaltrends/on-couch-with-phone-xps-17.jpg',cast('2022-03-24T14:00:33Z' as TIMESTAMP));

insert into NEWS.NEWS_COMPANY(COMPANY, SOURCE_NAME, AUTHOR, TITLE, DESCRIPTION, CONTENT, URL, IMG_URL, PUBLISH_DATE) 

                    values('nvidia','Reuters',null,'Suspected Okta hackers arrested by British police - Reuters.com','Police in Britain have arrested seven people following a series of hacks by the Lapsus$ hacking group which targeted major firms including Okta Inc <a href="https://www.reuters.com/companies/OKTA.O" target="_blank">(OKTA.O)</a> and Microsoft Corp <a href="htt…','LONDON, March 24 (Reuters) - Police in Britain have arrested seven people following a series of hacks by the Lapsus$ hacking group which targeted major firms including Okta Inc (OKTA.O) and Microsoft… [+1934 chars]','https://www.reuters.com/world/uk/british-police-say-seven-people-arrested-after-okta-hack-2022-03-24/','https://www.reuters.com/resizer/CxuqLk7Lala8p5u8OxjeB4q2DuA=/1200x628/smart/filters:quality(80)/cloudfront-us-east-2.images.arcpublishing.com/reuters/QIKYZPRZM5ORJKCZKMUMPOU3NU.jpg',cast('2022-03-24T16:22:00Z' as TIMESTAMP));

insert into NEWS.NEWS_COMPANY(COMPANY, SOURCE_NAME, AUTHOR, TITLE, DESCRIPTION, CONTENT, URL, IMG_URL, PUBLISH_DATE) 

                    values('nvidia','Ars Technica','Scharon Harding','Dell’s XPS 17 and 15 laptops now sold with 12th-gen Intel CPUs','The refreshed PCs are available at similar pricing to their predecessors.','3 with 3 posters participating

Dell updated its largest XPS clamshells on Thursday to include the latest mobile chips from Intel. Now, 12th-gen "Alder Lake" chips are available in the 17- and 15.6-i… [+2173 chars]','https://arstechnica.com/gadgets/2022/03/dells-xps-17-and-15-laptops-now-sold-with-12th-gen-intel-cpus/','https://cdn.arstechnica.net/wp-content/uploads/2022/03/XPS_17_right_angle-760x380.jpg',cast('2022-03-24T17:44:53Z' as TIMESTAMP));

insert into NEWS.NEWS_COMPANY(COMPANY, SOURCE_NAME, AUTHOR, TITLE, DESCRIPTION, CONTENT, URL, IMG_URL, PUBLISH_DATE) 

                    values('nvidia','Digital Trends','Caleb Clark','The Nvidia RTX 3090 Ti will have a triple 8-pin adapter','Nvidia"s latest powerhouse discrete GPU is right around the corner, and it"s coming with a triple 8-pin adapter. Here"s what that could say about power draw.','Nvidia’s latest flagship GPU — the GeForce RTX 3090 Ti — will have a third 8-pin adapter, according to Tom’s Hardware. We’ve known for a long time that the 3090 Ti would be power-thirsty, and now it’… [+1932 chars]','https://www.digitaltrends.com/computing/nvidia-rtx-3090-ti-will-have-triple-8-pin-adapter/','https://icdn.digitaltrends.com/image/digitaltrends/3090-ti-triple-8-pin.jpg',cast('2022-03-24T21:46:55Z' as TIMESTAMP));

insert into NEWS.NEWS_COMPANY(COMPANY, SOURCE_NAME, AUTHOR, TITLE, DESCRIPTION, CONTENT, URL, IMG_URL, PUBLISH_DATE) 

                    values('nvidia','Vice News','Joseph Cox, Jason Koebler, Emanuel Maiberg','LAPSUS$: How a Sloppy Extortion Gang Became One of the Most Prolific Hacking Groups','The U.S. government has said it is paying close attention to LAPSUS$, the group that breached Okta, Microsoft, and Nvidia. The answers for the group"s motivations are hiding in plain sight.','The hackers wanted to monetize that access by extorting EA. But they were shockingly bad at it. They didn’t really know who to send the demand to, so they asked me as a journalist who was in contact … [+9937 chars]','https://www.vice.com/en/article/3abedn/who-is-lapsus-hacking-gang','https://video-images.vice.com/articles/623c7f64be96d700949dd6b4/lede/1648132919693-cyber-money.png?image-resize-opts=Y3JvcD0wLjk5Mjg4ODg4ODg4ODg4ODl4dzoxeGg7Y2VudGVyLGNlbnRlciZyZXNpemU9MTIwMDoqJnJlc2l6ZT0xMjAwOio',cast('2022-03-24T14:43:17Z' as TIMESTAMP));

insert into NEWS.NEWS_COMPANY(COMPANY, SOURCE_NAME, AUTHOR, TITLE, DESCRIPTION, CONTENT, URL, IMG_URL, PUBLISH_DATE) 

                    values('nvidia','Ars Technica','Scharon Harding','MSI challenges Lenovo, HP with Tile-tracking laptops','MSI refreshed its Summit laptops with Tile trackers and 12th Gen Intel CPUs.','Enlarge/ MSI introduced the E14 Flip Evo 2-in-1 (pictured) today.

0 with 0 posters participating

The newest laptops in MSI"s highest-end productivity and business lineup should now be easier to loc… [+3028 chars]','https://arstechnica.com/gadgets/2022/03/msi-challenges-lenovo-hp-with-tile-tracking-laptops/','https://cdn.arstechnica.net/wp-content/uploads/2022/03/Summit_E14_Flip_Evo_13-760x380.jpg',cast('2022-03-24T12:00:22Z' as TIMESTAMP));

insert into NEWS.NEWS_COMPANY(COMPANY, SOURCE_NAME, AUTHOR, TITLE, DESCRIPTION, CONTENT, URL, IMG_URL, PUBLISH_DATE) 

                    values('nvidia','Windows Central','Sean Endicott','Dell packs 12th Gen Intel Core CPUs in its refreshed XPS 15 and 17','Dell"s refreshed XPS laptops feature the latest chips from Intel and new GPU options from NVIDIA.







What you need to know





Dell just launched its new XPS 15 and XPS 17 flagship laptops.

The devices feature the same general designs as their predecessors but …','Dell just refreshed two of its flagship laptops, the XPS 15 and XPS 17. The new devices feature 12th Gen Intel Core H-Series processors and have options for NVIDIA GeForce 30-Series graphics. Other i… [+1482 chars]','https://www.windowscentral.com/dell-refreshes-xps-15-17-12th-gen-intel-cpus-and-rtx-gpus','https://www.windowscentral.com/sites/wpcentral.com/files/styles/large/public/field/image/2022/03/xps-15-2022-lede.jpeg',cast('2022-03-24T14:00:02Z' as TIMESTAMP));

insert into NEWS.NEWS_COMPANY(COMPANY, SOURCE_NAME, AUTHOR, TITLE, DESCRIPTION, CONTENT, URL, IMG_URL, PUBLISH_DATE) 

                    values('nvidia','Windows Central','Robert Carnevale','New Intel XeSS details revealed at GDC','You can never have enough supersampling.







What you need to know





NVIDIA has DLSS 2.0, AMD has FSR, and soon, Intel will have XeSS.

All these acronyms represent upscaling solutions that use technological sorcery to maintain the visual luster of a game while…','The 2022 Game Developers Conference (GDC) is going on right now and lots of big tech companies are providing details about their latest projects. Among the participants is Intel, which is showing off… [+1384 chars]','https://www.windowscentral.com/intel-xess-steps-ring-alongside-amd-fsr-and-nvidia-dlss-new-details-revealed','https://www.windowscentral.com/sites/wpcentral.com/files/styles/large/public/field/image/2022/03/xess-4k-screenshot.jpg',cast('2022-03-24T19:27:31Z' as TIMESTAMP));

insert into NEWS.NEWS_COMPANY(COMPANY, SOURCE_NAME, AUTHOR, TITLE, DESCRIPTION, CONTENT, URL, IMG_URL, PUBLISH_DATE) 

                    values('nvidia','Rock Paper Shotgun','James Archer','AMD FSR 2.0 is a more demanding, higher-quality upscaling upgrade','AMD have revealed more about FSR 2.0, the major overhaul of its FidelityFX Super Resolution upscaling tech, after a detail-light announcement last week. FSR 2.0 will represent a switch from simple spatial upscaling to more closely match the advanced temporal …','AMD have revealed more about FSR 2.0, the major overhaul of its FidelityFX Super Resolution upscaling tech, after a detail-light announcement last week. FSR 2.0 will represent a switch from simple sp… [+3891 chars]','https://www.rockpapershotgun.com/amd-fsr-20-is-a-more-demanding-higher-quality-upscaling-upgrade','https://assets2.rockpapershotgun.com/deathloop-fsr-2.0-vs-native-4k.png/BROK/thumbnail/1600x900/format/jpg/quality/80/deathloop-fsr-2.0-vs-native-4k.png',cast('2022-03-24T13:54:22Z' as TIMESTAMP));

insert into NEWS.NEWS_COMPANY(COMPANY, SOURCE_NAME, AUTHOR, TITLE, DESCRIPTION, CONTENT, URL, IMG_URL, PUBLISH_DATE) 

                    values('nvidia','VentureBeat','George Lawton','Rescale upgrades scientific compute containerization','Rescale"s new offerings should simplify development of advanced apps for digital twins and cutting-edge scientific research.','Did you miss a session at the Data Summit? Watch On-Demand Here.

Rescale, a high-performance computing cloud vendor, has unveiled new features aimed at improving support for containers across cloud … [+3984 chars]','https://venturebeat.com/2022/03/24/rescale-upgrades-scientific-compute-containerization/','https://venturebeat.com/wp-content/uploads/2022/02/GettyImages-1008114136-e1645120567119.jpg?w=1200&strip=all',cast('2022-03-24T22:50:00Z' as TIMESTAMP));

insert into NEWS.NEWS_COMPANY(COMPANY, SOURCE_NAME, AUTHOR, TITLE, DESCRIPTION, CONTENT, URL, IMG_URL, PUBLISH_DATE) 

                    values('nvidia','GameSpot','Hayley Williams','AMD"s FSR 2.0 Will Be Supported On Xbox And Nvidia GPUs','AMD has shown off the next generation of its FidelityFX Super Resolution upscaling technology this week at GDC, announcing that the 2.0 upgrade will be available on a broad range of hardware, including Xbox consoles and Nvidia GPUs.AMD"s FSR launched last Jun…','AMD has shown off the next generation of its FidelityFX Super Resolution upscaling technology this week at GDC, announcing that the 2.0 upgrade will be available on a broad range of hardware, includi… [+1695 chars]','https://www.gamespot.com/articles/amds-fsr-2-0-will-be-supported-on-xbox-and-nvidia-gpus/1100-6501850/','https://www.gamespot.com/a/uploads/screen_kubrick/1597/15975876/3956256-amd_ffx_sr.jpg',cast('2022-03-24T06:19:00Z' as TIMESTAMP));

insert into NEWS.NEWS_COMPANY(COMPANY, SOURCE_NAME, AUTHOR, TITLE, DESCRIPTION, CONTENT, URL, IMG_URL, PUBLISH_DATE) 

                    values('nvidia','Theregister.com','Jeff Burt','Check Point spreading AI goodness throughout its security portfolio','Evolving threat environment means preventative AI – and SmartNICs – are needed to improve protection

GTC Check Point Software has put Nvidia GPUs and artificial intelligence techniques to work across its broad portfolio of security tools in order to address a…','GTC Check Point Software has put Nvidia GPUs and artificial intelligence techniques to work across its broad portfolio of security tools in order to address and adapt better to an increasingly sophis… [+4809 chars]','https://www.theregister.com/2022/03/24/checkpoint_ai_nvidia_cybersecurity/','https://regmedia.co.uk/2021/05/05/ai.jpg',cast('2022-03-24T06:43:06Z' as TIMESTAMP));

insert into NEWS.NEWS_COMPANY(COMPANY, SOURCE_NAME, AUTHOR, TITLE, DESCRIPTION, CONTENT, URL, IMG_URL, PUBLISH_DATE) 

                    values('nvidia','Cracked.com','Tiago Svn','Microsoft, Nvidia And Many Others Just Got Hacked By Some Kids','This is literally the plot from "Hackers"','A short while ago, we covered the concerning news that Nvidia, the gaming (and unintentional crypto mining) hardware giant, had been hacked by Lapsus$, a hacker group that stole critical company data… [+2099 chars]','https://www.cracked.com/article_33135_microsoft-nvidia-and-many-others-just-got-hacked-by-some-kids.html','https://s3.crackedcdn.com/phpimages/article/3/4/9/835349.jpg',cast('2022-03-24T15:30:00Z' as TIMESTAMP));

insert into NEWS.NEWS_COMPANY(COMPANY, SOURCE_NAME, AUTHOR, TITLE, DESCRIPTION, CONTENT, URL, IMG_URL, PUBLISH_DATE) 

                    values('nvidia','Yahoo Entertainment','Daniel Howley','Nvidia CEO: Hack was a ‘wake-up call’','Nvidia CEO Jensen Huang says the recent hack by Lapsus$ was a "wake-up call" for the chip maker.','A day after Microsoft (MSFT) confirmed it was hacked by the cybercrime group Lapsus$, Nvidia (NVDA) CEO Jensen Huang called his own companys experience with the hackers a wake-up call.

In an intervi… [+4141 chars]','https://finance.yahoo.com/news/nvidia-ceo-hack-was-a-wake-up-call-144119655.html','https://s.yimg.com/ny/api/res/1.2/7wf8LuLT8a3QTZOEE7Dm1A--/YXBwaWQ9aGlnaGxhbmRlcjt3PTEyMDA7aD02NTA-/https://s.yimg.com/os/creatr-uploaded-images/2021-11/5cf416e0-494e-11ec-bd3a-c1b7c4353a43',cast('2022-03-24T14:41:19Z' as TIMESTAMP));
, parameters: None
[2022-03-27 12:07:47,669] {dbapi.py:186} INFO - Rows affected: 1
[2022-03-27 12:07:47,673] {python.py:118} INFO - Done. Returned value was: None
[2022-03-27 12:07:47,683] {taskinstance.py:1166} INFO - Marking task as SUCCESS. dag_id=fetch_news, task_id=write_to_postgres, execution_date=20220324T000000, start_date=20220327T120747, end_date=20220327T120747
[2022-03-27 12:07:47,707] {taskinstance.py:1220} INFO - 0 downstream tasks scheduled from follow-on schedule check
[2022-03-27 12:07:47,751] {local_task_job.py:146} INFO - Task exited with return code 0
