[2022-03-21 10:14:05,713] {taskinstance.py:851} INFO - Dependencies all met for <TaskInstance: fetch_news.write_to_postgres 2022-03-09T00:00:00+00:00 [queued]>
[2022-03-21 10:14:05,737] {taskinstance.py:851} INFO - Dependencies all met for <TaskInstance: fetch_news.write_to_postgres 2022-03-09T00:00:00+00:00 [queued]>
[2022-03-21 10:14:05,784] {taskinstance.py:1042} INFO - 
--------------------------------------------------------------------------------
[2022-03-21 10:14:05,786] {taskinstance.py:1043} INFO - Starting attempt 5 of 5
[2022-03-21 10:14:05,793] {taskinstance.py:1044} INFO - 
--------------------------------------------------------------------------------
[2022-03-21 10:14:05,878] {taskinstance.py:1063} INFO - Executing <Task(PythonOperator): write_to_postgres> on 2022-03-09T00:00:00+00:00
[2022-03-21 10:14:05,907] {standard_task_runner.py:76} INFO - Running: ['airflow', 'tasks', 'run', 'fetch_news', 'write_to_postgres', '2022-03-09T00:00:00+00:00', '--job-id', '580', '--pool', 'default_pool', '--raw', '--subdir', 'DAGS_FOLDER/fetch_news.py', '--cfg-path', '/tmp/tmphppcmgib', '--error-file', '/tmp/tmpuquj3evd']
[2022-03-21 10:14:05,887] {standard_task_runner.py:52} INFO - Started process 1364 to run task
[2022-03-21 10:14:05,962] {standard_task_runner.py:77} INFO - Job 580: Subtask write_to_postgres
[2022-03-21 10:14:06,210] {logging_mixin.py:104} INFO - Running <TaskInstance: fetch_news.write_to_postgres 2022-03-09T00:00:00+00:00 [running]> on host e39215f0be5b
[2022-03-21 10:14:06,454] {taskinstance.py:1257} INFO - Exporting the following env vars:
AIRFLOW_CTX_DAG_OWNER=airflow
AIRFLOW_CTX_DAG_ID=fetch_news
AIRFLOW_CTX_TASK_ID=write_to_postgres
AIRFLOW_CTX_EXECUTION_DATE=2022-03-09T00:00:00+00:00
AIRFLOW_CTX_DAG_RUN_ID=scheduled__2022-03-09T00:00:00+00:00
[2022-03-21 10:14:06,501] {base.py:74} INFO - Using connection to: id: news_in. Host: postgres, Port: 5432, Schema: , Login: airflow, Password: XXXXXXXX, extra: None
[2022-03-21 10:14:06,515] {dbapi.py:180} INFO - Running statement: insert into NEWS.NEWS_COMPANY(COMPANY, SOURCE_NAME, AUTHOR, TITLE, DESCRIPTION, CONTENT, URL, IMG_URL, PUBLISH_DATE) 

                    values('nvidia','The Verge','Tom Warren','Nvidia’s RTX 3090 Ti will reportedly launch on March 29th','Nvidia is reportedly planning to launch its RTX 3090 Ti GPU on March 29th. Rumors suggest retailers and reviews will be under embargo until the end of the month.','Nvidia is still officially quiet on availability

Nvidias RTX 3090 Ti.

Image: Nvidia

Nvidia announced its RTX 3090 Ti at CES earlier this year, promising more information by the end of January. Nvi… [+1155 chars]','https://www.theverge.com/2022/3/9/22968811/nvidia-rtx-3090-ti-launch-date-price-availability-rumors','https://cdn.vox-cdn.com/thumbor/4mFsejHRQBMCIzkhsHZkdpV3jHI=/0x62:1788x998/fit-in/1200x630/cdn.vox-cdn.com/uploads/chorus_asset/file/23144510/rtx3090Ti.jpg','2022-03-09T14:44:57Z');

insert into NEWS.NEWS_COMPANY(COMPANY, SOURCE_NAME, AUTHOR, TITLE, DESCRIPTION, CONTENT, URL, IMG_URL, PUBLISH_DATE) 

                    values('nvidia','StockNews.com','Dipanjan Banchur','Better Chip Stock: NVIDIA vs. Broadcom','The demand for semiconductor chips has skyrocketed over the past two years thanks to its growing application across various industries, benefiting popular chip stocks NVIDIA (NVDA) and Broadcom (AVGO). But,...','The demand for semiconductor chips has skyrocketed over the past two years thanks to its growing application across various industries, benefiting popular chip stocks NVIDIA (NVDA) and Broadcom (AVGO… [+7217 chars]','https://stocknews.com/news/nvda-avgo-better-chip-stock-nvidia-vs-broadcom/','https://assets.entrepreneur.com/providers/stocknews/hero-image-stocknews-421860.jpeg','2022-03-09T20:01:10Z');

insert into NEWS.NEWS_COMPANY(COMPANY, SOURCE_NAME, AUTHOR, TITLE, DESCRIPTION, CONTENT, URL, IMG_URL, PUBLISH_DATE) 

                    values('nvidia','StockNews.com','Oleksandr Pylypenko','Advanced Micro Devices or NVIDIA: Which Chip Stock is a Better Choice?','In this article I"ll analyze and compare Advanced Micro Devices (AMD) and NVIDIA (NVDA) to determine which chip stock is currently the better buy.','In this article I"ll analyze and compare Advanced Micro Devices (AMD) and NVIDIA (NVDA) to determine which chip stock is currently the better buy.

shutterstock.com - StockNews

The global semiconduc… [+5570 chars]','https://stocknews.com/news/amd-nvda-advanced-micro-devices-or-nvidia-which-chip-stock-is-a/','https://assets.entrepreneur.com/providers/stocknews/hero-image-stocknews-421831.jpeg','2022-03-09T15:14:50Z');

insert into NEWS.NEWS_COMPANY(COMPANY, SOURCE_NAME, AUTHOR, TITLE, DESCRIPTION, CONTENT, URL, IMG_URL, PUBLISH_DATE) 

                    values('nvidia','StockNews.com','Subhasree Kar','3 Blue-Chip Tech Stocks Wall Street Predicts Will Rally More Than 50%','Accelerating digitization and adoption of advanced technologies across industries to ramp up businesses should propel the tech market’s growth in the coming years. Considering the fundamental stability of the blue-chip...','Accelerating digitization and adoption of advanced technologies across industries to ramp up businesses should propel the tech markets growth in the coming years. Considering the fundamental stabilit… [+7631 chars]','https://stocknews.com/news/nvda-crm-pypl-3-blue-chip-tech-stocks-wall-street-predicts-will-rally-more/','https://assets.entrepreneur.com/providers/stocknews/hero-image-stocknews-422004.jpeg','2022-03-10T22:59:58Z');

insert into NEWS.NEWS_COMPANY(COMPANY, SOURCE_NAME, AUTHOR, TITLE, DESCRIPTION, CONTENT, URL, IMG_URL, PUBLISH_DATE) 

                    values('nvidia','Ars Technica','Scharon Harding','2002 iMac resurrected with Apple’s M1 chip','A modder makes the iMac G4 feel new again.','Enlarge/ Optical drive included.

8 with 8 posters participating

You may be disheartened about the discontinuation of the 27-inch iMac, but fans of 2002"s iMac G4 have had to live much longer withou… [+2175 chars]','https://arstechnica.com/gadgets/2022/03/2002-imac-resurrected-with-apples-m1-chip/','https://cdn.arstechnica.net/wp-content/uploads/2022/03/listing-760x380.png','2022-03-10T16:42:56Z');

insert into NEWS.NEWS_COMPANY(COMPANY, SOURCE_NAME, AUTHOR, TITLE, DESCRIPTION, CONTENT, URL, IMG_URL, PUBLISH_DATE) 

                    values('nvidia','MakeUseOf','Arol Wright','Intel XeSS vs. Nvidia DLSS: Will Intel"s Upscaling Beat Out Nvidia?','Intel has joined the upscaling tech competition with XeSS as it ramps up its graphics efforts. But does it stand a chance against Nvidia"s DLSS?','For a long time, the GPU market has been dominated by two companies. Nvidia on one side, and AMD (after its acquisition of ATI in 2006) on the other. The entry of Intel to this field had long been ru… [+6390 chars]','https://www.makeuseof.com/intel-xess-vs-nvidia-dlss/','https://static1.makeuseofimages.com/wordpress/wp-content/uploads/2022/01/Intel-Arc-logo.jpg','2022-03-09T23:00:14Z');

insert into NEWS.NEWS_COMPANY(COMPANY, SOURCE_NAME, AUTHOR, TITLE, DESCRIPTION, CONTENT, URL, IMG_URL, PUBLISH_DATE) 

                    values('nvidia','CNET','Carrie Mihalcik','Apple, Microsoft, Samsung, Amazon and Other Tech Companies Stop Sales in Russia - CNET','Sanctions against Russia have continued in the form of tech companies ceasing sales of products and services. Here"s the list of companies involved.','Tech companies across the globe are pulling out of Russia.

Jakub Porzycki/Getty Images

This story is part of War in Ukraine, CNET"s coverage of events there and of the wider effects on the world.

… [+8574 chars]','https://www.cnet.com/news/politics/apple-microsoft-and-other-tech-companies-stop-sales-in-russia/','https://www.cnet.com/a/img/resize/bbe15ede6e9df83f3dd5bfc39ab9d324c41a2410/2022/03/04/13833661-e07b-40ba-a690-f1b44b3211d5/gettyimages-1238862139.jpg?auto=webp&fit=crop&height=630&width=1200','2022-03-10T17:01:00Z');

insert into NEWS.NEWS_COMPANY(COMPANY, SOURCE_NAME, AUTHOR, TITLE, DESCRIPTION, CONTENT, URL, IMG_URL, PUBLISH_DATE) 

                    values('nvidia','Reuters',null,'Amazon latest megacap to join stock split squad - Reuters.com','Stock splits are becoming fashionable for megacap U.S. companies.','NEW YORK, March 10 (Reuters) - Stock splits are becoming fashionable for megacap U.S. companies.

Amazon unveiled a 20-for-1 stock split late on Wednesday, only weeks after megacap peer Alphabet (GOO… [+3038 chars]','https://www.reuters.com/business/retail-consumer/amazon-latest-megacap-join-stock-split-squad-2022-03-10/','https://www.reuters.com/resizer/rd7zQQSGKOAQyKpNRAasHdAYRfI=/1200x628/smart/filters:quality(80)/cloudfront-us-east-2.images.arcpublishing.com/reuters/4MAIJUZY7BJMPKGBKWWZI7P7OQ.jpg','2022-03-10T20:17:00Z');

insert into NEWS.NEWS_COMPANY(COMPANY, SOURCE_NAME, AUTHOR, TITLE, DESCRIPTION, CONTENT, URL, IMG_URL, PUBLISH_DATE) 

                    values('nvidia','Windows Central','Sean Endicott','NVIDIA will reportedly launch the RTX 3090 Ti on March 29','The RTX 3090 Ti was originally scheduled to launch in January, but it appears we"ll finally see the GPU by the end of this month.



NVIDIA RTX 3090, which appears similar to the upcoming RTX 3090 Ti.



What you need to know





NVIDIA will reportedly start shippi…','NVIDIA RTX 3090, which appears similar to the upcoming RTX 3090 Ti.Source: ColorfulWe won"t have to wait long for NVIDIA"s new RTX 3090 Ti GPU, according to a report by Videocardz. The outlet claims … [+1305 chars]','https://www.windowscentral.com/nvidia-rtx-3090-ti-will-launch-march-29-says-leak','https://www.windowscentral.com/sites/wpcentral.com/files/styles/large/public/field/image/2021/06/rtx-3090.jpg','2022-03-09T16:33:25Z');

insert into NEWS.NEWS_COMPANY(COMPANY, SOURCE_NAME, AUTHOR, TITLE, DESCRIPTION, CONTENT, URL, IMG_URL, PUBLISH_DATE) 

                    values('nvidia','Boing Boing','Rob Beschizza','Apple Mac Studio not just a stack of Mac Minis in a trenchcoat','Yesterday, Apple announced its first new computer in years: the Mac Studio. About the size of three stacked Mac Minis, it echoes the handsome but underpowered Mac Cube of yore, but with all the benefits of modern performance and power management. — Read the r…','Yesterday, Apple announced its first new computer in years: the Mac Studio. About the size of three stacked Mac Minis, it echoes the handsome but underpowered Mac Cube of yore, but with all the benef… [+1305 chars]','https://boingboing.net/2022/03/09/apple-mac-studio-not-just-a-stack-of-mac-minis-in-a-trenchcoat.html','https://i0.wp.com/boingboing.net/wp-content/uploads/2022/03/Screen-Shot-2022-03-09-at-9.28.03-AM.jpg?fit=1200%2C595&ssl=1','2022-03-09T15:02:00Z');

insert into NEWS.NEWS_COMPANY(COMPANY, SOURCE_NAME, AUTHOR, TITLE, DESCRIPTION, CONTENT, URL, IMG_URL, PUBLISH_DATE) 

                    values('nvidia','Theregister.com','Agam Shah','Why Nvidia sees a future in software and services: Recurring revenue','Thanks for that GPU purchase, we"ll start a tab for you

Nvidia is repositioning itself as a software and services company, allowing it to regularly extract revenue from those using its graphics processors.…','Nvidia is repositioning itself as a software and services company, allowing it to regularly extract revenue from those using its graphics processors.

"Now we"re entering into a new phase, a new phas… [+4409 chars]','https://www.theregister.com/2022/03/10/nvidia_software_services/','https://regmedia.co.uk/2022/03/10/nvidia_shutterstock.jpg','2022-03-10T08:34:08Z');

insert into NEWS.NEWS_COMPANY(COMPANY, SOURCE_NAME, AUTHOR, TITLE, DESCRIPTION, CONTENT, URL, IMG_URL, PUBLISH_DATE) 

                    values('nvidia','GameSpot','Jenny Zheng','Nvidia"s RTX 3090 Ti Rumored To Launch On March 29','Announced during CES 2022, Nvidia"s RTX 3090 Ti is now rumored to launch on March 29.Nvidia hasn"t officially revealed any info, but Videocardz obtained and shared a report detailing the tech company"s internal embargoed info. It included the launch date of t…','Announced during CES 2022, Nvidia"s RTX 3090 Ti is now rumored to launch on March 29.

Nvidia hasn"t officially revealed any info, but Videocardz obtained and shared a report detailing the tech compa… [+992 chars]','https://www.gamespot.com/articles/nvidias-rtx-3090-ti-rumored-to-launch-on-march-29/1100-6501387/','https://www.gamespot.com/a/uploads/screen_kubrick/1597/15971658/3950717-nvidiathumb.jpg','2022-03-09T17:51:00Z');

insert into NEWS.NEWS_COMPANY(COMPANY, SOURCE_NAME, AUTHOR, TITLE, DESCRIPTION, CONTENT, URL, IMG_URL, PUBLISH_DATE) 

                    values('nvidia','MSPoweruser','Alex Atkin','Nvidia’s RTX 3090 Ti is reportedly due to launch this month','Despite silence from manufacturer Nvidia, new reports are pointing towards a March 29th release date for the much anticipated RTX 3090 Ti.  After announcing the RTX 3090 Ti at CES back in January, Nvidia’s latest and greatest graphics card has been surprising…','Despite silence from manufacturer Nvidia, new reports are pointing towards a March 29th release date for the much anticipated RTX 3090 Ti. 

After announcing the RTX 3090 Ti at CES back in January, N… [+1344 chars]','https://mspoweruser.com/nvidia-rtx-3090-ti-reportedly-launches-this-month/','https://mspoweruser.com/wp-content/uploads/2022/03/Nvidia-RTX-3090-Ti-100322.jpg','2022-03-10T15:31:46Z');

insert into NEWS.NEWS_COMPANY(COMPANY, SOURCE_NAME, AUTHOR, TITLE, DESCRIPTION, CONTENT, URL, IMG_URL, PUBLISH_DATE) 

                    values('nvidia','Motley Fool','newsfeedback@fool.com (Rich Smith)','Why Nvidia Stock Is on Fire Today','Multiple news headlines favor the semiconductors stock today.','What happened

Nvidia( NVDA 5.61% ) stock jumped out of the gate Wednesday morning, and shares of the semiconductors powerhouse are up 5.6% as of 10 a.m. ET.

What"s causing Nvidia stock to rise? A c… [+1759 chars]','https://www.fool.com/investing/2022/03/09/why-nvidia-stock-is-on-fire-today/','https://g.foolcdn.com/editorial/images/669703/glowing-semiconductor-chip.jpg','2022-03-09T17:22:53Z');

insert into NEWS.NEWS_COMPANY(COMPANY, SOURCE_NAME, AUTHOR, TITLE, DESCRIPTION, CONTENT, URL, IMG_URL, PUBLISH_DATE) 

                    values('nvidia','Motley Fool','newsfeedback@fool.com (John Ballard)','Why Micron Technology Could Be the Nvidia of the 2020s','There are striking similarities between Nvidia in 2012 and Micron in 2022.','A $1,000 investment in Nvidia( NVDA 6.97% ) in 2012 would be worth $57,000 today. That"s what can happen when you invest in a growing tech company that experiences expanding use cases for its product… [+5613 chars]','https://www.fool.com/investing/2022/03/10/why-micron-technology-could-be-nvidia-of-2020s/','https://g.foolcdn.com/editorial/images/669526/an-investor-looking-at-a-stock-chart-on-a-tablet.jpg','2022-03-10T12:35:00Z');

insert into NEWS.NEWS_COMPANY(COMPANY, SOURCE_NAME, AUTHOR, TITLE, DESCRIPTION, CONTENT, URL, IMG_URL, PUBLISH_DATE) 

                    values('nvidia','Digital Trends','Fionna Agomuoh','Alienware 34 QD-OLED is already sold out, because of course it is','The new Alienware 34 QD-OLED gaming monitor has proved popular among fans, selling out on its first day of availability.','The Alienware 34 QD-OLED monitor is already sold out after having gone on sale just this morning.

The highly anticipated 34-inch gaming monitor sells for $1,400 and features a curved design, high re… [+2099 chars]','https://www.digitaltrends.com/computing/alienware-34-qd-oled-is-already-sold-out/','https://icdn.digitaltrends.com/image/digitaltrends/alienware-34-1.jpg','2022-03-09T21:58:11Z');

insert into NEWS.NEWS_COMPANY(COMPANY, SOURCE_NAME, AUTHOR, TITLE, DESCRIPTION, CONTENT, URL, IMG_URL, PUBLISH_DATE) 

                    values('nvidia','Eurogamer.net','Ishraq Subhan','Nvidia"s Geforce Now RTX 3080 tier now available at a monthly cost','Nvidia has revealed a new monthly price for its premium RTX 3080 tier on Geforce Now. The service will be available for £17.99 per month, giving you access to an RTX 3080-level GPU and all the added benefits, including raytracing, 1440p 120FPS gaming on PC an…','Nvidia has revealed a new monthly price for its premium RTX 3080 tier on Geforce Now. 

The service will be available for £17.99 per month, giving you access to an RTX 3080-level GPU and all the adde… [+1106 chars]','https://www.eurogamer.net/articles/2022-03-10-nvidias-geforce-now-rtx-3080-tier-now-available-at-a-monthly-cost','https://images.gnwcdn.com/2018/articles/2018-03-20-10-55/welcome-to-the-new-eurogamer-1521543305513.jpg','2022-03-10T15:54:00Z');

insert into NEWS.NEWS_COMPANY(COMPANY, SOURCE_NAME, AUTHOR, TITLE, DESCRIPTION, CONTENT, URL, IMG_URL, PUBLISH_DATE) 

                    values('nvidia','Motley Fool','newsfeedback@fool.com (Harsh Chauhan)','Will Nvidia Be a Trillion-Dollar Stock by 2025?','The graphics specialist has been facing challenging times of late, but investors should focus on the bigger picture.','The last three months have been terrible for Nvidia( NVDA 6.97% ) investors as the graphics cards specialist has shed nearly 23% of its market capitalization despite reporting solid quarterly results… [+4760 chars]','https://www.fool.com/investing/2022/03/10/will-nvidia-be-a-trillion-dollar-stock-by-2025/','https://g.foolcdn.com/editorial/images/669536/man-pointing-upward-stock-chart.jpg','2022-03-10T13:30:00Z');

insert into NEWS.NEWS_COMPANY(COMPANY, SOURCE_NAME, AUTHOR, TITLE, DESCRIPTION, CONTENT, URL, IMG_URL, PUBLISH_DATE) 

                    values('nvidia','Digital Trends','Chuong Nguyen','More reports confirm M2 chips coming to Macs later this year','Apple"s rumored M2 processor based on a 4nm node could give 2022"s MacBook Air and Mac Mini a serious performance boost.','After a performance-studded launch with its M1 processor line, Apple is expected to debut the Mac CPU sequel later this year, with better performance for desktop applications and improved power effic… [+3488 chars]','https://www.digitaltrends.com/computing/apple-m2-processor-tsmc-4nm/','https://icdn.digitaltrends.com/image/digitaltrends/macbook-pro-2021-15.jpg','2022-03-10T19:43:20Z');

insert into NEWS.NEWS_COMPANY(COMPANY, SOURCE_NAME, AUTHOR, TITLE, DESCRIPTION, CONTENT, URL, IMG_URL, PUBLISH_DATE) 

                    values('nvidia','Digital Trends','Monica J. White','Apple’s 2002 iMac G6 comes back from the dead with M1 chip','The 2002 all-in-one Apple iMac G4 was just modded and brought back to life with an M1 chip and all-new hardware. Spoiler alert: It actually works.','Do you remember the 2002 iMac G4? We don’t blame you if you don’t — it’s been 20 years since Apple released that iconic all-in-one desktop.

However, nostalgia is a powerful force, and when you combi… [+2918 chars]','https://www.digitaltrends.com/computing/apple-2002-imac-g4-rebuilt-with-m1-chip/','https://icdn.digitaltrends.com/image/digitaltrends/listing.jpg','2022-03-10T23:03:16Z');
, parameters: None
[2022-03-21 10:14:06,519] {dbapi.py:186} INFO - Rows affected: 1
[2022-03-21 10:14:06,533] {python.py:118} INFO - Done. Returned value was: None
[2022-03-21 10:14:06,570] {taskinstance.py:1166} INFO - Marking task as SUCCESS. dag_id=fetch_news, task_id=write_to_postgres, execution_date=20220309T000000, start_date=20220321T101405, end_date=20220321T101406
[2022-03-21 10:14:06,656] {taskinstance.py:1220} INFO - 0 downstream tasks scheduled from follow-on schedule check
[2022-03-21 10:14:06,705] {local_task_job.py:146} INFO - Task exited with return code 0
