[2022-03-21 16:48:14,112] {taskinstance.py:851} INFO - Dependencies all met for <TaskInstance: fetch_news.write_to_postgres 2022-03-09T00:00:00+00:00 [queued]>
[2022-03-21 16:48:14,194] {taskinstance.py:851} INFO - Dependencies all met for <TaskInstance: fetch_news.write_to_postgres 2022-03-09T00:00:00+00:00 [queued]>
[2022-03-21 16:48:14,203] {taskinstance.py:1042} INFO - 
--------------------------------------------------------------------------------
[2022-03-21 16:48:14,203] {taskinstance.py:1043} INFO - Starting attempt 6 of 6
[2022-03-21 16:48:14,204] {taskinstance.py:1044} INFO - 
--------------------------------------------------------------------------------
[2022-03-21 16:48:14,253] {taskinstance.py:1063} INFO - Executing <Task(PythonOperator): write_to_postgres> on 2022-03-09T00:00:00+00:00
[2022-03-21 16:48:14,284] {standard_task_runner.py:52} INFO - Started process 349 to run task
[2022-03-21 16:48:14,317] {standard_task_runner.py:76} INFO - Running: ['airflow', 'tasks', 'run', 'fetch_news', 'write_to_postgres', '2022-03-09T00:00:00+00:00', '--job-id', '753', '--pool', 'default_pool', '--raw', '--subdir', 'DAGS_FOLDER/fetch_news.py', '--cfg-path', '/tmp/tmpnktnpqzu', '--error-file', '/tmp/tmpmfcy4i1p']
[2022-03-21 16:48:14,322] {standard_task_runner.py:77} INFO - Job 753: Subtask write_to_postgres
[2022-03-21 16:48:14,489] {logging_mixin.py:104} INFO - Running <TaskInstance: fetch_news.write_to_postgres 2022-03-09T00:00:00+00:00 [running]> on host dd6a275532f2
[2022-03-21 16:48:14,639] {taskinstance.py:1257} INFO - Exporting the following env vars:
AIRFLOW_CTX_DAG_OWNER=airflow
AIRFLOW_CTX_DAG_ID=fetch_news
AIRFLOW_CTX_TASK_ID=write_to_postgres
AIRFLOW_CTX_EXECUTION_DATE=2022-03-09T00:00:00+00:00
AIRFLOW_CTX_DAG_RUN_ID=scheduled__2022-03-09T00:00:00+00:00
[2022-03-21 16:48:14,655] {base.py:74} INFO - Using connection to: id: news_in. Host: postgres, Port: 5432, Schema: , Login: airflow, Password: XXXXXXXX, extra: None
[2022-03-21 16:48:14,669] {dbapi.py:180} INFO - Running statement: delete from NEWS.NEWS_COMPANY where cast('2022-03-09' as DATE) = cast(PUBLISH_DATE as DATE);

insert into NEWS.NEWS_COMPANY(COMPANY, SOURCE_NAME, AUTHOR, TITLE, DESCRIPTION, CONTENT, URL, IMG_URL, PUBLISH_DATE) 

                    values('nvidia','The Verge','Tom Warren','Nvidia’s RTX 3090 Ti will reportedly launch on March 29th','Nvidia is reportedly planning to launch its RTX 3090 Ti GPU on March 29th. Rumors suggest retailers and reviews will be under embargo until the end of the month.','Nvidia is still officially quiet on availability

Nvidias RTX 3090 Ti.

Image: Nvidia

Nvidia announced its RTX 3090 Ti at CES earlier this year, promising more information by the end of January. Nvi… [+1155 chars]','https://www.theverge.com/2022/3/9/22968811/nvidia-rtx-3090-ti-launch-date-price-availability-rumors','https://cdn.vox-cdn.com/thumbor/4mFsejHRQBMCIzkhsHZkdpV3jHI=/0x62:1788x998/fit-in/1200x630/cdn.vox-cdn.com/uploads/chorus_asset/file/23144510/rtx3090Ti.jpg',cast('2022-03-09T14:44:57Z' as TIMESTAMP));

insert into NEWS.NEWS_COMPANY(COMPANY, SOURCE_NAME, AUTHOR, TITLE, DESCRIPTION, CONTENT, URL, IMG_URL, PUBLISH_DATE) 

                    values('nvidia','StockNews.com','Dipanjan Banchur','Better Chip Stock: NVIDIA vs. Broadcom','The demand for semiconductor chips has skyrocketed over the past two years thanks to its growing application across various industries, benefiting popular chip stocks NVIDIA (NVDA) and Broadcom (AVGO). But,...','The demand for semiconductor chips has skyrocketed over the past two years thanks to its growing application across various industries, benefiting popular chip stocks NVIDIA (NVDA) and Broadcom (AVGO… [+7217 chars]','https://stocknews.com/news/nvda-avgo-better-chip-stock-nvidia-vs-broadcom/','https://assets.entrepreneur.com/providers/stocknews/hero-image-stocknews-421860.jpeg',cast('2022-03-09T20:01:10Z' as TIMESTAMP));

insert into NEWS.NEWS_COMPANY(COMPANY, SOURCE_NAME, AUTHOR, TITLE, DESCRIPTION, CONTENT, URL, IMG_URL, PUBLISH_DATE) 

                    values('nvidia','StockNews.com','Oleksandr Pylypenko','Advanced Micro Devices or NVIDIA: Which Chip Stock is a Better Choice?','In this article I"ll analyze and compare Advanced Micro Devices (AMD) and NVIDIA (NVDA) to determine which chip stock is currently the better buy.','In this article I"ll analyze and compare Advanced Micro Devices (AMD) and NVIDIA (NVDA) to determine which chip stock is currently the better buy.

shutterstock.com - StockNews

The global semiconduc… [+5570 chars]','https://stocknews.com/news/amd-nvda-advanced-micro-devices-or-nvidia-which-chip-stock-is-a/','https://assets.entrepreneur.com/providers/stocknews/hero-image-stocknews-421831.jpeg',cast('2022-03-09T15:14:50Z' as TIMESTAMP));

insert into NEWS.NEWS_COMPANY(COMPANY, SOURCE_NAME, AUTHOR, TITLE, DESCRIPTION, CONTENT, URL, IMG_URL, PUBLISH_DATE) 

                    values('nvidia','MakeUseOf','Arol Wright','Intel XeSS vs. Nvidia DLSS: Will Intel"s Upscaling Beat Out Nvidia?','Intel has joined the upscaling tech competition with XeSS as it ramps up its graphics efforts. But does it stand a chance against Nvidia"s DLSS?','For a long time, the GPU market has been dominated by two companies. Nvidia on one side, and AMD (after its acquisition of ATI in 2006) on the other. The entry of Intel to this field had long been ru… [+6390 chars]','https://www.makeuseof.com/intel-xess-vs-nvidia-dlss/','https://static1.makeuseofimages.com/wordpress/wp-content/uploads/2022/01/Intel-Arc-logo.jpg',cast('2022-03-09T23:00:14Z' as TIMESTAMP));

insert into NEWS.NEWS_COMPANY(COMPANY, SOURCE_NAME, AUTHOR, TITLE, DESCRIPTION, CONTENT, URL, IMG_URL, PUBLISH_DATE) 

                    values('nvidia','Windows Central','Sean Endicott','NVIDIA will reportedly launch the RTX 3090 Ti on March 29','The RTX 3090 Ti was originally scheduled to launch in January, but it appears we"ll finally see the GPU by the end of this month.



NVIDIA RTX 3090, which appears similar to the upcoming RTX 3090 Ti.



What you need to know





NVIDIA will reportedly start shippi…','NVIDIA RTX 3090, which appears similar to the upcoming RTX 3090 Ti.Source: ColorfulWe won"t have to wait long for NVIDIA"s new RTX 3090 Ti GPU, according to a report by Videocardz. The outlet claims … [+1305 chars]','https://www.windowscentral.com/nvidia-rtx-3090-ti-will-launch-march-29-says-leak','https://www.windowscentral.com/sites/wpcentral.com/files/styles/large/public/field/image/2021/06/rtx-3090.jpg',cast('2022-03-09T16:33:25Z' as TIMESTAMP));

insert into NEWS.NEWS_COMPANY(COMPANY, SOURCE_NAME, AUTHOR, TITLE, DESCRIPTION, CONTENT, URL, IMG_URL, PUBLISH_DATE) 

                    values('nvidia','Boing Boing','Rob Beschizza','Apple Mac Studio not just a stack of Mac Minis in a trenchcoat','Yesterday, Apple announced its first new computer in years: the Mac Studio. About the size of three stacked Mac Minis, it echoes the handsome but underpowered Mac Cube of yore, but with all the benefits of modern performance and power management. — Read the r…','Yesterday, Apple announced its first new computer in years: the Mac Studio. About the size of three stacked Mac Minis, it echoes the handsome but underpowered Mac Cube of yore, but with all the benef… [+1305 chars]','https://boingboing.net/2022/03/09/apple-mac-studio-not-just-a-stack-of-mac-minis-in-a-trenchcoat.html','https://i0.wp.com/boingboing.net/wp-content/uploads/2022/03/Screen-Shot-2022-03-09-at-9.28.03-AM.jpg?fit=1200%2C595&ssl=1',cast('2022-03-09T15:02:00Z' as TIMESTAMP));

insert into NEWS.NEWS_COMPANY(COMPANY, SOURCE_NAME, AUTHOR, TITLE, DESCRIPTION, CONTENT, URL, IMG_URL, PUBLISH_DATE) 

                    values('nvidia','GameSpot','Jenny Zheng','Nvidia"s RTX 3090 Ti Rumored To Launch On March 29','Announced during CES 2022, Nvidia"s RTX 3090 Ti is now rumored to launch on March 29.Nvidia hasn"t officially revealed any info, but Videocardz obtained and shared a report detailing the tech company"s internal embargoed info. It included the launch date of t…','Announced during CES 2022, Nvidia"s RTX 3090 Ti is now rumored to launch on March 29.

Nvidia hasn"t officially revealed any info, but Videocardz obtained and shared a report detailing the tech compa… [+992 chars]','https://www.gamespot.com/articles/nvidias-rtx-3090-ti-rumored-to-launch-on-march-29/1100-6501387/','https://www.gamespot.com/a/uploads/screen_kubrick/1597/15971658/3950717-nvidiathumb.jpg',cast('2022-03-09T17:51:00Z' as TIMESTAMP));

insert into NEWS.NEWS_COMPANY(COMPANY, SOURCE_NAME, AUTHOR, TITLE, DESCRIPTION, CONTENT, URL, IMG_URL, PUBLISH_DATE) 

                    values('nvidia','Motley Fool','newsfeedback@fool.com (Rich Smith)','Why Nvidia Stock Is on Fire Today','Multiple news headlines favor the semiconductors stock today.','What happened

Nvidia( NVDA 5.61% ) stock jumped out of the gate Wednesday morning, and shares of the semiconductors powerhouse are up 5.6% as of 10 a.m. ET.

What"s causing Nvidia stock to rise? A c… [+1759 chars]','https://www.fool.com/investing/2022/03/09/why-nvidia-stock-is-on-fire-today/','https://g.foolcdn.com/editorial/images/669703/glowing-semiconductor-chip.jpg',cast('2022-03-09T17:22:53Z' as TIMESTAMP));

insert into NEWS.NEWS_COMPANY(COMPANY, SOURCE_NAME, AUTHOR, TITLE, DESCRIPTION, CONTENT, URL, IMG_URL, PUBLISH_DATE) 

                    values('nvidia','Digital Trends','Fionna Agomuoh','Alienware 34 QD-OLED is already sold out, because of course it is','The new Alienware 34 QD-OLED gaming monitor has proved popular among fans, selling out on its first day of availability.','The Alienware 34 QD-OLED monitor is already sold out after having gone on sale just this morning.

The highly anticipated 34-inch gaming monitor sells for $1,400 and features a curved design, high re… [+2099 chars]','https://www.digitaltrends.com/computing/alienware-34-qd-oled-is-already-sold-out/','https://icdn.digitaltrends.com/image/digitaltrends/alienware-34-1.jpg',cast('2022-03-09T21:58:11Z' as TIMESTAMP));

insert into NEWS.NEWS_COMPANY(COMPANY, SOURCE_NAME, AUTHOR, TITLE, DESCRIPTION, CONTENT, URL, IMG_URL, PUBLISH_DATE) 

                    values('nvidia','GameSpot','Darryn Bonthuys','PC Building Simulator 2 Announced, Coming Exclusively To Epic Games Store In 2022','PC Building Simulator 2 has been officially announced by developer Spiral House, and will be launching later this year exclusively on the Epic Games Store. A follow-up to the original 2018 game that digitally captured the excitement--and incredible stress--of…','PC Building Simulator 2 has been officially announced by developer Spiral House, and will be launching later this year exclusively on the Epic Games Store. A follow-up to the original 2018 game that … [+1455 chars]','https://www.gamespot.com/articles/pc-building-simulator-2-announced-coming-exclusively-to-epic-games-store-in-2022/1100-6501370/','https://www.gamespot.com/a/uploads/screen_kubrick/1601/16018044/3950530-key-art-logoless.jpg',cast('2022-03-09T16:00:00Z' as TIMESTAMP));

insert into NEWS.NEWS_COMPANY(COMPANY, SOURCE_NAME, AUTHOR, TITLE, DESCRIPTION, CONTENT, URL, IMG_URL, PUBLISH_DATE) 

                    values('nvidia','Motley Fool','newsfeedback@fool.com (Trevor Jennewine)','2 Monster Growth Stocks Shaping the Future of Technology','These innovative businesses are working to make self-driving cars a reality.','Each day, the average American spends about one hour driving, wasting a significant amount of time that could otherwise be spent on more rewarding or productive activities. But the loss of life is ev… [+4677 chars]','https://www.fool.com/investing/2022/03/09/2-monster-growth-stocks-shaping-the-future-of-tech/','https://g.foolcdn.com/editorial/images/669471/artificial-intelligence-6.jpg',cast('2022-03-09T15:13:53Z' as TIMESTAMP));

insert into NEWS.NEWS_COMPANY(COMPANY, SOURCE_NAME, AUTHOR, TITLE, DESCRIPTION, CONTENT, URL, IMG_URL, PUBLISH_DATE) 

                    values('nvidia','MakeUseOf','Jack Ryan','What Is NVLink and Is It Better Than SLI?','Want to use more than one GPU? NVLink is the way to go.','If you"re passionate about computers or just looking to get the best performance out of your rig, you"ve likely heard of SLI.

At the time of its inception, many considered SLI to be the next big ste… [+3931 chars]','https://www.makeuseof.com/what-is-nvlink-and-is-it-better-than-sli/','https://static1.makeuseofimages.com/wordpress/wp-content/uploads/2022/02/two-Nvidia-RTX-2080s-for-a-multi-GPU-setup.jpg',cast('2022-03-09T12:30:13Z' as TIMESTAMP));

insert into NEWS.NEWS_COMPANY(COMPANY, SOURCE_NAME, AUTHOR, TITLE, DESCRIPTION, CONTENT, URL, IMG_URL, PUBLISH_DATE) 

                    values('nvidia','Neowin','sen92sayan@gmail.com (Sayan Sen)','Yes the RTX 3090 Ti is probably finally coming as new release and review NDA dates leak','After the January 27 embargo date for Nvidia"s mighty RTX 3090 Ti never materialized, there were rumors suggesting the card was delayed indefinitely. However, new NDA dates have leaked today. Read more...','At its CES 2022 event in January, Nvidia for the first time introduced the world to the RTX 3090 Ti and promised more details later in the month. However, that didn"t happen and reports of Nvidia cea… [+1095 chars]','https://www.neowin.net/news/yes-the-rtx-3090-ti-is-probably-finally-coming-as-new-release-and-review-nda-dates-leak/','https://cdn.neow.in/news/images/uploaded/2022/01/1642177357_3090_ti_story.jpg',cast('2022-03-09T15:16:01Z' as TIMESTAMP));

insert into NEWS.NEWS_COMPANY(COMPANY, SOURCE_NAME, AUTHOR, TITLE, DESCRIPTION, CONTENT, URL, IMG_URL, PUBLISH_DATE) 

                    values('nvidia','XDA Developers','João Carrasqueira','Lenovo ThinkPad T14 Gen 3: Release date, price, and everything you need to know','Lenovo’s ThinkPad T14 is the more mainstream of the company’s business laptops, and it’s one of the best ThinkPads in general. As we pointed out in our review of the ThinkPad T14 Gen 2, Lenovo calls it the workhorse of the ThinkPad family, a laptop that nails…','Lenovo’s ThinkPad T14 is the more mainstream of the company’s business laptops, and it’s one of the best ThinkPads in general. As we pointed out in our review of the ThinkPad T14 Gen 2, Lenovo calls … [+10627 chars]','https://www.xda-developers.com/lenovo-thinkpad-t14-gen-3/','https://www.xda-developers.com/files/2022/03/Lenovo-ThinkPad-T14-Gen-3-Thunder-Black-front-right-view-with-lid-at-90-degrees.jpg',cast('2022-03-09T17:00:37Z' as TIMESTAMP));

insert into NEWS.NEWS_COMPANY(COMPANY, SOURCE_NAME, AUTHOR, TITLE, DESCRIPTION, CONTENT, URL, IMG_URL, PUBLISH_DATE) 

                    values('nvidia','PCWorld','Sarah Jacobsson Purewal','How to create an insane multiple monitor setup with three, four, or more displays','By now, a dual-monitor setup has become commonplace. Multitasking on a single screen is just way too confining. But why stop at two displays?  I can speak from experience: Having multiple monitors (and I’m talking three, four, five, or even six) is just…aweso…','Skip to contentType your search and hit enter

By now, a dual-monitor setup has become commonplace. Multitasking on a single screen is just way too confining. But why stop at two displays?  I can spe… [+9829 chars]','https://www.pcworld.com/article/427549/how-to-create-an-insane-multiple-monitor-setup-with-three-four-or-more-displays.html','https://www.pcworld.com/wp-content/uploads/2022/03/gettyimages-651455230-100750186-orig.jpg?quality=50&strip=all&w=1024',cast('2022-03-09T23:29:51Z' as TIMESTAMP));

insert into NEWS.NEWS_COMPANY(COMPANY, SOURCE_NAME, AUTHOR, TITLE, DESCRIPTION, CONTENT, URL, IMG_URL, PUBLISH_DATE) 

                    values('nvidia','MSPoweruser','Sharron Bennet','What to Know About the New Apple Studio Display','Seeing your iMac processor grow slow while the screen remains pristine can be a big disappointment. This is where the new Apple Studio Display can steal the spotlight. It pairs great with the Mac Studio, giving you the freedom to upgrade your desktop computer…','Truckers, event organizers, and managers will love the discounted deal of BlueParrott B550-XT on Amazon. It will enable professionals to focus their attention on work at a lower price while ...

Garm… [+2247 chars]','https://mspoweruser.com/what-to-know-about-the-new-apple-studio-display/','https://mspoweruser.com/wp-content/uploads/2022/03/asd2.jpg',cast('2022-03-09T15:37:10Z' as TIMESTAMP));

insert into NEWS.NEWS_COMPANY(COMPANY, SOURCE_NAME, AUTHOR, TITLE, DESCRIPTION, CONTENT, URL, IMG_URL, PUBLISH_DATE) 

                    values('nvidia','Windows Central','Zac Bowden','Apple’s new Mac Studio Display has me yearning for a Surface Studio monitor','How did Apple beat Microsoft to a Studio display?



Yesterday, Apple unveiled a handful of new products, including a new Mac mini (Mac Pro mini?) that"s packing some serious power. Dubbed the Mac Studio, it"s a desktop Mac designed for professionals, housed in…','Yesterday, Apple unveiled a handful of new products, including a new Mac mini (Mac Pro mini?) that"s packing some serious power. Dubbed the Mac Studio, it"s a desktop Mac designed for professionals, … [+5244 chars]','https://www.windowscentral.com/apples-new-mac-studio-display-has-me-yearning-surface-studio-monitor','https://www.windowscentral.com/sites/wpcentral.com/files/styles/large/public/field/image/2018/11/surface-studio-2-lead.jpg',cast('2022-03-09T14:36:07Z' as TIMESTAMP));

insert into NEWS.NEWS_COMPANY(COMPANY, SOURCE_NAME, AUTHOR, TITLE, DESCRIPTION, CONTENT, URL, IMG_URL, PUBLISH_DATE) 

                    values('nvidia','Phoronix',null,'Blender 3.1 Released With New Features Sans AMD HIP Linux GPU Acceleration','Blender 3.1 is out today as the newest feature release to this incredibly powerful, open-source and cross-platform 3D modeling software...','Blender 3.1 is out today as the newest feature release to this incredibly powerful, open-source and cross-platform 3D modeling software.

Blender 3.1 introduces an Apple Metal GPU back-end for faster… [+680 chars]','https://www.phoronix.com/scan.php?page=news_item&px=Blender-3.1-Released','https://www.phoronix.net/image.php?id=2022&image=blender_31',cast('2022-03-09T17:02:51Z' as TIMESTAMP));

insert into NEWS.NEWS_COMPANY(COMPANY, SOURCE_NAME, AUTHOR, TITLE, DESCRIPTION, CONTENT, URL, IMG_URL, PUBLISH_DATE) 

                    values('nvidia','PCWorld','Alaina Yee','Aperture Desk Job is a free game for all Portal fans, not just Steam Deck owners','Before you ask, no, Aperture Desk Job is not Portal 3. (Alas.) Valve’s description for its “playable short” is painfully clear on that point. Still, this unexpected return to the Portal universe is fun nonetheless—especially when anyone can get in on it, not …','Skip to contentType your search and hit enter

Before you ask, no, Aperture Desk Job is not Portal 3. (Alas.) Valve’s description for its “playable short” is painfully clear on that point. Still, thi… [+2236 chars]','https://www.pcworld.com/article/621121/aperture-desk-job-is-for-all-portal-fans-not-just-steam-deck-owners.html','https://www.pcworld.com/wp-content/uploads/2022/03/aperturedeskjob.png?w=1024',cast('2022-03-09T14:47:51Z' as TIMESTAMP));

insert into NEWS.NEWS_COMPANY(COMPANY, SOURCE_NAME, AUTHOR, TITLE, DESCRIPTION, CONTENT, URL, IMG_URL, PUBLISH_DATE) 

                    values('nvidia','Github.com','Picovoice','DeepSpeech 60x Smaller, 9x faster, and 2x accuracy','On-device speech-to-text engine powered by deep learning  - GitHub - Picovoice/leopard: On-device speech-to-text engine powered by deep learning','Made in Vancouver, Canada by Picovoice

Leopard is an on-device speech-to-text engine. Leopard is:

<ul><li>Private; All voice processing runs locally.</li><li>Accurate [1]</li><li>Compact and Comput… [+12129 chars]','https://github.com/Picovoice/leopard','https://opengraph.githubassets.com/6f7d052123926e554071cd4576fe4897a02bbd597d6e6db6bebb880360f179c1/Picovoice/leopard',cast('2022-03-09T15:51:20Z' as TIMESTAMP));
, parameters: None
[2022-03-21 16:48:14,674] {dbapi.py:186} INFO - Rows affected: 1
[2022-03-21 16:48:14,681] {python.py:118} INFO - Done. Returned value was: None
[2022-03-21 16:48:14,710] {taskinstance.py:1166} INFO - Marking task as SUCCESS. dag_id=fetch_news, task_id=write_to_postgres, execution_date=20220309T000000, start_date=20220321T164814, end_date=20220321T164814
[2022-03-21 16:48:14,809] {taskinstance.py:1220} INFO - 0 downstream tasks scheduled from follow-on schedule check
[2022-03-21 16:48:14,830] {local_task_job.py:146} INFO - Task exited with return code 0
