[2022-03-21 10:14:04,635] {taskinstance.py:851} INFO - Dependencies all met for <TaskInstance: fetch_news.write_to_postgres 2022-03-02T00:00:00+00:00 [queued]>
[2022-03-21 10:14:04,769] {taskinstance.py:851} INFO - Dependencies all met for <TaskInstance: fetch_news.write_to_postgres 2022-03-02T00:00:00+00:00 [queued]>
[2022-03-21 10:14:04,778] {taskinstance.py:1042} INFO - 
--------------------------------------------------------------------------------
[2022-03-21 10:14:04,778] {taskinstance.py:1043} INFO - Starting attempt 4 of 4
[2022-03-21 10:14:04,778] {taskinstance.py:1044} INFO - 
--------------------------------------------------------------------------------
[2022-03-21 10:14:04,820] {taskinstance.py:1063} INFO - Executing <Task(PythonOperator): write_to_postgres> on 2022-03-02T00:00:00+00:00
[2022-03-21 10:14:04,825] {standard_task_runner.py:52} INFO - Started process 1356 to run task
[2022-03-21 10:14:04,857] {standard_task_runner.py:76} INFO - Running: ['airflow', 'tasks', 'run', 'fetch_news', 'write_to_postgres', '2022-03-02T00:00:00+00:00', '--job-id', '575', '--pool', 'default_pool', '--raw', '--subdir', 'DAGS_FOLDER/fetch_news.py', '--cfg-path', '/tmp/tmp6f4onna3', '--error-file', '/tmp/tmpzcp02gfl']
[2022-03-21 10:14:04,858] {standard_task_runner.py:77} INFO - Job 575: Subtask write_to_postgres
[2022-03-21 10:14:05,162] {logging_mixin.py:104} INFO - Running <TaskInstance: fetch_news.write_to_postgres 2022-03-02T00:00:00+00:00 [running]> on host e39215f0be5b
[2022-03-21 10:14:05,680] {taskinstance.py:1257} INFO - Exporting the following env vars:
AIRFLOW_CTX_DAG_OWNER=airflow
AIRFLOW_CTX_DAG_ID=fetch_news
AIRFLOW_CTX_TASK_ID=write_to_postgres
AIRFLOW_CTX_EXECUTION_DATE=2022-03-02T00:00:00+00:00
AIRFLOW_CTX_DAG_RUN_ID=scheduled__2022-03-02T00:00:00+00:00
[2022-03-21 10:14:05,734] {base.py:74} INFO - Using connection to: id: news_in. Host: postgres, Port: 5432, Schema: , Login: airflow, Password: XXXXXXXX, extra: None
[2022-03-21 10:14:05,760] {dbapi.py:180} INFO - Running statement: insert into NEWS.NEWS_COMPANY(COMPANY, SOURCE_NAME, AUTHOR, TITLE, DESCRIPTION, CONTENT, URL, IMG_URL, PUBLISH_DATE) 

                    values('nvidia','Digital Trends','Zak Islam','Hackers try to cash in on crypto mining tool for Nvidia GPUs','The hackers who orchestrated the Nvidia cyber breach are now attempting to sell a tool that removes all crypto mining limitations for its GPUs for a hefty fee.','Contained within the data that was stolen from the Nvidia hack is reportedly the algorithm behind the companys crypto mining limiter for its GPUs. The hackers who orchestrated the cyber breach itself… [+5265 chars]','https://www.digitaltrends.com/computing/hackers-try-to-cash-in-on-crypto-mining-tool-for-nvidia-gpus/','https://icdn.digitaltrends.com/image/digitaltrends/cryptocurrency-mining-rig.jpg','2022-03-03T14:27:53Z');

insert into NEWS.NEWS_COMPANY(COMPANY, SOURCE_NAME, AUTHOR, TITLE, DESCRIPTION, CONTENT, URL, IMG_URL, PUBLISH_DATE) 

                    values('nvidia','Digital Trends','Monica J. White','Nvidia RTX 4090 could be twice as powerful as the RTX 3090','Various leaks indicate that the Nvidia "Ada" RTX 4000-series will offer a massive performance boost. It may have a huge L2 cache and up to 75% more cores.','Nvidia was recently hacked, and as a result, plenty of inside information has surfaced. A lot of the leaks are related to the upcoming next-generation RTX 4000 graphics cards, and today’s leaks point… [+4394 chars]','https://www.digitaltrends.com/computing/nvidia-ada-lovelace-rtx-4000-leaks-l2-cache-and-cores/','https://icdn.digitaltrends.com/image/digitaltrends/nvidia-rtx-3060-ti-featured.jpg','2022-03-02T16:45:28Z');

insert into NEWS.NEWS_COMPANY(COMPANY, SOURCE_NAME, AUTHOR, TITLE, DESCRIPTION, CONTENT, URL, IMG_URL, PUBLISH_DATE) 

                    values('nvidia','Windows Central','Sean Endicott','NVIDIA DLSS source code leaked as part of cyberattack','The attack on NVIDIA continues, this time with an alleged leak of the source code for the company"s DLSS tech.







What you need to know





A ransomware group known as Lapsus has allegedly shared NVIDIA"s DLSS source code as part of a cyberattack.

The group has…','NVIDIA was the victim of a cyberattack over the weekend, according to recent reports. It appears that the attack was at least partially motivated by a hacking group trying to force ransom money out o… [+1708 chars]','https://www.windowscentral.com/nvidia-dlss-source-code-leaked-part-cyberattack','https://www.windowscentral.com/sites/wpcentral.com/files/styles/large/public/field/image/2020/10/nvidia-geforce-rtx-3080-28.jpg','2022-03-02T12:16:33Z');

insert into NEWS.NEWS_COMPANY(COMPANY, SOURCE_NAME, AUTHOR, TITLE, DESCRIPTION, CONTENT, URL, IMG_URL, PUBLISH_DATE) 

                    values('nvidia','StockNews.com','Anushka Dutta','3 Hard-Hit Tech Stocks Wall Street Predicts Will Rebound by 50% or More','The tech market’s valuations declined earlier this year amid concerns over the Fed’s anticipated monetary policy tightening. However, this reaction might be favorable for the long-term growth of the sector....','The tech markets valuations declined earlier this year amid concerns over the Feds anticipated monetary policy tightening. However, this reaction might be favorable for the long-term growth of the se… [+8266 chars]','https://stocknews.com/news/nvda-rng-wix-3-hard-hit-tech-stocks-wall-street-predicts-will-rebound-by/','https://assets.entrepreneur.com/providers/stocknews/hero-image-stocknews-421243.jpeg','2022-03-02T20:32:41Z');

insert into NEWS.NEWS_COMPANY(COMPANY, SOURCE_NAME, AUTHOR, TITLE, DESCRIPTION, CONTENT, URL, IMG_URL, PUBLISH_DATE) 

                    values('nvidia','The Verge','Monica Chin','Dell XPS 15 review: too hot to handle','Loud, hot, but OLED it’s got.','If you buy something from a Verge link, Vox Media may earn a commission. See our ethics statement.The XPS 15 is still loud, still hot, and still good. 

It is not as powerful, and it is not as effici… [+9643 chars]','https://www.theverge.com/22958468/dell-xps-15-2021-oled-review','https://cdn.vox-cdn.com/thumbor/r3qNRsTMkY07qy0qXtA4wS2SRfA=/0x242:2040x1310/fit-in/1200x630/cdn.vox-cdn.com/uploads/chorus_asset/file/22964107/akrales_211015_4758_0067.jpg','2022-03-03T13:00:00Z');

insert into NEWS.NEWS_COMPANY(COMPANY, SOURCE_NAME, AUTHOR, TITLE, DESCRIPTION, CONTENT, URL, IMG_URL, PUBLISH_DATE) 

                    values('nvidia','Theregister.com','Agam Shah','Nvidia, Apple noticeably absent from Intel-led chiplet interconnect collaboration','Party invitation lost – or snubbed?

Nvidia"s absence from an Intel-led effort among industry players to develop next-gen chips with a more vibrant mix of cores is raising questions about the GPU maker"s chiplet strategy, particularly regarding the integration…','Nvidia"s absence from an Intel-led effort among industry players to develop next-gen chips with a more vibrant mix of cores is raising questions about the GPU maker"s chiplet strategy, particularly r… [+5641 chars]','https://www.theregister.com/2022/03/03/nvidia_apple_ucie/','https://regmedia.co.uk/2020/05/04/shutterstock_nvidia.jpg','2022-03-03T03:34:30Z');

insert into NEWS.NEWS_COMPANY(COMPANY, SOURCE_NAME, AUTHOR, TITLE, DESCRIPTION, CONTENT, URL, IMG_URL, PUBLISH_DATE) 

                    values('nvidia','Digital Trends','Jacob Roach','Even with lower prices, you shouldn’t buy a GPU right now','Graphics card prices are dropping more than they have in over a year. But right now is the worst possible time to upgrade your GPU.','In February, graphics card prices dropped by an average of 11%. It’s a significant positive movement in the midst of GPU shortage, which has locked PC builders out of buying a graphics card for more … [+3613 chars]','https://www.digitaltrends.com/computing/dont-buy-a-gpu-right-now-even-with-lower-prices/','https://icdn.digitaltrends.com/image/digitaltrends/nvidia-rtx-3050-review-2.jpg','2022-03-03T14:00:40Z');

insert into NEWS.NEWS_COMPANY(COMPANY, SOURCE_NAME, AUTHOR, TITLE, DESCRIPTION, CONTENT, URL, IMG_URL, PUBLISH_DATE) 

                    values('nvidia','Android Central','Nicholas Sutrich','Qualcomm and ByteDance prove time is TikToking away for the Oculus Quest','Qualcomm and ByteDance have partnered up to bring future AR and VR headsets to your home, and that spells trouble for Meta.','Ever since the Meta Quest 2 launched, it"s been difficult to see how any company could catch up to Meta. With millions of units sold and the vast majority of the VR market in its hands, Meta has gone… [+8111 chars]','https://www.androidcentral.com/qualcomm-bytedance-xr-partnership','https://cdn.mos.cms.futurecdn.net/woaudW3JLrRS4Gga5PCLfW-1200-80.jpg','2022-03-03T14:10:34Z');

insert into NEWS.NEWS_COMPANY(COMPANY, SOURCE_NAME, AUTHOR, TITLE, DESCRIPTION, CONTENT, URL, IMG_URL, PUBLISH_DATE) 

                    values('nvidia','Internet','noreply@blogger.com (Ravie Lakshmanan)','Hackers Who Broke Into NVIDIA"s Network Leak DLSS Source Code Online','American chipmaking company NVIDIA on Tuesday confirmed that its network was breached as a result of a cyber attack, enabling the perpetrators to gain access to sensitive data.

"We have no evidence of ransomware being deployed on the NVIDIA environment or tha…','American chipmaking company NVIDIA on Tuesday confirmed that its network was breached as a result of a cyber attack, enabling the perpetrators to gain access to sensitive data, including source code … [+2242 chars]','https://thehackernews.com/2022/03/hackers-who-broke-into-nvidias-network.html','https://thehackernews.com/new-images/img/a/AVvXsEhLf4aBaBvkswdyUatLjn-KStKVLEw_C0c2PHPXpRymf2KJ_COdfwp_mi-Fp6EVoJns-1gkxgaIvhSGkK2JlfWErk3pGeS95GcCkgIOhAlO6T3bDomxCzrRfbyeiUdljBxB7wizm7fLgxosSffGdPGp-A4xq_NCc9J2Co4t6eyJMWVRZbL7KxiUkJNU=s728-e1000','2022-03-03T10:17:14Z');

insert into NEWS.NEWS_COMPANY(COMPANY, SOURCE_NAME, AUTHOR, TITLE, DESCRIPTION, CONTENT, URL, IMG_URL, PUBLISH_DATE) 

                    values('nvidia','Windows Central','John Levite','Save hundreds on Alienware"s Aurora R10 prebuilt desktop with RTX graphics','Head on over to Dell"s online store to find a new set of deals including some great gaming options like this Alienware Aurora Ryzen Edition R10 prebuilt desktop on sale for $2,199.99. That"s a huge price drop from Dell"s regular price on this PC, which is aro…','Head on over to Dell"s online store to find a new set of deals including some great gaming options like this Alienware Aurora Ryzen Edition R10 prebuilt desktop on sale for $2,199.99. That"s a huge p… [+1501 chars]','https://www.windowscentral.com/save-hundreds-alienware-aurora-r10-prebuilt-desktop-rtx-graphics','https://www.windowscentral.com/sites/wpcentral.com/files/styles/large/public/field/image/2022/03/alienware-aurora-r10-white-desk.jpg','2022-03-03T18:20:01Z');

insert into NEWS.NEWS_COMPANY(COMPANY, SOURCE_NAME, AUTHOR, TITLE, DESCRIPTION, CONTENT, URL, IMG_URL, PUBLISH_DATE) 

                    values('nvidia','Windows Central','John Levite','Save $300 on this ASUS ROG Zephyrus laptop with an RTX 3080 graphics card','Best Buy has a new set of deals of the day every day, but there"s always one that rises above the rest. Today, that deal is the ASUS ROG Zephyrus gaming laptop on sale for just $1,899.99 at the top of the Best Buy DOTD page. That"s a $300 drop off the laptop"…','Best Buy has a new set of deals of the day every day, but there"s always one that rises above the rest. Today, that deal is the ASUS ROG Zephyrus gaming laptop on sale for just $1,899.99 at the top o… [+1628 chars]','https://www.windowscentral.com/save-300-asus-rog-zephyrus-laptop-rtx-3080-graphics-card','https://www.windowscentral.com/sites/wpcentral.com/files/styles/large/public/field/image/2022/03/zephyrus-gaming-laptop.jpg','2022-03-03T14:20:02Z');

insert into NEWS.NEWS_COMPANY(COMPANY, SOURCE_NAME, AUTHOR, TITLE, DESCRIPTION, CONTENT, URL, IMG_URL, PUBLISH_DATE) 

                    values('nvidia','Motley Fool','newsfeedback@fool.com (Rich Smith)','Why Nvidia Stock Popped Today','The company strikes back after being hacked.','What happened

Shares of Nvidia(NASDAQ:NVDA) had jumped 2.4% at 11:15 a.m. ET on Wednesday. The most obvious catalyst was a hack of the company"s data and, in response, Nvidia"s own hack of the offen… [+1994 chars]','https://www.fool.com/investing/2022/03/02/why-nvidia-stock-popped-today/','https://g.foolcdn.com/editorial/images/668705/shadowy-hacker-at-a-laptop-against-a-background-of-streaming-computer-code.jpg','2022-03-02T18:40:54Z');

insert into NEWS.NEWS_COMPANY(COMPANY, SOURCE_NAME, AUTHOR, TITLE, DESCRIPTION, CONTENT, URL, IMG_URL, PUBLISH_DATE) 

                    values('nvidia','Motley Fool','newsfeedback@fool.com (Leo Sun)','3 Smartest Tech Stocks To Buy in 2022 and Beyond','Microsoft, TSMC, and Nvidia are still solid long-term investments.','Many tech stocks tumbled over the past several months as inflation, rising interest rates, and other macro headwinds sparked a rotation toward more conservative investments. But over the long term, s… [+4767 chars]','https://www.fool.com/investing/2022/03/02/3-smartest-tech-stocks-to-buy-in-2022-and-beyond/','https://g.foolcdn.com/editorial/images/668142/gettyimages-622206824.jpg','2022-03-02T13:37:00Z');

insert into NEWS.NEWS_COMPANY(COMPANY, SOURCE_NAME, AUTHOR, TITLE, DESCRIPTION, CONTENT, URL, IMG_URL, PUBLISH_DATE) 

                    values('nvidia','Motley Fool','newsfeedback@fool.com (Chris Hill)','A Deep Dive on PayPal','Plus a look at Nvidia, DoorDash, and other companies.','In today"s episode of Motley Fool Money, host Chris Hill welcomes Motley Fool analyst Jason Moser and Motley Fool contributor. Moser and Frankel do a deep dive on PayPal. Also, Motley Fool analyst Ma… [+26717 chars]','https://www.fool.com/investing/2022/03/02/a-deep-dive-on-paypal/','https://g.foolcdn.com/editorial/images/668212/mfm_20220217-1.jpg','2022-03-02T21:33:00Z');

insert into NEWS.NEWS_COMPANY(COMPANY, SOURCE_NAME, AUTHOR, TITLE, DESCRIPTION, CONTENT, URL, IMG_URL, PUBLISH_DATE) 

                    values('nvidia','Motley Fool','newsfeedback@fool.com (Jose Najarro)','Is This Bad News for Nvidia?','Nvidia"s company information is being leaked after a recent hack.','Today"s video focuses on Nvidia ( NVDA -3.71% ) and the recent reports of a cyberattack that has compromised employee credentials and other company information. Here are some highlights from the vide… [+1017 chars]','https://www.fool.com/investing/2022/03/02/is-this-bad-news-for-nvidia/','https://g.foolcdn.com/editorial/images/668481/copy-of-copy-of-copy-of-copy-of-copy-of-copy-of-copy-of-copy-of-buy-or-pass-template-98.png','2022-03-02T11:00:00Z');

insert into NEWS.NEWS_COMPANY(COMPANY, SOURCE_NAME, AUTHOR, TITLE, DESCRIPTION, CONTENT, URL, IMG_URL, PUBLISH_DATE) 

                    values('nvidia','XDA Developers','João Carrasqueira','Lenovo ThinkPad X1 Extreme Gen 5: Release date, specs, and everything you need to know','At this year’s MWC, Lenovo introduced the latest iteration of the ThinkPad X1 Extreme, which is now up to Gen 5. This is one of Lenovo’s best ThinkPads, geared towards business professionals who need top-tier performance for things like 3D rendering and video…','At this year’s MWC, Lenovo introduced the latest iteration of the ThinkPad X1 Extreme, which is now up to Gen 5. This is one of Lenovo’s best ThinkPads, geared towards business professionals who need… [+7681 chars]','https://www.xda-developers.com/lenovo-thinkpad-x1-extreme-gen-5/','https://www.xda-developers.com/files/2022/02/Lenovo-ThinkPad-X1-Extreme-Gen-5-1.jpg','2022-03-02T15:00:51Z');

insert into NEWS.NEWS_COMPANY(COMPANY, SOURCE_NAME, AUTHOR, TITLE, DESCRIPTION, CONTENT, URL, IMG_URL, PUBLISH_DATE) 

                    values('nvidia','Motley Fool','newsfeedback@fool.com (Rich Smith)','Why Are Nvidia, Micron, and AMD Stocks Falling?','Sometimes, Mr. Market just decides to go out for a random walk.','What happened

Semiconductor stocks tumbled in afternoon trading Thursday. As of 3:10 p.m. ET, Nvidia( NVDA -2.09% ) shares have lost 2.6% of their value, Micron Technology( MU -4.42% ) is down 4.5%,… [+1907 chars]','https://www.fool.com/investing/2022/03/03/why-are-nvidia-micron-and-amd-stocks-falling/','https://g.foolcdn.com/editorial/images/668987/3-red-arrows-going-down-and-crashing-into-and-cracking-the-floor.jpg','2022-03-03T21:06:31Z');

insert into NEWS.NEWS_COMPANY(COMPANY, SOURCE_NAME, AUTHOR, TITLE, DESCRIPTION, CONTENT, URL, IMG_URL, PUBLISH_DATE) 

                    values('nvidia','MarketBeat','Melissa Brock','A Member of the Silent Majority? 4 Best Politically Conservative ETFs','Amid all the ESG investment options, where are the investments for political conservatives? Great question. Here are four ETF options.','Usually, politics and stock picking doesn"t brew a pot of political turmoil to the same degree as budget negotiations in a joint session of Congress. However, some companies" focus on wokeness and ot… [+6835 chars]','https://www.marketbeat.com/originals/a-member-of-the-silent-majority-4-best-politically-conservative-etfs/?utm_source=entrepreneurcom&amp;amp;utm_medium=entrepreneurcom','https://assets.entrepreneur.com/providers/marketbeat/hero-image-marketbeat-421161.jpeg','2022-03-02T09:00:00Z');

insert into NEWS.NEWS_COMPANY(COMPANY, SOURCE_NAME, AUTHOR, TITLE, DESCRIPTION, CONTENT, URL, IMG_URL, PUBLISH_DATE) 

                    values('nvidia','ExtremeTech','Josh Norem','Nvidia Hack Continues with Release of DLSS Source Code','The hackers who struck Nvidia last week have released source code related to DLSS into the wild. 

The post Nvidia Hack Continues with Release of DLSS Source Code appeared first on ExtremeTech.','Following last week’s cyber attack on Nvidia by a group of hackers named Lapsus$, news has been dripping out about what kind of data the hackers were able to grab, and what they intend to do with it.… [+2954 chars]','https://www.extremetech.com/?p=332249','https://www.extremetech.com/wp-content/uploads/2022/03/geforce-dlss-og-image-1200x630-1-640x360.jpg','2022-03-02T12:30:27Z');

insert into NEWS.NEWS_COMPANY(COMPANY, SOURCE_NAME, AUTHOR, TITLE, DESCRIPTION, CONTENT, URL, IMG_URL, PUBLISH_DATE) 

                    values('nvidia','Motley Fool','newsfeedback@fool.com (Keithen Drury)','Why Now Could Be the Best Time to Buy Nvidia in Over a Year','The stock has had a rough few months. Investors should get in before it rebounds.','Nvidia ( NVDA 3.18% ) has been one of the hottest stocks on Wall Street over the past few years. Before the recent sell-off, it was up over 1,200% over the last five years and nearly 750% over the pa… [+5252 chars]','https://www.fool.com/investing/2022/03/03/why-today-could-be-the-best-time-to-buy-nvidias-st/','https://g.foolcdn.com/editorial/images/667341/man-overlooking-a-datacenter.jpg','2022-03-03T13:45:00Z');
, parameters: None
[2022-03-21 10:14:05,771] {dbapi.py:186} INFO - Rows affected: 1
[2022-03-21 10:14:05,783] {python.py:118} INFO - Done. Returned value was: None
[2022-03-21 10:14:05,815] {taskinstance.py:1166} INFO - Marking task as SUCCESS. dag_id=fetch_news, task_id=write_to_postgres, execution_date=20220302T000000, start_date=20220321T101404, end_date=20220321T101405
[2022-03-21 10:14:05,910] {taskinstance.py:1220} INFO - 0 downstream tasks scheduled from follow-on schedule check
[2022-03-21 10:14:05,934] {local_task_job.py:146} INFO - Task exited with return code 0
