[2022-03-28 13:58:18,174] {scheduler_job.py:182} INFO - Started process (PID=28) to work on /opt/airflow/dags/fetch_news.py
[2022-03-28 13:58:18,177] {scheduler_job.py:629} INFO - Processing file /opt/airflow/dags/fetch_news.py for tasks to queue
[2022-03-28 13:58:18,179] {logging_mixin.py:104} INFO - [2022-03-28 13:58:18,179] {dagbag.py:448} INFO - Filling up the DagBag from /opt/airflow/dags/fetch_news.py
[2022-03-28 13:58:18,296] {scheduler_job.py:639} INFO - DAG(s) dict_keys(['fetch_news']) retrieved from /opt/airflow/dags/fetch_news.py
[2022-03-28 13:58:18,347] {logging_mixin.py:104} INFO - [2022-03-28 13:58:18,342] {dag.py:1818} INFO - Sync 1 DAGs
[2022-03-28 13:58:18,406] {logging_mixin.py:104} INFO - [2022-03-28 13:58:18,406] {dag.py:2273} INFO - Setting next_dagrun for fetch_news to 2022-03-28 00:00:00+00:00
[2022-03-28 13:58:18,431] {scheduler_job.py:190} INFO - Processing /opt/airflow/dags/fetch_news.py took 0.262 seconds
[2022-03-28 13:58:48,546] {scheduler_job.py:182} INFO - Started process (PID=30) to work on /opt/airflow/dags/fetch_news.py
[2022-03-28 13:58:48,548] {scheduler_job.py:629} INFO - Processing file /opt/airflow/dags/fetch_news.py for tasks to queue
[2022-03-28 13:58:48,549] {logging_mixin.py:104} INFO - [2022-03-28 13:58:48,549] {dagbag.py:448} INFO - Filling up the DagBag from /opt/airflow/dags/fetch_news.py
[2022-03-28 13:58:48,587] {scheduler_job.py:639} INFO - DAG(s) dict_keys(['fetch_news']) retrieved from /opt/airflow/dags/fetch_news.py
[2022-03-28 13:58:48,609] {logging_mixin.py:104} INFO - [2022-03-28 13:58:48,609] {dag.py:1818} INFO - Sync 1 DAGs
[2022-03-28 13:58:48,629] {logging_mixin.py:104} INFO - [2022-03-28 13:58:48,629] {dag.py:2273} INFO - Setting next_dagrun for fetch_news to 2022-03-28 00:00:00+00:00
[2022-03-28 13:58:48,639] {scheduler_job.py:190} INFO - Processing /opt/airflow/dags/fetch_news.py took 0.107 seconds
[2022-03-28 13:59:18,774] {scheduler_job.py:182} INFO - Started process (PID=32) to work on /opt/airflow/dags/fetch_news.py
[2022-03-28 13:59:18,777] {scheduler_job.py:629} INFO - Processing file /opt/airflow/dags/fetch_news.py for tasks to queue
[2022-03-28 13:59:18,779] {logging_mixin.py:104} INFO - [2022-03-28 13:59:18,778] {dagbag.py:448} INFO - Filling up the DagBag from /opt/airflow/dags/fetch_news.py
[2022-03-28 13:59:18,817] {scheduler_job.py:639} INFO - DAG(s) dict_keys(['fetch_news']) retrieved from /opt/airflow/dags/fetch_news.py
[2022-03-28 13:59:18,856] {logging_mixin.py:104} INFO - [2022-03-28 13:59:18,856] {dag.py:1818} INFO - Sync 1 DAGs
[2022-03-28 13:59:18,885] {logging_mixin.py:104} INFO - [2022-03-28 13:59:18,885] {dag.py:2273} INFO - Setting next_dagrun for fetch_news to 2022-03-28 00:00:00+00:00
[2022-03-28 13:59:18,896] {scheduler_job.py:190} INFO - Processing /opt/airflow/dags/fetch_news.py took 0.132 seconds
[2022-03-28 13:59:49,036] {scheduler_job.py:182} INFO - Started process (PID=34) to work on /opt/airflow/dags/fetch_news.py
[2022-03-28 13:59:49,038] {scheduler_job.py:629} INFO - Processing file /opt/airflow/dags/fetch_news.py for tasks to queue
[2022-03-28 13:59:49,040] {logging_mixin.py:104} INFO - [2022-03-28 13:59:49,040] {dagbag.py:448} INFO - Filling up the DagBag from /opt/airflow/dags/fetch_news.py
[2022-03-28 13:59:49,082] {scheduler_job.py:639} INFO - DAG(s) dict_keys(['fetch_news']) retrieved from /opt/airflow/dags/fetch_news.py
[2022-03-28 13:59:49,109] {logging_mixin.py:104} INFO - [2022-03-28 13:59:49,109] {dag.py:1818} INFO - Sync 1 DAGs
[2022-03-28 13:59:49,131] {logging_mixin.py:104} INFO - [2022-03-28 13:59:49,131] {dag.py:2273} INFO - Setting next_dagrun for fetch_news to 2022-03-28 00:00:00+00:00
[2022-03-28 13:59:49,140] {scheduler_job.py:190} INFO - Processing /opt/airflow/dags/fetch_news.py took 0.115 seconds
[2022-03-28 14:00:19,282] {scheduler_job.py:182} INFO - Started process (PID=36) to work on /opt/airflow/dags/fetch_news.py
[2022-03-28 14:00:19,285] {scheduler_job.py:629} INFO - Processing file /opt/airflow/dags/fetch_news.py for tasks to queue
[2022-03-28 14:00:19,286] {logging_mixin.py:104} INFO - [2022-03-28 14:00:19,286] {dagbag.py:448} INFO - Filling up the DagBag from /opt/airflow/dags/fetch_news.py
[2022-03-28 14:00:19,323] {scheduler_job.py:639} INFO - DAG(s) dict_keys(['fetch_news']) retrieved from /opt/airflow/dags/fetch_news.py
[2022-03-28 14:00:19,345] {logging_mixin.py:104} INFO - [2022-03-28 14:00:19,345] {dag.py:1818} INFO - Sync 1 DAGs
[2022-03-28 14:00:19,362] {logging_mixin.py:104} INFO - [2022-03-28 14:00:19,362] {dag.py:2273} INFO - Setting next_dagrun for fetch_news to 2022-03-28 00:00:00+00:00
[2022-03-28 14:00:19,375] {scheduler_job.py:190} INFO - Processing /opt/airflow/dags/fetch_news.py took 0.103 seconds
[2022-03-28 14:00:49,507] {scheduler_job.py:182} INFO - Started process (PID=38) to work on /opt/airflow/dags/fetch_news.py
[2022-03-28 14:00:49,508] {scheduler_job.py:629} INFO - Processing file /opt/airflow/dags/fetch_news.py for tasks to queue
[2022-03-28 14:00:49,509] {logging_mixin.py:104} INFO - [2022-03-28 14:00:49,509] {dagbag.py:448} INFO - Filling up the DagBag from /opt/airflow/dags/fetch_news.py
[2022-03-28 14:00:49,531] {scheduler_job.py:639} INFO - DAG(s) dict_keys(['fetch_news']) retrieved from /opt/airflow/dags/fetch_news.py
[2022-03-28 14:00:49,561] {logging_mixin.py:104} INFO - [2022-03-28 14:00:49,561] {dag.py:1818} INFO - Sync 1 DAGs
[2022-03-28 14:00:49,580] {logging_mixin.py:104} INFO - [2022-03-28 14:00:49,580] {dag.py:2273} INFO - Setting next_dagrun for fetch_news to 2022-03-28 00:00:00+00:00
[2022-03-28 14:00:49,593] {scheduler_job.py:190} INFO - Processing /opt/airflow/dags/fetch_news.py took 0.091 seconds
[2022-03-28 14:01:19,732] {scheduler_job.py:182} INFO - Started process (PID=40) to work on /opt/airflow/dags/fetch_news.py
[2022-03-28 14:01:19,736] {scheduler_job.py:629} INFO - Processing file /opt/airflow/dags/fetch_news.py for tasks to queue
[2022-03-28 14:01:19,738] {logging_mixin.py:104} INFO - [2022-03-28 14:01:19,738] {dagbag.py:448} INFO - Filling up the DagBag from /opt/airflow/dags/fetch_news.py
[2022-03-28 14:01:19,778] {scheduler_job.py:639} INFO - DAG(s) dict_keys(['fetch_news']) retrieved from /opt/airflow/dags/fetch_news.py
[2022-03-28 14:01:19,820] {logging_mixin.py:104} INFO - [2022-03-28 14:01:19,819] {dag.py:1818} INFO - Sync 1 DAGs
[2022-03-28 14:01:19,858] {logging_mixin.py:104} INFO - [2022-03-28 14:01:19,858] {dag.py:2273} INFO - Setting next_dagrun for fetch_news to 2022-03-28 00:00:00+00:00
[2022-03-28 14:01:19,872] {scheduler_job.py:190} INFO - Processing /opt/airflow/dags/fetch_news.py took 0.150 seconds
[2022-03-28 14:01:50,001] {scheduler_job.py:182} INFO - Started process (PID=42) to work on /opt/airflow/dags/fetch_news.py
[2022-03-28 14:01:50,026] {scheduler_job.py:629} INFO - Processing file /opt/airflow/dags/fetch_news.py for tasks to queue
[2022-03-28 14:01:50,027] {logging_mixin.py:104} INFO - [2022-03-28 14:01:50,027] {dagbag.py:448} INFO - Filling up the DagBag from /opt/airflow/dags/fetch_news.py
[2022-03-28 14:01:50,053] {scheduler_job.py:639} INFO - DAG(s) dict_keys(['fetch_news']) retrieved from /opt/airflow/dags/fetch_news.py
[2022-03-28 14:01:50,099] {logging_mixin.py:104} INFO - [2022-03-28 14:01:50,099] {dag.py:1818} INFO - Sync 1 DAGs
[2022-03-28 14:01:50,152] {logging_mixin.py:104} INFO - [2022-03-28 14:01:50,152] {dag.py:2273} INFO - Setting next_dagrun for fetch_news to 2022-03-28 00:00:00+00:00
[2022-03-28 14:01:50,178] {scheduler_job.py:190} INFO - Processing /opt/airflow/dags/fetch_news.py took 0.183 seconds
[2022-03-28 14:02:20,290] {scheduler_job.py:182} INFO - Started process (PID=44) to work on /opt/airflow/dags/fetch_news.py
[2022-03-28 14:02:20,292] {scheduler_job.py:629} INFO - Processing file /opt/airflow/dags/fetch_news.py for tasks to queue
[2022-03-28 14:02:20,293] {logging_mixin.py:104} INFO - [2022-03-28 14:02:20,293] {dagbag.py:448} INFO - Filling up the DagBag from /opt/airflow/dags/fetch_news.py
[2022-03-28 14:02:20,324] {scheduler_job.py:639} INFO - DAG(s) dict_keys(['fetch_news']) retrieved from /opt/airflow/dags/fetch_news.py
[2022-03-28 14:02:20,361] {logging_mixin.py:104} INFO - [2022-03-28 14:02:20,361] {dag.py:1818} INFO - Sync 1 DAGs
[2022-03-28 14:02:20,378] {logging_mixin.py:104} INFO - [2022-03-28 14:02:20,378] {dag.py:2273} INFO - Setting next_dagrun for fetch_news to 2022-03-28 00:00:00+00:00
[2022-03-28 14:02:20,386] {scheduler_job.py:190} INFO - Processing /opt/airflow/dags/fetch_news.py took 0.104 seconds
[2022-03-28 14:02:50,538] {scheduler_job.py:182} INFO - Started process (PID=46) to work on /opt/airflow/dags/fetch_news.py
[2022-03-28 14:02:50,539] {scheduler_job.py:629} INFO - Processing file /opt/airflow/dags/fetch_news.py for tasks to queue
[2022-03-28 14:02:50,540] {logging_mixin.py:104} INFO - [2022-03-28 14:02:50,539] {dagbag.py:448} INFO - Filling up the DagBag from /opt/airflow/dags/fetch_news.py
[2022-03-28 14:02:50,569] {scheduler_job.py:639} INFO - DAG(s) dict_keys(['fetch_news']) retrieved from /opt/airflow/dags/fetch_news.py
[2022-03-28 14:02:50,657] {logging_mixin.py:104} INFO - [2022-03-28 14:02:50,657] {dag.py:1818} INFO - Sync 1 DAGs
[2022-03-28 14:02:50,678] {logging_mixin.py:104} INFO - [2022-03-28 14:02:50,678] {dag.py:2273} INFO - Setting next_dagrun for fetch_news to 2022-03-28 00:00:00+00:00
[2022-03-28 14:02:50,688] {scheduler_job.py:190} INFO - Processing /opt/airflow/dags/fetch_news.py took 0.155 seconds
[2022-03-28 14:03:20,825] {scheduler_job.py:182} INFO - Started process (PID=48) to work on /opt/airflow/dags/fetch_news.py
[2022-03-28 14:03:20,828] {scheduler_job.py:629} INFO - Processing file /opt/airflow/dags/fetch_news.py for tasks to queue
[2022-03-28 14:03:20,829] {logging_mixin.py:104} INFO - [2022-03-28 14:03:20,829] {dagbag.py:448} INFO - Filling up the DagBag from /opt/airflow/dags/fetch_news.py
[2022-03-28 14:03:20,860] {scheduler_job.py:639} INFO - DAG(s) dict_keys(['fetch_news']) retrieved from /opt/airflow/dags/fetch_news.py
[2022-03-28 14:03:20,881] {logging_mixin.py:104} INFO - [2022-03-28 14:03:20,881] {dag.py:1818} INFO - Sync 1 DAGs
[2022-03-28 14:03:20,897] {logging_mixin.py:104} INFO - [2022-03-28 14:03:20,897] {dag.py:2273} INFO - Setting next_dagrun for fetch_news to 2022-03-28 00:00:00+00:00
[2022-03-28 14:03:20,905] {scheduler_job.py:190} INFO - Processing /opt/airflow/dags/fetch_news.py took 0.090 seconds
[2022-03-28 14:03:51,050] {scheduler_job.py:182} INFO - Started process (PID=50) to work on /opt/airflow/dags/fetch_news.py
[2022-03-28 14:03:51,052] {scheduler_job.py:629} INFO - Processing file /opt/airflow/dags/fetch_news.py for tasks to queue
[2022-03-28 14:03:51,053] {logging_mixin.py:104} INFO - [2022-03-28 14:03:51,053] {dagbag.py:448} INFO - Filling up the DagBag from /opt/airflow/dags/fetch_news.py
[2022-03-28 14:03:51,089] {scheduler_job.py:639} INFO - DAG(s) dict_keys(['fetch_news']) retrieved from /opt/airflow/dags/fetch_news.py
[2022-03-28 14:03:51,131] {logging_mixin.py:104} INFO - [2022-03-28 14:03:51,130] {dag.py:1818} INFO - Sync 1 DAGs
[2022-03-28 14:03:51,167] {logging_mixin.py:104} INFO - [2022-03-28 14:03:51,167] {dag.py:2273} INFO - Setting next_dagrun for fetch_news to 2022-03-28 00:00:00+00:00
[2022-03-28 14:03:51,183] {scheduler_job.py:190} INFO - Processing /opt/airflow/dags/fetch_news.py took 0.140 seconds
