[2022-03-20 21:18:50,736] {taskinstance.py:851} INFO - Dependencies all met for <TaskInstance: fetch_news.dowload_desc 2022-03-13T00:00:00+00:00 [queued]>
[2022-03-20 21:18:50,822] {taskinstance.py:851} INFO - Dependencies all met for <TaskInstance: fetch_news.dowload_desc 2022-03-13T00:00:00+00:00 [queued]>
[2022-03-20 21:18:50,822] {taskinstance.py:1042} INFO - 
--------------------------------------------------------------------------------
[2022-03-20 21:18:50,822] {taskinstance.py:1043} INFO - Starting attempt 7 of 7
[2022-03-20 21:18:50,822] {taskinstance.py:1044} INFO - 
--------------------------------------------------------------------------------
[2022-03-20 21:18:50,898] {taskinstance.py:1063} INFO - Executing <Task(BashOperator): dowload_desc> on 2022-03-13T00:00:00+00:00
[2022-03-20 21:18:50,911] {standard_task_runner.py:52} INFO - Started process 676 to run task
[2022-03-20 21:18:50,966] {standard_task_runner.py:76} INFO - Running: ['airflow', 'tasks', 'run', 'fetch_news', 'dowload_desc', '2022-03-13T00:00:00+00:00', '--job-id', '331', '--pool', 'default_pool', '--raw', '--subdir', 'DAGS_FOLDER/fetch_news.py', '--cfg-path', '/tmp/tmpdeaosp_a', '--error-file', '/tmp/tmpmrhraxj_']
[2022-03-20 21:18:50,971] {standard_task_runner.py:77} INFO - Job 331: Subtask dowload_desc
[2022-03-20 21:18:51,273] {logging_mixin.py:104} INFO - Running <TaskInstance: fetch_news.dowload_desc 2022-03-13T00:00:00+00:00 [running]> on host e39215f0be5b
[2022-03-20 21:18:51,419] {taskinstance.py:1257} INFO - Exporting the following env vars:
AIRFLOW_CTX_DAG_OWNER=airflow
AIRFLOW_CTX_DAG_ID=fetch_news
AIRFLOW_CTX_TASK_ID=dowload_desc
AIRFLOW_CTX_EXECUTION_DATE=2022-03-13T00:00:00+00:00
AIRFLOW_CTX_DAG_RUN_ID=scheduled__2022-03-13T00:00:00+00:00
[2022-03-20 21:18:51,420] {bash.py:135} INFO - Tmp dir root location: 
 /tmp
[2022-03-20 21:18:51,424] {bash.py:158} INFO - Running command: curl -o /tmp/news_nvidia.json https://newsapi.org/v2/everything -G -d from=2022-03-13 -d to=2022-03-14 -d language=en -d q=nvidia -d apiKey=1ddd1951b81c4e9eb662cc118c33ff6a
[2022-03-20 21:18:51,460] {bash.py:169} INFO - Output:
[2022-03-20 21:18:51,562] {bash.py:173} INFO -   % Total    % Received % Xferd  Average Speed   Time    Time     Time  Current
[2022-03-20 21:18:51,563] {bash.py:173} INFO -                                  Dload  Upload   Total   Spent    Left  Speed
[2022-03-20 21:18:51,882] {bash.py:173} INFO -   0     0    0     0    0     0      0      0 --:--:-- --:--:-- --:--:--     0100 17277  100 17277    0     0  54159      0 --:--:-- --:--:-- --:--:-- 54159
[2022-03-20 21:18:51,883] {bash.py:177} INFO - Command exited with return code 0
[2022-03-20 21:18:51,948] {taskinstance.py:1166} INFO - Marking task as SUCCESS. dag_id=fetch_news, task_id=dowload_desc, execution_date=20220313T000000, start_date=20220320T211850, end_date=20220320T211851
[2022-03-20 21:18:52,062] {taskinstance.py:1220} INFO - 1 downstream tasks scheduled from follow-on schedule check
[2022-03-20 21:18:52,071] {local_task_job.py:146} INFO - Task exited with return code 0
