[2022-03-20 21:26:18,170] {taskinstance.py:851} INFO - Dependencies all met for <TaskInstance: fetch_news.prepare_insert 2022-03-01T00:00:00+00:00 [queued]>
[2022-03-20 21:26:18,187] {taskinstance.py:851} INFO - Dependencies all met for <TaskInstance: fetch_news.prepare_insert 2022-03-01T00:00:00+00:00 [queued]>
[2022-03-20 21:26:18,187] {taskinstance.py:1042} INFO - 
--------------------------------------------------------------------------------
[2022-03-20 21:26:18,187] {taskinstance.py:1043} INFO - Starting attempt 5 of 5
[2022-03-20 21:26:18,187] {taskinstance.py:1044} INFO - 
--------------------------------------------------------------------------------
[2022-03-20 21:26:18,200] {taskinstance.py:1063} INFO - Executing <Task(PythonOperator): prepare_insert> on 2022-03-01T00:00:00+00:00
[2022-03-20 21:26:18,203] {standard_task_runner.py:52} INFO - Started process 824 to run task
[2022-03-20 21:26:18,207] {standard_task_runner.py:76} INFO - Running: ['airflow', 'tasks', 'run', 'fetch_news', 'prepare_insert', '2022-03-01T00:00:00+00:00', '--job-id', '391', '--pool', 'default_pool', '--raw', '--subdir', 'DAGS_FOLDER/fetch_news.py', '--cfg-path', '/tmp/tmpbkvlpu_z', '--error-file', '/tmp/tmpcmpz1ef3']
[2022-03-20 21:26:18,207] {standard_task_runner.py:77} INFO - Job 391: Subtask prepare_insert
[2022-03-20 21:26:18,248] {logging_mixin.py:104} INFO - Running <TaskInstance: fetch_news.prepare_insert 2022-03-01T00:00:00+00:00 [running]> on host e39215f0be5b
[2022-03-20 21:26:18,282] {taskinstance.py:1257} INFO - Exporting the following env vars:
AIRFLOW_CTX_DAG_OWNER=airflow
AIRFLOW_CTX_DAG_ID=fetch_news
AIRFLOW_CTX_TASK_ID=prepare_insert
AIRFLOW_CTX_EXECUTION_DATE=2022-03-01T00:00:00+00:00
AIRFLOW_CTX_DAG_RUN_ID=scheduled__2022-03-01T00:00:00+00:00
[2022-03-20 21:26:18,283] {logging_mixin.py:104} INFO - /tmp/news_nvidia.sql
[2022-03-20 21:26:18,284] {logging_mixin.py:104} INFO - insert into NEWS.NEWS_COMPANY(COMPANY, SOURCE_NAME, AUTHOR, TITLE, DESCRIPTION, CONTENT, URL, IMG_URL, PUBLISH_DATE) 
                    values('nvidia','Engadget','Igor Bonifacic','NVIDIA confirms hackers obtained company data in last week"s cyberattack','NVIDIA confirmed Tuesday some of its data was stolen as part of a cyberattack
 that occurred last week. “We are aware that the threat actor took employee credentials and some NVIDIA proprietary information from our systems and has begun leaking it online,” a…','NVIDIA confirmed Tuesday some of its data was stolen as part of a cyberattack
 that occurred last week. We are aware that the threat actor took employee credentials and some NVIDIA proprietary infor… [+1261 chars]','https://www.engadget.com/nvidia-confirms-data-stolen-cyberattack-171259243.html','https://s.yimg.com/os/creatr-uploaded-images/2022-03/a6436bb0-9981-11ec-97fd-efa27ba4c66c','2022-03-01T17:12:59Z');
insert into NEWS.NEWS_COMPANY(COMPANY, SOURCE_NAME, AUTHOR, TITLE, DESCRIPTION, CONTENT, URL, IMG_URL, PUBLISH_DATE) 
                    values('nvidia','Reuters',null,'Nvidia says employee, company information leaked online after cyber attack - Reuters','U.S. chipmaker Nvidia Corp <a href="https://www.reuters.com/companies/NVDA.O" target="_blank">(NVDA.O)</a> said on Tuesday a cyber attacker has leaked employee credentials and some company proprietary information online after their systems were breached.','March 1 (Reuters) - U.S. chipmaker Nvidia Corp (NVDA.O) said on Tuesday a cyber attacker has leaked employee credentials and some company proprietary information online after their systems were breac… [+1042 chars]','https://www.reuters.com/technology/nvidia-says-employee-company-information-leaked-online-after-cyber-attack-2022-03-01/','https://www.reuters.com/resizer/iumMLOOhdnIrn2xq8E4PAKSxxrw=/1200x628/smart/filters:quality(80)/cloudfront-us-east-2.images.arcpublishing.com/reuters/NUDG7NNF2RMK3EX5TAJTJGC6DQ.jpg','2022-03-01T10:59:00Z');
insert into NEWS.NEWS_COMPANY(COMPANY, SOURCE_NAME, AUTHOR, TITLE, DESCRIPTION, CONTENT, URL, IMG_URL, PUBLISH_DATE) 
                    values('nvidia','Slashdot.org','msmash','Nvidia Says Employee, Company Information Leaked Online After Cyber Attack','U.S. chipmaker Nvidia said on Tuesday a cyber attacker has leaked employee credentials and some company proprietary information online after their systems were breached. From a report: "We have no evidence of ransomware being deployed on the Nvidia environmen…','The Fine Print: The following comments are owned by whoever posted them. We are not responsible for them in any way.','https://it.slashdot.org/story/22/03/01/1523248/nvidia-says-employee-company-information-leaked-online-after-cyber-attack','https://a.fsdn.com/sd/topics/security_64.png','2022-03-01T15:24:00Z');
insert into NEWS.NEWS_COMPANY(COMPANY, SOURCE_NAME, AUTHOR, TITLE, DESCRIPTION, CONTENT, URL, IMG_URL, PUBLISH_DATE) 
                    values('nvidia','Digital Trends','Zak Islam','Next-gen Nvidia GPU plans revealed in massive data hack','More information deriving from the recent Nvidia cyber breach has started to emerge, which reportedly reveals details pertaining to the company’s upcoming GPUs.','More information deriving from the recent Nvidia cyber breach has started to emerge, which reportedly reveals details pertaining to the companys upcoming GPUs.
Nvidia has also publicly acknowledged … [+3613 chars]','https://www.digitaltrends.com/computing/next-gen-nvidia-gpu-plans-revealed-in-massive-data-hack/','https://icdn.digitaltrends.com/image/digitaltrends/geforce-rtx-30-series.jpg','2022-03-01T12:54:18Z');
insert into NEWS.NEWS_COMPANY(COMPANY, SOURCE_NAME, AUTHOR, TITLE, DESCRIPTION, CONTENT, URL, IMG_URL, PUBLISH_DATE) 
                    values('nvidia','Digital Trends','Monica J. White','Nvidia RTX 4090 could be twice as powerful as the RTX 3090','Various leaks indicate that the Nvidia "Ada" RTX 4000-series will offer a massive performance boost. It may have a huge L2 cache and up to 75% more cores.','Nvidia was recently hacked, and as a result, plenty of inside information has surfaced. A lot of the leaks are related to the upcoming next-generation RTX 4000 graphics cards, and today’s leaks point… [+4394 chars]','https://www.digitaltrends.com/computing/nvidia-ada-lovelace-rtx-4000-leaks-l2-cache-and-cores/','https://icdn.digitaltrends.com/image/digitaltrends/nvidia-rtx-3060-ti-featured.jpg','2022-03-02T16:45:28Z');
insert into NEWS.NEWS_COMPANY(COMPANY, SOURCE_NAME, AUTHOR, TITLE, DESCRIPTION, CONTENT, URL, IMG_URL, PUBLISH_DATE) 
                    values('nvidia','Windows Central','Sean Endicott','NVIDIA DLSS source code leaked as part of cyberattack','The attack on NVIDIA continues, this time with an alleged leak of the source code for the company"s DLSS tech.



What you need to know


A ransomware group known as Lapsus has allegedly shared NVIDIA"s DLSS source code as part of a cyberattack.
The group has…','NVIDIA was the victim of a cyberattack over the weekend, according to recent reports. It appears that the attack was at least partially motivated by a hacking group trying to force ransom money out o… [+1708 chars]','https://www.windowscentral.com/nvidia-dlss-source-code-leaked-part-cyberattack','https://www.windowscentral.com/sites/wpcentral.com/files/styles/large/public/field/image/2020/10/nvidia-geforce-rtx-3080-28.jpg','2022-03-02T12:16:33Z');
insert into NEWS.NEWS_COMPANY(COMPANY, SOURCE_NAME, AUTHOR, TITLE, DESCRIPTION, CONTENT, URL, IMG_URL, PUBLISH_DATE) 
                    values('nvidia','Digital Trends','Monica J. White','GPU prices are slowly dropping at long last','Although it"s a slow decline, graphics card prices are steadily dropping. How much did the prices drop in February and what does this mean for the GPU shortage?','Just recently, we reported that graphics card prices may take a big plunge in the coming months. While that is still unconfirmed, we are definitely seeing a decline in GPU pricing.
The prices of som… [+3063 chars]','https://www.digitaltrends.com/computing/graphics-card-prices-slow-decline-february-2022/','https://icdn.digitaltrends.com/image/digitaltrends/rtx-3050-image.jpg','2022-03-01T15:57:56Z');
insert into NEWS.NEWS_COMPANY(COMPANY, SOURCE_NAME, AUTHOR, TITLE, DESCRIPTION, CONTENT, URL, IMG_URL, PUBLISH_DATE) 
                    values('nvidia','StockNews.com','Anushka Dutta','3 Hard-Hit Tech Stocks Wall Street Predicts Will Rebound by 50% or More','The tech market’s valuations declined earlier this year amid concerns over the Fed’s anticipated monetary policy tightening. However, this reaction might be favorable for the long-term growth of the sector....','The tech markets valuations declined earlier this year amid concerns over the Feds anticipated monetary policy tightening. However, this reaction might be favorable for the long-term growth of the se… [+8266 chars]','https://stocknews.com/news/nvda-rng-wix-3-hard-hit-tech-stocks-wall-street-predicts-will-rebound-by/','https://assets.entrepreneur.com/providers/stocknews/hero-image-stocknews-421243.jpeg','2022-03-02T20:32:41Z');
insert into NEWS.NEWS_COMPANY(COMPANY, SOURCE_NAME, AUTHOR, TITLE, DESCRIPTION, CONTENT, URL, IMG_URL, PUBLISH_DATE) 
                    values('nvidia','Techmeme.com',null,'Nvidia confirms that hackers have leaked employee data and "some Nvidia proprietary information"; LAPSUS$ group claims it took 1TB data, including source code (Michael Kan/PCMag)','Michael Kan / PCMag:
Nvidia confirms that hackers have leaked employee data and “some Nvidia proprietary information”; LAPSUS$ group claims it took 1TB data, including source code  —  Nvidia has confirmed that hackers stole data from the company during last w…','CB Insights Newsletter
724,948 subscribers get our free newsletter to stay a step ahead on technology trends, venture capital, startups, and the industries of tomorrow.','https://www.techmeme.com/220301/p21','https://i.pcmag.com/imagery/articles/07ktajRVU7bQkiv42wHvXOZ-1.fit_lim.size_1200x630.v1646139981.jpg','2022-03-01T14:42:59Z');
insert into NEWS.NEWS_COMPANY(COMPANY, SOURCE_NAME, AUTHOR, TITLE, DESCRIPTION, CONTENT, URL, IMG_URL, PUBLISH_DATE) 
                    values('nvidia','Motley Fool','newsfeedback@fool.com (Rich Smith)','Why Nvidia Stock Popped Today','The company strikes back after being hacked.','What happened
Shares of Nvidia(NASDAQ:NVDA) had jumped 2.4% at 11:15 a.m. ET on Wednesday. The most obvious catalyst was a hack of the company"s data and, in response, Nvidia"s own hack of the offen… [+1994 chars]','https://www.fool.com/investing/2022/03/02/why-nvidia-stock-popped-today/','https://g.foolcdn.com/editorial/images/668705/shadowy-hacker-at-a-laptop-against-a-background-of-streaming-computer-code.jpg','2022-03-02T18:40:54Z');
insert into NEWS.NEWS_COMPANY(COMPANY, SOURCE_NAME, AUTHOR, TITLE, DESCRIPTION, CONTENT, URL, IMG_URL, PUBLISH_DATE) 
                    values('nvidia','TechCrunch','Carly Page','Nvidia says hackers are leaking company data after ransomware attack','Nvidia has confirmed that hackers stole sensitive data from its networks, including employee credentials and proprietary company information, during last...','Nvidia has confirmed that hackers stole sensitive data from its networks, including employee credentials and proprietary company information, during last weeks cyberattack and are now "leaking it onl… [+2338 chars]','https://techcrunch.com/2022/03/01/nvidia-hackers-leak-ransomware/','https://s.yimg.com/ny/api/res/1.2/wukzHpzQsmlgFJc.g_Zb1A--/YXBwaWQ9aGlnaGxhbmRlcjt3PTEyMDA7aD04MDA-/https://s.yimg.com/uu/api/res/1.2/zm7Nllz0nJf7WE4YoQ9d7g--~B/aD0zMzMzO3c9NTAwMDthcHBpZD15dGFjaHlvbg--/https://media.zenfs.com/en/techcrunch_350/8e34bb12c9b55aa6166e515ed29c9c0d','2022-03-01T16:42:50Z');
insert into NEWS.NEWS_COMPANY(COMPANY, SOURCE_NAME, AUTHOR, TITLE, DESCRIPTION, CONTENT, URL, IMG_URL, PUBLISH_DATE) 
                    values('nvidia','Motley Fool','newsfeedback@fool.com (Leo Sun)','3 Smartest Tech Stocks To Buy in 2022 and Beyond','Microsoft, TSMC, and Nvidia are still solid long-term investments.','Many tech stocks tumbled over the past several months as inflation, rising interest rates, and other macro headwinds sparked a rotation toward more conservative investments. But over the long term, s… [+4767 chars]','https://www.fool.com/investing/2022/03/02/3-smartest-tech-stocks-to-buy-in-2022-and-beyond/','https://g.foolcdn.com/editorial/images/668142/gettyimages-622206824.jpg','2022-03-02T13:37:00Z');
insert into NEWS.NEWS_COMPANY(COMPANY, SOURCE_NAME, AUTHOR, TITLE, DESCRIPTION, CONTENT, URL, IMG_URL, PUBLISH_DATE) 
                    values('nvidia','Motley Fool','newsfeedback@fool.com (Chris Hill)','A Deep Dive on PayPal','Plus a look at Nvidia, DoorDash, and other companies.','In today"s episode of Motley Fool Money, host Chris Hill welcomes Motley Fool analyst Jason Moser and Motley Fool contributor. Moser and Frankel do a deep dive on PayPal. Also, Motley Fool analyst Ma… [+26717 chars]','https://www.fool.com/investing/2022/03/02/a-deep-dive-on-paypal/','https://g.foolcdn.com/editorial/images/668212/mfm_20220217-1.jpg','2022-03-02T21:33:00Z');
insert into NEWS.NEWS_COMPANY(COMPANY, SOURCE_NAME, AUTHOR, TITLE, DESCRIPTION, CONTENT, URL, IMG_URL, PUBLISH_DATE) 
                    values('nvidia','Motley Fool','newsfeedback@fool.com (Jose Najarro)','Is This Bad News for Nvidia?','Nvidia"s company information is being leaked after a recent hack.','Today"s video focuses on Nvidia ( NVDA -3.71% ) and the recent reports of a cyberattack that has compromised employee credentials and other company information. Here are some highlights from the vide… [+1017 chars]','https://www.fool.com/investing/2022/03/02/is-this-bad-news-for-nvidia/','https://g.foolcdn.com/editorial/images/668481/copy-of-copy-of-copy-of-copy-of-copy-of-copy-of-copy-of-copy-of-buy-or-pass-template-98.png','2022-03-02T11:00:00Z');
insert into NEWS.NEWS_COMPANY(COMPANY, SOURCE_NAME, AUTHOR, TITLE, DESCRIPTION, CONTENT, URL, IMG_URL, PUBLISH_DATE) 
                    values('nvidia','PCWorld','Thiago Trevisan','Nvidia LHR explained: What is a ‘Lite Hash Rate’ GPU?','It’s a tough time to be a PC gamer. A crippling GPU shortage has made buying the best graphics cards next to impossible, and when you can find a GPU, it’s usually at an exorbitant markup. Making matters worse, crypto currencies like Bitcoin and Ethereum have …','Skip to contentType your search and hit enter
It’s a tough time to be a PC gamer. A crippling GPU shortage has made buying the best graphics cards next to impossible, and when you can find a GPU, it… [+4555 chars]','https://www.pcworld.com/article/395041/nvidia-lhr-explained-what-is-a-lite-hash-rate-gpu.html','https://www.pcworld.com/wp-content/uploads/2022/03/rtx-founders-edition-100900233-orig.jpg?quality=50&strip=all&w=1024','2022-03-01T15:30:00Z');
insert into NEWS.NEWS_COMPANY(COMPANY, SOURCE_NAME, AUTHOR, TITLE, DESCRIPTION, CONTENT, URL, IMG_URL, PUBLISH_DATE) 
                    values('nvidia','XDA Developers','João Carrasqueira','Lenovo ThinkPad X1 Extreme Gen 5: Release date, specs, and everything you need to know','At this year’s MWC, Lenovo introduced the latest iteration of the ThinkPad X1 Extreme, which is now up to Gen 5. This is one of Lenovo’s best ThinkPads, geared towards business professionals who need top-tier performance for things like 3D rendering and video…','At this year’s MWC, Lenovo introduced the latest iteration of the ThinkPad X1 Extreme, which is now up to Gen 5. This is one of Lenovo’s best ThinkPads, geared towards business professionals who need… [+7681 chars]','https://www.xda-developers.com/lenovo-thinkpad-x1-extreme-gen-5/','https://www.xda-developers.com/files/2022/02/Lenovo-ThinkPad-X1-Extreme-Gen-5-1.jpg','2022-03-02T15:00:51Z');
insert into NEWS.NEWS_COMPANY(COMPANY, SOURCE_NAME, AUTHOR, TITLE, DESCRIPTION, CONTENT, URL, IMG_URL, PUBLISH_DATE) 
                    values('nvidia','Eurogamer.net','Mark Harrison','Get an Nvidia 3060 for a discounted price of £522','If you"re in the market for one of NVIDIA"s 30-series graphics cards, then unfortunately you"re still going to have to pay well above the expected retail price to get one right now.That doesn"t mean that you still can"t get a good cost to performance ratio wh…','If you"re in the market for one of NVIDIA"s 30-series graphics cards, then unfortunately you"re still going to have to pay well above the expected retail price to get one right now.
That doesn"t mea… [+1264 chars]','https://www.eurogamer.net/articles/2022-03-01-nvidia-3060-in-stock-and-discounted-right-now','https://images.gnwcdn.com/2022/articles/2022-03-01-10-41/palit_3060_with_box.jpg/EG11/resize/1200x-1/palit_3060_with_box.jpg','2022-03-01T12:16:00Z');
insert into NEWS.NEWS_COMPANY(COMPANY, SOURCE_NAME, AUTHOR, TITLE, DESCRIPTION, CONTENT, URL, IMG_URL, PUBLISH_DATE) 
                    values('nvidia','MarketBeat','Melissa Brock','A Member of the Silent Majority? 4 Best Politically Conservative ETFs','Amid all the ESG investment options, where are the investments for political conservatives? Great question. Here are four ETF options.','Usually, politics and stock picking doesn"t brew a pot of political turmoil to the same degree as budget negotiations in a joint session of Congress. However, some companies" focus on wokeness and ot… [+6835 chars]','https://www.marketbeat.com/originals/a-member-of-the-silent-majority-4-best-politically-conservative-etfs/?utm_source=entrepreneurcom&amp;amp;utm_medium=entrepreneurcom','https://assets.entrepreneur.com/providers/marketbeat/hero-image-marketbeat-421161.jpeg','2022-03-02T09:00:00Z');
insert into NEWS.NEWS_COMPANY(COMPANY, SOURCE_NAME, AUTHOR, TITLE, DESCRIPTION, CONTENT, URL, IMG_URL, PUBLISH_DATE) 
                    values('nvidia','ExtremeTech','Josh Norem','Nvidia Hack Continues with Release of DLSS Source Code','The hackers who struck Nvidia last week have released source code related to DLSS into the wild. 
The post Nvidia Hack Continues with Release of DLSS Source Code appeared first on ExtremeTech.','Following last week’s cyber attack on Nvidia by a group of hackers named Lapsus$, news has been dripping out about what kind of data the hackers were able to grab, and what they intend to do with it.… [+2954 chars]','https://www.extremetech.com/?p=332249','https://www.extremetech.com/wp-content/uploads/2022/03/geforce-dlss-og-image-1200x630-1-640x360.jpg','2022-03-02T12:30:27Z');
insert into NEWS.NEWS_COMPANY(COMPANY, SOURCE_NAME, AUTHOR, TITLE, DESCRIPTION, CONTENT, URL, IMG_URL, PUBLISH_DATE) 
                    values('nvidia','Motley Fool','newsfeedback@fool.com (Harsh Chauhan)','Market Correction: 2 Top Stocks to Buy and Hold Forever','These tech giants can still deliver excellent returns over the long haul.','The stock market has not been kind to investors so far in 2022. Year to date, the S&amp;P 500 ended Monday"s trading session down by more than 8%. And in recent days, it has been off by more than 10%… [+5680 chars]','https://www.fool.com/investing/2022/03/02/market-correction-top-stocks-buy-and-hold-forever/','https://g.foolcdn.com/editorial/images/668187/man-woman-computer-screen.jpg','2022-03-02T12:50:00Z');
[2022-03-20 21:26:18,284] {logging_mixin.py:104} INFO - 
[2022-03-20 21:26:18,284] {python.py:118} INFO - Done. Returned value was: None
[2022-03-20 21:26:18,292] {taskinstance.py:1166} INFO - Marking task as SUCCESS. dag_id=fetch_news, task_id=prepare_insert, execution_date=20220301T000000, start_date=20220320T212618, end_date=20220320T212618
[2022-03-20 21:26:18,317] {taskinstance.py:1220} INFO - 1 downstream tasks scheduled from follow-on schedule check
[2022-03-20 21:26:18,340] {local_task_job.py:146} INFO - Task exited with return code 0
