[2022-03-20 21:29:24,565] {taskinstance.py:851} INFO - Dependencies all met for <TaskInstance: fetch_news.prepare_insert 2022-03-01T00:00:00+00:00 [queued]>
[2022-03-20 21:29:24,731] {taskinstance.py:851} INFO - Dependencies all met for <TaskInstance: fetch_news.prepare_insert 2022-03-01T00:00:00+00:00 [queued]>
[2022-03-20 21:29:24,735] {taskinstance.py:1042} INFO - 
--------------------------------------------------------------------------------
[2022-03-20 21:29:24,735] {taskinstance.py:1043} INFO - Starting attempt 7 of 7
[2022-03-20 21:29:24,735] {taskinstance.py:1044} INFO - 
--------------------------------------------------------------------------------
[2022-03-20 21:29:24,854] {taskinstance.py:1063} INFO - Executing <Task(PythonOperator): prepare_insert> on 2022-03-01T00:00:00+00:00
[2022-03-20 21:29:24,858] {standard_task_runner.py:52} INFO - Started process 1066 to run task
[2022-03-20 21:29:24,986] {standard_task_runner.py:76} INFO - Running: ['airflow', 'tasks', 'run', 'fetch_news', 'prepare_insert', '2022-03-01T00:00:00+00:00', '--job-id', '471', '--pool', 'default_pool', '--raw', '--subdir', 'DAGS_FOLDER/fetch_news.py', '--cfg-path', '/tmp/tmpecr3j0dw', '--error-file', '/tmp/tmpa1d49s29']
[2022-03-20 21:29:24,987] {standard_task_runner.py:77} INFO - Job 471: Subtask prepare_insert
[2022-03-20 21:29:25,356] {logging_mixin.py:104} INFO - Running <TaskInstance: fetch_news.prepare_insert 2022-03-01T00:00:00+00:00 [running]> on host e39215f0be5b
[2022-03-20 21:29:25,576] {taskinstance.py:1257} INFO - Exporting the following env vars:
AIRFLOW_CTX_DAG_OWNER=airflow
AIRFLOW_CTX_DAG_ID=fetch_news
AIRFLOW_CTX_TASK_ID=prepare_insert
AIRFLOW_CTX_EXECUTION_DATE=2022-03-01T00:00:00+00:00
AIRFLOW_CTX_DAG_RUN_ID=scheduled__2022-03-01T00:00:00+00:00
[2022-03-20 21:29:25,578] {logging_mixin.py:104} INFO - /tmp/news_nvidia.sql
[2022-03-20 21:29:25,578] {logging_mixin.py:104} INFO - insert into NEWS.NEWS_COMPANY(COMPANY, SOURCE_NAME, AUTHOR, TITLE, DESCRIPTION, CONTENT, URL, IMG_URL, PUBLISH_DATE) 
                    values('nvidia','CNET','Attila Tomaschek','Arm Turns to Layoffs After Nvidia Deal Falls Through - CNET','The chipmaker could be cutting nearly 1,000 jobs in the US and UK.','Arm"s layoffs could affect close to 1,000 employees in the US and UK.
Arm; Illustration by Stephen Shankland/CNET
Chipmaker Arm, owned by Japanese tech giant SoftBank, is making plans for layoffs a… [+812 chars]','https://www.cnet.com/tech/computing/arm-turns-to-layoffs-after-nvidia-deal-falls-through/','https://www.cnet.com/a/img/resize/08d20a65b2743620a4e640e17704a9cfd831ec04/2021/05/25/e27405fa-f6b3-4069-97c0-0367bf76f704/arm-cortex-x2-gradient.jpg?auto=webp&fit=crop&height=630&width=1200','2022-03-15T14:09:00Z');
insert into NEWS.NEWS_COMPANY(COMPANY, SOURCE_NAME, AUTHOR, TITLE, DESCRIPTION, CONTENT, URL, IMG_URL, PUBLISH_DATE) 
                    values('nvidia','The Guardian','Guardian staff and agency','UK chipmaker Arm to cut up to 1,000 jobs after $40bn sale collapses','Company says most of redundancies will be in UK and US after Nvidia takeover falls throughArm is planning to cut up to 15% of its workforce, the UK computer chipmaker said on Monday, just over a month after the collapse of the firm’s $40bn (£30bn) sale to its…','Arm is planning to cut up to 15% of its workforce, the UK computer chipmaker said on Monday, just over a month after the collapse of the firms $40bn (£30bn) sale to its US rival Nvidia.
The Cambridg… [+1935 chars]','https://amp.theguardian.com/business/2022/mar/15/uk-chipmaker-arm-cut-jobs-sale-uk-us-nvidia','https://i.guim.co.uk/img/media/53a75422501b0fae23bbc4b9b7c5d4a706f39228/0_331_3500_2100/master/3500.jpg?width=1200&height=630&quality=85&auto=format&fit=crop&overlay-align=bottom%2Cleft&overlay-width=100p&overlay-base64=L2ltZy9zdGF0aWMvb3ZlcmxheXMvdGctZGVmYXVsdC5wbmc&enable=upscale&s=581777fb3b6498f61e13c5cb35f2ddb4','2022-03-15T07:56:12Z');
insert into NEWS.NEWS_COMPANY(COMPANY, SOURCE_NAME, AUTHOR, TITLE, DESCRIPTION, CONTENT, URL, IMG_URL, PUBLISH_DATE) 
                    values('nvidia','Android Central','jayar.decenella@gmail.com (Jay Bonggolto)','Phone shortages could get worse as Foxconn halts Shenzhen operation','As the number of COVID-19 cases increased, Shenzhen was once again placed under lockdown, forcing Foxconn and other manufacturers to suspend operations in the area.','<ul><li>Foxconn has suspended its production in Shenzhen after authorities placed the city under lockdown along with Shanghai.</li><li>The new restrictions are expected to deal another major blow to … [+1742 chars]','https://www.androidcentral.com/foxconn-stops-shenzhen-factory-production','https://cdn.mos.cms.futurecdn.net/T9TfmdTHjh8MyzuqYkrgek-1200-80.png','2022-03-16T08:41:48Z');
insert into NEWS.NEWS_COMPANY(COMPANY, SOURCE_NAME, AUTHOR, TITLE, DESCRIPTION, CONTENT, URL, IMG_URL, PUBLISH_DATE) 
                    values('nvidia','Ars Technica','Scharon Harding','Microsoft promises faster PC game load times with DirectStorage release','Developers will be able to create more detailed virtual worlds, Microsoft says.','Enlarge/ You"ll need an NVMe SSD to use DirectStorage on Windows.
10 with 8 posters participating
PC games can now use DirectStorage, a DirectX 12 Ultimate API that Microsoft announced in 2020. The… [+1872 chars]','https://arstechnica.com/gaming/2022/03/microsoft-promises-faster-pc-game-load-times-with-directstorage-release/','https://cdn.arstechnica.net/wp-content/uploads/2022/03/GettyImages-1166311282-760x380.jpg','2022-03-15T16:21:54Z');
insert into NEWS.NEWS_COMPANY(COMPANY, SOURCE_NAME, AUTHOR, TITLE, DESCRIPTION, CONTENT, URL, IMG_URL, PUBLISH_DATE) 
                    values('nvidia','Reuters',null,'Futures edge higher ahead of Fed meeting - Reuters.com','U.S. stock index futures edged higher on Tuesday ahead of the Federal Reserve"s two-day policy meeting, with investors also assessing the fallout from fresh COVID-19 restrictions in China.','March 15 (Reuters) - U.S. stock index futures edged higher on Tuesday ahead of the Federal Reserve"s two-day policy meeting, with investors also assessing the fallout from fresh COVID-19 restrictions… [+2016 chars]','https://www.reuters.com/business/futures-edge-higher-ahead-fed-meeting-2022-03-15/','https://www.reuters.com/resizer/aJVSl3ILzWYmWq_Zlcd9g9nreYU=/1200x628/smart/filters:quality(80)/cloudfront-us-east-2.images.arcpublishing.com/reuters/DM65WCYQRJLYZI2XLXN3ETLGYA.jpg','2022-03-15T11:25:00Z');
insert into NEWS.NEWS_COMPANY(COMPANY, SOURCE_NAME, AUTHOR, TITLE, DESCRIPTION, CONTENT, URL, IMG_URL, PUBLISH_DATE) 
                    values('nvidia','Windows Central','Sean Endicott','Arm will cut up to 1,000 jobs, directly affecting up to 15% of employees','As many as 1,000 Arm employees are set to lose their jobs with the company.



What you need to know


Arm will reportedly cut hundreds of employees, which accounts for up to 15% of the company"s workforce.
Arm expanded its workforce after the announcement of…','Arm will cut up to 15% of its workforce according to a report by The Telegraph. Up to 1,000 Arm employees will lose their jobs, the majority of which will be based in the United States and the United… [+1499 chars]','https://www.windowscentral.com/arm-will-cut-15-its-workers-following-failed-acquisition-nvidia','https://www.windowscentral.com/sites/wpcentral.com/files/styles/large/public/field/image/2020/10/surface-pro-x-sq2-ports.jpg','2022-03-16T13:06:10Z');
insert into NEWS.NEWS_COMPANY(COMPANY, SOURCE_NAME, AUTHOR, TITLE, DESCRIPTION, CONTENT, URL, IMG_URL, PUBLISH_DATE) 
                    values('nvidia','Windows Central','Ben Wilson','The best Alienware desktops to enjoy PC gaming with ease','Building a killer gaming PC can be a daunting task for a novice, with cutting-edge hardware running up costs and compatibility mismatches causing headaches. Even the most hardcore enthusiasts spring for a pre-built machine if individual parts suffer from chip…','Source: Dell
Best
Alienware desktop
Windows Central2022
Building a killer gaming PC can be a daunting task for a novice, with cutting-edge hardware running up costs and compatibility mismatches c… [+8353 chars]','https://www.windowscentral.com/best-alienware-desktop','https://www.windowscentral.com/sites/wpcentral.com/files/styles/large/public/field/image/2022/03/alienware_aurora_r13_motherboard.jpg','2022-03-15T19:48:02Z');
insert into NEWS.NEWS_COMPANY(COMPANY, SOURCE_NAME, AUTHOR, TITLE, DESCRIPTION, CONTENT, URL, IMG_URL, PUBLISH_DATE) 
                    values('nvidia','Motley Fool','newsfeedback@fool.com (Anders Bylund)','Better Buy: Netflix vs. Nvidia','In a battle of growth-stock giants, one walks away with a clear win.','Few stocks see as much market action as Netflix( NFLX 1.62% ) and Nvidia( NVDA 2.93% ). On an average market day, Netflix shares worth roughly $2.8 billion are changing hands. Nvidia"s daily dollar v… [+3854 chars]','https://www.fool.com/investing/2022/03/15/better-buy-netflix-vs-nvidia/','https://g.foolcdn.com/editorial/images/670503/mature-couple-watching-tv-with-popcorn.jpg','2022-03-15T14:15:00Z');
insert into NEWS.NEWS_COMPANY(COMPANY, SOURCE_NAME, AUTHOR, TITLE, DESCRIPTION, CONTENT, URL, IMG_URL, PUBLISH_DATE) 
                    values('nvidia','GameSpot','Darryn Bonthuys','Tiny Tina"s Wonderlands PC Requirements Revealed','Ahead of its release this month, Tiny Tina"s Wonderlands developer Gearbox has released the official minimum and recommended settings for the game on PC. Unsurprisingly, you won"t need a gaming rig that doubles as an Nvidia-branded Borg cube as the requiremen…','Ahead of its release this month, Tiny Tina"s Wonderlands developer Gearbox has released the official minimum and recommended settings for the game on PC. Unsurprisingly, you won"t need a gaming rig t… [+2135 chars]','https://www.gamespot.com/articles/tiny-tinas-wonderlands-pc-requirements-revealed/1100-6501525/','https://www.gamespot.com/a/uploads/screen_kubrick/1601/16018044/3952638-tinytinawonderlands.jpg','2022-03-15T16:00:00Z');
insert into NEWS.NEWS_COMPANY(COMPANY, SOURCE_NAME, AUTHOR, TITLE, DESCRIPTION, CONTENT, URL, IMG_URL, PUBLISH_DATE) 
                    values('nvidia','Motley Fool','newsfeedback@fool.com (Rich Smith)','Why Nvidia Stock Keeps Hopping Higher','Wells Fargo has high hopes for Nvidia during GTC 2022 next week.','What happened
Semiconductor star Nvidia( NVDA 6.08% ) is having another great day on Wednesday, with its stock up 5.5% as of 10:55 a.m. ET.
You can thank Wells Fargo for that.
Image source: Getty … [+1835 chars]','https://www.fool.com/investing/2022/03/16/why-nvidia-stock-keeps-hopping-higher/','https://g.foolcdn.com/editorial/images/670722/golden-2022-with-a-green-arrow-pointing-up.jpg','2022-03-16T16:29:38Z');
insert into NEWS.NEWS_COMPANY(COMPANY, SOURCE_NAME, AUTHOR, TITLE, DESCRIPTION, CONTENT, URL, IMG_URL, PUBLISH_DATE) 
                    values('nvidia','Motley Fool','newsfeedback@fool.com (Rich Smith)','Why Nvidia Stock Rocketed Higher Today','Cowen sees a bright metaverse future for Nvidia in 2030.','What happened
After three days of uninterrupted selling, shares of semiconductor star Nvidia(NASDAQ:NVDA) soared on Tuesday -- up 6.5% as of 12:10 p.m. ET.
You can probably thank investment bank Co… [+1586 chars]','https://www.fool.com/investing/2022/03/15/why-nvidia-stock-rocketed-higher-today/','https://g.foolcdn.com/editorial/images/670552/concept-art-of-a-rocketship-on-a-laptop-on-a-semiconductor-chip-all-bathed-in-blue.jpg','2022-03-15T17:23:40Z');
insert into NEWS.NEWS_COMPANY(COMPANY, SOURCE_NAME, AUTHOR, TITLE, DESCRIPTION, CONTENT, URL, IMG_URL, PUBLISH_DATE) 
                    values('nvidia','SlashGear','staff@slashgear.com (Gabriel Moss)','What Is NVIDIA DLSS?','NVIDIA, famous for its powerful graphics cards and AI deep learning technology, has introduced a process called DLSS, or Deep Learning Super Sampling','Video games are becoming far more graphically detailed and environmentally complex than ever before. These vast strides in visual fidelity are made possible in part due to new rendering processes suc… [+901 chars]','https://www.slashgear.com/800166/what-is-nvidia-dlss/','https://www.slashgear.com/img/gallery/what-is-nvidia-dlss/l-intro-1647376045.jpg','2022-03-15T20:30:59Z');
insert into NEWS.NEWS_COMPANY(COMPANY, SOURCE_NAME, AUTHOR, TITLE, DESCRIPTION, CONTENT, URL, IMG_URL, PUBLISH_DATE) 
                    values('nvidia','MakeUseOf','Christian Cawley','10 Things To Do After You Have Installed Ubuntu 21.10','Switching to Ubuntu from Windows should go as smoothly as possible. Here are the most important things to do after installing Ubuntu.','Switching to Ubuntu from Windows might be a big step, but it"s one that you want to go as smoothly as possible. Just as you might configure Windows and the desktop theme, install the latest updates, … [+8640 chars]','https://www.makeuseof.com/tag/5-things-right-installing-ubuntu/','https://static1.makeuseofimages.com/wordpress/wp-content/uploads/2022/03/muo-linux-ubuntu-post-install-featured.jpg','2022-03-16T13:45:13Z');
insert into NEWS.NEWS_COMPANY(COMPANY, SOURCE_NAME, AUTHOR, TITLE, DESCRIPTION, CONTENT, URL, IMG_URL, PUBLISH_DATE) 
                    values('nvidia','Motley Fool','newsfeedback@fool.com (Jose Najarro and Nicholas Rossolillo)','Is Now the Time to Buy Nvidia Stock?','The company is priced for perfection. Does that mean investors should hold off?','In this video clip from "Semiconductor Revolution" on Motley Fool Live,recorded on March 3, Motley Fool contributors Jose Najarro and Nicholas Rossolillo discuss why they"re cautiously bullish on Nvi… [+2058 chars]','https://www.fool.com/investing/2022/03/15/is-now-the-time-to-buy-nvidia-stock/','https://g.foolcdn.com/editorial/images/670591/gettyimages-investorcrypto.jpg','2022-03-15T18:52:40Z');
insert into NEWS.NEWS_COMPANY(COMPANY, SOURCE_NAME, AUTHOR, TITLE, DESCRIPTION, CONTENT, URL, IMG_URL, PUBLISH_DATE) 
                    values('nvidia','Motley Fool','newsfeedback@fool.com (Jose Najarro, Nicholas Rossolillo, and Billy Duberstein)','Should Investors Worry About Nvidia"s Latest Hack?','Three Motley Fool contributors explain why they"re not worried.','In late Februrary, Nvidia"s ( NVDA 6.51% ) internal network was hacked by a cyber gang known as Lapsus$0. The hackers threatened to begin leaking proprietary information if Nvidia refused to remove t… [+5027 chars]','https://www.fool.com/investing/2022/03/15/should-investors-worry-about-nvidias-latest-hack/','https://g.foolcdn.com/editorial/images/670571/gettyimages-computerhacker.jpg','2022-03-15T18:37:19Z');
insert into NEWS.NEWS_COMPANY(COMPANY, SOURCE_NAME, AUTHOR, TITLE, DESCRIPTION, CONTENT, URL, IMG_URL, PUBLISH_DATE) 
                    values('nvidia','GSMArena.com','Ricky','Arm will reportedly lay off 15% of its workers following a failed Nvidia acquisition','Last month, Nvidia officially confirmed that its acquisition of Arm was being terminated due to complications with convincing regulators that the merger would not affect Arm’s free licensing model. Softbank (Japanese investment company and current owner of Ar…','Last month, Nvidia officially confirmed that its acquisition of Arm was being terminated due to complications with convincing regulators that the merger would not affect Arms free licensing model. So… [+1270 chars]','https://www.gsmarena.com/arm_will_reportedly_lay_off_15_of_its_workers_following_a_failed_nvidia_acquisition-news-53577.php','https://fdn.gsmarena.com/imgroot/news/22/03/arm-layoffs-2022/-952x498w6/gsmarena_000.jpg','2022-03-16T03:09:01Z');
insert into NEWS.NEWS_COMPANY(COMPANY, SOURCE_NAME, AUTHOR, TITLE, DESCRIPTION, CONTENT, URL, IMG_URL, PUBLISH_DATE) 
                    values('nvidia','Digital Trends','Monica J. White','AMD’s next budget GPU may be a killer card — here’s why','Known leaker suggests that AMD Radeon RX 7000 may outperform the previous gen by miles, and will beat Nvidia"s RTX 4000 on power consumption.','The release of AMD’s Radeon RX 7000 graphics cards is still a while away, but we’re already hearing rumors about the performance and power requirements of these next-gen graphics cards.
Today, a kno… [+2735 chars]','https://www.digitaltrends.com/computing/amd-radeon-rx-7000-power-consumption-and-performance-leaks/','https://icdn.digitaltrends.com/image/digitaltrends/amds-rx-6900-xt-2.jpg','2022-03-16T17:25:50Z');
insert into NEWS.NEWS_COMPANY(COMPANY, SOURCE_NAME, AUTHOR, TITLE, DESCRIPTION, CONTENT, URL, IMG_URL, PUBLISH_DATE) 
                    values('nvidia','TechRadar','Max Slater-Robins','Dell, Intel, and Nvidia are teaming up on a metaverse for professionals','Dell is collaborating with Nvidia to build the infrastructure for the metaverse.','Dell, Nvidia, and Intel are working together on new tools to help designers and creatives collaborate in 3D virtual environments.
The basis is Nvidia"s so-called Omniverse, built for design collabor… [+2127 chars]','https://www.techradar.com/news/dell-intel-and-nvidia-are-working-together-to-create-3d-worlds-for-creators','https://cdn.mos.cms.futurecdn.net/NMYMf2YbF9uwtDScqgyYUR-1200-80.jpg','2022-03-16T13:11:34Z');
insert into NEWS.NEWS_COMPANY(COMPANY, SOURCE_NAME, AUTHOR, TITLE, DESCRIPTION, CONTENT, URL, IMG_URL, PUBLISH_DATE) 
                    values('nvidia','Slickdeals.net','joshftw','ASRock Radeon RX 6700 XT Challenger D Gaming 12GB GDDR6 Graphics Card $550 via Newegg App + Free S/H','Newegg via Mobile App (link for reference) has *ASRock Radeon RX 6700 XT Challenger D Gaming 12GB GDDR6 Graphics Card* on sale for *$549.99* when you *follow instructions below*. *Shipping is free*....','How long would a VGA last before buying a new one?I don"t work for nvidia, but I use GeForce Now and with 50$ / 6 mo. you don"t need a VGA like this, can don"t need to spend on new PC, new CPU, new D… [+130 chars]','https://slickdeals.net/f/15671623-asrock-radeon-rx-6700-xt-challenger-d-gaming-12gb-gddr6-graphics-card-550-via-newegg-app-free-s-h','https://static.slickdealscdn.com/attachment/3/0/5/4/6/7/0/11273923.attach','2022-03-16T11:33:36Z');
insert into NEWS.NEWS_COMPANY(COMPANY, SOURCE_NAME, AUTHOR, TITLE, DESCRIPTION, CONTENT, URL, IMG_URL, PUBLISH_DATE) 
                    values('nvidia','TechRadar','Max Slater-Robins','Nvidia and IBM have a plan to connect GPUs straight to SSDs','Computing giants Nvidia and IBM detail plan to boost ML training and other tasks.','Nvidia, IBM, and researchers have a plan to make the lives of those working in machine learning a bit easier: connecting GPUs directly to SSDs. 
Detailed in a research paper, the idea is called Big … [+1628 chars]','https://www.techradar.com/news/nvidia-and-ibm-have-a-plan-to-connect-gpus-straight-to-ssds','https://cdn.mos.cms.futurecdn.net/Aa9K2ugMAG9SeAYEQXSue-1200-80.jpg','2022-03-16T15:48:51Z');
[2022-03-20 21:29:25,579] {logging_mixin.py:104} INFO - 
[2022-03-20 21:29:25,579] {python.py:118} INFO - Done. Returned value was: None
[2022-03-20 21:29:25,631] {taskinstance.py:1166} INFO - Marking task as SUCCESS. dag_id=fetch_news, task_id=prepare_insert, execution_date=20220301T000000, start_date=20220320T212924, end_date=20220320T212925
[2022-03-20 21:29:25,784] {taskinstance.py:1220} INFO - 1 downstream tasks scheduled from follow-on schedule check
[2022-03-20 21:29:25,863] {local_task_job.py:146} INFO - Task exited with return code 0
