[2022-03-21 10:14:05,544] {taskinstance.py:851} INFO - Dependencies all met for <TaskInstance: fetch_news.write_to_postgres 2022-03-14T00:00:00+00:00 [queued]>
[2022-03-21 10:14:05,614] {taskinstance.py:851} INFO - Dependencies all met for <TaskInstance: fetch_news.write_to_postgres 2022-03-14T00:00:00+00:00 [queued]>
[2022-03-21 10:14:05,614] {taskinstance.py:1042} INFO - 
--------------------------------------------------------------------------------
[2022-03-21 10:14:05,614] {taskinstance.py:1043} INFO - Starting attempt 4 of 4
[2022-03-21 10:14:05,614] {taskinstance.py:1044} INFO - 
--------------------------------------------------------------------------------
[2022-03-21 10:14:05,673] {taskinstance.py:1063} INFO - Executing <Task(PythonOperator): write_to_postgres> on 2022-03-14T00:00:00+00:00
[2022-03-21 10:14:05,690] {standard_task_runner.py:52} INFO - Started process 1361 to run task
[2022-03-21 10:14:05,748] {standard_task_runner.py:76} INFO - Running: ['airflow', 'tasks', 'run', 'fetch_news', 'write_to_postgres', '2022-03-14T00:00:00+00:00', '--job-id', '578', '--pool', 'default_pool', '--raw', '--subdir', 'DAGS_FOLDER/fetch_news.py', '--cfg-path', '/tmp/tmps7y_pvwp', '--error-file', '/tmp/tmph_7skmut']
[2022-03-21 10:14:05,748] {standard_task_runner.py:77} INFO - Job 578: Subtask write_to_postgres
[2022-03-21 10:14:06,016] {logging_mixin.py:104} INFO - Running <TaskInstance: fetch_news.write_to_postgres 2022-03-14T00:00:00+00:00 [running]> on host e39215f0be5b
[2022-03-21 10:14:06,216] {taskinstance.py:1257} INFO - Exporting the following env vars:
AIRFLOW_CTX_DAG_OWNER=airflow
AIRFLOW_CTX_DAG_ID=fetch_news
AIRFLOW_CTX_TASK_ID=write_to_postgres
AIRFLOW_CTX_EXECUTION_DATE=2022-03-14T00:00:00+00:00
AIRFLOW_CTX_DAG_RUN_ID=scheduled__2022-03-14T00:00:00+00:00
[2022-03-21 10:14:06,256] {base.py:74} INFO - Using connection to: id: news_in. Host: postgres, Port: 5432, Schema: , Login: airflow, Password: XXXXXXXX, extra: None
[2022-03-21 10:14:06,329] {dbapi.py:180} INFO - Running statement: insert into NEWS.NEWS_COMPANY(COMPANY, SOURCE_NAME, AUTHOR, TITLE, DESCRIPTION, CONTENT, URL, IMG_URL, PUBLISH_DATE) 

                    values('nvidia','CNET','Attila Tomaschek','Arm Turns to Layoffs After Nvidia Deal Falls Through - CNET','The chipmaker could be cutting nearly 1,000 jobs in the US and UK.','Arm"s layoffs could affect close to 1,000 employees in the US and UK.

Arm; Illustration by Stephen Shankland/CNET

Chipmaker Arm, owned by Japanese tech giant SoftBank, is making plans for layoffs a… [+812 chars]','https://www.cnet.com/tech/computing/arm-turns-to-layoffs-after-nvidia-deal-falls-through/','https://www.cnet.com/a/img/resize/08d20a65b2743620a4e640e17704a9cfd831ec04/2021/05/25/e27405fa-f6b3-4069-97c0-0367bf76f704/arm-cortex-x2-gradient.jpg?auto=webp&fit=crop&height=630&width=1200','2022-03-15T14:09:00Z');

insert into NEWS.NEWS_COMPANY(COMPANY, SOURCE_NAME, AUTHOR, TITLE, DESCRIPTION, CONTENT, URL, IMG_URL, PUBLISH_DATE) 

                    values('nvidia','The Guardian','Guardian staff and agency','UK chipmaker Arm to cut up to 1,000 jobs after $40bn sale collapses','Company says most of redundancies will be in UK and US after Nvidia takeover falls throughArm is planning to cut up to 15% of its workforce, the UK computer chipmaker said on Monday, just over a month after the collapse of the firm’s $40bn (£30bn) sale to its…','Arm is planning to cut up to 15% of its workforce, the UK computer chipmaker said on Monday, just over a month after the collapse of the firms $40bn (£30bn) sale to its US rival Nvidia.

The Cambridg… [+1935 chars]','https://amp.theguardian.com/business/2022/mar/15/uk-chipmaker-arm-cut-jobs-sale-uk-us-nvidia','https://i.guim.co.uk/img/media/53a75422501b0fae23bbc4b9b7c5d4a706f39228/0_331_3500_2100/master/3500.jpg?width=1200&height=630&quality=85&auto=format&fit=crop&overlay-align=bottom%2Cleft&overlay-width=100p&overlay-base64=L2ltZy9zdGF0aWMvb3ZlcmxheXMvdGctZGVmYXVsdC5wbmc&enable=upscale&s=581777fb3b6498f61e13c5cb35f2ddb4','2022-03-15T07:56:12Z');

insert into NEWS.NEWS_COMPANY(COMPANY, SOURCE_NAME, AUTHOR, TITLE, DESCRIPTION, CONTENT, URL, IMG_URL, PUBLISH_DATE) 

                    values('nvidia','Ars Technica','Scharon Harding','Microsoft promises faster PC game load times with DirectStorage release','Developers will be able to create more detailed virtual worlds, Microsoft says.','Enlarge/ You"ll need an NVMe SSD to use DirectStorage on Windows.

10 with 8 posters participating

PC games can now use DirectStorage, a DirectX 12 Ultimate API that Microsoft announced in 2020. The… [+1872 chars]','https://arstechnica.com/gaming/2022/03/microsoft-promises-faster-pc-game-load-times-with-directstorage-release/','https://cdn.arstechnica.net/wp-content/uploads/2022/03/GettyImages-1166311282-760x380.jpg','2022-03-15T16:21:54Z');

insert into NEWS.NEWS_COMPANY(COMPANY, SOURCE_NAME, AUTHOR, TITLE, DESCRIPTION, CONTENT, URL, IMG_URL, PUBLISH_DATE) 

                    values('nvidia','Reuters',null,'Futures edge higher ahead of Fed meeting - Reuters.com','U.S. stock index futures edged higher on Tuesday ahead of the Federal Reserve"s two-day policy meeting, with investors also assessing the fallout from fresh COVID-19 restrictions in China.','March 15 (Reuters) - U.S. stock index futures edged higher on Tuesday ahead of the Federal Reserve"s two-day policy meeting, with investors also assessing the fallout from fresh COVID-19 restrictions… [+2016 chars]','https://www.reuters.com/business/futures-edge-higher-ahead-fed-meeting-2022-03-15/','https://www.reuters.com/resizer/aJVSl3ILzWYmWq_Zlcd9g9nreYU=/1200x628/smart/filters:quality(80)/cloudfront-us-east-2.images.arcpublishing.com/reuters/DM65WCYQRJLYZI2XLXN3ETLGYA.jpg','2022-03-15T11:25:00Z');

insert into NEWS.NEWS_COMPANY(COMPANY, SOURCE_NAME, AUTHOR, TITLE, DESCRIPTION, CONTENT, URL, IMG_URL, PUBLISH_DATE) 

                    values('nvidia','Windows Central','Ben Wilson','The best Alienware desktops to enjoy PC gaming with ease','Building a killer gaming PC can be a daunting task for a novice, with cutting-edge hardware running up costs and compatibility mismatches causing headaches. Even the most hardcore enthusiasts spring for a pre-built machine if individual parts suffer from chip…','Source: Dell

Best

Alienware desktop

Windows Central2022

Building a killer gaming PC can be a daunting task for a novice, with cutting-edge hardware running up costs and compatibility mismatches c… [+8353 chars]','https://www.windowscentral.com/best-alienware-desktop','https://www.windowscentral.com/sites/wpcentral.com/files/styles/large/public/field/image/2022/03/alienware_aurora_r13_motherboard.jpg','2022-03-15T19:48:02Z');

insert into NEWS.NEWS_COMPANY(COMPANY, SOURCE_NAME, AUTHOR, TITLE, DESCRIPTION, CONTENT, URL, IMG_URL, PUBLISH_DATE) 

                    values('nvidia','Motley Fool','newsfeedback@fool.com (Anders Bylund)','Better Buy: Netflix vs. Nvidia','In a battle of growth-stock giants, one walks away with a clear win.','Few stocks see as much market action as Netflix( NFLX 1.62% ) and Nvidia( NVDA 2.93% ). On an average market day, Netflix shares worth roughly $2.8 billion are changing hands. Nvidia"s daily dollar v… [+3854 chars]','https://www.fool.com/investing/2022/03/15/better-buy-netflix-vs-nvidia/','https://g.foolcdn.com/editorial/images/670503/mature-couple-watching-tv-with-popcorn.jpg','2022-03-15T14:15:00Z');

insert into NEWS.NEWS_COMPANY(COMPANY, SOURCE_NAME, AUTHOR, TITLE, DESCRIPTION, CONTENT, URL, IMG_URL, PUBLISH_DATE) 

                    values('nvidia','GameSpot','Darryn Bonthuys','Tiny Tina"s Wonderlands PC Requirements Revealed','Ahead of its release this month, Tiny Tina"s Wonderlands developer Gearbox has released the official minimum and recommended settings for the game on PC. Unsurprisingly, you won"t need a gaming rig that doubles as an Nvidia-branded Borg cube as the requiremen…','Ahead of its release this month, Tiny Tina"s Wonderlands developer Gearbox has released the official minimum and recommended settings for the game on PC. Unsurprisingly, you won"t need a gaming rig t… [+2135 chars]','https://www.gamespot.com/articles/tiny-tinas-wonderlands-pc-requirements-revealed/1100-6501525/','https://www.gamespot.com/a/uploads/screen_kubrick/1601/16018044/3952638-tinytinawonderlands.jpg','2022-03-15T16:00:00Z');

insert into NEWS.NEWS_COMPANY(COMPANY, SOURCE_NAME, AUTHOR, TITLE, DESCRIPTION, CONTENT, URL, IMG_URL, PUBLISH_DATE) 

                    values('nvidia','MarketBeat','MarketBeat Staff','Amazon’s Shareholder Friendly Moves Confirms Its a Buy','A newly announced stock split will soon make Amazon stock the most affordable it has been in more than a decade.The split combined with a concurrently announced buyback program has...','Dont be alarmed when Amazon.coms (NASDAQ: AMZN) share price is less than $200. The e-commerce giant is not the subject of an antitrust lawsuit nor is brick-and-mortar retail staging a massive retro c… [+4637 chars]','https://www.marketbeat.com/originals/amazons-shareholder-friendly-moves-confirms-its-a-buy/','https://assets.entrepreneur.com/providers/marketbeat/hero-image-marketbeat-422168.jpeg','2022-03-14T12:00:00Z');

insert into NEWS.NEWS_COMPANY(COMPANY, SOURCE_NAME, AUTHOR, TITLE, DESCRIPTION, CONTENT, URL, IMG_URL, PUBLISH_DATE) 

                    values('nvidia','Motley Fool','newsfeedback@fool.com (Rich Smith)','Why Nvidia Stock Rocketed Higher Today','Cowen sees a bright metaverse future for Nvidia in 2030.','What happened

After three days of uninterrupted selling, shares of semiconductor star Nvidia(NASDAQ:NVDA) soared on Tuesday -- up 6.5% as of 12:10 p.m. ET.

You can probably thank investment bank Co… [+1586 chars]','https://www.fool.com/investing/2022/03/15/why-nvidia-stock-rocketed-higher-today/','https://g.foolcdn.com/editorial/images/670552/concept-art-of-a-rocketship-on-a-laptop-on-a-semiconductor-chip-all-bathed-in-blue.jpg','2022-03-15T17:23:40Z');

insert into NEWS.NEWS_COMPANY(COMPANY, SOURCE_NAME, AUTHOR, TITLE, DESCRIPTION, CONTENT, URL, IMG_URL, PUBLISH_DATE) 

                    values('nvidia','Motley Fool','newsfeedback@fool.com (Rich Smith)','Why Nvidia Stock Dropped Again Today','Citigroup sees numerous reasons for investors to be worried about semiconductor stocks.','What happened

Nvidia( NVDA -3.85% ) dropped in Monday trading, falling by 4.1% through 2:15 p.m. ET in response to continuing despondent news about the state of the semiconductor industry.

Reuters … [+2341 chars]','https://www.fool.com/investing/2022/03/14/why-nvidia-stock-dropped-again-today/','https://g.foolcdn.com/editorial/images/670423/red-down-arrow-on-a-black-backdrop-of-tickertape-prices.jpg','2022-03-14T19:35:21Z');

insert into NEWS.NEWS_COMPANY(COMPANY, SOURCE_NAME, AUTHOR, TITLE, DESCRIPTION, CONTENT, URL, IMG_URL, PUBLISH_DATE) 

                    values('nvidia','Dpreview.com','DL Cade','Laptop Review: ASUS Studiobook 16 OLED - ASUS dials in a winner','<table>



<tr>

<td></td>

</tr>

<tr>

<td>The ASUS ProArt Studiobook 16 is a sleek and powerful creator laptop with a gorgeous OLED display and some interesting design touches.</td>

</tr>





</table>

All product photography by DL Cade

The ASUS Studiobook 16 OLED…','All product photography by DL Cade

The ASUS Studiobook 16 OLED is one of the best creator laptops we"ve had the chance to review. Not because it has a next-generation CPU (it doesn"t) or the most po… [+27285 chars]','https://www.dpreview.com/reviews/laptop-review-asus-studiobook-16-oled-asus-dials-in-a-winner','https://4.img-dpreview.com/files/p/E~TS940x788~articles/6083160906/DLCS4770-Edit.jpeg','2022-03-14T13:00:00Z');

insert into NEWS.NEWS_COMPANY(COMPANY, SOURCE_NAME, AUTHOR, TITLE, DESCRIPTION, CONTENT, URL, IMG_URL, PUBLISH_DATE) 

                    values('nvidia','SlashGear','staff@slashgear.com (Gabriel Moss)','What Is NVIDIA DLSS?','NVIDIA, famous for its powerful graphics cards and AI deep learning technology, has introduced a process called DLSS, or Deep Learning Super Sampling','Video games are becoming far more graphically detailed and environmentally complex than ever before. These vast strides in visual fidelity are made possible in part due to new rendering processes suc… [+901 chars]','https://www.slashgear.com/800166/what-is-nvidia-dlss/','https://www.slashgear.com/img/gallery/what-is-nvidia-dlss/l-intro-1647376045.jpg','2022-03-15T20:30:59Z');

insert into NEWS.NEWS_COMPANY(COMPANY, SOURCE_NAME, AUTHOR, TITLE, DESCRIPTION, CONTENT, URL, IMG_URL, PUBLISH_DATE) 

                    values('nvidia','Motley Fool','newsfeedback@fool.com (Jose Najarro and Nicholas Rossolillo)','Is Now the Time to Buy Nvidia Stock?','The company is priced for perfection. Does that mean investors should hold off?','In this video clip from "Semiconductor Revolution" on Motley Fool Live,recorded on March 3, Motley Fool contributors Jose Najarro and Nicholas Rossolillo discuss why they"re cautiously bullish on Nvi… [+2058 chars]','https://www.fool.com/investing/2022/03/15/is-now-the-time-to-buy-nvidia-stock/','https://g.foolcdn.com/editorial/images/670591/gettyimages-investorcrypto.jpg','2022-03-15T18:52:40Z');

insert into NEWS.NEWS_COMPANY(COMPANY, SOURCE_NAME, AUTHOR, TITLE, DESCRIPTION, CONTENT, URL, IMG_URL, PUBLISH_DATE) 

                    values('nvidia','Motley Fool','newsfeedback@fool.com (Jose Najarro, Nicholas Rossolillo, and Billy Duberstein)','Should Investors Worry About Nvidia"s Latest Hack?','Three Motley Fool contributors explain why they"re not worried.','In late Februrary, Nvidia"s ( NVDA 6.51% ) internal network was hacked by a cyber gang known as Lapsus$0. The hackers threatened to begin leaking proprietary information if Nvidia refused to remove t… [+5027 chars]','https://www.fool.com/investing/2022/03/15/should-investors-worry-about-nvidias-latest-hack/','https://g.foolcdn.com/editorial/images/670571/gettyimages-computerhacker.jpg','2022-03-15T18:37:19Z');

insert into NEWS.NEWS_COMPANY(COMPANY, SOURCE_NAME, AUTHOR, TITLE, DESCRIPTION, CONTENT, URL, IMG_URL, PUBLISH_DATE) 

                    values('nvidia','TechRadar','matthew.hanson@futurenet.com (Matt Hanson)','Nvidia RTX 3090 Ti launch date leaked – along with some bad news','Nvidia RTX 3090 Ti is coming soon, but you’ll be faced with a dilemma.','A new Nvidia RTX 3090 Ti leak has emerged, bringing both good and bad news for people looking forward to Team Green’s next super-powerful graphics card.

The good news is that it looks like The Nvidi… [+3044 chars]','https://www.techradar.com/news/nvidia-rtx-3090-ti-launch-date-leaked-along-with-some-bad-news','https://cdn.mos.cms.futurecdn.net/ESwTLvWcLV6ZtXsrj4ziuY-1200-80.jpg','2022-03-14T11:11:07Z');

insert into NEWS.NEWS_COMPANY(COMPANY, SOURCE_NAME, AUTHOR, TITLE, DESCRIPTION, CONTENT, URL, IMG_URL, PUBLISH_DATE) 

                    values('nvidia','PCWorld','Mark Hachman','Microsoft releases DirectStorage, the future of fast-loading PC games','Microsoft said Monday that it is finally making its DirectStorage API available to game developers, promising to bring one of the best features of the Xbox Series X game console, Quick Resume, to the PC.









Microsoft originally announced that DirectStorage …','Skip to contentType your search and hit enter

Microsoft said Monday that it is finally making its DirectStorage API available to game developers, promising to bring one of the best features of the X… [+3289 chars]','https://www.pcworld.com/article/623036/microsoft-releases-directstorage-the-future-of-fast-loading-pc-games.html','https://www.pcworld.com/wp-content/uploads/2022/03/wdblacksn850-100913939-orig.jpg?quality=50&strip=all&w=1024','2022-03-14T21:55:17Z');

insert into NEWS.NEWS_COMPANY(COMPANY, SOURCE_NAME, AUTHOR, TITLE, DESCRIPTION, CONTENT, URL, IMG_URL, PUBLISH_DATE) 

                    values('nvidia','Theregister.com','Simon Sharwood','Arm to drop up to 15 percent of staff – about 1,000 people','Move along, nothing to see here, totally not slimming down ahead of IPO – or a second IPO in China

Chip designer and licensor to the stars, Arm, has reportedly dropped around 1,000 workers onto unemployment queues.…<!--#include virtual="/data_centre/_whitepap…','Chip designer and licensor to the stars, Arm, has reportedly dropped around 1,000 workers onto unemployment queues.

An email to staff from Arm CEO Rene Haas, seen and reported by the UK"s Daily Tele… [+2329 chars]','https://www.theregister.com/2022/03/15/arm_job_cuts/','https://regmedia.co.uk/2022/03/15/shutterstock_uk_flag_arm.jpg','2022-03-15T05:08:07Z');

insert into NEWS.NEWS_COMPANY(COMPANY, SOURCE_NAME, AUTHOR, TITLE, DESCRIPTION, CONTENT, URL, IMG_URL, PUBLISH_DATE) 

                    values('nvidia','Videocardz.com',null,'NVIDIA CEO Jensen Huang to give away signed GeForce RTX 3090 graphics cards at GTC 2022 - VideoCardz.com','<ol><li>NVIDIA CEO Jensen Huang to give away signed GeForce RTX 3090 graphics cards at GTC 2022  VideoCardz.com

</li><li>Want an RTX 3090? Nvidia to hand them out for free next week  Digital Trends

</li><li>NVIDIA To Giveaway A Special GeForce RTX 3090 Grap…','GTC 2022 participants will take part in a RTX 3090 lottery.

NVIDIA is now preparing for its Graphics Technology Conference (GTC) 2022 set for March 21. This conference focuses on the AI technology f… [+892 chars]','https://videocardz.com/newz/nvidia-ceo-jensen-huang-to-give-away-signed-geforce-rtx-3090-graphics-cards-at-gtc-2022','https://cdn.videocardz.com/1/2022/03/RTX3090-Jensen-Signature-1.jpg','2022-03-14T07:52:00Z');

insert into NEWS.NEWS_COMPANY(COMPANY, SOURCE_NAME, AUTHOR, TITLE, DESCRIPTION, CONTENT, URL, IMG_URL, PUBLISH_DATE) 

                    values('nvidia','Motley Fool','newsfeedback@fool.com (Rich Smith)','Why AMD Stock Rocketed Higher Today','A Cowen analyst foresees huge gains for semiconductor stocks this decade.','What happened

After three days of uninterrupted selling, shares of semiconductor stalwart Advanced Micro Devices (NASDAQ:AMD) soared on Tuesday -- up 6.1% as of 2:15 p.m. ET.

Cowen &amp; Co. is at … [+1776 chars]','https://www.fool.com/investing/2022/03/15/why-amd-stock-rocketed-higher-today/','https://g.foolcdn.com/editorial/images/670558/concept-art-of-a-rocketship-on-a-laptop-on-a-semiconductor-chip-all-bathed-in-blue.jpg','2022-03-15T18:19:32Z');

insert into NEWS.NEWS_COMPANY(COMPANY, SOURCE_NAME, AUTHOR, TITLE, DESCRIPTION, CONTENT, URL, IMG_URL, PUBLISH_DATE) 

                    values('nvidia','Internet','noreply@blogger.com (Ravie Lakshmanan)','Gaming Company Ubisoft Confirms It was Hacked, Resets Staff Passwords','French video game company Ubisoft on Friday confirmed it was a victim of a "cyber security incident," causing temporary disruptions to its games, systems, and services.

The Montreuil-headquartered firm said that an investigation into the breach was underway a…','French video game company Ubisoft on Friday confirmed it was a victim of a "cyber security incident," causing temporary disruptions to its games, systems, and services.

The Montreuil-headquartered f… [+1174 chars]','https://thehackernews.com/2022/03/gaming-company-ubisoft-confirms-it-was.html','https://thehackernews.com/new-images/img/a/AVvXsEjml6Xu7f6uo5tHvSTroK0m7KGbwO5bHwkX49RvapOjknMSOOIAdOHC1B4610YTmfftCfk3ZXjOOE1m6qeT2ckkQarT2d2oLc4HNXbW-ZNJ2yrL48lVHsJ-9WhUc1I2QbsBwpClAs9MrIPtP29l_pl2z-3B5h4bR3X0c5Sr_KPWmkAtII2ByEmNWbTA=s728-e1000','2022-03-14T13:26:26Z');
, parameters: None
[2022-03-21 10:14:06,335] {dbapi.py:186} INFO - Rows affected: 1
[2022-03-21 10:14:06,373] {python.py:118} INFO - Done. Returned value was: None
[2022-03-21 10:14:06,442] {taskinstance.py:1166} INFO - Marking task as SUCCESS. dag_id=fetch_news, task_id=write_to_postgres, execution_date=20220314T000000, start_date=20220321T101405, end_date=20220321T101406
[2022-03-21 10:14:06,539] {taskinstance.py:1220} INFO - 0 downstream tasks scheduled from follow-on schedule check
[2022-03-21 10:14:06,580] {local_task_job.py:146} INFO - Task exited with return code 0
