[2022-03-21 11:38:45,669] {taskinstance.py:851} INFO - Dependencies all met for <TaskInstance: fetch_news.write_to_postgres 2022-03-14T00:00:00+00:00 [queued]>
[2022-03-21 11:38:45,702] {taskinstance.py:851} INFO - Dependencies all met for <TaskInstance: fetch_news.write_to_postgres 2022-03-14T00:00:00+00:00 [queued]>
[2022-03-21 11:38:45,703] {taskinstance.py:1042} INFO - 
--------------------------------------------------------------------------------
[2022-03-21 11:38:45,703] {taskinstance.py:1043} INFO - Starting attempt 5 of 5
[2022-03-21 11:38:45,703] {taskinstance.py:1044} INFO - 
--------------------------------------------------------------------------------
[2022-03-21 11:38:45,742] {taskinstance.py:1063} INFO - Executing <Task(PythonOperator): write_to_postgres> on 2022-03-14T00:00:00+00:00
[2022-03-21 11:38:45,746] {standard_task_runner.py:52} INFO - Started process 1449 to run task
[2022-03-21 11:38:45,770] {standard_task_runner.py:76} INFO - Running: ['airflow', 'tasks', 'run', 'fetch_news', 'write_to_postgres', '2022-03-14T00:00:00+00:00', '--job-id', '615', '--pool', 'default_pool', '--raw', '--subdir', 'DAGS_FOLDER/fetch_news.py', '--cfg-path', '/tmp/tmpdulkoug6', '--error-file', '/tmp/tmprbkmoveh']
[2022-03-21 11:38:45,787] {standard_task_runner.py:77} INFO - Job 615: Subtask write_to_postgres
[2022-03-21 11:38:45,863] {logging_mixin.py:104} INFO - Running <TaskInstance: fetch_news.write_to_postgres 2022-03-14T00:00:00+00:00 [running]> on host e39215f0be5b
[2022-03-21 11:38:45,993] {taskinstance.py:1257} INFO - Exporting the following env vars:
AIRFLOW_CTX_DAG_OWNER=airflow
AIRFLOW_CTX_DAG_ID=fetch_news
AIRFLOW_CTX_TASK_ID=write_to_postgres
AIRFLOW_CTX_EXECUTION_DATE=2022-03-14T00:00:00+00:00
AIRFLOW_CTX_DAG_RUN_ID=scheduled__2022-03-14T00:00:00+00:00
[2022-03-21 11:38:46,024] {base.py:74} INFO - Using connection to: id: news_in. Host: postgres, Port: 5432, Schema: , Login: airflow, Password: XXXXXXXX, extra: None
[2022-03-21 11:38:46,042] {dbapi.py:180} INFO - Running statement: insert into NEWS.NEWS_COMPANY(COMPANY, SOURCE_NAME, AUTHOR, TITLE, DESCRIPTION, CONTENT, URL, IMG_URL, PUBLISH_DATE) 

                    values('nvidia','MarketBeat','MarketBeat Staff','Amazon’s Shareholder Friendly Moves Confirms Its a Buy','A newly announced stock split will soon make Amazon stock the most affordable it has been in more than a decade.The split combined with a concurrently announced buyback program has...','Dont be alarmed when Amazon.coms (NASDAQ: AMZN) share price is less than $200. The e-commerce giant is not the subject of an antitrust lawsuit nor is brick-and-mortar retail staging a massive retro c… [+4637 chars]','https://www.marketbeat.com/originals/amazons-shareholder-friendly-moves-confirms-its-a-buy/','https://assets.entrepreneur.com/providers/marketbeat/hero-image-marketbeat-422168.jpeg','2022-03-14T12:00:00Z');

insert into NEWS.NEWS_COMPANY(COMPANY, SOURCE_NAME, AUTHOR, TITLE, DESCRIPTION, CONTENT, URL, IMG_URL, PUBLISH_DATE) 

                    values('nvidia','Motley Fool','newsfeedback@fool.com (Rich Smith)','Why Nvidia Stock Dropped Again Today','Citigroup sees numerous reasons for investors to be worried about semiconductor stocks.','What happened

Nvidia( NVDA -3.85% ) dropped in Monday trading, falling by 4.1% through 2:15 p.m. ET in response to continuing despondent news about the state of the semiconductor industry.

Reuters … [+2341 chars]','https://www.fool.com/investing/2022/03/14/why-nvidia-stock-dropped-again-today/','https://g.foolcdn.com/editorial/images/670423/red-down-arrow-on-a-black-backdrop-of-tickertape-prices.jpg','2022-03-14T19:35:21Z');

insert into NEWS.NEWS_COMPANY(COMPANY, SOURCE_NAME, AUTHOR, TITLE, DESCRIPTION, CONTENT, URL, IMG_URL, PUBLISH_DATE) 

                    values('nvidia','Dpreview.com','DL Cade','Laptop Review: ASUS Studiobook 16 OLED - ASUS dials in a winner','<table>



<tr>

<td></td>

</tr>

<tr>

<td>The ASUS ProArt Studiobook 16 is a sleek and powerful creator laptop with a gorgeous OLED display and some interesting design touches.</td>

</tr>





</table>

All product photography by DL Cade

The ASUS Studiobook 16 OLED…','All product photography by DL Cade

The ASUS Studiobook 16 OLED is one of the best creator laptops we"ve had the chance to review. Not because it has a next-generation CPU (it doesn"t) or the most po… [+27285 chars]','https://www.dpreview.com/reviews/laptop-review-asus-studiobook-16-oled-asus-dials-in-a-winner','https://4.img-dpreview.com/files/p/E~TS940x788~articles/6083160906/DLCS4770-Edit.jpeg','2022-03-14T13:00:00Z');

insert into NEWS.NEWS_COMPANY(COMPANY, SOURCE_NAME, AUTHOR, TITLE, DESCRIPTION, CONTENT, URL, IMG_URL, PUBLISH_DATE) 

                    values('nvidia','TechRadar','matthew.hanson@futurenet.com (Matt Hanson)','Nvidia RTX 3090 Ti launch date leaked – along with some bad news','Nvidia RTX 3090 Ti is coming soon, but you’ll be faced with a dilemma.','A new Nvidia RTX 3090 Ti leak has emerged, bringing both good and bad news for people looking forward to Team Green’s next super-powerful graphics card.

The good news is that it looks like The Nvidi… [+3044 chars]','https://www.techradar.com/news/nvidia-rtx-3090-ti-launch-date-leaked-along-with-some-bad-news','https://cdn.mos.cms.futurecdn.net/ESwTLvWcLV6ZtXsrj4ziuY-1200-80.jpg','2022-03-14T11:11:07Z');

insert into NEWS.NEWS_COMPANY(COMPANY, SOURCE_NAME, AUTHOR, TITLE, DESCRIPTION, CONTENT, URL, IMG_URL, PUBLISH_DATE) 

                    values('nvidia','PCWorld','Mark Hachman','Microsoft releases DirectStorage, the future of fast-loading PC games','Microsoft said Monday that it is finally making its DirectStorage API available to game developers, promising to bring one of the best features of the Xbox Series X game console, Quick Resume, to the PC.









Microsoft originally announced that DirectStorage …','Skip to contentType your search and hit enter

Microsoft said Monday that it is finally making its DirectStorage API available to game developers, promising to bring one of the best features of the X… [+3289 chars]','https://www.pcworld.com/article/623036/microsoft-releases-directstorage-the-future-of-fast-loading-pc-games.html','https://www.pcworld.com/wp-content/uploads/2022/03/wdblacksn850-100913939-orig.jpg?quality=50&strip=all&w=1024','2022-03-14T21:55:17Z');

insert into NEWS.NEWS_COMPANY(COMPANY, SOURCE_NAME, AUTHOR, TITLE, DESCRIPTION, CONTENT, URL, IMG_URL, PUBLISH_DATE) 

                    values('nvidia','Videocardz.com',null,'NVIDIA CEO Jensen Huang to give away signed GeForce RTX 3090 graphics cards at GTC 2022 - VideoCardz.com','<ol><li>NVIDIA CEO Jensen Huang to give away signed GeForce RTX 3090 graphics cards at GTC 2022  VideoCardz.com

</li><li>Want an RTX 3090? Nvidia to hand them out for free next week  Digital Trends

</li><li>NVIDIA To Giveaway A Special GeForce RTX 3090 Grap…','GTC 2022 participants will take part in a RTX 3090 lottery.

NVIDIA is now preparing for its Graphics Technology Conference (GTC) 2022 set for March 21. This conference focuses on the AI technology f… [+892 chars]','https://videocardz.com/newz/nvidia-ceo-jensen-huang-to-give-away-signed-geforce-rtx-3090-graphics-cards-at-gtc-2022','https://cdn.videocardz.com/1/2022/03/RTX3090-Jensen-Signature-1.jpg','2022-03-14T07:52:00Z');

insert into NEWS.NEWS_COMPANY(COMPANY, SOURCE_NAME, AUTHOR, TITLE, DESCRIPTION, CONTENT, URL, IMG_URL, PUBLISH_DATE) 

                    values('nvidia','Internet','noreply@blogger.com (Ravie Lakshmanan)','Gaming Company Ubisoft Confirms It was Hacked, Resets Staff Passwords','French video game company Ubisoft on Friday confirmed it was a victim of a "cyber security incident," causing temporary disruptions to its games, systems, and services.

The Montreuil-headquartered firm said that an investigation into the breach was underway a…','French video game company Ubisoft on Friday confirmed it was a victim of a "cyber security incident," causing temporary disruptions to its games, systems, and services.

The Montreuil-headquartered f… [+1174 chars]','https://thehackernews.com/2022/03/gaming-company-ubisoft-confirms-it-was.html','https://thehackernews.com/new-images/img/a/AVvXsEjml6Xu7f6uo5tHvSTroK0m7KGbwO5bHwkX49RvapOjknMSOOIAdOHC1B4610YTmfftCfk3ZXjOOE1m6qeT2ckkQarT2d2oLc4HNXbW-ZNJ2yrL48lVHsJ-9WhUc1I2QbsBwpClAs9MrIPtP29l_pl2z-3B5h4bR3X0c5Sr_KPWmkAtII2ByEmNWbTA=s728-e1000','2022-03-14T13:26:26Z');

insert into NEWS.NEWS_COMPANY(COMPANY, SOURCE_NAME, AUTHOR, TITLE, DESCRIPTION, CONTENT, URL, IMG_URL, PUBLISH_DATE) 

                    values('nvidia','Telegraph.co.uk','James Titcomb','British tech champion Arm to slash hundreds of jobs','Chip giant plans to cut up to 15pc of its global workforce in wake of failed Nvidia takeover','Arm, one of Britains biggest technology companies, is cutting hundreds of staff weeks after a $40bn (£31bn) deal to sell the company to Nvidia fell apart, The Telegraph can reveal.

Rene Haas, the ch… [+2105 chars]','https://www.telegraph.co.uk/business/2022/03/14/british-tech-champion-arm-slash-hundreds-jobs/','https://www.telegraph.co.uk/content/dam/business/2022/03/14/TELEMMGLPICT000239627857_trans_NvBQzQNjv4Bq3480UNUU8UfSxDSaY1n7MBMSxGIR1rd_-iNIxL4YeIk.jpeg?impolicy=logo-overlay','2022-03-14T17:48:47Z');

insert into NEWS.NEWS_COMPANY(COMPANY, SOURCE_NAME, AUTHOR, TITLE, DESCRIPTION, CONTENT, URL, IMG_URL, PUBLISH_DATE) 

                    values('nvidia','Justcreative.com','Jacob Cass','The Best Intel Core i7 Laptops in 2022 – Ultimate Guide','If you are looking for power, performance, and productivity all in one device, then go for Intel Core i7 laptops. We feature the best i7 laptops in this post!','Laptops have become an essential part of our lives, especially for people who are always on the go. These devices are widely used in various aspects of our lives like work, school, and entertainment.… [+18614 chars]','https://justcreative.com/best-i7-laptops/','https://justcreative.com/wp-content/uploads/2022/03/Best-Intel-Core-i7-Laptops.jpeg','2022-03-14T03:29:11Z');

insert into NEWS.NEWS_COMPANY(COMPANY, SOURCE_NAME, AUTHOR, TITLE, DESCRIPTION, CONTENT, URL, IMG_URL, PUBLISH_DATE) 

                    values('nvidia','Neowin','sen92sayan@gmail.com (Sayan Sen)','AMD FSR 2.0 alleged details leak, could finally be a viable replacement for Nvidia DLSS','According to a report, AMD is going to introduce the next revision of its FSR image upscaling tech soon. The leaked details say FSR 2.0 is going to bring image quality even better than the native. Read more...','At Computex last year, AMD introduced the world to its FidelityFX Super Resolution (FSR) image upscaling technology. FSR was a rival to Nvidia"s Deep Learning Super Sampling (DLSS) and could be run o… [+1669 chars]','https://www.neowin.net/news/amd-fsr-20-alleged-details-leak-could-finally-be-a-viable-replacement-for-nvidia-dlss/','https://cdn.neow.in/news/images/uploaded/2021/06/1622521108_amd_fsr_story.jpg','2022-03-14T14:16:01Z');

insert into NEWS.NEWS_COMPANY(COMPANY, SOURCE_NAME, AUTHOR, TITLE, DESCRIPTION, CONTENT, URL, IMG_URL, PUBLISH_DATE) 

                    values('nvidia','Motley Fool','newsfeedback@fool.com (Rekha Khandelwal)','5 of the Fastest-Growing Stocks on the Planet','The five-year revenue growth rate of these companies averaged between 28% and 53%.','One of the easiest ways to identify winning stocks is to look for companies that are growing their revenue and earnings fast. If you invest at the right time, this strategy is bound to generate hands… [+5056 chars]','https://www.fool.com/investing/2022/03/14/5-of-the-fastest-growing-stocks-on-the-planet/','https://g.foolcdn.com/editorial/images/669889/a-pastel-colored-growing-graph-with-rising-rocket.jpg','2022-03-14T14:15:00Z');

insert into NEWS.NEWS_COMPANY(COMPANY, SOURCE_NAME, AUTHOR, TITLE, DESCRIPTION, CONTENT, URL, IMG_URL, PUBLISH_DATE) 

                    values('nvidia','Geeksaresexy.net','Geeks are Sexy','Today’s Hottest Deals: Save BIG on Omni Series Smart TVs, Anker Soundcore Headphones, Home Studio Camera Accessories, and MORE!','For today’s edition of “Deal of the Day,” here are some of the best deals we stumbled on while browsing the web this morning! Please note that Geeks are Sexy might get a small commission from qualifying purchases done through our posts (as an Amazon associate…','For todays edition of Deal of the Day, here are some of the best deals we stumbled on while browsing the web this morning! Please note that Geeks are Sexy might get a small commission from qualifying… [+1061 chars]','https://www.geeksaresexy.net/2022/03/14/todays-hottest-deals-save-big-on-omni-series-smart-tvs-anker-soundcore-headphones-home-studio-camera-accessories-and-more/','https://i0.wp.com/www.geeksaresexy.net/wp-content/uploads/2022/03/deal88.jpg?fit=1200%2C628&ssl=1','2022-03-14T14:10:04Z');

insert into NEWS.NEWS_COMPANY(COMPANY, SOURCE_NAME, AUTHOR, TITLE, DESCRIPTION, CONTENT, URL, IMG_URL, PUBLISH_DATE) 

                    values('nvidia','Giveawayoftheday.com','GOTD_Editor','Tipard Video Enhancer 9.2.36','Tipard Video Enhancer is the enhancing tool which can improve video quality in color balance and resolution even video de-shaking. With the enhancing features, you can even convert your files to 1080p HD video. It can also edit videos, including rotating, cro…','Tipard Video Converter Ultimate is the all-in-one video utility of Video Converter, Video Enhancer, Video Collage Maker and MV Maker. It enables you to convert video or audio formats like MP4, AVI, F… [+3077 chars]','https://www.giveawayoftheday.com/tipard-video-enhancer-9-2-36/','https://giveawayoftheday.com/wp-content/uploads/og/2021/06/1f012c900cf9f29d2cc9bc658b4ff7d1.png','2022-03-14T08:00:00Z');

insert into NEWS.NEWS_COMPANY(COMPANY, SOURCE_NAME, AUTHOR, TITLE, DESCRIPTION, CONTENT, URL, IMG_URL, PUBLISH_DATE) 

                    values('nvidia','XDA Developers','João Carrasqueira','Samsung Galaxy Book 2 Pro 360 vs HP Spectre x360: What’s the best convertible?','Samsung recently launched the Galaxy Book 2 Pro series, and that includes the Galaxy Book 2 Pro 360, one of the lightest convertibles around. The original Samsung Galaxy Book Pro 360 was already a fantastic lightweight laptop, but if you’re considering its su…','Samsung recently launched the Galaxy Book 2 Pro series, and that includes the Galaxy Book 2 Pro 360, one of the lightest convertibles around. The original Samsung Galaxy Book Pro 360 was already a fa… [+17016 chars]','https://www.xda-developers.com/samsung-galaxy-book-2-pro-360-vs-hp-spectre-x360/','https://www.xda-developers.com/files/2022/03/Samsung-Galaxy-Book2-Pro-360-in-Burgundy-vs-HP-SPectre-x360.jpg','2022-03-14T17:00:30Z');

insert into NEWS.NEWS_COMPANY(COMPANY, SOURCE_NAME, AUTHOR, TITLE, DESCRIPTION, CONTENT, URL, IMG_URL, PUBLISH_DATE) 

                    values('nvidia','Neowin','sen92sayan@gmail.com (Sayan Sen)','Intel"s highly anticipated Arc GPUs finally get a release date and its not too far away','Intel has finally unveiled the release date for Arc discrete graphics. The company will be launching its first-gen Arc mobile GPUs on March 30 at a special event dubbed "A New Stage of the Game". Read more...','Intel has just announced that it is launching its Arc discrete graphics on March 30 at its "A New Stage of the Game" event. Earlier, the company had already confirmed that Arc was coming in Q1 of thi… [+1087 chars]','https://www.neowin.net/news/intel039s-highly-anticipated-arc-gpus-finally-get-a-release-date-and-its-not-too-far-away/','https://cdn.neow.in/news/images/uploaded/2021/08/1629379608_intel_arc_raja_koduri_story.jpg','2022-03-14T21:48:01Z');

insert into NEWS.NEWS_COMPANY(COMPANY, SOURCE_NAME, AUTHOR, TITLE, DESCRIPTION, CONTENT, URL, IMG_URL, PUBLISH_DATE) 

                    values('nvidia','Securityweek.com','Ionut Arghire','Ubisoft Resets Employee Passwords Following Cyberattack','Ubisoft says it has initiated a company-wide password reset operation after learning that it fell victim to a cyberattack.

read more','Ubisoft says it has initiated a company-wide password reset operation after learning that it fell victim to a cyberattack.

In a short cyber incident notification, the French video game company said … [+1679 chars]','https://www.securityweek.com/ubisoft-resets-employee-passwords-following-cyberattack',null,'2022-03-14T13:24:14Z');

insert into NEWS.NEWS_COMPANY(COMPANY, SOURCE_NAME, AUTHOR, TITLE, DESCRIPTION, CONTENT, URL, IMG_URL, PUBLISH_DATE) 

                    values('nvidia','Seeking Alpha','Individual Trader','DRIV: Superior Liquidity And Diversification To Win The Day','DRIV"s poor start to the year has increased this fund"s implied volatility (fear). Read why trends in the fund"s top 5 holdings point to stability.','metamorworks/iStock via Getty Images

It will be interesting to see if the 100-week moving average of the Global X Autonomous &amp; Electric Vehicles ETF (DRIV) will put a halt to the aggressive sell… [+5723 chars]','https://seekingalpha.com/article/4495294-driv-superior-liquidity-and-diversification-to-win','https://static.seekingalpha.com/cdn/s3/uploads/getty_images/967522166/image_967522166.jpg?io=getty-c-w750','2022-03-14T16:04:59Z');

insert into NEWS.NEWS_COMPANY(COMPANY, SOURCE_NAME, AUTHOR, TITLE, DESCRIPTION, CONTENT, URL, IMG_URL, PUBLISH_DATE) 

                    values('nvidia','Ozbargain.com.au','ruthlessmint','Gigabyte Radeon RX 6800 XT GAMING OC 16G GDDR6 RGB LED Graphics Card $1439.10 + Delivery & Surcharge @Shopping Express','Yeah its a RX 6800 XT for $1439.10. 

Blah blah HODL. AMD bad NVIDIA GOOD blah blah. 

16gb VRAM GPU with similar performance to RTX 3080. . 

Discount shown on checkout. 1% surcharge applies for select payment methods.','All trademarks are owned by their respective owners.OzBargain is an independent community website which has no association with nor endorsement by the respective trademark owners.

Copyright © 2006-2… [+32 chars]','https://www.ozbargain.com.au/node/688515','https://files.ozbargain.com.au/n/15/688515l.jpg?h=852c06f5','2022-03-14T13:35:00Z');

insert into NEWS.NEWS_COMPANY(COMPANY, SOURCE_NAME, AUTHOR, TITLE, DESCRIPTION, CONTENT, URL, IMG_URL, PUBLISH_DATE) 

                    values('nvidia','Thewindowsclub.com','Obinna@TWC','GeForce Experience ShadowPlay recording not working on Windows PC','ShadowPlay is part of GeForce Experience 3.0, which enables PC users especially gamers to instantly record gameplay at 60FPS for the last 20 minutes. If you have GeForce Experience installed on your Windows 11 or Windows 10 computer, and you find that you can…','ShadowPlay is part of GeForce Experience 3.0, which enables PC users especially gamers to instantly record gameplay at 60FPS for the last 20 minutes. If you have GeForce Experience installed on your … [+7592 chars]','https://www.thewindowsclub.com/geforce-experience-shadowplay-recording-not-working','https://www.thewindowsclub.com/wp-content/uploads/2022/03/GeForce-Experience-ShadowPlay-recording-not-working.jpg','2022-03-14T13:25:01Z');

insert into NEWS.NEWS_COMPANY(COMPANY, SOURCE_NAME, AUTHOR, TITLE, DESCRIPTION, CONTENT, URL, IMG_URL, PUBLISH_DATE) 

                    values('nvidia','Investor"s Business Daily','Investor"s Business Daily','Coupa Stock Plunges On Weak Guidance Amid Acquisition Spree','Coupa stock plunged after guidance fell way short of expectations. Coupa earnings topped estimates amid its acquisition spree.','Coupa Software (COUP) on Monday delivered January-quarter earnings and revenue that topped estimates amid its acquisition spree. But Coupa stock plunged as management guidance for the current fiscal … [+1800 chars]','https://www.investors.com/news/technology/coupa-stock-plunges-on-weak-guidance-amid-acquisition-spree/','https://www.investors.com/wp-content/uploads/2018/04/Stock-CoupaSoftware-01-company.jpg','2022-03-14T20:24:25Z');
, parameters: None
[2022-03-21 11:38:46,049] {dbapi.py:186} INFO - Rows affected: 1
[2022-03-21 11:38:46,074] {python.py:118} INFO - Done. Returned value was: None
[2022-03-21 11:38:46,112] {taskinstance.py:1166} INFO - Marking task as SUCCESS. dag_id=fetch_news, task_id=write_to_postgres, execution_date=20220314T000000, start_date=20220321T113845, end_date=20220321T113846
[2022-03-21 11:38:46,259] {taskinstance.py:1220} INFO - 0 downstream tasks scheduled from follow-on schedule check
[2022-03-21 11:38:46,285] {local_task_job.py:146} INFO - Task exited with return code 0
