[2022-03-21 10:14:05,572] {taskinstance.py:851} INFO - Dependencies all met for <TaskInstance: fetch_news.write_to_postgres 2022-03-11T00:00:00+00:00 [queued]>
[2022-03-21 10:14:05,609] {taskinstance.py:851} INFO - Dependencies all met for <TaskInstance: fetch_news.write_to_postgres 2022-03-11T00:00:00+00:00 [queued]>
[2022-03-21 10:14:05,609] {taskinstance.py:1042} INFO - 
--------------------------------------------------------------------------------
[2022-03-21 10:14:05,609] {taskinstance.py:1043} INFO - Starting attempt 4 of 4
[2022-03-21 10:14:05,610] {taskinstance.py:1044} INFO - 
--------------------------------------------------------------------------------
[2022-03-21 10:14:05,674] {taskinstance.py:1063} INFO - Executing <Task(PythonOperator): write_to_postgres> on 2022-03-11T00:00:00+00:00
[2022-03-21 10:14:05,679] {standard_task_runner.py:52} INFO - Started process 1360 to run task
[2022-03-21 10:14:05,711] {standard_task_runner.py:76} INFO - Running: ['airflow', 'tasks', 'run', 'fetch_news', 'write_to_postgres', '2022-03-11T00:00:00+00:00', '--job-id', '579', '--pool', 'default_pool', '--raw', '--subdir', 'DAGS_FOLDER/fetch_news.py', '--cfg-path', '/tmp/tmpx_19988c', '--error-file', '/tmp/tmpyyffnr2l']
[2022-03-21 10:14:05,713] {standard_task_runner.py:77} INFO - Job 579: Subtask write_to_postgres
[2022-03-21 10:14:05,874] {logging_mixin.py:104} INFO - Running <TaskInstance: fetch_news.write_to_postgres 2022-03-11T00:00:00+00:00 [running]> on host e39215f0be5b
[2022-03-21 10:14:06,149] {taskinstance.py:1257} INFO - Exporting the following env vars:
AIRFLOW_CTX_DAG_OWNER=airflow
AIRFLOW_CTX_DAG_ID=fetch_news
AIRFLOW_CTX_TASK_ID=write_to_postgres
AIRFLOW_CTX_EXECUTION_DATE=2022-03-11T00:00:00+00:00
AIRFLOW_CTX_DAG_RUN_ID=scheduled__2022-03-11T00:00:00+00:00
[2022-03-21 10:14:06,179] {base.py:74} INFO - Using connection to: id: news_in. Host: postgres, Port: 5432, Schema: , Login: airflow, Password: XXXXXXXX, extra: None
[2022-03-21 10:14:06,191] {dbapi.py:180} INFO - Running statement: insert into NEWS.NEWS_COMPANY(COMPANY, SOURCE_NAME, AUTHOR, TITLE, DESCRIPTION, CONTENT, URL, IMG_URL, PUBLISH_DATE) 

                    values('nvidia','Engadget','Igor Bonifacic','Ubisoft says no user information was exposed in recent "cyber security incident"','South American hacking group Lapsus$ is claiming responsibility for another high-profile hack. On Thursday, Ubisoft said

 it underwent a “cyber security incident” last week that saw some of its games, systems and services temporarily disrupted. At the time, …','South American hacking group Lapsus$ is claiming responsibility for another high-profile hack. On Thursday, Ubisoft said

 it underwent a cyber security incident last week that saw some of its games,… [+1047 chars]','https://www.engadget.com/ubisoft-cyber-security-incident-lapsus-claims-credit-164942979.html','https://s.yimg.com/os/creatr-uploaded-images/2022-03/880bc2f0-a223-11ec-99de-3cb2a0d7e0b9','2022-03-12T16:49:42Z');

insert into NEWS.NEWS_COMPANY(COMPANY, SOURCE_NAME, AUTHOR, TITLE, DESCRIPTION, CONTENT, URL, IMG_URL, PUBLISH_DATE) 

                    values('nvidia','Android Police','Steve Huff','Nvidia and Samsung hackers take credit for Ubisoft attack','The game company says no personal info was exposed','Ubisoft may be the latest victim in a cybercrime spree that has already affected chipmaker Nvidia and South Korean electronics giant Samsung. As a result, the company had to take measures to reassure… [+1916 chars]','https://www.androidpolice.com/nvidia-and-samsung-hackers-take-credit-for-ubisoft-attack/','https://static1.anpoimages.com/wordpress/wp-content/uploads/2020/10/27/Ubisoft__Rebranding.jpg.jpg','2022-03-12T21:47:20Z');

insert into NEWS.NEWS_COMPANY(COMPANY, SOURCE_NAME, AUTHOR, TITLE, DESCRIPTION, CONTENT, URL, IMG_URL, PUBLISH_DATE) 

                    values('nvidia','Slashdot.org','EditorDavid','How China Built an Exascale Supercomputer Out of Old 14nm Tech','Slashdot reader katydid77 shares a report from the supercomputing site The Next Platform:

If you need any proof that it doesn"t take the most advanced chip manufacturing processes to create an exascale-class supercomputer, you need look no further than the Su…','If you need any proof that it doesn"t take the most advanced chip manufacturing processes to create an exascale-class supercomputer, you need look no further than the Sunway "OceanLight" system house… [+2757 chars]','https://tech.slashdot.org/story/22/03/12/1843220/how-china-built-an-exascale-supercomputer-out-of-old-14nm-tech','https://a.fsdn.com/sd/topics/china_64.png','2022-03-12T20:34:00Z');

insert into NEWS.NEWS_COMPANY(COMPANY, SOURCE_NAME, AUTHOR, TITLE, DESCRIPTION, CONTENT, URL, IMG_URL, PUBLISH_DATE) 

                    values('nvidia','Hackaday','Jonathan Bennett','This Week in Security: DDoS Techniques, Dirty Pipe, and Lapsus$ Continued','Denial-of-Service (DoS) amplification. Relatively early in the history of the Internet — it was only 14 years old at the time — the first DoS amplification attack was discovered. [TFreak] …read more','Denial-of-Service (DoS) amplification. Relatively early in the history of the Internet — it was only 14 years old at the time — the first DoS amplification attack was discovered. [TFreak] put togethe… [+9918 chars]','https://hackaday.com/2022/03/11/this-week-in-security-ddos-techniques-dirty-pipe-and-lapsus-continued/','https://hackaday.com/wp-content/uploads/2016/01/darkarts.jpg','2022-03-11T15:00:36Z');

insert into NEWS.NEWS_COMPANY(COMPANY, SOURCE_NAME, AUTHOR, TITLE, DESCRIPTION, CONTENT, URL, IMG_URL, PUBLISH_DATE) 

                    values('nvidia','Windows Central','Rich Edmonds','Review: ASUS ProArt Studiobook 16 (H5600) has a stunning 4K display','Work hard and play harder with this powerful creative laptop.



ASUS makes countless laptops and the ProArt range is designed with creative individuals in mind. Much like ProArt monitors, you can expect to find some notable features tailored for creative use, …','Source: Rich Edmonds / Windows Central

ASUS makes countless laptops and the ProArt range is designed with creative individuals in mind. Much like ProArt monitors, you can expect to find some notable… [+11271 chars]','https://www.windowscentral.com/asus-proart-studiobook-16-h5600-review','https://www.windowscentral.com/sites/wpcentral.com/files/styles/large/public/field/image/2022/03/asus-proart-studiobook-16-h5600-main-screen-on.jpg','2022-03-11T17:00:02Z');

insert into NEWS.NEWS_COMPANY(COMPANY, SOURCE_NAME, AUTHOR, TITLE, DESCRIPTION, CONTENT, URL, IMG_URL, PUBLISH_DATE) 

                    values('nvidia','Lever.co',null,'Jerry (YC S17) Is Hiring Engineering Manager, Software Development','Jerry, ranked by LinkedIn as one of the Top 50 technology startups, is expanding our engineering team! We’d love to hear from you if you are looking for a tech company with the following: - Huge market ($800 billion market size), we are building the fir…','Wed love to hear from you if you are looking for a tech company with the following:

- Huge market ($800 billion market size), we are building the first AI-powered super app to help people own a car;… [+3055 chars]','https://jobs.lever.co/getjerry/4290d136-b59c-49d7-83c2-1f1f71f57e4c','https://lever-client-logos.s3.us-west-2.amazonaws.com/636ce6d4-69a0-4b6e-80cd-c4878918f7d1-1625421560359.png','2022-03-11T01:01:14Z');

insert into NEWS.NEWS_COMPANY(COMPANY, SOURCE_NAME, AUTHOR, TITLE, DESCRIPTION, CONTENT, URL, IMG_URL, PUBLISH_DATE) 

                    values('nvidia','Motley Fool','newsfeedback@fool.com (Brett Schafer)','Wall Street Loves These 3 Growth Stocks -- Should You?','Tesla, Nvidia, and Apple are investing favorites on Wall Street. But do they belong in your portfolio?','If you are an individual investor, it can be helpful to check what sentiment is from the big dogs on Wall Street from time to time. Luckily, tons of Wall Street analysts post their research publicly,… [+4629 chars]','https://www.fool.com/investing/2022/03/12/wall-street-loves-these-3-growth-stocks-should-you/','https://g.foolcdn.com/editorial/images/669932/thinking.jpg','2022-03-12T12:10:00Z');

insert into NEWS.NEWS_COMPANY(COMPANY, SOURCE_NAME, AUTHOR, TITLE, DESCRIPTION, CONTENT, URL, IMG_URL, PUBLISH_DATE) 

                    values('nvidia','Digital Trends','Monica J. White','Intel may have the first 16-core laptop CPU','Intel has a new mobile chip up its sleeve, the Core i9-12900HX. The CPU will be the first laptop processor to offer 16 cores. It has now been benchmarked.','According to a freshly leaked benchmark, Intel may be about to set new standards in high-end gaming laptop performance. The upcoming Intel Core i9-12900HX mobility chip has been benchmarked and retur… [+3137 chars]','https://www.digitaltrends.com/computing/intel-core-i9-12900hx-benchmark-leaks/','https://icdn.digitaltrends.com/image/digitaltrends/alder-lake-mobility-chip.jpg','2022-03-11T19:25:02Z');

insert into NEWS.NEWS_COMPANY(COMPANY, SOURCE_NAME, AUTHOR, TITLE, DESCRIPTION, CONTENT, URL, IMG_URL, PUBLISH_DATE) 

                    values('nvidia','Motley Fool','newsfeedback@fool.com (Chris Neiger)','2 Red-Hot Growth Stocks to Buy in 2022 and Beyond','Even in a volatile market, these two growth stocks are worth buying and holding onto.','Many investors have been shifting their attention away from growth stocks recently as the market has experienced significant price swings. 

Some investors are looking for more stable investments dur… [+3331 chars]','https://www.fool.com/investing/2022/03/11/2-red-hot-growth-stocks-to-buy-in-2022-and-beyond/','https://g.foolcdn.com/editorial/images/669911/gettyimages-1170740955.jpg','2022-03-11T16:16:11Z');

insert into NEWS.NEWS_COMPANY(COMPANY, SOURCE_NAME, AUTHOR, TITLE, DESCRIPTION, CONTENT, URL, IMG_URL, PUBLISH_DATE) 

                    values('nvidia','Forbes','Davey Winder, Senior Contributor, 

 Davey Winder, Senior Contributor

 https://www.forbes.com/sites/daveywinder/','Threat Intel Report: Who Is Behind Staggering 190GB Samsung Galaxy Hack?','Who are the cybercriminals behind the massive NVIDIA and Samsung hack attacks?','Earlier this week I reported that Samsung had confirmed a data breach involving a criminal group that appears to have made off with some 190GB of code involving the flagship Galaxy series of smartpho… [+11567 chars]','https://www.forbes.com/sites/daveywinder/2022/03/12/threat-intel-report-who-is-behind-staggering-190gb-samsung-galaxy-hack/','https://imageio.forbes.com/specials-images/imageserve/622b25b761a15839b66f32c7/0x0.jpg?format=jpg&crop=3403,1913,x0,y106,safe&fit=crop','2022-03-12T13:00:00Z');

insert into NEWS.NEWS_COMPANY(COMPANY, SOURCE_NAME, AUTHOR, TITLE, DESCRIPTION, CONTENT, URL, IMG_URL, PUBLISH_DATE) 

                    values('nvidia','Windows Central','Robert Carnevale','Give up on PC gaming (for now)','The admission line to enter PC gaming right now is too long for its own good.







The global semiconductor crisis has put PC gaming in a tough spot. Components, especially graphics cards, have seen exponential price hikes and shortages spanning entire years at…','Source: Matt Brown | Windows Central

The global semiconductor crisis has put PC gaming in a tough spot. Components, especially graphics cards, have seen exponential price hikes and shortages spannin… [+5165 chars]','https://www.windowscentral.com/give-pc-gaming-now-and-buy-xbox','https://www.windowscentral.com/sites/wpcentral.com/files/styles/large/public/field/image/2021/10/xbox-series-s-hero-side.jpg','2022-03-11T21:43:22Z');

insert into NEWS.NEWS_COMPANY(COMPANY, SOURCE_NAME, AUTHOR, TITLE, DESCRIPTION, CONTENT, URL, IMG_URL, PUBLISH_DATE) 

                    values('nvidia','Motley Fool','newsfeedback@fool.com (Keithen Drury)','3 Top Artificial Intelligence Stocks to Buy in March','Not just a buzzword, artificial intelligence is instrumental in the offerings of these companies.','Artificial intelligence (AI) is often used as a buzzword when companies are trying to sell their product. They often have some form of AI, but it really isn"t as much of a game-changer as it is hyped… [+5343 chars]','https://www.fool.com/investing/2022/03/12/3-top-artificial-intelligence-stocks-to-buy-in-mar/','https://g.foolcdn.com/editorial/images/669107/man-looking-at-an-ai-dashboard.jpg','2022-03-12T11:00:00Z');

insert into NEWS.NEWS_COMPANY(COMPANY, SOURCE_NAME, AUTHOR, TITLE, DESCRIPTION, CONTENT, URL, IMG_URL, PUBLISH_DATE) 

                    values('nvidia','Neowin','sen92sayan@gmail.com (Sayan Sen)','Nvidia next-gen Ada rumors run wild as RTX 4090 rumored to gobble 600W power all by itself','Nvidia"s next-gen RTX 4090, based on the Ada Lovelace architecture, is rumored to feature an insane 600W TGP according to recent reports, a massive jump up from what Nvidia currently has. Read more...','GeForce RTX 30 series

Power consumption rumors surrounding Nvidia"s next-gen Ada Lovelace GPU architecture - the one that"s going to succeed the current Ampere-based RTX 3000 series - have struck, a… [+1269 chars]','https://www.neowin.net/news/nvidia-next-gen-ada-rumors-run-wild-as-rtx-4090-rumored-to-gobble-600w-power-all-by-itself/','https://cdn.neow.in/news/images/uploaded/2020/10/1601931739_geforce-rtx-30-series_story.jpg','2022-03-12T13:34:01Z');

insert into NEWS.NEWS_COMPANY(COMPANY, SOURCE_NAME, AUTHOR, TITLE, DESCRIPTION, CONTENT, URL, IMG_URL, PUBLISH_DATE) 

                    values('nvidia','9to5google.com','Andrew Romero','Bandwidth: Immortals Fenyx Rising free to play for Prime members on Amazon Luna','While most other cloud gaming services like GeForce Now and Xbox Cloud Gaming are quiet this week, Amazon Luna isn’t taking a break after just launching in full. In fact, Luna is bringing Immortals Fenyx Rising to Amazon Prime members for free, for a limited …','While most other cloud gaming services like GeForce Now and Xbox Cloud Gaming are quiet this week, Amazon Luna isn’t taking a break after just launching in full. In fact, Luna is bringing Immortals F… [+2681 chars]','https://9to5google.com/2022/03/11/bandwidth-immortals-fenyx-rising-free-to-play-for-prime-members-on-amazon-luna/','https://i0.wp.com/9to5google.com/wp-content/uploads/sites/4/2022/03/bandwidth-fenyx-immortals.jpg?resize=1200%2C628&quality=82&strip=all&ssl=1','2022-03-11T21:05:00Z');

insert into NEWS.NEWS_COMPANY(COMPANY, SOURCE_NAME, AUTHOR, TITLE, DESCRIPTION, CONTENT, URL, IMG_URL, PUBLISH_DATE) 

                    values('nvidia','MSPoweruser','Sharron Bennet','Deal Alert: Samsung 85″ Class QN85A Neo QLED 4K Smart TV','Samsung is one of the most trusted brands when it comes to televisions. The brand offers incredible features that set its TV models apart from others. One of them is the Samsung QN85A, an 85-inch QLED 4K UHD Smart TV that comes with a big surprise: a $500 dis…','Finding the perfect television can be challenging as high specs mean a seriously eye-watering price tag. This is why all of us wait for Black Friday or scour stores to get the best deals for...

Blue… [+2248 chars]','https://mspoweruser.com/deal-alert-samsung-85-class-qn85a-neo-qled-4k-smart-tv/','https://mspoweruser.com/wp-content/uploads/2022/03/tv3-1020x900.jpg','2022-03-11T20:07:05Z');

insert into NEWS.NEWS_COMPANY(COMPANY, SOURCE_NAME, AUTHOR, TITLE, DESCRIPTION, CONTENT, URL, IMG_URL, PUBLISH_DATE) 

                    values('nvidia','Windows Central','Jez Corden','If Microsoft wants Clipchamp to be less than a joke, reduce those prices','Microsoft gets greedy.



Remember the good old days when if you wanted to edit a string of clips together for a fun social video, you just pulled up the free and simple Windows Movie Maker and you were good to go? There"s a reason that, even now, people seek o…','Source: Windows Central

Remember the good old days when if you wanted to edit a string of clips together for a fun social video, you just pulled up the free and simple Windows Movie Maker and you we… [+5228 chars]','https://www.windowscentral.com/microsofts-clipchamp-video-editing-tools-are-underbaked','https://www.windowscentral.com/sites/wpcentral.com/files/styles/large/public/field/image/2021/09/clipchamp-interface.jpg','2022-03-11T18:00:02Z');

insert into NEWS.NEWS_COMPANY(COMPANY, SOURCE_NAME, AUTHOR, TITLE, DESCRIPTION, CONTENT, URL, IMG_URL, PUBLISH_DATE) 

                    values('nvidia','Kdnuggets.com','KDnuggets','Cloud-Native Super Computing','NVIDIA BlueField DPUs provide on-demand, simple and secure high-performance computing and AI services.','By David Slama, Senior Director of Marketing for Networking at NVIDIA and Scot Schultz, Sr. Director HPC &amp; Technical Computing at NVIDIA

High-performance computing (HPC) and AI have driven super… [+3773 chars]','https://www.kdnuggets.com/2022/03/nvidia-cloud-native-super-computing.html','https://www.kdnuggets.com/wp-content/uploads/nvidia-220311-1.png','2022-03-11T17:54:21Z');

insert into NEWS.NEWS_COMPANY(COMPANY, SOURCE_NAME, AUTHOR, TITLE, DESCRIPTION, CONTENT, URL, IMG_URL, PUBLISH_DATE) 

                    values('nvidia','Creative Bloq','Steve Jarratt, Ian Dean','Lenovo has the workstation to power your imagination','Think creativity without compromise with Lenovo ThinkStation.','The media and entertainment industry is in a constant state of evolution, as producers strive for better, higher fidelity content, driven by advancements in both production and delivery. Lenovo is at… [+2770 chars]','https://www.creativebloq.com/news/lenovo-workstations','https://cdn.mos.cms.futurecdn.net/qPBBBrxRHJNoweahVBPLhY-1200-80.jpg','2022-03-11T15:45:35Z');

insert into NEWS.NEWS_COMPANY(COMPANY, SOURCE_NAME, AUTHOR, TITLE, DESCRIPTION, CONTENT, URL, IMG_URL, PUBLISH_DATE) 

                    values('nvidia','Eurogamer.net','Mark Harrison','Save a huge 40 percent on a 240Hz monitor from Lenovo','Gaming at 60Hz just won"t cut it if you"re playing a fast-paced multiplayer game nowadays, and upgrading to 120 or 144Hz is always worth it. Upgrading even further to 240Hz is even better, but can be quite expensive.If you do want to get a 240Hz monitor witho…','Gaming at 60Hz just won"t cut it if you"re playing a fast-paced multiplayer game nowadays, and upgrading to 120 or 144Hz is always worth it. Upgrading even further to 240Hz is even better, but can be… [+1248 chars]','https://www.eurogamer.net/articles/2022-03-10-save-a-huge-40-percent-on-a-240hz-monitor-from-lenovo','https://images.gnwcdn.com/2022/articles/2022-03-10-12-47/lenovo_monitor_header.jpg/EG11/resize/1200x-1/lenovo_monitor_header.jpg','2022-03-11T14:50:00Z');

insert into NEWS.NEWS_COMPANY(COMPANY, SOURCE_NAME, AUTHOR, TITLE, DESCRIPTION, CONTENT, URL, IMG_URL, PUBLISH_DATE) 

                    values('nvidia','Forbes','Trefis Team, Contributor, 

 Trefis Team, Contributor

 https://www.forbes.com/sites/greatspeculations/people/trefis/','These Reasonably Valued Stocks Are A Solid Play On The Cloud And 5G','Our theme of Internet Infrastructure stocks, which includes companies that supply hardware and software that underpins the Internet, including processors, memory, fiber-optic cables, and switches, has declined by roughly 17% year-to-date. The decline is in li…','UKRAINE - 2021/03/17: In this photo illustration a Juniper Networks logo is seen on a smartphone and ... [+] a pc screen. (Photo Illustration by Pavlo Gonchar/SOPA Images/LightRocket via Getty Images… [+2436 chars]','https://www.forbes.com/sites/greatspeculations/2022/03/11/these-reasonably-valued-stocks-are-a-solid-play-on-the-cloud-and-5g/','https://imageio.forbes.com/specials-images/imageserve/60a750b0e74f69d9ed355dc3/0x0.jpg?format=jpg&width=1200&fit=bounds','2022-03-11T15:00:09Z');
, parameters: None
[2022-03-21 10:14:06,193] {dbapi.py:186} INFO - Rows affected: 1
[2022-03-21 10:14:06,203] {python.py:118} INFO - Done. Returned value was: None
[2022-03-21 10:14:06,241] {taskinstance.py:1166} INFO - Marking task as SUCCESS. dag_id=fetch_news, task_id=write_to_postgres, execution_date=20220311T000000, start_date=20220321T101405, end_date=20220321T101406
[2022-03-21 10:14:06,346] {taskinstance.py:1220} INFO - 0 downstream tasks scheduled from follow-on schedule check
[2022-03-21 10:14:06,378] {local_task_job.py:146} INFO - Task exited with return code 0
