[2022-03-20 20:52:37,635] {taskinstance.py:851} INFO - Dependencies all met for <TaskInstance: fetch_news.prepare_insert 2022-03-03T00:00:00+00:00 [queued]>
[2022-03-20 20:52:37,737] {taskinstance.py:851} INFO - Dependencies all met for <TaskInstance: fetch_news.prepare_insert 2022-03-03T00:00:00+00:00 [queued]>
[2022-03-20 20:52:37,738] {taskinstance.py:1042} INFO - 
--------------------------------------------------------------------------------
[2022-03-20 20:52:37,738] {taskinstance.py:1043} INFO - Starting attempt 2 of 2
[2022-03-20 20:52:37,739] {taskinstance.py:1044} INFO - 
--------------------------------------------------------------------------------
[2022-03-20 20:52:37,809] {taskinstance.py:1063} INFO - Executing <Task(PythonOperator): prepare_insert> on 2022-03-03T00:00:00+00:00
[2022-03-20 20:52:37,866] {standard_task_runner.py:76} INFO - Running: ['airflow', 'tasks', 'run', 'fetch_news', 'prepare_insert', '2022-03-03T00:00:00+00:00', '--job-id', '226', '--pool', 'default_pool', '--raw', '--subdir', 'DAGS_FOLDER/fetch_news.py', '--cfg-path', '/tmp/tmphsztpd_j', '--error-file', '/tmp/tmpfdzpfe9o']
[2022-03-20 20:52:37,897] {standard_task_runner.py:77} INFO - Job 226: Subtask prepare_insert
[2022-03-20 20:52:37,815] {standard_task_runner.py:52} INFO - Started process 398 to run task
[2022-03-20 20:52:38,447] {logging_mixin.py:104} INFO - Running <TaskInstance: fetch_news.prepare_insert 2022-03-03T00:00:00+00:00 [running]> on host e39215f0be5b
[2022-03-20 20:52:38,878] {taskinstance.py:1257} INFO - Exporting the following env vars:
AIRFLOW_CTX_DAG_OWNER=airflow
AIRFLOW_CTX_DAG_ID=fetch_news
AIRFLOW_CTX_TASK_ID=prepare_insert
AIRFLOW_CTX_EXECUTION_DATE=2022-03-03T00:00:00+00:00
AIRFLOW_CTX_DAG_RUN_ID=scheduled__2022-03-03T00:00:00+00:00
[2022-03-20 20:52:38,916] {python.py:118} INFO - Done. Returned value was: None
[2022-03-20 20:52:39,130] {taskinstance.py:1166} INFO - Marking task as SUCCESS. dag_id=fetch_news, task_id=prepare_insert, execution_date=20220303T000000, start_date=20220320T205237, end_date=20220320T205239
[2022-03-20 20:52:39,365] {taskinstance.py:1220} INFO - 0 downstream tasks scheduled from follow-on schedule check
[2022-03-20 20:52:39,502] {local_task_job.py:146} INFO - Task exited with return code 0
