[2022-03-21 10:13:58,921] {taskinstance.py:851} INFO - Dependencies all met for <TaskInstance: fetch_news.prepare_insert 2022-03-03T00:00:00+00:00 [queued]>
[2022-03-21 10:13:59,027] {taskinstance.py:851} INFO - Dependencies all met for <TaskInstance: fetch_news.prepare_insert 2022-03-03T00:00:00+00:00 [queued]>
[2022-03-21 10:13:59,029] {taskinstance.py:1042} INFO - 
--------------------------------------------------------------------------------
[2022-03-21 10:13:59,047] {taskinstance.py:1043} INFO - Starting attempt 7 of 7
[2022-03-21 10:13:59,071] {taskinstance.py:1044} INFO - 
--------------------------------------------------------------------------------
[2022-03-21 10:13:59,144] {taskinstance.py:1063} INFO - Executing <Task(PythonOperator): prepare_insert> on 2022-03-03T00:00:00+00:00
[2022-03-21 10:13:59,218] {standard_task_runner.py:76} INFO - Running: ['airflow', 'tasks', 'run', 'fetch_news', 'prepare_insert', '2022-03-03T00:00:00+00:00', '--job-id', '555', '--pool', 'default_pool', '--raw', '--subdir', 'DAGS_FOLDER/fetch_news.py', '--cfg-path', '/tmp/tmpyr1vlnkn', '--error-file', '/tmp/tmpf7y1jrm7']
[2022-03-21 10:13:59,219] {standard_task_runner.py:77} INFO - Job 555: Subtask prepare_insert
[2022-03-21 10:13:59,161] {standard_task_runner.py:52} INFO - Started process 1314 to run task
[2022-03-21 10:13:59,341] {logging_mixin.py:104} INFO - Running <TaskInstance: fetch_news.prepare_insert 2022-03-03T00:00:00+00:00 [running]> on host e39215f0be5b
[2022-03-21 10:13:59,934] {taskinstance.py:1257} INFO - Exporting the following env vars:
AIRFLOW_CTX_DAG_OWNER=airflow
AIRFLOW_CTX_DAG_ID=fetch_news
AIRFLOW_CTX_TASK_ID=prepare_insert
AIRFLOW_CTX_EXECUTION_DATE=2022-03-03T00:00:00+00:00
AIRFLOW_CTX_DAG_RUN_ID=scheduled__2022-03-03T00:00:00+00:00
[2022-03-21 10:13:59,953] {logging_mixin.py:104} INFO - /tmp/news_nvidia_2022-03-03_2022-03-04.sql
[2022-03-21 10:13:59,954] {logging_mixin.py:104} INFO - insert into NEWS.NEWS_COMPANY(COMPANY, SOURCE_NAME, AUTHOR, TITLE, DESCRIPTION, CONTENT, URL, IMG_URL, PUBLISH_DATE) 
                    values('nvidia','Hackaday','Jonathan Bennett','This Week in Security: Ukraine, Nvidia, and Conti','The geopolitics surrounding the invasion of Ukraine are outside the scope of this column, but the cybersecurity ramifications are certainly fitting fodder. The challenge here is that almost everything of …read more','The geopolitics surrounding the invasion of Ukraine are outside the scope of this column, but the cybersecurity ramifications are certainly fitting fodder. The challenge here is that almost everythin… [+8492 chars]','https://hackaday.com/2022/03/04/this-week-in-security-ukraine-nvidia-and-conti/','https://hackaday.com/wp-content/uploads/2016/01/darkarts.jpg','2022-03-04T15:00:09Z');
insert into NEWS.NEWS_COMPANY(COMPANY, SOURCE_NAME, AUTHOR, TITLE, DESCRIPTION, CONTENT, URL, IMG_URL, PUBLISH_DATE) 
                    values('nvidia','Slashdot.org','msmash','Cybercriminals Who Breached Nvidia Issue One of the Most Unusual Demands Ever','shanen shares a report: Data extortionists who stole up to 1 terabyte of data from Nvidia have delivered one of the most unusual ultimatums ever in the annals of cybercrime: allow Nvidia"s graphics cards to mine cryptocurrencies faster or face the imminent re…','The Fine Print: The following comments are owned by whoever posted them. We are not responsible for them in any way.','https://tech.slashdot.org/story/22/03/04/191244/cybercriminals-who-breached-nvidia-issue-one-of-the-most-unusual-demands-ever','https://a.fsdn.com/sd/topics/security_64.png','2022-03-04T20:02:00Z');
insert into NEWS.NEWS_COMPANY(COMPANY, SOURCE_NAME, AUTHOR, TITLE, DESCRIPTION, CONTENT, URL, IMG_URL, PUBLISH_DATE) 
                    values('nvidia','Gizmodo.com','Asha Barbaschow','Lenovo Unveils New Range of Portable Machines for More Casual Gamers','Lenovo has released a new range of laptops it says are perfect for “younger” or “new” gamers entering the world of gaming – they also wouldn’t be terrible portable machines for more casual play, with a max weight of 2.5 kgs.Read more...','Lenovo has released a new range of laptops it says are perfect for younger or new gamers entering the world of gaming they also wouldnt be terrible portable machines for more casual play, with a max … [+4151 chars]','https://gizmodo.com/lenovo-unveils-new-range-of-portable-machines-for-more-1848613999','https://i.kinja-img.com/gawker-media/image/upload/c_fill,f_auto,fl_progressive,g_center,h_675,pg_1,q_80,w_1200/968c6c69b277b486f745478c3bb4e847.png','2022-03-04T21:17:00Z');
insert into NEWS.NEWS_COMPANY(COMPANY, SOURCE_NAME, AUTHOR, TITLE, DESCRIPTION, CONTENT, URL, IMG_URL, PUBLISH_DATE) 
                    values('nvidia','Digital Trends','Zak Islam','Hackers try to cash in on crypto mining tool for Nvidia GPUs','The hackers who orchestrated the Nvidia cyber breach are now attempting to sell a tool that removes all crypto mining limitations for its GPUs for a hefty fee.','Contained within the data that was stolen from the Nvidia hack is reportedly the algorithm behind the companys crypto mining limiter for its GPUs. The hackers who orchestrated the cyber breach itself… [+5265 chars]','https://www.digitaltrends.com/computing/hackers-try-to-cash-in-on-crypto-mining-tool-for-nvidia-gpus/','https://icdn.digitaltrends.com/image/digitaltrends/cryptocurrency-mining-rig.jpg','2022-03-03T14:27:53Z');
insert into NEWS.NEWS_COMPANY(COMPANY, SOURCE_NAME, AUTHOR, TITLE, DESCRIPTION, CONTENT, URL, IMG_URL, PUBLISH_DATE) 
                    values('nvidia','Rock Paper Shotgun','James Archer','Nvidia GeForce RTX 3050 review: DLSS for less','The Nvidia GeForce RTX 3050 might be the first GPU to benefit, in a roundabout way, from the bonkers price gouging that’s been spoiling the fun of graphics cards for nearly two years. In normal times, it wouldn’t make much sense to buy this £239 / $249 GPU – …','The Nvidia GeForce RTX 3050 might be the first GPU to benefit, in a roundabout way, from the bonkers price gouging that’s been spoiling the fun of graphics cards for nearly two years. In normal times… [+9515 chars]','https://www.rockpapershotgun.com/nvidia-geforce-rtx-3050-review','https://assets2.rockpapershotgun.com/msi-geforce-rtx-3060-gaming-x-trio.jpg/BROK/thumbnail/1600x900/format/jpg/quality/80/msi-geforce-rtx-3060-gaming-x-trio.jpg','2022-03-04T14:44:11Z');
insert into NEWS.NEWS_COMPANY(COMPANY, SOURCE_NAME, AUTHOR, TITLE, DESCRIPTION, CONTENT, URL, IMG_URL, PUBLISH_DATE) 
                    values('nvidia','The Verge','Monica Chin','Dell XPS 15 review: too hot to handle','Loud, hot, but OLED it’s got.','If you buy something from a Verge link, Vox Media may earn a commission. See our ethics statement.The XPS 15 is still loud, still hot, and still good. 
It is not as powerful, and it is not as effici… [+9643 chars]','https://www.theverge.com/22958468/dell-xps-15-2021-oled-review','https://cdn.vox-cdn.com/thumbor/r3qNRsTMkY07qy0qXtA4wS2SRfA=/0x242:2040x1310/fit-in/1200x630/cdn.vox-cdn.com/uploads/chorus_asset/file/22964107/akrales_211015_4758_0067.jpg','2022-03-03T13:00:00Z');
insert into NEWS.NEWS_COMPANY(COMPANY, SOURCE_NAME, AUTHOR, TITLE, DESCRIPTION, CONTENT, URL, IMG_URL, PUBLISH_DATE) 
                    values('nvidia','Theregister.com','Agam Shah','Nvidia, Apple noticeably absent from Intel-led chiplet interconnect collaboration','Party invitation lost – or snubbed?
Nvidia"s absence from an Intel-led effort among industry players to develop next-gen chips with a more vibrant mix of cores is raising questions about the GPU maker"s chiplet strategy, particularly regarding the integration…','Nvidia"s absence from an Intel-led effort among industry players to develop next-gen chips with a more vibrant mix of cores is raising questions about the GPU maker"s chiplet strategy, particularly r… [+5641 chars]','https://www.theregister.com/2022/03/03/nvidia_apple_ucie/','https://regmedia.co.uk/2020/05/04/shutterstock_nvidia.jpg','2022-03-03T03:34:30Z');
insert into NEWS.NEWS_COMPANY(COMPANY, SOURCE_NAME, AUTHOR, TITLE, DESCRIPTION, CONTENT, URL, IMG_URL, PUBLISH_DATE) 
                    values('nvidia','Digital Trends','Jacob Roach','Even with lower prices, you shouldn’t buy a GPU right now','Graphics card prices are dropping more than they have in over a year. But right now is the worst possible time to upgrade your GPU.','In February, graphics card prices dropped by an average of 11%. It’s a significant positive movement in the midst of GPU shortage, which has locked PC builders out of buying a graphics card for more … [+3613 chars]','https://www.digitaltrends.com/computing/dont-buy-a-gpu-right-now-even-with-lower-prices/','https://icdn.digitaltrends.com/image/digitaltrends/nvidia-rtx-3050-review-2.jpg','2022-03-03T14:00:40Z');
insert into NEWS.NEWS_COMPANY(COMPANY, SOURCE_NAME, AUTHOR, TITLE, DESCRIPTION, CONTENT, URL, IMG_URL, PUBLISH_DATE) 
                    values('nvidia','MakeUseOf','Tashreef Shareef','How to Fix Mouse Lag in Windows 11 and 10','If your mouse isn"t as fast as you are, here are some ways to speed it back up.','Sometimes, you may notice that your mouse pointer will lag. This is irrespective of whether you have an external USB or wireless mouse connected to your Windows PC. While the reasons for mouse lag ca… [+7212 chars]','https://www.makeuseof.com/windows-11-mouse-lag/','https://static1.makeuseofimages.com/wordpress/wp-content/uploads/2022/02/fix-mouse-lag-windows-11.jpg','2022-03-04T16:15:14Z');
insert into NEWS.NEWS_COMPANY(COMPANY, SOURCE_NAME, AUTHOR, TITLE, DESCRIPTION, CONTENT, URL, IMG_URL, PUBLISH_DATE) 
                    values('nvidia','Android Central','Nicholas Sutrich','Qualcomm and ByteDance prove time is TikToking away for the Oculus Quest','Qualcomm and ByteDance have partnered up to bring future AR and VR headsets to your home, and that spells trouble for Meta.','Ever since the Meta Quest 2 launched, it"s been difficult to see how any company could catch up to Meta. With millions of units sold and the vast majority of the VR market in its hands, Meta has gone… [+8111 chars]','https://www.androidcentral.com/qualcomm-bytedance-xr-partnership','https://cdn.mos.cms.futurecdn.net/woaudW3JLrRS4Gga5PCLfW-1200-80.jpg','2022-03-03T14:10:34Z');
insert into NEWS.NEWS_COMPANY(COMPANY, SOURCE_NAME, AUTHOR, TITLE, DESCRIPTION, CONTENT, URL, IMG_URL, PUBLISH_DATE) 
                    values('nvidia','Internet','noreply@blogger.com (Ravie Lakshmanan)','Hackers Who Broke Into NVIDIA"s Network Leak DLSS Source Code Online','American chipmaking company NVIDIA on Tuesday confirmed that its network was breached as a result of a cyber attack, enabling the perpetrators to gain access to sensitive data.
"We have no evidence of ransomware being deployed on the NVIDIA environment or tha…','American chipmaking company NVIDIA on Tuesday confirmed that its network was breached as a result of a cyber attack, enabling the perpetrators to gain access to sensitive data, including source code … [+2242 chars]','https://thehackernews.com/2022/03/hackers-who-broke-into-nvidias-network.html','https://thehackernews.com/new-images/img/a/AVvXsEhLf4aBaBvkswdyUatLjn-KStKVLEw_C0c2PHPXpRymf2KJ_COdfwp_mi-Fp6EVoJns-1gkxgaIvhSGkK2JlfWErk3pGeS95GcCkgIOhAlO6T3bDomxCzrRfbyeiUdljBxB7wizm7fLgxosSffGdPGp-A4xq_NCc9J2Co4t6eyJMWVRZbL7KxiUkJNU=s728-e1000','2022-03-03T10:17:14Z');
insert into NEWS.NEWS_COMPANY(COMPANY, SOURCE_NAME, AUTHOR, TITLE, DESCRIPTION, CONTENT, URL, IMG_URL, PUBLISH_DATE) 
                    values('nvidia','Techmeme.com',null,'Have I Been Pwned: hackers stole 71,000 Nvidia staff credentials, including email IDs and Windows password hashes, many of which were "cracked and circulated" (Carly Page/TechCrunch)','Carly Page / TechCrunch:
Have I Been Pwned: hackers stole 71,000 Nvidia staff credentials, including email IDs and Windows password hashes, many of which were “cracked and circulated”  —  The ransomware group that claims to have taken a terabyte of data from …','CB Insights Newsletter
724,948 subscribers get our free newsletter to stay a step ahead on technology trends, venture capital, startups, and the industries of tomorrow.','https://www.techmeme.com/220304/p27','https://techcrunch.com/wp-content/uploads/2022/03/GettyImages-1272953815-nvidia.jpg?w=599','2022-03-04T21:15:01Z');
insert into NEWS.NEWS_COMPANY(COMPANY, SOURCE_NAME, AUTHOR, TITLE, DESCRIPTION, CONTENT, URL, IMG_URL, PUBLISH_DATE) 
                    values('nvidia','Windows Central','John Levite','Save $300 on this ASUS ROG Zephyrus laptop with an RTX 3080 graphics card','Best Buy has a new set of deals of the day every day, but there"s always one that rises above the rest. Today, that deal is the ASUS ROG Zephyrus gaming laptop on sale for just $1,899.99 at the top of the Best Buy DOTD page. That"s a $300 drop off the laptop"…','Best Buy has a new set of deals of the day every day, but there"s always one that rises above the rest. Today, that deal is the ASUS ROG Zephyrus gaming laptop on sale for just $1,899.99 at the top o… [+1628 chars]','https://www.windowscentral.com/save-300-asus-rog-zephyrus-laptop-rtx-3080-graphics-card','https://www.windowscentral.com/sites/wpcentral.com/files/styles/large/public/field/image/2022/03/zephyrus-gaming-laptop.jpg','2022-03-03T14:20:02Z');
insert into NEWS.NEWS_COMPANY(COMPANY, SOURCE_NAME, AUTHOR, TITLE, DESCRIPTION, CONTENT, URL, IMG_URL, PUBLISH_DATE) 
                    values('nvidia','Windows Central','John Levite','Save hundreds on Alienware"s Aurora R10 prebuilt desktop with RTX graphics','Head on over to Dell"s online store to find a new set of deals including some great gaming options like this Alienware Aurora Ryzen Edition R10 prebuilt desktop on sale for $2,199.99. That"s a huge price drop from Dell"s regular price on this PC, which is aro…','Head on over to Dell"s online store to find a new set of deals including some great gaming options like this Alienware Aurora Ryzen Edition R10 prebuilt desktop on sale for $2,199.99. That"s a huge p… [+1501 chars]','https://www.windowscentral.com/save-hundreds-alienware-aurora-r10-prebuilt-desktop-rtx-graphics','https://www.windowscentral.com/sites/wpcentral.com/files/styles/large/public/field/image/2022/03/alienware-aurora-r10-white-desk.jpg','2022-03-03T18:20:01Z');
insert into NEWS.NEWS_COMPANY(COMPANY, SOURCE_NAME, AUTHOR, TITLE, DESCRIPTION, CONTENT, URL, IMG_URL, PUBLISH_DATE) 
                    values('nvidia','TechCrunch','Carly Page','Thousands of Nvidia employee passwords leak online as hackers" ransom deadline looms','The ransomware group that claims to have taken a terabyte of data from chipmaking giant Nvidia is threatening to release the company’s “most closely-guarded ...','The ransomware group that claims to have taken a terabyte of data from chipmaking giant Nvidia is threatening to release the companys most closely-guarded secrets today unless it meets the gang"s inc… [+2229 chars]','https://techcrunch.com/2022/03/04/nvidia-ransomware-hackers-demands/','https://s.yimg.com/ny/api/res/1.2/cRw2u_7K2cXJAhE_FGd4Aw--/YXBwaWQ9aGlnaGxhbmRlcjt3PTEyMDA7aD04MDE-/https://s.yimg.com/uu/api/res/1.2/_87t2vH0c8XCyx3QD6g7_Q--~B/aD0xMzM1O3c9MjAwMDthcHBpZD15dGFjaHlvbg--/https://media.zenfs.com/en/techcrunch_350/80312dcff7581070b081fb3a0b3b7c01','2022-03-04T15:09:43Z');
insert into NEWS.NEWS_COMPANY(COMPANY, SOURCE_NAME, AUTHOR, TITLE, DESCRIPTION, CONTENT, URL, IMG_URL, PUBLISH_DATE) 
                    values('nvidia','Motley Fool','newsfeedback@fool.com (Rich Smith)','Why Are Nvidia, Micron, and AMD Stocks Falling?','Sometimes, Mr. Market just decides to go out for a random walk.','What happened
Semiconductor stocks tumbled in afternoon trading Thursday. As of 3:10 p.m. ET, Nvidia( NVDA -2.09% ) shares have lost 2.6% of their value, Micron Technology( MU -4.42% ) is down 4.5%,… [+1907 chars]','https://www.fool.com/investing/2022/03/03/why-are-nvidia-micron-and-amd-stocks-falling/','https://g.foolcdn.com/editorial/images/668987/3-red-arrows-going-down-and-crashing-into-and-cracking-the-floor.jpg','2022-03-03T21:06:31Z');
insert into NEWS.NEWS_COMPANY(COMPANY, SOURCE_NAME, AUTHOR, TITLE, DESCRIPTION, CONTENT, URL, IMG_URL, PUBLISH_DATE) 
                    values('nvidia','Motley Fool','newsfeedback@fool.com (Keithen Drury)','Why Now Could Be the Best Time to Buy Nvidia in Over a Year','The stock has had a rough few months. Investors should get in before it rebounds.','Nvidia ( NVDA 3.18% ) has been one of the hottest stocks on Wall Street over the past few years. Before the recent sell-off, it was up over 1,200% over the last five years and nearly 750% over the pa… [+5252 chars]','https://www.fool.com/investing/2022/03/03/why-today-could-be-the-best-time-to-buy-nvidias-st/','https://g.foolcdn.com/editorial/images/667341/man-overlooking-a-datacenter.jpg','2022-03-03T13:45:00Z');
insert into NEWS.NEWS_COMPANY(COMPANY, SOURCE_NAME, AUTHOR, TITLE, DESCRIPTION, CONTENT, URL, IMG_URL, PUBLISH_DATE) 
                    values('nvidia','Motley Fool','newsfeedback@fool.com (James Brumley)','Why Nvidia Lost More of Its Value Than the Broad Market Did on Friday','A hacker group"s deadline appears to have come and gone without any response from the company, although it doesn"t necessarily matter.','What happened
Shares of Nvidia(NASDAQ:NVDA) ended Friday"s session down to the tune of 3.3%, outpacing the overall market"s setback of around 1%. While much of the stock"s weakness can be chalked up… [+1931 chars]','https://www.fool.com/investing/2022/03/04/why-nvidia-lost-more-of-its-value-than-the-broad-m/','https://g.foolcdn.com/editorial/images/669195/falling-chart-on-chalk-board.jpg','2022-03-04T21:48:43Z');
insert into NEWS.NEWS_COMPANY(COMPANY, SOURCE_NAME, AUTHOR, TITLE, DESCRIPTION, CONTENT, URL, IMG_URL, PUBLISH_DATE) 
                    values('nvidia','The Indian Express','Tech Desk','Potential Switch Pro hardware details included in Nvidia leak','A data miner on Twitter has spotted a piece of code titled "nvn2," which they believe is the graphics API for the Switch Pro.','A huge cyberattack on Nvidia over the weekend has caused fans on social media to believe that the Nintendo Switch Pro is on its way. The takeaway here is that the renowned GPU manufacturer might be w… [+1655 chars]','https://indianexpress.com/article/technology/gaming/potential-switch-pro-hardware-details-included-in-nvidia-leak-7799129/','https://images.indianexpress.com/2022/03/switch-pro-nvidia-leak-featured.jpg','2022-03-03T09:26:50Z');
insert into NEWS.NEWS_COMPANY(COMPANY, SOURCE_NAME, AUTHOR, TITLE, DESCRIPTION, CONTENT, URL, IMG_URL, PUBLISH_DATE) 
                    values('nvidia','TechRadar','Sead Fadilpašić','Hackers demanding million-dollar prize for leaked Nvidia GPU mining bypass','Hackers from LAPSUS$ claim to have a tool that unlocks 100% of Nvidia GPU hash power.','The hackers behind the Nvidia cyberattack have slapped a $1million price tag on an alleged cryptomining limiter tool.
Among the terabyte of sensitive data stolen from the computing giant by LAPSUS$ … [+1860 chars]','https://www.techradar.com/news/hackers-demanding-million-dollar-prize-for-leaked-nvidia-gpu-mining-bypass','https://cdn.mos.cms.futurecdn.net/nibWJ34HXW3vozPzWbFxcX-1200-80.jpg','2022-03-03T16:18:35Z');
[2022-03-21 10:13:59,964] {logging_mixin.py:104} INFO - 
[2022-03-21 10:13:59,965] {python.py:118} INFO - Done. Returned value was: None
[2022-03-21 10:14:00,041] {taskinstance.py:1166} INFO - Marking task as SUCCESS. dag_id=fetch_news, task_id=prepare_insert, execution_date=20220303T000000, start_date=20220321T101358, end_date=20220321T101400
[2022-03-21 10:14:00,236] {taskinstance.py:1220} INFO - 1 downstream tasks scheduled from follow-on schedule check
[2022-03-21 10:14:00,285] {local_task_job.py:146} INFO - Task exited with return code 0
