[2022-03-21 16:48:09,573] {taskinstance.py:851} INFO - Dependencies all met for <TaskInstance: fetch_news.prepare_insert 2022-03-03T00:00:00+00:00 [queued]>
[2022-03-21 16:48:09,733] {taskinstance.py:851} INFO - Dependencies all met for <TaskInstance: fetch_news.prepare_insert 2022-03-03T00:00:00+00:00 [queued]>
[2022-03-21 16:48:09,733] {taskinstance.py:1042} INFO - 
--------------------------------------------------------------------------------
[2022-03-21 16:48:09,733] {taskinstance.py:1043} INFO - Starting attempt 8 of 8
[2022-03-21 16:48:09,733] {taskinstance.py:1044} INFO - 
--------------------------------------------------------------------------------
[2022-03-21 16:48:09,859] {taskinstance.py:1063} INFO - Executing <Task(PythonOperator): prepare_insert> on 2022-03-03T00:00:00+00:00
[2022-03-21 16:48:09,930] {standard_task_runner.py:52} INFO - Started process 315 to run task
[2022-03-21 16:48:09,947] {standard_task_runner.py:76} INFO - Running: ['airflow', 'tasks', 'run', 'fetch_news', 'prepare_insert', '2022-03-03T00:00:00+00:00', '--job-id', '737', '--pool', 'default_pool', '--raw', '--subdir', 'DAGS_FOLDER/fetch_news.py', '--cfg-path', '/tmp/tmp86z5onk1', '--error-file', '/tmp/tmph9ctq1r9']
[2022-03-21 16:48:09,947] {standard_task_runner.py:77} INFO - Job 737: Subtask prepare_insert
[2022-03-21 16:48:10,258] {logging_mixin.py:104} INFO - Running <TaskInstance: fetch_news.prepare_insert 2022-03-03T00:00:00+00:00 [running]> on host dd6a275532f2
[2022-03-21 16:48:10,527] {taskinstance.py:1257} INFO - Exporting the following env vars:
AIRFLOW_CTX_DAG_OWNER=airflow
AIRFLOW_CTX_DAG_ID=fetch_news
AIRFLOW_CTX_TASK_ID=prepare_insert
AIRFLOW_CTX_EXECUTION_DATE=2022-03-03T00:00:00+00:00
AIRFLOW_CTX_DAG_RUN_ID=scheduled__2022-03-03T00:00:00+00:00
[2022-03-21 16:48:10,529] {logging_mixin.py:104} INFO - /tmp/news_nvidia_2022-03-03_2022-03-04.sql
[2022-03-21 16:48:10,529] {logging_mixin.py:104} INFO - delete from NEWS.NEWS_COMPANY where cast('2022-03-03' as DATE) = cast(PUBLISH_DATE as DATE);
insert into NEWS.NEWS_COMPANY(COMPANY, SOURCE_NAME, AUTHOR, TITLE, DESCRIPTION, CONTENT, URL, IMG_URL, PUBLISH_DATE) 
                    values('nvidia','Digital Trends','Zak Islam','Hackers try to cash in on crypto mining tool for Nvidia GPUs','The hackers who orchestrated the Nvidia cyber breach are now attempting to sell a tool that removes all crypto mining limitations for its GPUs for a hefty fee.','Contained within the data that was stolen from the Nvidia hack is reportedly the algorithm behind the companys crypto mining limiter for its GPUs. The hackers who orchestrated the cyber breach itself… [+5265 chars]','https://www.digitaltrends.com/computing/hackers-try-to-cash-in-on-crypto-mining-tool-for-nvidia-gpus/','https://icdn.digitaltrends.com/image/digitaltrends/cryptocurrency-mining-rig.jpg',cast('2022-03-03T14:27:53Z' as TIMESTAMP));
insert into NEWS.NEWS_COMPANY(COMPANY, SOURCE_NAME, AUTHOR, TITLE, DESCRIPTION, CONTENT, URL, IMG_URL, PUBLISH_DATE) 
                    values('nvidia','The Verge','Monica Chin','Dell XPS 15 review: too hot to handle','Loud, hot, but OLED it’s got.','If you buy something from a Verge link, Vox Media may earn a commission. See our ethics statement.The XPS 15 is still loud, still hot, and still good. 
It is not as powerful, and it is not as effici… [+9643 chars]','https://www.theverge.com/22958468/dell-xps-15-2021-oled-review','https://cdn.vox-cdn.com/thumbor/r3qNRsTMkY07qy0qXtA4wS2SRfA=/0x242:2040x1310/fit-in/1200x630/cdn.vox-cdn.com/uploads/chorus_asset/file/22964107/akrales_211015_4758_0067.jpg',cast('2022-03-03T13:00:00Z' as TIMESTAMP));
insert into NEWS.NEWS_COMPANY(COMPANY, SOURCE_NAME, AUTHOR, TITLE, DESCRIPTION, CONTENT, URL, IMG_URL, PUBLISH_DATE) 
                    values('nvidia','Theregister.com','Agam Shah','Nvidia, Apple noticeably absent from Intel-led chiplet interconnect collaboration','Party invitation lost – or snubbed?
Nvidia"s absence from an Intel-led effort among industry players to develop next-gen chips with a more vibrant mix of cores is raising questions about the GPU maker"s chiplet strategy, particularly regarding the integration…','Nvidia"s absence from an Intel-led effort among industry players to develop next-gen chips with a more vibrant mix of cores is raising questions about the GPU maker"s chiplet strategy, particularly r… [+5641 chars]','https://www.theregister.com/2022/03/03/nvidia_apple_ucie/','https://regmedia.co.uk/2020/05/04/shutterstock_nvidia.jpg',cast('2022-03-03T03:34:30Z' as TIMESTAMP));
insert into NEWS.NEWS_COMPANY(COMPANY, SOURCE_NAME, AUTHOR, TITLE, DESCRIPTION, CONTENT, URL, IMG_URL, PUBLISH_DATE) 
                    values('nvidia','Digital Trends','Jacob Roach','Even with lower prices, you shouldn’t buy a GPU right now','Graphics card prices are dropping more than they have in over a year. But right now is the worst possible time to upgrade your GPU.','In February, graphics card prices dropped by an average of 11%. It’s a significant positive movement in the midst of GPU shortage, which has locked PC builders out of buying a graphics card for more … [+3613 chars]','https://www.digitaltrends.com/computing/dont-buy-a-gpu-right-now-even-with-lower-prices/','https://icdn.digitaltrends.com/image/digitaltrends/nvidia-rtx-3050-review-2.jpg',cast('2022-03-03T14:00:40Z' as TIMESTAMP));
insert into NEWS.NEWS_COMPANY(COMPANY, SOURCE_NAME, AUTHOR, TITLE, DESCRIPTION, CONTENT, URL, IMG_URL, PUBLISH_DATE) 
                    values('nvidia','Android Central','Nicholas Sutrich','Qualcomm and ByteDance prove time is TikToking away for the Oculus Quest','Qualcomm and ByteDance have partnered up to bring future AR and VR headsets to your home, and that spells trouble for Meta.','Ever since the Meta Quest 2 launched, it"s been difficult to see how any company could catch up to Meta. With millions of units sold and the vast majority of the VR market in its hands, Meta has gone… [+8111 chars]','https://www.androidcentral.com/qualcomm-bytedance-xr-partnership','https://cdn.mos.cms.futurecdn.net/woaudW3JLrRS4Gga5PCLfW-1200-80.jpg',cast('2022-03-03T14:10:34Z' as TIMESTAMP));
insert into NEWS.NEWS_COMPANY(COMPANY, SOURCE_NAME, AUTHOR, TITLE, DESCRIPTION, CONTENT, URL, IMG_URL, PUBLISH_DATE) 
                    values('nvidia','Internet','noreply@blogger.com (Ravie Lakshmanan)','Hackers Who Broke Into NVIDIA"s Network Leak DLSS Source Code Online','American chipmaking company NVIDIA on Tuesday confirmed that its network was breached as a result of a cyber attack, enabling the perpetrators to gain access to sensitive data.
"We have no evidence of ransomware being deployed on the NVIDIA environment or tha…','American chipmaking company NVIDIA on Tuesday confirmed that its network was breached as a result of a cyber attack, enabling the perpetrators to gain access to sensitive data, including source code … [+2242 chars]','https://thehackernews.com/2022/03/hackers-who-broke-into-nvidias-network.html','https://thehackernews.com/new-images/img/a/AVvXsEhLf4aBaBvkswdyUatLjn-KStKVLEw_C0c2PHPXpRymf2KJ_COdfwp_mi-Fp6EVoJns-1gkxgaIvhSGkK2JlfWErk3pGeS95GcCkgIOhAlO6T3bDomxCzrRfbyeiUdljBxB7wizm7fLgxosSffGdPGp-A4xq_NCc9J2Co4t6eyJMWVRZbL7KxiUkJNU=s728-e1000',cast('2022-03-03T10:17:14Z' as TIMESTAMP));
insert into NEWS.NEWS_COMPANY(COMPANY, SOURCE_NAME, AUTHOR, TITLE, DESCRIPTION, CONTENT, URL, IMG_URL, PUBLISH_DATE) 
                    values('nvidia','Windows Central','John Levite','Save $300 on this ASUS ROG Zephyrus laptop with an RTX 3080 graphics card','Best Buy has a new set of deals of the day every day, but there"s always one that rises above the rest. Today, that deal is the ASUS ROG Zephyrus gaming laptop on sale for just $1,899.99 at the top of the Best Buy DOTD page. That"s a $300 drop off the laptop"…','Best Buy has a new set of deals of the day every day, but there"s always one that rises above the rest. Today, that deal is the ASUS ROG Zephyrus gaming laptop on sale for just $1,899.99 at the top o… [+1628 chars]','https://www.windowscentral.com/save-300-asus-rog-zephyrus-laptop-rtx-3080-graphics-card','https://www.windowscentral.com/sites/wpcentral.com/files/styles/large/public/field/image/2022/03/zephyrus-gaming-laptop.jpg',cast('2022-03-03T14:20:02Z' as TIMESTAMP));
insert into NEWS.NEWS_COMPANY(COMPANY, SOURCE_NAME, AUTHOR, TITLE, DESCRIPTION, CONTENT, URL, IMG_URL, PUBLISH_DATE) 
                    values('nvidia','Windows Central','John Levite','Save hundreds on Alienware"s Aurora R10 prebuilt desktop with RTX graphics','Head on over to Dell"s online store to find a new set of deals including some great gaming options like this Alienware Aurora Ryzen Edition R10 prebuilt desktop on sale for $2,199.99. That"s a huge price drop from Dell"s regular price on this PC, which is aro…','Head on over to Dell"s online store to find a new set of deals including some great gaming options like this Alienware Aurora Ryzen Edition R10 prebuilt desktop on sale for $2,199.99. That"s a huge p… [+1501 chars]','https://www.windowscentral.com/save-hundreds-alienware-aurora-r10-prebuilt-desktop-rtx-graphics','https://www.windowscentral.com/sites/wpcentral.com/files/styles/large/public/field/image/2022/03/alienware-aurora-r10-white-desk.jpg',cast('2022-03-03T18:20:01Z' as TIMESTAMP));
insert into NEWS.NEWS_COMPANY(COMPANY, SOURCE_NAME, AUTHOR, TITLE, DESCRIPTION, CONTENT, URL, IMG_URL, PUBLISH_DATE) 
                    values('nvidia','Motley Fool','newsfeedback@fool.com (Rich Smith)','Why Are Nvidia, Micron, and AMD Stocks Falling?','Sometimes, Mr. Market just decides to go out for a random walk.','What happened
Semiconductor stocks tumbled in afternoon trading Thursday. As of 3:10 p.m. ET, Nvidia( NVDA -2.09% ) shares have lost 2.6% of their value, Micron Technology( MU -4.42% ) is down 4.5%,… [+1907 chars]','https://www.fool.com/investing/2022/03/03/why-are-nvidia-micron-and-amd-stocks-falling/','https://g.foolcdn.com/editorial/images/668987/3-red-arrows-going-down-and-crashing-into-and-cracking-the-floor.jpg',cast('2022-03-03T21:06:31Z' as TIMESTAMP));
insert into NEWS.NEWS_COMPANY(COMPANY, SOURCE_NAME, AUTHOR, TITLE, DESCRIPTION, CONTENT, URL, IMG_URL, PUBLISH_DATE) 
                    values('nvidia','Motley Fool','newsfeedback@fool.com (Keithen Drury)','Why Now Could Be the Best Time to Buy Nvidia in Over a Year','The stock has had a rough few months. Investors should get in before it rebounds.','Nvidia ( NVDA 3.18% ) has been one of the hottest stocks on Wall Street over the past few years. Before the recent sell-off, it was up over 1,200% over the last five years and nearly 750% over the pa… [+5252 chars]','https://www.fool.com/investing/2022/03/03/why-today-could-be-the-best-time-to-buy-nvidias-st/','https://g.foolcdn.com/editorial/images/667341/man-overlooking-a-datacenter.jpg',cast('2022-03-03T13:45:00Z' as TIMESTAMP));
insert into NEWS.NEWS_COMPANY(COMPANY, SOURCE_NAME, AUTHOR, TITLE, DESCRIPTION, CONTENT, URL, IMG_URL, PUBLISH_DATE) 
                    values('nvidia','The Indian Express','Tech Desk','Potential Switch Pro hardware details included in Nvidia leak','A data miner on Twitter has spotted a piece of code titled "nvn2," which they believe is the graphics API for the Switch Pro.','A huge cyberattack on Nvidia over the weekend has caused fans on social media to believe that the Nintendo Switch Pro is on its way. The takeaway here is that the renowned GPU manufacturer might be w… [+1655 chars]','https://indianexpress.com/article/technology/gaming/potential-switch-pro-hardware-details-included-in-nvidia-leak-7799129/','https://images.indianexpress.com/2022/03/switch-pro-nvidia-leak-featured.jpg',cast('2022-03-03T09:26:50Z' as TIMESTAMP));
insert into NEWS.NEWS_COMPANY(COMPANY, SOURCE_NAME, AUTHOR, TITLE, DESCRIPTION, CONTENT, URL, IMG_URL, PUBLISH_DATE) 
                    values('nvidia','TechRadar','Sead Fadilpašić','Hackers demanding million-dollar prize for leaked Nvidia GPU mining bypass','Hackers from LAPSUS$ claim to have a tool that unlocks 100% of Nvidia GPU hash power.','The hackers behind the Nvidia cyberattack have slapped a $1million price tag on an alleged cryptomining limiter tool.
Among the terabyte of sensitive data stolen from the computing giant by LAPSUS$ … [+1860 chars]','https://www.techradar.com/news/hackers-demanding-million-dollar-prize-for-leaked-nvidia-gpu-mining-bypass','https://cdn.mos.cms.futurecdn.net/nibWJ34HXW3vozPzWbFxcX-1200-80.jpg',cast('2022-03-03T16:18:35Z' as TIMESTAMP));
insert into NEWS.NEWS_COMPANY(COMPANY, SOURCE_NAME, AUTHOR, TITLE, DESCRIPTION, CONTENT, URL, IMG_URL, PUBLISH_DATE) 
                    values('nvidia','ExtremeTech','Josh Norem','Leaks Reveal Nvidia 40-Series With Massive L2 Cache, Almost Double the CUDA Cores','The recent hack of Nvidia has lead to the release of some juicy details about its upcoming RTX 40-series GPUs.
The post Leaks Reveal Nvidia 40-Series With Massive L2 Cache, Almost Double the CUDA Cores appeared first on ExtremeTech.','A consortium of Twitter users have been poring over the recently leaked data from the Nvidia hack by the rogue group Lapsus$ and posting their findings online. Thus far, the leaks confirm previous ru… [+3194 chars]','https://www.extremetech.com/?p=332309','https://www.extremetech.com/wp-content/uploads/2020/09/04513fVhAyrk7lNoiDKTdPa-1.fit_scale.size_1700x956.v1600887262-640x360.jpg',cast('2022-03-03T13:00:43Z' as TIMESTAMP));
insert into NEWS.NEWS_COMPANY(COMPANY, SOURCE_NAME, AUTHOR, TITLE, DESCRIPTION, CONTENT, URL, IMG_URL, PUBLISH_DATE) 
                    values('nvidia','Motley Fool','newsfeedback@fool.com (Jose Najarro)','4 Semiconductor Stocks With Huge Potential Not Named AMD or Nvidia','All four stocks are profitable and growing revenue at impressive levels.','There are numerous companies inside the semiconductor industry. Some provide equipment to build chips, others manufacture the chips, and some design the chips to create the technology we use today. T… [+1063 chars]','https://www.fool.com/investing/2022/03/03/4-semiconductor-stocks-with-huge-potential-not-nam/','https://g.foolcdn.com/editorial/images/668825/copy-of-copy-of-copy-of-copy-of-copy-of-copy-of-copy-of-copy-of-buy-or-pass-template-99_XgvsA0z.png',cast('2022-03-03T15:00:00Z' as TIMESTAMP));
insert into NEWS.NEWS_COMPANY(COMPANY, SOURCE_NAME, AUTHOR, TITLE, DESCRIPTION, CONTENT, URL, IMG_URL, PUBLISH_DATE) 
                    values('nvidia','Tom"s Hardware UK','Paul Alcorn','New UCIe Chiplet Standard Supported by Intel, AMD, and Arm','Wiring it up','(Image credit: UCIe)
A broad range of industry stalwarts, like Intel, AMD, Arm, TSMC, and Samsung, among others, introduced the new Universal Chiplet Interconnect Express (UCIe) consortium today wit… [+9016 chars]','https://www.tomshardware.com/news/new-ucie-chiplet-standard-supported-by-intel-amd-and-arm','https://cdn.mos.cms.futurecdn.net/TAU673B83yamz6GjvrDsDn-1200-80.jpg',cast('2022-03-03T11:47:06Z' as TIMESTAMP));
insert into NEWS.NEWS_COMPANY(COMPANY, SOURCE_NAME, AUTHOR, TITLE, DESCRIPTION, CONTENT, URL, IMG_URL, PUBLISH_DATE) 
                    values('nvidia','CNET','Scott Stein','5 Years Later, It"s Time for a Nintendo Switch 2 - CNET','Today is the Nintendo Switch"s fifth birthday, and here"s what I"d like to see in a revamp.','The Switch Lite (left), Switch (middle) and OLED Switch (right): the three Nintendo Switches available now. When will a sequel arrive with a truly upgraded processor inside?
Scott Stein/CNET
The Ni… [+6819 chars]','https://www.cnet.com/tech/gaming/five-years-later-its-time-for-a-nintendo-switch-2/','https://www.cnet.com/a/img/dWvtnmFR9CWm1d6hZlCOwgElcTQ=/1200x630/2021/10/05/d72786d1-4917-476b-a4ea-708b448aa18c/switch-family-oled.jpg',cast('2022-03-03T16:00:03Z' as TIMESTAMP));
insert into NEWS.NEWS_COMPANY(COMPANY, SOURCE_NAME, AUTHOR, TITLE, DESCRIPTION, CONTENT, URL, IMG_URL, PUBLISH_DATE) 
                    values('nvidia','PC Gamer','alan.dexter@futurenet.com (Alan Dexter)','Razer Blade 17 gaming laptop review','Razer takes equal parts Intel Alder Lake CPU and Nvidia GeForce RTX 3080 Ti GPU to make for a potent laptop brew.','This is it, a glimpse at the higher echelons of gaming laptops in 2022. This new version of the Razer Blade 17 is not only the first machine to hit the PC Gamer labs packing Intel"s mobile Alder Lake… [+11320 chars]','https://www.pcgamer.com/razer-blade-17-gaming-laptop-review/','https://cdn.mos.cms.futurecdn.net/WtTg8npoNLyNTXftuzZpKS-1200-80.jpg',cast('2022-03-03T17:43:23Z' as TIMESTAMP));
insert into NEWS.NEWS_COMPANY(COMPANY, SOURCE_NAME, AUTHOR, TITLE, DESCRIPTION, CONTENT, URL, IMG_URL, PUBLISH_DATE) 
                    values('nvidia','Windows Central','Rich Edmonds','Review: ASUS tried its best to make AMD"s Radeon RX 6500 XT usable','The RX 6500 XT is quite simply a bad AMD GPU.

AMD has been on a roll in both the processor and graphics card markets. The company is going up against Intel and NVIDIA, respectively, releasing brilliant products that push the boundaries of performance and val…','Source: Rich Edmonds / Windows Central
AMD has been on a roll in both the processor and graphics card markets. The company is going up against Intel and NVIDIA, respectively, releasing brilliant pro… [+7541 chars]','https://www.windowscentral.com/asus-dual-amd-radeon-rx-6500-xt-oc-review','https://www.windowscentral.com/sites/wpcentral.com/files/styles/large/public/field/image/2022/03/asus-dual-rx-6500-xt-oc-hero.jpg',cast('2022-03-03T14:00:03Z' as TIMESTAMP));
insert into NEWS.NEWS_COMPANY(COMPANY, SOURCE_NAME, AUTHOR, TITLE, DESCRIPTION, CONTENT, URL, IMG_URL, PUBLISH_DATE) 
                    values('nvidia','Motley Fool','newsfeedback@fool.com (Sean Williams)','3 Supercharged Growth Stocks Billionaires Can"t Stop Buying','Successful money managers piled into these well-known companies during the fourth quarter.','The past couple of weeks have featured an information overload for Wall Street and investors. Critical economic data, Fed speak, and geopolitical instability have taken the spotlight and moved the st… [+6882 chars]','https://www.fool.com/investing/2022/03/03/3-supercharged-growth-stocks-billionaires-buying/','https://g.foolcdn.com/editorial/images/668194/nyse-wall-street-trading-new-york-financial-stock-market-getty.jpg',cast('2022-03-03T10:06:00Z' as TIMESTAMP));
insert into NEWS.NEWS_COMPANY(COMPANY, SOURCE_NAME, AUTHOR, TITLE, DESCRIPTION, CONTENT, URL, IMG_URL, PUBLISH_DATE) 
                    values('nvidia','Malwarebytes.com','Pieter Arntz','Nvidia, the ransomware breach with some plot twists','Nvidia got hacked by the LAPSUS$ ransomware group. On top of the ransom the threat actor had an extra demand and accused Nvidia of hacking back.
The post Nvidia, the ransomware breach with some plot twists appeared first on Malwarebytes Labs.','On February 25, news broke about a cyberattack on Nvidia, Americas biggest microchip company, which saw parts of its business taken offline for two days. Soon after, the ransomware group LAPSUS$ clai… [+6122 chars]','https://blog.malwarebytes.com/ransomware/2022/03/nvidia-the-ransomware-breach-with-some-plot-twists/','https://blog.malwarebytes.com/wp-content/uploads/2022/03/header.png',cast('2022-03-03T20:29:43Z' as TIMESTAMP));
[2022-03-21 16:48:10,529] {logging_mixin.py:104} INFO - 
[2022-03-21 16:48:10,529] {python.py:118} INFO - Done. Returned value was: None
[2022-03-21 16:48:10,589] {taskinstance.py:1166} INFO - Marking task as SUCCESS. dag_id=fetch_news, task_id=prepare_insert, execution_date=20220303T000000, start_date=20220321T164809, end_date=20220321T164810
[2022-03-21 16:48:10,817] {taskinstance.py:1220} INFO - 0 downstream tasks scheduled from follow-on schedule check
[2022-03-21 16:48:10,860] {local_task_job.py:146} INFO - Task exited with return code 0
