[2022-03-21 16:48:05,563] {taskinstance.py:851} INFO - Dependencies all met for <TaskInstance: fetch_news.dowload_desc 2022-03-11T00:00:00+00:00 [queued]>
[2022-03-21 16:48:05,760] {taskinstance.py:851} INFO - Dependencies all met for <TaskInstance: fetch_news.dowload_desc 2022-03-11T00:00:00+00:00 [queued]>
[2022-03-21 16:48:05,760] {taskinstance.py:1042} INFO - 
--------------------------------------------------------------------------------
[2022-03-21 16:48:05,760] {taskinstance.py:1043} INFO - Starting attempt 11 of 11
[2022-03-21 16:48:05,761] {taskinstance.py:1044} INFO - 
--------------------------------------------------------------------------------
[2022-03-21 16:48:05,785] {taskinstance.py:1063} INFO - Executing <Task(BashOperator): dowload_desc> on 2022-03-11T00:00:00+00:00
[2022-03-21 16:48:05,794] {standard_task_runner.py:52} INFO - Started process 250 to run task
[2022-03-21 16:48:05,895] {standard_task_runner.py:76} INFO - Running: ['airflow', 'tasks', 'run', 'fetch_news', 'dowload_desc', '2022-03-11T00:00:00+00:00', '--job-id', '716', '--pool', 'default_pool', '--raw', '--subdir', 'DAGS_FOLDER/fetch_news.py', '--cfg-path', '/tmp/tmp8i5uhnea', '--error-file', '/tmp/tmp_bsv8ido']
[2022-03-21 16:48:05,902] {standard_task_runner.py:77} INFO - Job 716: Subtask dowload_desc
[2022-03-21 16:48:06,281] {logging_mixin.py:104} INFO - Running <TaskInstance: fetch_news.dowload_desc 2022-03-11T00:00:00+00:00 [running]> on host dd6a275532f2
[2022-03-21 16:48:06,661] {taskinstance.py:1257} INFO - Exporting the following env vars:
AIRFLOW_CTX_DAG_OWNER=airflow
AIRFLOW_CTX_DAG_ID=fetch_news
AIRFLOW_CTX_TASK_ID=dowload_desc
AIRFLOW_CTX_EXECUTION_DATE=2022-03-11T00:00:00+00:00
AIRFLOW_CTX_DAG_RUN_ID=scheduled__2022-03-11T00:00:00+00:00
[2022-03-21 16:48:06,664] {bash.py:135} INFO - Tmp dir root location: 
 /tmp
[2022-03-21 16:48:06,665] {bash.py:158} INFO - Running command: curl -o /tmp/news_nvidia_2022-03-11_2022-03-12.json https://newsapi.org/v2/everything -G -d from=2022-03-11 -d to=2022-03-11 -d language=en -d q=nvidia -d apiKey=1ddd1951b81c4e9eb662cc118c33ff6a
[2022-03-21 16:48:06,681] {bash.py:169} INFO - Output:
[2022-03-21 16:48:06,799] {bash.py:173} INFO -   % Total    % Received % Xferd  Average Speed   Time    Time     Time  Current
[2022-03-21 16:48:06,801] {bash.py:173} INFO -                                  Dload  Upload   Total   Spent    Left  Speed
[2022-03-21 16:48:07,214] {bash.py:173} INFO -   0     0    0     0    0     0      0      0 --:--:-- --:--:-- --:--:--     0 45 17005   45  7711    0     0  17932      0 --:--:-- --:--:-- --:--:-- 17890100 17005  100 17005    0     0  39363      0 --:--:-- --:--:-- --:--:-- 39272
[2022-03-21 16:48:07,215] {bash.py:177} INFO - Command exited with return code 0
[2022-03-21 16:48:07,259] {taskinstance.py:1166} INFO - Marking task as SUCCESS. dag_id=fetch_news, task_id=dowload_desc, execution_date=20220311T000000, start_date=20220321T164805, end_date=20220321T164807
[2022-03-21 16:48:07,306] {taskinstance.py:1220} INFO - 1 downstream tasks scheduled from follow-on schedule check
[2022-03-21 16:48:07,322] {local_task_job.py:146} INFO - Task exited with return code 0
