[2022-03-20 20:52:33,519] {taskinstance.py:851} INFO - Dependencies all met for <TaskInstance: fetch_news.dowload_desc 2022-03-11T00:00:00+00:00 [queued]>
[2022-03-20 20:52:33,574] {taskinstance.py:851} INFO - Dependencies all met for <TaskInstance: fetch_news.dowload_desc 2022-03-11T00:00:00+00:00 [queued]>
[2022-03-20 20:52:33,575] {taskinstance.py:1042} INFO - 
--------------------------------------------------------------------------------
[2022-03-20 20:52:33,575] {taskinstance.py:1043} INFO - Starting attempt 5 of 5
[2022-03-20 20:52:33,575] {taskinstance.py:1044} INFO - 
--------------------------------------------------------------------------------
[2022-03-20 20:52:33,716] {taskinstance.py:1063} INFO - Executing <Task(BashOperator): dowload_desc> on 2022-03-11T00:00:00+00:00
[2022-03-20 20:52:33,724] {standard_task_runner.py:52} INFO - Started process 325 to run task
[2022-03-20 20:52:33,737] {standard_task_runner.py:76} INFO - Running: ['airflow', 'tasks', 'run', 'fetch_news', 'dowload_desc', '2022-03-11T00:00:00+00:00', '--job-id', '205', '--pool', 'default_pool', '--raw', '--subdir', 'DAGS_FOLDER/fetch_news.py', '--cfg-path', '/tmp/tmp_791pp9p', '--error-file', '/tmp/tmp24hubain']
[2022-03-20 20:52:33,738] {standard_task_runner.py:77} INFO - Job 205: Subtask dowload_desc
[2022-03-20 20:52:34,023] {logging_mixin.py:104} INFO - Running <TaskInstance: fetch_news.dowload_desc 2022-03-11T00:00:00+00:00 [running]> on host e39215f0be5b
[2022-03-20 20:52:34,250] {taskinstance.py:1257} INFO - Exporting the following env vars:
AIRFLOW_CTX_DAG_OWNER=airflow
AIRFLOW_CTX_DAG_ID=fetch_news
AIRFLOW_CTX_TASK_ID=dowload_desc
AIRFLOW_CTX_EXECUTION_DATE=2022-03-11T00:00:00+00:00
AIRFLOW_CTX_DAG_RUN_ID=scheduled__2022-03-11T00:00:00+00:00
[2022-03-20 20:52:34,251] {bash.py:135} INFO - Tmp dir root location: 
 /tmp
[2022-03-20 20:52:34,257] {bash.py:158} INFO - Running command: curl -o /tmp/news_nvidia_2022-03-11_2022-03-12.json https://newsapi.org/v2/everything -G -d from=2022-03-11 -d to=2022-03-12 -d language=en -d q=nvidia -d apiKey=1ddd1951b81c4e9eb662cc118c33ff6a
[2022-03-20 20:52:34,277] {bash.py:169} INFO - Output:
[2022-03-20 20:52:34,286] {bash.py:173} INFO -   % Total    % Received % Xferd  Average Speed   Time    Time     Time  Current
[2022-03-20 20:52:34,288] {bash.py:173} INFO -                                  Dload  Upload   Total   Spent    Left  Speed
[2022-03-20 20:52:34,532] {bash.py:173} INFO -   0     0    0     0    0     0      0      0 --:--:-- --:--:-- --:--:--     0  0     0    0     0    0     0      0      0 --:--:-- --:--:-- --:--:--     0100 16814  100 16814    0     0  68349      0 --:--:-- --:--:-- --:--:-- 68072
[2022-03-20 20:52:34,533] {bash.py:177} INFO - Command exited with return code 0
[2022-03-20 20:52:34,562] {taskinstance.py:1166} INFO - Marking task as SUCCESS. dag_id=fetch_news, task_id=dowload_desc, execution_date=20220311T000000, start_date=20220320T205233, end_date=20220320T205234
[2022-03-20 20:52:34,616] {taskinstance.py:1220} INFO - 1 downstream tasks scheduled from follow-on schedule check
[2022-03-20 20:52:34,652] {local_task_job.py:146} INFO - Task exited with return code 0
