[2022-03-21 16:48:09,478] {taskinstance.py:851} INFO - Dependencies all met for <TaskInstance: fetch_news.prepare_insert 2022-03-02T00:00:00+00:00 [queued]>
[2022-03-21 16:48:09,560] {taskinstance.py:851} INFO - Dependencies all met for <TaskInstance: fetch_news.prepare_insert 2022-03-02T00:00:00+00:00 [queued]>
[2022-03-21 16:48:09,560] {taskinstance.py:1042} INFO - 
--------------------------------------------------------------------------------
[2022-03-21 16:48:09,560] {taskinstance.py:1043} INFO - Starting attempt 8 of 8
[2022-03-21 16:48:09,561] {taskinstance.py:1044} INFO - 
--------------------------------------------------------------------------------
[2022-03-21 16:48:09,610] {taskinstance.py:1063} INFO - Executing <Task(PythonOperator): prepare_insert> on 2022-03-02T00:00:00+00:00
[2022-03-21 16:48:09,614] {standard_task_runner.py:52} INFO - Started process 309 to run task
[2022-03-21 16:48:09,648] {standard_task_runner.py:76} INFO - Running: ['airflow', 'tasks', 'run', 'fetch_news', 'prepare_insert', '2022-03-02T00:00:00+00:00', '--job-id', '735', '--pool', 'default_pool', '--raw', '--subdir', 'DAGS_FOLDER/fetch_news.py', '--cfg-path', '/tmp/tmpes6no04l', '--error-file', '/tmp/tmp7mbjahwb']
[2022-03-21 16:48:09,649] {standard_task_runner.py:77} INFO - Job 735: Subtask prepare_insert
[2022-03-21 16:48:10,081] {logging_mixin.py:104} INFO - Running <TaskInstance: fetch_news.prepare_insert 2022-03-02T00:00:00+00:00 [running]> on host dd6a275532f2
[2022-03-21 16:48:10,295] {taskinstance.py:1257} INFO - Exporting the following env vars:
AIRFLOW_CTX_DAG_OWNER=airflow
AIRFLOW_CTX_DAG_ID=fetch_news
AIRFLOW_CTX_TASK_ID=prepare_insert
AIRFLOW_CTX_EXECUTION_DATE=2022-03-02T00:00:00+00:00
AIRFLOW_CTX_DAG_RUN_ID=scheduled__2022-03-02T00:00:00+00:00
[2022-03-21 16:48:10,296] {logging_mixin.py:104} INFO - /tmp/news_nvidia_2022-03-02_2022-03-03.sql
[2022-03-21 16:48:10,297] {logging_mixin.py:104} INFO - delete from NEWS.NEWS_COMPANY where cast('2022-03-02' as DATE) = cast(PUBLISH_DATE as DATE);
insert into NEWS.NEWS_COMPANY(COMPANY, SOURCE_NAME, AUTHOR, TITLE, DESCRIPTION, CONTENT, URL, IMG_URL, PUBLISH_DATE) 
                    values('nvidia','Digital Trends','Monica J. White','Nvidia RTX 4090 could be twice as powerful as the RTX 3090','Various leaks indicate that the Nvidia "Ada" RTX 4000-series will offer a massive performance boost. It may have a huge L2 cache and up to 75% more cores.','Nvidia was recently hacked, and as a result, plenty of inside information has surfaced. A lot of the leaks are related to the upcoming next-generation RTX 4000 graphics cards, and today’s leaks point… [+4394 chars]','https://www.digitaltrends.com/computing/nvidia-ada-lovelace-rtx-4000-leaks-l2-cache-and-cores/','https://icdn.digitaltrends.com/image/digitaltrends/nvidia-rtx-3060-ti-featured.jpg',cast('2022-03-02T16:45:28Z' as TIMESTAMP));
insert into NEWS.NEWS_COMPANY(COMPANY, SOURCE_NAME, AUTHOR, TITLE, DESCRIPTION, CONTENT, URL, IMG_URL, PUBLISH_DATE) 
                    values('nvidia','Windows Central','Sean Endicott','NVIDIA DLSS source code leaked as part of cyberattack','The attack on NVIDIA continues, this time with an alleged leak of the source code for the company"s DLSS tech.



What you need to know


A ransomware group known as Lapsus has allegedly shared NVIDIA"s DLSS source code as part of a cyberattack.
The group has…','NVIDIA was the victim of a cyberattack over the weekend, according to recent reports. It appears that the attack was at least partially motivated by a hacking group trying to force ransom money out o… [+1708 chars]','https://www.windowscentral.com/nvidia-dlss-source-code-leaked-part-cyberattack','https://www.windowscentral.com/sites/wpcentral.com/files/styles/large/public/field/image/2020/10/nvidia-geforce-rtx-3080-28.jpg',cast('2022-03-02T12:16:33Z' as TIMESTAMP));
insert into NEWS.NEWS_COMPANY(COMPANY, SOURCE_NAME, AUTHOR, TITLE, DESCRIPTION, CONTENT, URL, IMG_URL, PUBLISH_DATE) 
                    values('nvidia','StockNews.com','Anushka Dutta','3 Hard-Hit Tech Stocks Wall Street Predicts Will Rebound by 50% or More','The tech market’s valuations declined earlier this year amid concerns over the Fed’s anticipated monetary policy tightening. However, this reaction might be favorable for the long-term growth of the sector....','The tech markets valuations declined earlier this year amid concerns over the Feds anticipated monetary policy tightening. However, this reaction might be favorable for the long-term growth of the se… [+8266 chars]','https://stocknews.com/news/nvda-rng-wix-3-hard-hit-tech-stocks-wall-street-predicts-will-rebound-by/','https://assets.entrepreneur.com/providers/stocknews/hero-image-stocknews-421243.jpeg',cast('2022-03-02T20:32:41Z' as TIMESTAMP));
insert into NEWS.NEWS_COMPANY(COMPANY, SOURCE_NAME, AUTHOR, TITLE, DESCRIPTION, CONTENT, URL, IMG_URL, PUBLISH_DATE) 
                    values('nvidia','Motley Fool','newsfeedback@fool.com (Rich Smith)','Why Nvidia Stock Popped Today','The company strikes back after being hacked.','What happened
Shares of Nvidia(NASDAQ:NVDA) had jumped 2.4% at 11:15 a.m. ET on Wednesday. The most obvious catalyst was a hack of the company"s data and, in response, Nvidia"s own hack of the offen… [+1994 chars]','https://www.fool.com/investing/2022/03/02/why-nvidia-stock-popped-today/','https://g.foolcdn.com/editorial/images/668705/shadowy-hacker-at-a-laptop-against-a-background-of-streaming-computer-code.jpg',cast('2022-03-02T18:40:54Z' as TIMESTAMP));
insert into NEWS.NEWS_COMPANY(COMPANY, SOURCE_NAME, AUTHOR, TITLE, DESCRIPTION, CONTENT, URL, IMG_URL, PUBLISH_DATE) 
                    values('nvidia','Motley Fool','newsfeedback@fool.com (Leo Sun)','3 Smartest Tech Stocks To Buy in 2022 and Beyond','Microsoft, TSMC, and Nvidia are still solid long-term investments.','Many tech stocks tumbled over the past several months as inflation, rising interest rates, and other macro headwinds sparked a rotation toward more conservative investments. But over the long term, s… [+4767 chars]','https://www.fool.com/investing/2022/03/02/3-smartest-tech-stocks-to-buy-in-2022-and-beyond/','https://g.foolcdn.com/editorial/images/668142/gettyimages-622206824.jpg',cast('2022-03-02T13:37:00Z' as TIMESTAMP));
insert into NEWS.NEWS_COMPANY(COMPANY, SOURCE_NAME, AUTHOR, TITLE, DESCRIPTION, CONTENT, URL, IMG_URL, PUBLISH_DATE) 
                    values('nvidia','Motley Fool','newsfeedback@fool.com (Chris Hill)','A Deep Dive on PayPal','Plus a look at Nvidia, DoorDash, and other companies.','In today"s episode of Motley Fool Money, host Chris Hill welcomes Motley Fool analyst Jason Moser and Motley Fool contributor. Moser and Frankel do a deep dive on PayPal. Also, Motley Fool analyst Ma… [+26717 chars]','https://www.fool.com/investing/2022/03/02/a-deep-dive-on-paypal/','https://g.foolcdn.com/editorial/images/668212/mfm_20220217-1.jpg',cast('2022-03-02T21:33:00Z' as TIMESTAMP));
insert into NEWS.NEWS_COMPANY(COMPANY, SOURCE_NAME, AUTHOR, TITLE, DESCRIPTION, CONTENT, URL, IMG_URL, PUBLISH_DATE) 
                    values('nvidia','Motley Fool','newsfeedback@fool.com (Jose Najarro)','Is This Bad News for Nvidia?','Nvidia"s company information is being leaked after a recent hack.','Today"s video focuses on Nvidia ( NVDA -3.71% ) and the recent reports of a cyberattack that has compromised employee credentials and other company information. Here are some highlights from the vide… [+1017 chars]','https://www.fool.com/investing/2022/03/02/is-this-bad-news-for-nvidia/','https://g.foolcdn.com/editorial/images/668481/copy-of-copy-of-copy-of-copy-of-copy-of-copy-of-copy-of-copy-of-buy-or-pass-template-98.png',cast('2022-03-02T11:00:00Z' as TIMESTAMP));
insert into NEWS.NEWS_COMPANY(COMPANY, SOURCE_NAME, AUTHOR, TITLE, DESCRIPTION, CONTENT, URL, IMG_URL, PUBLISH_DATE) 
                    values('nvidia','XDA Developers','João Carrasqueira','Lenovo ThinkPad X1 Extreme Gen 5: Release date, specs, and everything you need to know','At this year’s MWC, Lenovo introduced the latest iteration of the ThinkPad X1 Extreme, which is now up to Gen 5. This is one of Lenovo’s best ThinkPads, geared towards business professionals who need top-tier performance for things like 3D rendering and video…','At this year’s MWC, Lenovo introduced the latest iteration of the ThinkPad X1 Extreme, which is now up to Gen 5. This is one of Lenovo’s best ThinkPads, geared towards business professionals who need… [+7681 chars]','https://www.xda-developers.com/lenovo-thinkpad-x1-extreme-gen-5/','https://www.xda-developers.com/files/2022/02/Lenovo-ThinkPad-X1-Extreme-Gen-5-1.jpg',cast('2022-03-02T15:00:51Z' as TIMESTAMP));
insert into NEWS.NEWS_COMPANY(COMPANY, SOURCE_NAME, AUTHOR, TITLE, DESCRIPTION, CONTENT, URL, IMG_URL, PUBLISH_DATE) 
                    values('nvidia','MarketBeat','Melissa Brock','A Member of the Silent Majority? 4 Best Politically Conservative ETFs','Amid all the ESG investment options, where are the investments for political conservatives? Great question. Here are four ETF options.','Usually, politics and stock picking doesn"t brew a pot of political turmoil to the same degree as budget negotiations in a joint session of Congress. However, some companies" focus on wokeness and ot… [+6835 chars]','https://www.marketbeat.com/originals/a-member-of-the-silent-majority-4-best-politically-conservative-etfs/?utm_source=entrepreneurcom&amp;amp;utm_medium=entrepreneurcom','https://assets.entrepreneur.com/providers/marketbeat/hero-image-marketbeat-421161.jpeg',cast('2022-03-02T09:00:00Z' as TIMESTAMP));
insert into NEWS.NEWS_COMPANY(COMPANY, SOURCE_NAME, AUTHOR, TITLE, DESCRIPTION, CONTENT, URL, IMG_URL, PUBLISH_DATE) 
                    values('nvidia','ExtremeTech','Josh Norem','Nvidia Hack Continues with Release of DLSS Source Code','The hackers who struck Nvidia last week have released source code related to DLSS into the wild. 
The post Nvidia Hack Continues with Release of DLSS Source Code appeared first on ExtremeTech.','Following last week’s cyber attack on Nvidia by a group of hackers named Lapsus$, news has been dripping out about what kind of data the hackers were able to grab, and what they intend to do with it.… [+2954 chars]','https://www.extremetech.com/?p=332249','https://www.extremetech.com/wp-content/uploads/2022/03/geforce-dlss-og-image-1200x630-1-640x360.jpg',cast('2022-03-02T12:30:27Z' as TIMESTAMP));
insert into NEWS.NEWS_COMPANY(COMPANY, SOURCE_NAME, AUTHOR, TITLE, DESCRIPTION, CONTENT, URL, IMG_URL, PUBLISH_DATE) 
                    values('nvidia','Motley Fool','newsfeedback@fool.com (Harsh Chauhan)','Market Correction: 2 Top Stocks to Buy and Hold Forever','These tech giants can still deliver excellent returns over the long haul.','The stock market has not been kind to investors so far in 2022. Year to date, the S&amp;P 500 ended Monday"s trading session down by more than 8%. And in recent days, it has been off by more than 10%… [+5680 chars]','https://www.fool.com/investing/2022/03/02/market-correction-top-stocks-buy-and-hold-forever/','https://g.foolcdn.com/editorial/images/668187/man-woman-computer-screen.jpg',cast('2022-03-02T12:50:00Z' as TIMESTAMP));
insert into NEWS.NEWS_COMPANY(COMPANY, SOURCE_NAME, AUTHOR, TITLE, DESCRIPTION, CONTENT, URL, IMG_URL, PUBLISH_DATE) 
                    values('nvidia','Sophos.com','Paul Ducklin','Ransomware with a difference: “Derestrict your software, or else!”','"Change your code to derestrict cryptomining"... or we"ll dump 1TB of stolen secrets.','Just over a year ago, graphics card behemoth Nvidia announced an unexpected software “feature”: anti-cryptomining code baked into the drivers for its latest graphics processing units (GPUs).
Simply … [+5960 chars]','https://nakedsecurity.sophos.com/2022/03/02/ransomware-with-a-difference-derestrict-your-software-or-else/','https://nakedsecurity.sophos.com/wp-content/uploads/sites/2/2022/03/nvidia-1200.png?w=775',cast('2022-03-02T16:33:45Z' as TIMESTAMP));
insert into NEWS.NEWS_COMPANY(COMPANY, SOURCE_NAME, AUTHOR, TITLE, DESCRIPTION, CONTENT, URL, IMG_URL, PUBLISH_DATE) 
                    values('nvidia','TechRadar','John.Loeffler@futurenet.com (John Loeffler)','Chiplets are officially the future of processor design','The semiconductor industry"s biggest players have all signed on to a new chiplet standard called UCIe, though Nvidia is conspicuously absent.','Semiconductor industry titans like Intel, AMD, Samsung, TSMC, and Arm have all come together to announce a new universal chiplet interface which they hope will accelerate chiplet innovation in the fu… [+1771 chars]','https://www.techradar.com/news/chiplets-are-officially-the-future-of-processor-design','https://cdn.mos.cms.futurecdn.net/7FXbt46anMRYPEPmdDjmsn-1200-80.jpg',cast('2022-03-02T18:41:28Z' as TIMESTAMP));
insert into NEWS.NEWS_COMPANY(COMPANY, SOURCE_NAME, AUTHOR, TITLE, DESCRIPTION, CONTENT, URL, IMG_URL, PUBLISH_DATE) 
                    values('nvidia','Motley Fool','newsfeedback@fool.com (John Ballard)','2 No-Brainer Stocks I"d Buy Right Now Without Hesitation','These companies are riding strong industry tailwinds.','No one knows whether the stock market"s volatility and price drop are the beginning of a more severe decline or just a temporary dip. Either way, there are always companies positioning themselves for… [+3796 chars]','https://www.fool.com/investing/2022/03/02/no-brainer-stocks-id-buy-right-now-no-hesitation/','https://g.foolcdn.com/editorial/images/668230/father-playing-video-games-with-his-son.jpg',cast('2022-03-02T13:05:00Z' as TIMESTAMP));
insert into NEWS.NEWS_COMPANY(COMPANY, SOURCE_NAME, AUTHOR, TITLE, DESCRIPTION, CONTENT, URL, IMG_URL, PUBLISH_DATE) 
                    values('nvidia','Ubergizmo','Tyler Lee','NVIDIA Leak Could Hint At New Nintendo Switch In Development','Nintendo has repeatedly denied that a Nintendo Switch Pro could be in development, but at the same time, we doubt that Nintendo isn’t thinking about a future model of the Switch, maybe one that’s so  drastically different that it might be known as the Switch …','Nintendo has repeatedly denied that a Nintendo Switch Pro could be in development, but at the same time, we doubt that Nintendo isn’t thinking about a future model of the Switch, maybe one that’s so … [+1224 chars]','https://www.ubergizmo.com/2022/03/nvidia-leak-new-nintendo-switch/','https://i0.wp.com/cdnssl.ubergizmo.com/wp-content/uploads/2021/07/nintendo-switch-oled-3.jpg',cast('2022-03-02T00:56:08Z' as TIMESTAMP));
insert into NEWS.NEWS_COMPANY(COMPANY, SOURCE_NAME, AUTHOR, TITLE, DESCRIPTION, CONTENT, URL, IMG_URL, PUBLISH_DATE) 
                    values('nvidia','Motley Fool','newsfeedback@fool.com (Harsh Chauhan)','10 Billion Reasons to Buy Intel Stock','The chip giant could win big from a market that"s currently dominated by rivals.','Intel"s ( INTC -1.85% ) 2022 investors meeting, which was held on Feb. 17, provided a lot of insight into the chip giant"s plans in different areas of its business. But it was the accelerated computi… [+5514 chars]','https://www.fool.com/investing/2022/03/02/10-billion-reasons-to-buy-intel-stock/','https://g.foolcdn.com/editorial/images/668101/woman-buying-stock-mobile-phone.jpg',cast('2022-03-02T11:20:00Z' as TIMESTAMP));
insert into NEWS.NEWS_COMPANY(COMPANY, SOURCE_NAME, AUTHOR, TITLE, DESCRIPTION, CONTENT, URL, IMG_URL, PUBLISH_DATE) 
                    values('nvidia','PC Gamer','Chris Szewczyk','Nvidia"s DLSS source code leaked by hackers','The fallout from the weekend"s cyberattack continues.','It will take Nvidia some time to fully analyse the impact of the massive cyberattack it suffered over the weekend. The hackers made off with around 1TB of sensitive data and worryingly for Nvidia, th… [+1739 chars]','https://www.pcgamer.com/nvidias-dlss-source-code-leaked-by-hackers/','https://cdn.mos.cms.futurecdn.net/5yiZJymwmKCJau3TbV2dhb-1200-80.jpg',cast('2022-03-02T03:54:02Z' as TIMESTAMP));
insert into NEWS.NEWS_COMPANY(COMPANY, SOURCE_NAME, AUTHOR, TITLE, DESCRIPTION, CONTENT, URL, IMG_URL, PUBLISH_DATE) 
                    values('nvidia','Creative Bloq','Daniel Piper','I really hope this new Nintendo Switch Pro rumour is true','Huge details may have just leaked.','Ah, the Nintendo Switch Pro. It"s the most elusive console in the history of gaming - rumoured for years with no sign of ever actually appearing. But if new leaks are to be believed, a souped-up Swit… [+1989 chars]','https://www.creativebloq.com/news/switch-pro-leak','https://cdn.mos.cms.futurecdn.net/cFUgkjFt2yHnrpBFqT5BSV-1200-80.jpg',cast('2022-03-02T15:17:07Z' as TIMESTAMP));
insert into NEWS.NEWS_COMPANY(COMPANY, SOURCE_NAME, AUTHOR, TITLE, DESCRIPTION, CONTENT, URL, IMG_URL, PUBLISH_DATE) 
                    values('nvidia','TechRadar','Allisa James','Could the RTX 4090 almost double the core count of the RTX 3090?','According to a brand new leak, we may now know the impressive specs of the rumored flagship RTX 4090, and they are beastly.','A recent round of leaks from Twitter user La Frite David reveal more information about the rumored RTX 4090, and how Nvidia"s next-generation Ada (aka Lovelace) compares to Nvidia’s current most powe… [+1415 chars]','https://www.techradar.com/news/could-the-rtx-4090-double-the-core-count-of-the-rtx-3090','https://cdn.mos.cms.futurecdn.net/Nhzgg9xAiHAHtrAZnwyfqD-1200-80.jpg',cast('2022-03-02T22:32:03Z' as TIMESTAMP));
insert into NEWS.NEWS_COMPANY(COMPANY, SOURCE_NAME, AUTHOR, TITLE, DESCRIPTION, CONTENT, URL, IMG_URL, PUBLISH_DATE) 
                    values('nvidia','Infosecurity Magazine','Phil Muncaster','Nvidia Admits Hackers Stole Employee and Internal Data','Attackers claim to have IP which could increase capacity for crypto-mining','Nvidia has released more details of an apparent ransomware attack on its networks, admitting that internal data has been taken.
The US chip giant had previously given little away, saying only that i… [+3341 chars]','https://www.infosecurity-magazine.com/news/nvidia-admits-hackers-stole/','https://assets.infosecurity-magazine.com/webpage/og/c3d9bfcb-c2ea-4676-b0e4-a52648ce72de.jpg',cast('2022-03-02T09:30:00Z' as TIMESTAMP));
[2022-03-21 16:48:10,297] {logging_mixin.py:104} INFO - 
[2022-03-21 16:48:10,297] {python.py:118} INFO - Done. Returned value was: None
[2022-03-21 16:48:10,374] {taskinstance.py:1166} INFO - Marking task as SUCCESS. dag_id=fetch_news, task_id=prepare_insert, execution_date=20220302T000000, start_date=20220321T164809, end_date=20220321T164810
[2022-03-21 16:48:10,515] {taskinstance.py:1220} INFO - 1 downstream tasks scheduled from follow-on schedule check
[2022-03-21 16:48:10,607] {local_task_job.py:146} INFO - Task exited with return code 0
