[2022-03-21 16:48:06,457] {taskinstance.py:851} INFO - Dependencies all met for <TaskInstance: fetch_news.dowload_desc 2022-03-07T00:00:00+00:00 [queued]>
[2022-03-21 16:48:06,634] {taskinstance.py:851} INFO - Dependencies all met for <TaskInstance: fetch_news.dowload_desc 2022-03-07T00:00:00+00:00 [queued]>
[2022-03-21 16:48:06,650] {taskinstance.py:1042} INFO - 
--------------------------------------------------------------------------------
[2022-03-21 16:48:06,650] {taskinstance.py:1043} INFO - Starting attempt 11 of 11
[2022-03-21 16:48:06,650] {taskinstance.py:1044} INFO - 
--------------------------------------------------------------------------------
[2022-03-21 16:48:06,707] {taskinstance.py:1063} INFO - Executing <Task(BashOperator): dowload_desc> on 2022-03-07T00:00:00+00:00
[2022-03-21 16:48:06,711] {standard_task_runner.py:52} INFO - Started process 267 to run task
[2022-03-21 16:48:06,746] {standard_task_runner.py:76} INFO - Running: ['airflow', 'tasks', 'run', 'fetch_news', 'dowload_desc', '2022-03-07T00:00:00+00:00', '--job-id', '729', '--pool', 'default_pool', '--raw', '--subdir', 'DAGS_FOLDER/fetch_news.py', '--cfg-path', '/tmp/tmpa4t2op1v', '--error-file', '/tmp/tmp1vztp6fp']
[2022-03-21 16:48:06,788] {standard_task_runner.py:77} INFO - Job 729: Subtask dowload_desc
[2022-03-21 16:48:06,992] {logging_mixin.py:104} INFO - Running <TaskInstance: fetch_news.dowload_desc 2022-03-07T00:00:00+00:00 [running]> on host dd6a275532f2
[2022-03-21 16:48:07,149] {taskinstance.py:1257} INFO - Exporting the following env vars:
AIRFLOW_CTX_DAG_OWNER=airflow
AIRFLOW_CTX_DAG_ID=fetch_news
AIRFLOW_CTX_TASK_ID=dowload_desc
AIRFLOW_CTX_EXECUTION_DATE=2022-03-07T00:00:00+00:00
AIRFLOW_CTX_DAG_RUN_ID=scheduled__2022-03-07T00:00:00+00:00
[2022-03-21 16:48:07,152] {bash.py:135} INFO - Tmp dir root location: 
 /tmp
[2022-03-21 16:48:07,153] {bash.py:158} INFO - Running command: curl -o /tmp/news_nvidia_2022-03-07_2022-03-08.json https://newsapi.org/v2/everything -G -d from=2022-03-07 -d to=2022-03-07 -d language=en -d q=nvidia -d apiKey=1ddd1951b81c4e9eb662cc118c33ff6a
[2022-03-21 16:48:07,180] {bash.py:169} INFO - Output:
[2022-03-21 16:48:07,199] {bash.py:173} INFO -   % Total    % Received % Xferd  Average Speed   Time    Time     Time  Current
[2022-03-21 16:48:07,201] {bash.py:173} INFO -                                  Dload  Upload   Total   Spent    Left  Speed
[2022-03-21 16:48:07,513] {bash.py:173} INFO -   0     0    0     0    0     0      0      0 --:--:-- --:--:-- --:--:--     0100 16650  100 16650    0     0  53025      0 --:--:-- --:--:-- --:--:-- 53025
[2022-03-21 16:48:07,515] {bash.py:177} INFO - Command exited with return code 0
[2022-03-21 16:48:07,781] {taskinstance.py:1166} INFO - Marking task as SUCCESS. dag_id=fetch_news, task_id=dowload_desc, execution_date=20220307T000000, start_date=20220321T164806, end_date=20220321T164807
[2022-03-21 16:48:08,230] {taskinstance.py:1220} INFO - 1 downstream tasks scheduled from follow-on schedule check
[2022-03-21 16:48:08,299] {local_task_job.py:146} INFO - Task exited with return code 0
