[2022-03-20 15:06:40,705] {taskinstance.py:851} INFO - Dependencies all met for <TaskInstance: fetch_news.dowload_desc 2022-03-07T00:00:00+00:00 [queued]>
[2022-03-20 15:06:40,795] {taskinstance.py:851} INFO - Dependencies all met for <TaskInstance: fetch_news.dowload_desc 2022-03-07T00:00:00+00:00 [queued]>
[2022-03-20 15:06:40,796] {taskinstance.py:1042} INFO - 
--------------------------------------------------------------------------------
[2022-03-20 15:06:40,796] {taskinstance.py:1043} INFO - Starting attempt 2 of 2
[2022-03-20 15:06:40,796] {taskinstance.py:1044} INFO - 
--------------------------------------------------------------------------------
[2022-03-20 15:06:40,829] {taskinstance.py:1063} INFO - Executing <Task(BashOperator): dowload_desc> on 2022-03-07T00:00:00+00:00
[2022-03-20 15:06:40,838] {standard_task_runner.py:52} INFO - Started process 108 to run task
[2022-03-20 15:06:40,856] {standard_task_runner.py:76} INFO - Running: ['airflow', 'tasks', 'run', 'fetch_news', 'dowload_desc', '2022-03-07T00:00:00+00:00', '--job-id', '28', '--pool', 'default_pool', '--raw', '--subdir', 'DAGS_FOLDER/fetch_news.py', '--cfg-path', '/tmp/tmpf0ot_5bb', '--error-file', '/tmp/tmp97tvywra']
[2022-03-20 15:06:40,897] {standard_task_runner.py:77} INFO - Job 28: Subtask dowload_desc
[2022-03-20 15:06:41,168] {logging_mixin.py:104} INFO - Running <TaskInstance: fetch_news.dowload_desc 2022-03-07T00:00:00+00:00 [running]> on host 0b08bfee94e8
[2022-03-20 15:06:41,325] {taskinstance.py:1257} INFO - Exporting the following env vars:
AIRFLOW_CTX_DAG_OWNER=airflow
AIRFLOW_CTX_DAG_ID=fetch_news
AIRFLOW_CTX_TASK_ID=dowload_desc
AIRFLOW_CTX_EXECUTION_DATE=2022-03-07T00:00:00+00:00
AIRFLOW_CTX_DAG_RUN_ID=scheduled__2022-03-07T00:00:00+00:00
[2022-03-20 15:06:41,325] {bash.py:135} INFO - Tmp dir root location: 
 /tmp
[2022-03-20 15:06:41,330] {bash.py:158} INFO - Running command: curl -o news_nvidia_2022-03-07_2022-03-08.json https://newsapi.org/v2/everything -G -d from=2022-03-07 -d to=2022-03-08 -d language=en -d q=nvidia -d apiKey=1ddd1951b81c4e9eb662cc118c33ff6a
[2022-03-20 15:06:41,353] {bash.py:169} INFO - Output:
[2022-03-20 15:06:41,440] {bash.py:173} INFO -   % Total    % Received % Xferd  Average Speed   Time    Time     Time  Current
[2022-03-20 15:06:41,449] {bash.py:173} INFO -                                  Dload  Upload   Total   Spent    Left  Speed
[2022-03-20 15:06:42,119] {bash.py:173} INFO -   0     0    0     0    0     0      0      0 --:--:-- --:--:-- --:--:--     0100 17515  100 17515    0     0  24985      0 --:--:-- --:--:-- --:--:-- 24985
[2022-03-20 15:06:42,120] {bash.py:177} INFO - Command exited with return code 0
[2022-03-20 15:06:42,159] {taskinstance.py:1166} INFO - Marking task as SUCCESS. dag_id=fetch_news, task_id=dowload_desc, execution_date=20220307T000000, start_date=20220320T150640, end_date=20220320T150642
[2022-03-20 15:06:42,198] {taskinstance.py:1220} INFO - 0 downstream tasks scheduled from follow-on schedule check
[2022-03-20 15:06:42,228] {local_task_job.py:146} INFO - Task exited with return code 0
