[2022-03-20 20:47:58,395] {taskinstance.py:851} INFO - Dependencies all met for <TaskInstance: fetch_news.dowload_desc 2022-03-07T00:00:00+00:00 [queued]>
[2022-03-20 20:47:58,410] {taskinstance.py:851} INFO - Dependencies all met for <TaskInstance: fetch_news.dowload_desc 2022-03-07T00:00:00+00:00 [queued]>
[2022-03-20 20:47:58,410] {taskinstance.py:1042} INFO - 
--------------------------------------------------------------------------------
[2022-03-20 20:47:58,411] {taskinstance.py:1043} INFO - Starting attempt 3 of 3
[2022-03-20 20:47:58,411] {taskinstance.py:1044} INFO - 
--------------------------------------------------------------------------------
[2022-03-20 20:47:58,487] {taskinstance.py:1063} INFO - Executing <Task(BashOperator): dowload_desc> on 2022-03-07T00:00:00+00:00
[2022-03-20 20:47:58,546] {standard_task_runner.py:76} INFO - Running: ['airflow', 'tasks', 'run', 'fetch_news', 'dowload_desc', '2022-03-07T00:00:00+00:00', '--job-id', '148', '--pool', 'default_pool', '--raw', '--subdir', 'DAGS_FOLDER/fetch_news.py', '--cfg-path', '/tmp/tmpyxwlbqp2', '--error-file', '/tmp/tmp_pumhb5q']
[2022-03-20 20:47:58,547] {standard_task_runner.py:77} INFO - Job 148: Subtask dowload_desc
[2022-03-20 20:47:58,536] {standard_task_runner.py:52} INFO - Started process 127 to run task
[2022-03-20 20:47:58,883] {logging_mixin.py:104} INFO - Running <TaskInstance: fetch_news.dowload_desc 2022-03-07T00:00:00+00:00 [running]> on host e39215f0be5b
[2022-03-20 20:47:59,093] {taskinstance.py:1257} INFO - Exporting the following env vars:
AIRFLOW_CTX_DAG_OWNER=airflow
AIRFLOW_CTX_DAG_ID=fetch_news
AIRFLOW_CTX_TASK_ID=dowload_desc
AIRFLOW_CTX_EXECUTION_DATE=2022-03-07T00:00:00+00:00
AIRFLOW_CTX_DAG_RUN_ID=scheduled__2022-03-07T00:00:00+00:00
[2022-03-20 20:47:59,096] {bash.py:135} INFO - Tmp dir root location: 
 /tmp
[2022-03-20 20:47:59,099] {bash.py:158} INFO - Running command: curl -o news_nvidia_2022-03-07_2022-03-08.json https://newsapi.org/v2/everything -G -d from=2022-03-07 -d to=2022-03-08 -d language=en -d q=nvidia -d apiKey=1ddd1951b81c4e9eb662cc118c33ff6a
[2022-03-20 20:47:59,151] {bash.py:169} INFO - Output:
[2022-03-20 20:47:59,185] {bash.py:173} INFO -   % Total    % Received % Xferd  Average Speed   Time    Time     Time  Current
[2022-03-20 20:47:59,189] {bash.py:173} INFO -                                  Dload  Upload   Total   Spent    Left  Speed
[2022-03-20 20:47:59,480] {bash.py:173} INFO -   0     0    0     0    0     0      0      0 --:--:-- --:--:-- --:--:--     0  0     0    0     0    0     0      0      0 --:--:-- --:--:-- --:--:--     0100 17515  100 17515    0     0  58578      0 --:--:-- --:--:-- --:--:-- 58383
[2022-03-20 20:47:59,480] {bash.py:177} INFO - Command exited with return code 0
[2022-03-20 20:47:59,565] {taskinstance.py:1166} INFO - Marking task as SUCCESS. dag_id=fetch_news, task_id=dowload_desc, execution_date=20220307T000000, start_date=20220320T204758, end_date=20220320T204759
[2022-03-20 20:47:59,637] {taskinstance.py:1220} INFO - 1 downstream tasks scheduled from follow-on schedule check
[2022-03-20 20:47:59,682] {local_task_job.py:146} INFO - Task exited with return code 0
