[2022-03-20 15:06:41,309] {taskinstance.py:851} INFO - Dependencies all met for <TaskInstance: fetch_news.dowload_desc 2022-03-05T00:00:00+00:00 [queued]>
[2022-03-20 15:06:41,342] {taskinstance.py:851} INFO - Dependencies all met for <TaskInstance: fetch_news.dowload_desc 2022-03-05T00:00:00+00:00 [queued]>
[2022-03-20 15:06:41,343] {taskinstance.py:1042} INFO - 
--------------------------------------------------------------------------------
[2022-03-20 15:06:41,343] {taskinstance.py:1043} INFO - Starting attempt 2 of 2
[2022-03-20 15:06:41,343] {taskinstance.py:1044} INFO - 
--------------------------------------------------------------------------------
[2022-03-20 15:06:41,384] {taskinstance.py:1063} INFO - Executing <Task(BashOperator): dowload_desc> on 2022-03-05T00:00:00+00:00
[2022-03-20 15:06:41,421] {standard_task_runner.py:76} INFO - Running: ['airflow', 'tasks', 'run', 'fetch_news', 'dowload_desc', '2022-03-05T00:00:00+00:00', '--job-id', '41', '--pool', 'default_pool', '--raw', '--subdir', 'DAGS_FOLDER/fetch_news.py', '--cfg-path', '/tmp/tmpk6e3_zac', '--error-file', '/tmp/tmpotfyi5p8']
[2022-03-20 15:06:41,434] {standard_task_runner.py:77} INFO - Job 41: Subtask dowload_desc
[2022-03-20 15:06:41,388] {standard_task_runner.py:52} INFO - Started process 123 to run task
[2022-03-20 15:06:41,591] {logging_mixin.py:104} INFO - Running <TaskInstance: fetch_news.dowload_desc 2022-03-05T00:00:00+00:00 [running]> on host 0b08bfee94e8
[2022-03-20 15:06:41,737] {taskinstance.py:1257} INFO - Exporting the following env vars:
AIRFLOW_CTX_DAG_OWNER=airflow
AIRFLOW_CTX_DAG_ID=fetch_news
AIRFLOW_CTX_TASK_ID=dowload_desc
AIRFLOW_CTX_EXECUTION_DATE=2022-03-05T00:00:00+00:00
AIRFLOW_CTX_DAG_RUN_ID=scheduled__2022-03-05T00:00:00+00:00
[2022-03-20 15:06:41,737] {bash.py:135} INFO - Tmp dir root location: 
 /tmp
[2022-03-20 15:06:41,738] {bash.py:158} INFO - Running command: curl -o news_nvidia_2022-03-05_2022-03-06.json https://newsapi.org/v2/everything -G -d from=2022-03-05 -d to=2022-03-06 -d language=en -d q=nvidia -d apiKey=1ddd1951b81c4e9eb662cc118c33ff6a
[2022-03-20 15:06:41,759] {bash.py:169} INFO - Output:
[2022-03-20 15:06:41,859] {bash.py:173} INFO -   % Total    % Received % Xferd  Average Speed   Time    Time     Time  Current
[2022-03-20 15:06:41,861] {bash.py:173} INFO -                                  Dload  Upload   Total   Spent    Left  Speed
[2022-03-20 15:06:43,568] {bash.py:173} INFO -   0     0    0     0    0     0      0      0 --:--:-- --:--:-- --:--:--     0  0     0    0     0    0     0      0      0 --:--:--  0:00:01 --:--:--     0 38 16576   38  6339    0     0   3724      0  0:00:04  0:00:01  0:00:03  3837100 16576  100 16576    0     0   9386      0  0:00:01  0:00:01 --:--:--  9659
[2022-03-20 15:06:43,570] {bash.py:177} INFO - Command exited with return code 0
[2022-03-20 15:06:43,616] {taskinstance.py:1166} INFO - Marking task as SUCCESS. dag_id=fetch_news, task_id=dowload_desc, execution_date=20220305T000000, start_date=20220320T150641, end_date=20220320T150643
[2022-03-20 15:06:43,683] {taskinstance.py:1220} INFO - 0 downstream tasks scheduled from follow-on schedule check
[2022-03-20 15:06:43,707] {local_task_job.py:146} INFO - Task exited with return code 0
