[2022-03-27 12:08:17,932] {taskinstance.py:851} INFO - Dependencies all met for <TaskInstance: fetch_news.write_to_postgres 2022-03-25T00:00:00+00:00 [queued]>
[2022-03-27 12:08:17,942] {taskinstance.py:851} INFO - Dependencies all met for <TaskInstance: fetch_news.write_to_postgres 2022-03-25T00:00:00+00:00 [queued]>
[2022-03-27 12:08:17,942] {taskinstance.py:1042} INFO - 
--------------------------------------------------------------------------------
[2022-03-27 12:08:17,942] {taskinstance.py:1043} INFO - Starting attempt 1 of 1
[2022-03-27 12:08:17,942] {taskinstance.py:1044} INFO - 
--------------------------------------------------------------------------------
[2022-03-27 12:08:17,955] {taskinstance.py:1063} INFO - Executing <Task(PythonOperator): write_to_postgres> on 2022-03-25T00:00:00+00:00
[2022-03-27 12:08:17,957] {standard_task_runner.py:52} INFO - Started process 79 to run task
[2022-03-27 12:08:17,960] {standard_task_runner.py:76} INFO - Running: ['airflow', 'tasks', 'run', 'fetch_news', 'write_to_postgres', '2022-03-25T00:00:00+00:00', '--job-id', '793', '--pool', 'default_pool', '--raw', '--subdir', 'DAGS_FOLDER/fetch_news.py', '--cfg-path', '/tmp/tmp2eegiems', '--error-file', '/tmp/tmpfco4x738']
[2022-03-27 12:08:17,961] {standard_task_runner.py:77} INFO - Job 793: Subtask write_to_postgres
[2022-03-27 12:08:18,001] {logging_mixin.py:104} INFO - Running <TaskInstance: fetch_news.write_to_postgres 2022-03-25T00:00:00+00:00 [running]> on host dd6a275532f2
[2022-03-27 12:08:18,046] {taskinstance.py:1257} INFO - Exporting the following env vars:
AIRFLOW_CTX_DAG_OWNER=airflow
AIRFLOW_CTX_DAG_ID=fetch_news
AIRFLOW_CTX_TASK_ID=write_to_postgres
AIRFLOW_CTX_EXECUTION_DATE=2022-03-25T00:00:00+00:00
AIRFLOW_CTX_DAG_RUN_ID=scheduled__2022-03-25T00:00:00+00:00
[2022-03-27 12:08:18,054] {base.py:74} INFO - Using connection to: id: news_in. Host: postgres, Port: 5432, Schema: , Login: airflow, Password: XXXXXXXX, extra: None
[2022-03-27 12:08:18,057] {dbapi.py:180} INFO - Running statement: delete from NEWS.NEWS_COMPANY where cast('2022-03-25' as DATE) = cast(PUBLISH_DATE as DATE);

insert into NEWS.NEWS_COMPANY(COMPANY, SOURCE_NAME, AUTHOR, TITLE, DESCRIPTION, CONTENT, URL, IMG_URL, PUBLISH_DATE) 

                    values('nvidia','VentureBeat','George Lawton','Nvidia’s digital twin platform will change how scientists and engineers think','Nvidia has announced several significant upgrades to its scientific computing for digital twins platform and released these capabilities for widespread use.','Follow along with VentureBeats coverage from Nvidias GTC 2022 event &gt;&gt;

Nvidia has announced several significant upgrades to its scientific computing for digital twins platform and released the… [+8642 chars]','https://venturebeat.com/2022/03/25/nvidias-digital-twin-platform-will-change-how-scientists-and-engineers-think/','https://venturebeat.com/wp-content/uploads/2022/01/NVIDIA.jpg?w=1200&strip=all',cast('2022-03-25T14:28:38Z' as TIMESTAMP));

insert into NEWS.NEWS_COMPANY(COMPANY, SOURCE_NAME, AUTHOR, TITLE, DESCRIPTION, CONTENT, URL, IMG_URL, PUBLISH_DATE) 

                    values('nvidia','The Next Web','Thomas Macaulay','Nvidia’s latest AI wizardry turns 2D photos into 3D scenes in milliseconds','Nvidia events are renowned for mixing technical bravado with splashes of showmanship — and this year’s GTC conference was no exception. The company ended a week that introduced a new enterprise GPU and an Arm-based “superchip” with a trademark flashy demo. So…','Nvidia events are renowned for mixing technical bravado with splashes of showmanship and this years GTC conference was no exception.

The company ended a week that introduced a new enterprise GPU and… [+1050 chars]','https://thenextweb.com/news/nvidia-latest-ai-wizardry-turns-2d-photos-into-3d-scenes-in-milliseconds','https://img-cdn.tnwcdn.com/image/neural?filter_last=1&fit=1280%2C640&url=https%3A%2F%2Fcdn0.tnwcdn.com%2Fwp-content%2Fblogs.dir%2F1%2Ffiles%2F2022%2F03%2FNVIDIA-Research-Instant-NeRF-Image.jpg&signature=995be6c270f72e8df02361a4130e08bb',cast('2022-03-25T13:18:57Z' as TIMESTAMP));

insert into NEWS.NEWS_COMPANY(COMPANY, SOURCE_NAME, AUTHOR, TITLE, DESCRIPTION, CONTENT, URL, IMG_URL, PUBLISH_DATE) 

                    values('nvidia','PCGamesN','Phil Hayton','UK teens arrested in connection with Lapsus$ Microsoft hacks - PCGamesN','<ol><li>UK teens arrested in connection with Lapsus$ Microsoft hacks  PCGamesN

</li><li>London police arrest seven people over Lapsus$ hacks  Engadget

</li><li>Seven Arrested in Relation to LAPSUS$ Hacks Against Microsoft, Nvidia - IGN  IGN

</li><li>Seven …','Metropolitan Police has reportedly arrested seven teenagers in the UK connected to Lapsus$, the extortionist cyber-crime group that recently hacked Microsoft. According to the BBC, the gang’s suspect… [+1644 chars]','https://www.pcgamesn.com/microsoft/Lapsus-hackers-london-teenagers','https://www.pcgamesn.com/wp-content/uploads/2022/03/lapsus-microsoft-hack-teenagers.jpg',cast('2022-03-25T11:56:11Z' as TIMESTAMP));

insert into NEWS.NEWS_COMPANY(COMPANY, SOURCE_NAME, AUTHOR, TITLE, DESCRIPTION, CONTENT, URL, IMG_URL, PUBLISH_DATE) 

                    values('nvidia','Slashdot.org','BeauHD','UK Police Arrest 7 People In Connection With Lapsus$ Hacks','An anonymous reader quotes a report from TechCrunch: Police in the United Kingdom have arrested seven people over suspected connections to the Lapsus$ hacking group, which has in recent weeks targeted tech giants including Samsung, Nvidia, Microsoft and Okta.…','Police in the United Kingdom have arrested seven people over suspected connections to the Lapsus$ hacking group, which has in recent weeks targeted tech giants including Samsung, Nvidia, Microsoft an… [+2126 chars]','https://yro.slashdot.org/story/22/03/24/2215214/uk-police-arrest-7-people-in-connection-with-lapsus-hacks','https://a.fsdn.com/sd/topics/crime_64.png',cast('2022-03-25T00:02:00Z' as TIMESTAMP));

insert into NEWS.NEWS_COMPANY(COMPANY, SOURCE_NAME, AUTHOR, TITLE, DESCRIPTION, CONTENT, URL, IMG_URL, PUBLISH_DATE) 

                    values('nvidia','Reuters','Caroline Valetkevitch','US STOCKS-S&P 500 rises as financials gain with Treasury yields - Reuters','* Indexes: Dow up 0.2%, S&P up 0.3%, Nasdaq down 0.4% (Updates to afternoon trading, adds NEW YORK dateline)','(For a Reuters live blog on U.S., UK and European stock markets, click LIVE/ or type LIVE/ in a news window.)

* Financials rise with 10-yr yield

* Tech sector down

* Indexes: Dow up 0.2%, S&amp;P … [+2466 chars]','https://www.reuters.com/article/usa-stocks-idUSL2N2VS1TS','https://s1.reutersmedia.net/resources_v2/images/rcom-default.png?w=800',cast('2022-03-25T18:35:00Z' as TIMESTAMP));

insert into NEWS.NEWS_COMPANY(COMPANY, SOURCE_NAME, AUTHOR, TITLE, DESCRIPTION, CONTENT, URL, IMG_URL, PUBLISH_DATE) 

                    values('nvidia','DIYphotography','John Aldred','This crazy new NVIDIA tech turns 2D photos into fully 3D scenes in seconds','Creating 3-dimensional worlds and objects from flat 2-dimensional photographs isn’t a new concept. It’s been happening for years. In the early days (and still often, today), we used photographs inside 3D modelling software as reference images for our 3D creat…','Creating 3-dimensional worlds and objects from flat 2-dimensional photographs isnt a new concept. Its been happening for years. In the early days (and still often, today), we used photographs inside … [+3506 chars]','https://www.diyphotography.net/this-crazy-new-nvidia-tech-turns-2d-photos-into-fully-3d-scenes-in-seconds/','https://www.diyphotography.net/wp-content/uploads/2022/03/nvidia-nerf.jpg',cast('2022-03-25T13:00:08Z' as TIMESTAMP));

insert into NEWS.NEWS_COMPANY(COMPANY, SOURCE_NAME, AUTHOR, TITLE, DESCRIPTION, CONTENT, URL, IMG_URL, PUBLISH_DATE) 

                    values('nvidia','Dpreview.com','Jeremy Gray','NVIDIA Instant NeRF tech converts 2D photos into 3D scenes in the "blink of an AI"','We all know that a traditional camera captures a 3D scene into a 2D image. What about the reverse? Is there a way to convert 2D images into a realistic 3D scene? AI engineers with NVIDIA Research are working on inverse rendering, which is a process that uses …','We all know that a traditional camera captures a 3D scene into a 2D image. What about the reverse? Is there a way to convert 2D images into a realistic 3D scene? AI engineers with NVIDIA Research are… [+2698 chars]','https://www.dpreview.com/news/7507822053/nvidia-instant-nerf-tech-converts-2d-photos-into-3d-scenes-in-the-blink-of-an-ai','https://3.img-dpreview.com/files/p/E~TS940x788~articles/7507822053/nvidia-research-instant-nerf-banner.jpeg',cast('2022-03-25T20:12:00Z' as TIMESTAMP));

insert into NEWS.NEWS_COMPANY(COMPANY, SOURCE_NAME, AUTHOR, TITLE, DESCRIPTION, CONTENT, URL, IMG_URL, PUBLISH_DATE) 

                    values('nvidia','Vice News','Matthew Gault, Emanuel Maiberg','The Rise of the Hacking Group LAPSUS$','Members of the hacking group have been arrested and it turns out they’re mostly teenagers.','It started with SIM swapping and escalated into hacks of Okta, Microsoft, Nvidia, and EA. They’re LAPSUS$, a hacking collective that’s been the boogeyman of big corporations for the past few years. P… [+716 chars]','https://www.vice.com/en/article/wxdynm/the-rise-of-the-hacking-group-lapsusdollar','https://video-images.vice.com/articles/623caa7799fbf7009d53c960/lede/1648143123304-gettyimages-1237280628.jpeg?image-resize-opts=Y3JvcD0xeHc6MC44Nzg0NDg3MjQ2MjI1OTI0eGg7Y2VudGVyLGNlbnRlciZyZXNpemU9MTIwMDoqJnJlc2l6ZT0xMjAwOio',cast('2022-03-25T13:00:00Z' as TIMESTAMP));

insert into NEWS.NEWS_COMPANY(COMPANY, SOURCE_NAME, AUTHOR, TITLE, DESCRIPTION, CONTENT, URL, IMG_URL, PUBLISH_DATE) 

                    values('nvidia','PetaPixel','Jaron Schneider','NVIDIA’s New Tech Can Turn A Set of Photos into 3D Scenes in Seconds','NVIDIA"s Instant NeRF is a neural rendering model that can produce a 3D scene from 2D data inputs in seconds and can render images of that scene in milliseconds.

[Read More]','NVIDIA’s Instant NeRF is a neural rendering model that can produce a 3D scene from 2D data inputs in seconds and can render images of that scene in milliseconds. 

The process is known as inverse ren… [+3298 chars]','https://petapixel.com/2022/03/25/nvidias-new-tech-can-turn-a-set-of-photos-into-3d-scenes-in-seconds/','https://petapixel.com/assets/uploads/2022/03/NVIDIAs-New-Tech-Can-Turn-A-Set-of-Photos-into-3D-Scenes-in-Seconds.jpg',cast('2022-03-25T14:19:22Z' as TIMESTAMP));

insert into NEWS.NEWS_COMPANY(COMPANY, SOURCE_NAME, AUTHOR, TITLE, DESCRIPTION, CONTENT, URL, IMG_URL, PUBLISH_DATE) 

                    values('nvidia','Android Central','carli.velocci@futurenet.com (Carli Velocci)','Samsung trying to make more people gamers with Gaming Hub','Cloud game streaming and smart TVs haven"t worked well together. The Samsung Gaming Hub wants to change that.','<ul><li>Samsung held a sponsored talk at Game Developers Conference (GDC) on Thursday to discuss the goals behind the Samsung Gaming Hub.</li><li>The service, which will be coming to at least 2022 Sa… [+3831 chars]','https://www.androidcentral.com/gaming/samsung-trying-to-make-more-people-gamers-with-gaming-hub','https://cdn.mos.cms.futurecdn.net/Rw6EAw4SLXekhkeR8r5EWa-1200-80.jpg',cast('2022-03-25T00:55:48Z' as TIMESTAMP));

insert into NEWS.NEWS_COMPANY(COMPANY, SOURCE_NAME, AUTHOR, TITLE, DESCRIPTION, CONTENT, URL, IMG_URL, PUBLISH_DATE) 

                    values('nvidia','HYPEBEAST','info@hypebeast.com (HYPEBEAST), HYPEBEAST','Microsoft, NVIDIA and Ubisoft Believed to Have Been Hacked by 16-Year-Old','A suspect has now been found for the recent hacks that hit some of the biggest tech giants, including Microsoft, Samsung, NVIDIA and Ubisoft, and investigators now believe it"s a 16-year-old teenager.According to a new report from Bloomberg, while the compani…','A suspect has now been found for the recent hacks that hit some of the biggest tech giants, including Microsoft, Samsung, NVIDIA and Ubisoft, and investigators now believe it’s a 16-year-old teenager… [+1259 chars]','https://hypebeast.com/2022/3/microsoft-nvidia-ubisoft-samsung-hacked-by-teenager-suspect','https://image-cdn.hypb.st/https%3A%2F%2Fhypebeast.com%2Fimage%2F2022%2F03%2Fmicrosoft-nvidia-ubisoft-samsung-hacked-by-teenager-suspect-tw.jpg?w=960&cbr=1&q=90&fit=max',cast('2022-03-25T09:10:13Z' as TIMESTAMP));

insert into NEWS.NEWS_COMPANY(COMPANY, SOURCE_NAME, AUTHOR, TITLE, DESCRIPTION, CONTENT, URL, IMG_URL, PUBLISH_DATE) 

                    values('nvidia','Theregister.com','Katyanna Quach','Supercomputer to train 176-billion-parameter open-source AI language model','BigScience is a collaborative effort by developers volunteering to make ML research more accessible

GTC BigScience – a team made up of roughly a thousand developers around the world – has started training its 176-billion-parameter open-source AI language mode…','GTC BigScience a team made up of roughly a thousand developers around the world has started training its 176-billion-parameter open-source AI language model in a bid to advance research into natural … [+3782 chars]','https://www.theregister.com/2022/03/25/supercomputer_language_ai/','https://regmedia.co.uk/2015/07/31/shutterstock217132183.jpg',cast('2022-03-25T07:34:05Z' as TIMESTAMP));

insert into NEWS.NEWS_COMPANY(COMPANY, SOURCE_NAME, AUTHOR, TITLE, DESCRIPTION, CONTENT, URL, IMG_URL, PUBLISH_DATE) 

                    values('nvidia','Motley Fool','newsfeedback@fool.com (Eric Cuka)','Nvidia GTC 2022: Top 5 Keynote Announcements','Nvidia"s stock has been on fire this week, and for good reason. Is NVDA stock still a buy now?','Nvidia( NVDA -0.76% ) had its GTC global AI conference this week, and the announcements left me speechless. Nvidia is not just a semiconductor company any longer. Nvidia is a platform.

The company a… [+1066 chars]','https://www.fool.com/investing/2022/03/25/nvidia-gtc-2022-top-5-keynote-announcements/','https://g.foolcdn.com/editorial/images/671886/nvda-gtc.jpg',cast('2022-03-25T14:00:00Z' as TIMESTAMP));

insert into NEWS.NEWS_COMPANY(COMPANY, SOURCE_NAME, AUTHOR, TITLE, DESCRIPTION, CONTENT, URL, IMG_URL, PUBLISH_DATE) 

                    values('nvidia','Motley Fool','newsfeedback@fool.com (Harsh Chauhan)','Better Metaverse Stock: Nvidia vs. AMD','Which one of these chip giants is a better bet on the metaverse?','The metaverse is going to unlock a massive opportunity for chipmakers such as Nvidia( NVDA 9.81% ) and Advanced Micro Devices( AMD 5.80% ), as powering this tech trend will require loads of computing… [+7954 chars]','https://www.fool.com/investing/2022/03/25/better-metaverse-stock-nvidia-vs-amd/','https://g.foolcdn.com/editorial/images/671713/metaverse-man-headset.jpg',cast('2022-03-25T12:42:31Z' as TIMESTAMP));

insert into NEWS.NEWS_COMPANY(COMPANY, SOURCE_NAME, AUTHOR, TITLE, DESCRIPTION, CONTENT, URL, IMG_URL, PUBLISH_DATE) 

                    values('nvidia','Motley Fool','newsfeedback@fool.com (Rich Smith)','Why Nvidia Stock Dropped on Friday','FAANG is so last year -- but Bank of America just dropped a new acronym on us.','What happened

Nvidia( NVDA -2.04% ) stock was one of the strongest performers out of a group of many strong performing semiconductor stocks Thursday -- and for good reason. On Thursday, Nvidia sketc… [+2328 chars]','https://www.fool.com/investing/2022/03/25/why-nvidia-stock-dropped-on-friday/','https://g.foolcdn.com/editorial/images/672005/chalkboard-drawing-of-stock-chart-arrow-going-up-being-erased-and-pointing-back-down.jpg',cast('2022-03-25T17:33:24Z' as TIMESTAMP));

insert into NEWS.NEWS_COMPANY(COMPANY, SOURCE_NAME, AUTHOR, TITLE, DESCRIPTION, CONTENT, URL, IMG_URL, PUBLISH_DATE) 

                    values('nvidia','Engadget','Mariella Moon','NVIDIA"s NeRF AI instantly turns 2D photos into 3D objects','NVIDIA has developed a new NeRF technique — the fastest one to date, the company claims — that only needs seconds to train and to generate a 3D scene.','A new technology called Neural Radiance Field or NeRF involves training AI algorithms to enable the creation of 3D objects from two-dimensional photos. NeRF has the capability to fill in the blanks, … [+1773 chars]','https://www.engadget.com/nvidia-instant-nerf-artificial-intelligence-130015116.html','https://s.yimg.com/ny/api/res/1.2/7Hv8li7xvDD.AxvL7tZn.Q--/YXBwaWQ9aGlnaGxhbmRlcjt3PTEyMDA7aD02ODA-/https://s.yimg.com/os/creatr-uploaded-images/2022-03/1f96b900-ac2d-11ec-bfeb-888f2df5a16e',cast('2022-03-25T13:00:15Z' as TIMESTAMP));

insert into NEWS.NEWS_COMPANY(COMPANY, SOURCE_NAME, AUTHOR, TITLE, DESCRIPTION, CONTENT, URL, IMG_URL, PUBLISH_DATE) 

                    values('nvidia','Motley Fool','newsfeedback@fool.com (Jose Najarro)','Nvidia Continues to Prove Why It"s a Top Stock to Own','Can Nvidia"s stock price keep climbing?','Nvidia ( NVDA 9.81% ) has become more than a hardware company, as it now provides software and infrastructure solutions to its customers. Today"s video focuses on the recent products Nvidia announced… [+1235 chars]','https://www.fool.com/investing/2022/03/25/nvidia-continues-to-prove-why-its-a-top-stock-to-o/','https://g.foolcdn.com/editorial/images/671803/copy-of-copy-of-copy-of-copy-of-copy-of-copy-of-copy-of-copy-of-buy-or-pass-template-2022-03-24t121133624.png',cast('2022-03-25T11:00:00Z' as TIMESTAMP));

insert into NEWS.NEWS_COMPANY(COMPANY, SOURCE_NAME, AUTHOR, TITLE, DESCRIPTION, CONTENT, URL, IMG_URL, PUBLISH_DATE) 

                    values('nvidia','Motley Fool','newsfeedback@fool.com (Harsh Chauhan)','Tech Sell-Off: 2 Top Stocks to Buy and Never Sell','These stocks have started rallying, but investors still have a window to buy them.','The Nasdaq-100 Technology Sector index showed signs of a turnaround last week after a torrid time so far this year, but the index is still down 15% in 2022.

The broader recovery in tech stocks has a… [+6556 chars]','https://www.fool.com/investing/2022/03/25/tech-sell-off-2-top-stocks-to-buy-and-never-sell/','https://g.foolcdn.com/editorial/images/671716/man-smartphone-chart-thinking.jpg',cast('2022-03-25T12:10:00Z' as TIMESTAMP));

insert into NEWS.NEWS_COMPANY(COMPANY, SOURCE_NAME, AUTHOR, TITLE, DESCRIPTION, CONTENT, URL, IMG_URL, PUBLISH_DATE) 

                    values('nvidia','Phandroid - News for Android','Mike V.','SteelSeries Launches New Controller Designed for Android and Chromebook Gamers','SteelSeries" newest controller is designed for Android and Chromebook gamers.

The post SteelSeries Launches New Controller Designed for Android and Chromebook Gamers first appeared on Phandroid.','If you’re looking for a controller designed specifically to work with your Android phone or Chromebook, then you’re in luck – SteelSeries has recently launched its newest addition to its controller l… [+1713 chars]','https://phandroid.com/2022/03/25/steelseries-launches-new-controller-designed-for-android-and-chromebook-gamers/','https://phandroid.com/wp-content/uploads/2022/03/steel-series-stratus-plus-640x360.png',cast('2022-03-25T17:34:55Z' as TIMESTAMP));

insert into NEWS.NEWS_COMPANY(COMPANY, SOURCE_NAME, AUTHOR, TITLE, DESCRIPTION, CONTENT, URL, IMG_URL, PUBLISH_DATE) 

                    values('nvidia','Internet','noreply@blogger.com (Ravie Lakshmanan)','7 Suspected Members of LAPSUS$ Hacker Gang, Aged 16 to 21, Arrested in U.K.','The City of London Police has arrested seven teenagers between the ages of 16 and 21 for their alleged connections to the prolific LAPSUS$ extortion gang that"s linked to a recent burst of attacks targeting NVIDIA, Samsung, Ubisoft, LG, Microsoft, and Okta.

T…','The City of London Police has arrested seven teenagers between the ages of 16 and 21 for their alleged connections to the prolific LAPSUS$ extortion gang that"s linked to a recent burst of attacks ta… [+2664 chars]','https://thehackernews.com/2022/03/7-suspected-members-of-lapsus-hacker.html','https://thehackernews.com/new-images/img/b/R29vZ2xl/AVvXsEhlSro07SZYcxKPq1-4M-Eu4A3MwDZ8tXysf8CdYIIL9Ki5T49vudDXkjjSsYP7P70CnRUrSbBWpGWNxOK-WHWyBypfdqceu54pJvzJYETmYoh09zKkADPLqdeSgeux38hfpEsF8cZdjL6xIlLMbht1pmThDQaLHWXXUrf9RBfWyPIxhRCNpALz9EzX/s728-e1000/LAPSUS-hackers.jpg',cast('2022-03-25T11:59:22Z' as TIMESTAMP));
, parameters: None
[2022-03-27 12:08:18,060] {dbapi.py:186} INFO - Rows affected: 1
[2022-03-27 12:08:18,064] {python.py:118} INFO - Done. Returned value was: None
[2022-03-27 12:08:18,075] {taskinstance.py:1166} INFO - Marking task as SUCCESS. dag_id=fetch_news, task_id=write_to_postgres, execution_date=20220325T000000, start_date=20220327T120817, end_date=20220327T120818
[2022-03-27 12:08:18,099] {taskinstance.py:1220} INFO - 0 downstream tasks scheduled from follow-on schedule check
[2022-03-27 12:08:18,135] {local_task_job.py:146} INFO - Task exited with return code 0
