[2022-03-20 21:18:54,472] {taskinstance.py:851} INFO - Dependencies all met for <TaskInstance: fetch_news.prepare_insert 2022-03-08T00:00:00+00:00 [queued]>
[2022-03-20 21:18:54,528] {taskinstance.py:851} INFO - Dependencies all met for <TaskInstance: fetch_news.prepare_insert 2022-03-08T00:00:00+00:00 [queued]>
[2022-03-20 21:18:54,529] {taskinstance.py:1042} INFO - 
--------------------------------------------------------------------------------
[2022-03-20 21:18:54,529] {taskinstance.py:1043} INFO - Starting attempt 4 of 4
[2022-03-20 21:18:54,529] {taskinstance.py:1044} INFO - 
--------------------------------------------------------------------------------
[2022-03-20 21:18:54,567] {taskinstance.py:1063} INFO - Executing <Task(PythonOperator): prepare_insert> on 2022-03-08T00:00:00+00:00
[2022-03-20 21:18:54,576] {standard_task_runner.py:52} INFO - Started process 737 to run task
[2022-03-20 21:18:54,592] {standard_task_runner.py:76} INFO - Running: ['airflow', 'tasks', 'run', 'fetch_news', 'prepare_insert', '2022-03-08T00:00:00+00:00', '--job-id', '350', '--pool', 'default_pool', '--raw', '--subdir', 'DAGS_FOLDER/fetch_news.py', '--cfg-path', '/tmp/tmpbe8p6tcj', '--error-file', '/tmp/tmp5lsip37u']
[2022-03-20 21:18:54,592] {standard_task_runner.py:77} INFO - Job 350: Subtask prepare_insert
[2022-03-20 21:18:54,836] {logging_mixin.py:104} INFO - Running <TaskInstance: fetch_news.prepare_insert 2022-03-08T00:00:00+00:00 [running]> on host e39215f0be5b
[2022-03-20 21:18:55,495] {taskinstance.py:1257} INFO - Exporting the following env vars:
AIRFLOW_CTX_DAG_OWNER=airflow
AIRFLOW_CTX_DAG_ID=fetch_news
AIRFLOW_CTX_TASK_ID=prepare_insert
AIRFLOW_CTX_EXECUTION_DATE=2022-03-08T00:00:00+00:00
AIRFLOW_CTX_DAG_RUN_ID=scheduled__2022-03-08T00:00:00+00:00
[2022-03-20 21:18:55,499] {logging_mixin.py:104} INFO - /tmp/news_nvidia.sql
[2022-03-20 21:18:55,500] {logging_mixin.py:104} INFO - insert into NEWS.NEWS_COMPANY(COMPANY, SOURCE_NAME, AUTHOR, TITLE, DESCRIPTION, CONTENT, URL, IMG_URL, PUBLISH_DATE) 
                    values('nvidia','Engadget','Mariella Moon','GM to buy out SoftBank"s stake in Cruise self-driving unit','General Motors is acquiring SoftBank"s stake in Cruise and pouring even more money into the self-driving unit it purchased in 2016. The auto giant has announced that it"s buying out SoftBank Vision Fund 1"s equity ownership into the company that"s worth $2.1 …','General Motors is acquiring SoftBank"s stake in Cruise and pouring even more money into the self-driving unit it purchased in 2016. The auto giant has announced that it"s buying out SoftBank Vision F… [+1581 chars]','https://www.engadget.com/gm-to-buy-out-soft-bank-and-invest-35-billion-more-into-cruise-141657567.html','https://s.yimg.com/os/creatr-uploaded-images/2022-03/78c88300-a77d-11ec-b575-85505b0b8629','2022-03-19T14:17:08Z');
insert into NEWS.NEWS_COMPANY(COMPANY, SOURCE_NAME, AUTHOR, TITLE, DESCRIPTION, CONTENT, URL, IMG_URL, PUBLISH_DATE) 
                    values('nvidia','VentureBeat','Dean Takahashi','Greg Estes interview: What to expect at Nvidia’s GTC event','Nvidia wasn’t able to pull off its $80 billion acquisition of Arm, but the AI and graphics chip giant still has plenty to talk about at its upcoming Nvidia GTC online conference from March 21 to March 24. Greg Estes, vice president of developer programs at Nv…','Did you miss a session at the Data Summit? Watch On-Demand Here.
Nvidia wasnt able to pull off its $80 billion acquisition of Arm, but the AI and graphics chip giant still has plenty to talk about a… [+1193 chars]','https://venturebeat.com/2022/03/18/greg-estes-interview-what-to-expect-at-nvidias-gtc-event/','https://venturebeat.com/wp-content/uploads/2022/03/NVIDIA-Earth-2.jpg?w=1200&strip=all','2022-03-18T13:30:00Z');
insert into NEWS.NEWS_COMPANY(COMPANY, SOURCE_NAME, AUTHOR, TITLE, DESCRIPTION, CONTENT, URL, IMG_URL, PUBLISH_DATE) 
                    values('nvidia','Kotaku','Zack Zwiezen','Warehouse Employees Steal Over $35,000 Worth Of Video Cards','Three men in Russia were reportedly arrested after stealing 20 Nvidia RTX 3070 TIs from a suburban warehouse. While they successfully made off with the video cards, a haul worth nearly $38,000 USD, they were arrested after trying to sell them to local pawn sh…','Three men in Russia were reportedly arrested after stealing 20 Nvidia RTX 3070 TIs from a suburban warehouse. While they successfully made off with the video cards, a haul worth nearly $38,000 USD, t… [+1811 chars]','https://kotaku.com/video-cards-stolen-warehouse-crime-videogame-rtx-3070-r-1848676335','https://i.kinja-img.com/gawker-media/image/upload/c_fill,f_auto,fl_progressive,g_center,h_675,pg_1,q_80,w_1200/4de4464fcadd121cfa9373deb969a0b8.jpg','2022-03-19T16:03:41Z');
insert into NEWS.NEWS_COMPANY(COMPANY, SOURCE_NAME, AUTHOR, TITLE, DESCRIPTION, CONTENT, URL, IMG_URL, PUBLISH_DATE) 
                    values('nvidia','Digital Trends','Monica J. White','20 Nvidia RTX 3070 Ti GPUs stolen from warehouse in Russia','Twenty Nvidia GeForce RTX 3070 Ti graphics cards have been stolen from a Russian warehouse, but the plan didn"t end well for the employees accused of the crime.','In a quiet heist gone wrong, 20 Nvidia GeForce RTX 3070 Ti graphics cards have been stolen from a Russian warehouse, allegedly by its employees.
Worth around $38,000, the graphics cards were success… [+2274 chars]','https://www.digitaltrends.com/computing/russian-warehouse-workers-steal-20-rtx-3070-ti-gpus/','https://icdn.digitaltrends.com/image/digitaltrends/screen-shot-2022-03-18-at-11-45-57-am.jpg','2022-03-18T19:36:17Z');
insert into NEWS.NEWS_COMPANY(COMPANY, SOURCE_NAME, AUTHOR, TITLE, DESCRIPTION, CONTENT, URL, IMG_URL, PUBLISH_DATE) 
                    values('nvidia','Digital Trends','Zak Islam','Nvidia’s RTX 3080 GPU just received a record price cut','One of the most popular graphics cards on the market, the Nvidia RTX 3080, has seen one of its biggest official price cuts since the GPU shortage began.','One of the most popular graphics cards on the market, the Nvidia RTX 3080, has seen one of its biggest official price cuts since the GPU shortage began.
Providing further proof that the video card i… [+2347 chars]','https://www.digitaltrends.com/computing/nvidia-rtx-3080-gpu-just-received-a-record-price-cut/','https://icdn.digitaltrends.com/image/digitaltrends/rtx-3080-07_new.jpg','2022-03-18T16:56:05Z');
insert into NEWS.NEWS_COMPANY(COMPANY, SOURCE_NAME, AUTHOR, TITLE, DESCRIPTION, CONTENT, URL, IMG_URL, PUBLISH_DATE) 
                    values('nvidia','Windows Central','Ben Wilson','Discover the best PC under $1,000 for gamers and the home office','Pre-built computers can save you from the hassle of researching compatible components and troubleshooting hardware errors, focusing instead on finding a machine suited for specific games or software. PC gaming is notorious for being the more expensive choice …','Best
PC under $1,000
Windows Central2022
Pre-built computers can save you from the hassle of researching compatible components and troubleshooting hardware errors, focusing instead on finding a ma… [+3185 chars]','https://www.windowscentral.com/best-pc-under-1000','https://www.windowscentral.com/sites/wpcentral.com/files/styles/large/public/field/image/2022/03/cyberpowerpc-gamer-master-promo.jpg','2022-03-18T12:00:02Z');
insert into NEWS.NEWS_COMPANY(COMPANY, SOURCE_NAME, AUTHOR, TITLE, DESCRIPTION, CONTENT, URL, IMG_URL, PUBLISH_DATE) 
                    values('nvidia','MSPoweruser','Alex Atkin','Nvidia is letting you win one of its illusive RTX 3090s','Nvidia has announced a sweepstakes competition to let you win one of its ever-illusive GeForce RTX 3090s, so long as you jump through a few hoops first.  Nvidia has announced that in celebration of their upcoming 2022 Graphics Technology Conference they will …','Nvidia has announced a sweepstakes competition to let you win one of its ever-illusive GeForce RTX 3090s, so long as you jump through a few hoops first. 
Nvidia has announced that in celebration of … [+1150 chars]','https://mspoweruser.com/nvidia-is-letting-you-win-one-of-its-rtx-3090s/','https://mspoweruser.com/wp-content/uploads/2022/03/Nvidia-RTX-3090-Giveaway-180322.jpg','2022-03-18T15:34:12Z');
insert into NEWS.NEWS_COMPANY(COMPANY, SOURCE_NAME, AUTHOR, TITLE, DESCRIPTION, CONTENT, URL, IMG_URL, PUBLISH_DATE) 
                    values('nvidia','Motley Fool','newsfeedback@fool.com (Harsh Chauhan)','Nvidia Stock: Bear vs. Bull','Is now the time to buy this beaten-down tech giant?','With Nvidia( NVDA 1.10% ) stock losing 22% of its value since the beginning of December 2021, savvy investors may be wondering if it is a good time to buy shares of this graphics cards specialist who… [+4801 chars]','https://www.fool.com/investing/2022/03/18/nvidia-stock-bear-vs-bull/','https://g.foolcdn.com/editorial/images/670837/bear-bull-man.jpg','2022-03-18T11:39:00Z');
insert into NEWS.NEWS_COMPANY(COMPANY, SOURCE_NAME, AUTHOR, TITLE, DESCRIPTION, CONTENT, URL, IMG_URL, PUBLISH_DATE) 
                    values('nvidia','MarketBeat','Sean Sechler','2 Intriguing Stock Splits to Buy Now','In 2022, we"ve received stock split announcements from some of the biggest tech companies in the world, Amazon and Alphabet. While the news has been met with underwhelming reactions thus...','Stock Splits Can Attract New Retail Buyers and Ignite Rallies
A companys board of directors decides to pursue a stock split for a number of different reasons, including boosting a stocks liquidity a… [+4559 chars]','https://www.marketbeat.com/originals/2-intriguing-stock-splits-to-buy-now/','https://assets.entrepreneur.com/providers/marketbeat/hero-image-marketbeat-422554.jpeg','2022-03-18T10:00:00Z');
insert into NEWS.NEWS_COMPANY(COMPANY, SOURCE_NAME, AUTHOR, TITLE, DESCRIPTION, CONTENT, URL, IMG_URL, PUBLISH_DATE) 
                    values('nvidia','Motley Fool','newsfeedback@fool.com (Jose Najarro)','Nvidia Is on an Acquisition Shopping Spree','Nvidia investors should be aware of these upcoming events.','Today"s video focuses on Nvidia"s ( NVDA 6.81% ) recent stock price action, acquisition updates, and events that investors should watch. Here are some highlights from the video. 
<ul><li>Nvidia will… [+998 chars]','https://www.fool.com/investing/2022/03/19/nvidia-is-on-an-acquisition-shopping-spree/','https://g.foolcdn.com/editorial/images/671057/copy-of-copy-of-copy-of-copy-of-copy-of-copy-of-copy-of-copy-of-buy-or-pass-template-2022-03-18t100121957.png','2022-03-19T14:00:00Z');
insert into NEWS.NEWS_COMPANY(COMPANY, SOURCE_NAME, AUTHOR, TITLE, DESCRIPTION, CONTENT, URL, IMG_URL, PUBLISH_DATE) 
                    values('nvidia','Motley Fool','newsfeedback@fool.com (Leo Sun)','Better Buy: Meta Platforms vs. Nvidia','Which tech giant is the better long-term investment today?','Meta Platforms( FB 4.16% ) and Nvidia( NVDA 6.81% ) both seemed like unstoppable growth stocks in 2021. After the initial COVID lockdowns, a surge in advertising growth drove Meta"s stock to an all-t… [+5393 chars]','https://www.fool.com/investing/2022/03/19/better-buy-meta-platforms-vs-nvidia/','https://g.foolcdn.com/editorial/images/670864/gettyimages-1322205515.jpg','2022-03-19T13:00:00Z');
insert into NEWS.NEWS_COMPANY(COMPANY, SOURCE_NAME, AUTHOR, TITLE, DESCRIPTION, CONTENT, URL, IMG_URL, PUBLISH_DATE) 
                    values('nvidia','Motley Fool','newsfeedback@fool.com (Rich Smith)','Why Nvidia Stock Moved Even Higher Today','TheVerge.com had some good news for Nvidia investors.','What happened
After falling early in Thursday"s trading session, Nvidia( NVDA 5.25% ) pulled out of a deep dive to finish the day up by 1.1%. On Friday, it has been building on that momentum to post… [+1904 chars]','https://www.fool.com/investing/2022/03/18/why-nvidia-stock-moved-even-higher-today/','https://g.foolcdn.com/editorial/images/671062/blue-semiconductor-computer-chip.jpg','2022-03-18T17:20:25Z');
insert into NEWS.NEWS_COMPANY(COMPANY, SOURCE_NAME, AUTHOR, TITLE, DESCRIPTION, CONTENT, URL, IMG_URL, PUBLISH_DATE) 
                    values('nvidia','Motley Fool','newsfeedback@fool.com (Chris Neiger)','Why Nvidia Stock Rocketed 18% Higher This Week','Positive notes from analysts helped push the tech stock higher.','What happened 
Shares of Nvidia( NVDA 5.66% ), a semiconductor company, skyrocketed this week after several analysts indicated that the technology giant offers investors some fantastic opportunities… [+2220 chars]','https://www.fool.com/investing/2022/03/18/why-nvidia-stock-rocketed-18-higher-this-week/','https://g.foolcdn.com/editorial/images/671047/gettyimages-1313939390.jpg','2022-03-18T15:47:44Z');
insert into NEWS.NEWS_COMPANY(COMPANY, SOURCE_NAME, AUTHOR, TITLE, DESCRIPTION, CONTENT, URL, IMG_URL, PUBLISH_DATE) 
                    values('nvidia','Phandroid - News for Android','Andrew','Google wants you to use a Chromebook with those sweet gaming monitors','During the Google for Games Developer Summit, held earlier this week, Google surprised everyone by somewhat formally announcing Steam for ChromeOS. Without going into too much detail, Google only revealed that Steam Alpha was becoming available for developers…','During the Google for Games Developer Summit, held earlier this week, Google surprised everyone by somewhat formally announcing Steam for ChromeOS. Without going into too much detail, Google only rev… [+1778 chars]','https://phandroid.com/2022/03/18/google-wants-you-to-use-a-chromebook-with-those-sweet-gaming-monitors/','https://phandroid.com/wp-content/uploads/2021/06/Acer-Chromebook-Spin-514-Review-6-640x427.jpg','2022-03-18T20:21:05Z');
insert into NEWS.NEWS_COMPANY(COMPANY, SOURCE_NAME, AUTHOR, TITLE, DESCRIPTION, CONTENT, URL, IMG_URL, PUBLISH_DATE) 
                    values('nvidia','Motley Fool','newsfeedback@fool.com (Chris Neiger)','3 Metaverse Stocks to Buy Right Now','The metaverse is coming, and these companies are ready for it.','Maybe you already know a lot about what the metaverse is, or maybe, like most people, you"ve heard the term but aren"t exactly sure what it means. For those who fall into the latter category, the met… [+5087 chars]','https://www.fool.com/investing/2022/03/18/3-metaverse-stocks-to-buy-right-now/','https://g.foolcdn.com/editorial/images/670887/gettyimages-1348369701.jpg','2022-03-18T11:55:00Z');
insert into NEWS.NEWS_COMPANY(COMPANY, SOURCE_NAME, AUTHOR, TITLE, DESCRIPTION, CONTENT, URL, IMG_URL, PUBLISH_DATE) 
                    values('nvidia','Motley Fool','newsfeedback@fool.com (Jeff Santoro)','2 Smartest Tech Stocks To Buy in 2022 and Beyond','Despite the tech sector sell-off, there are strong businesses on sale that are smart buys for investors.','When it comes to investing in the tech space, not many investors have felt smart over the past year. With the Nasdaq officially in a bear market (a 20% drop from recent highs), there are a bunch of u… [+4114 chars]','https://www.fool.com/investing/2022/03/18/2-smartest-tech-stocks-to-buy-in-2022-and-beyond/','https://g.foolcdn.com/editorial/images/670688/gettyimages-1305158903.jpg','2022-03-18T10:50:00Z');
insert into NEWS.NEWS_COMPANY(COMPANY, SOURCE_NAME, AUTHOR, TITLE, DESCRIPTION, CONTENT, URL, IMG_URL, PUBLISH_DATE) 
                    values('nvidia','Forbes','Jim McGregor, Contributor, 
 Jim McGregor, Contributor
 https://www.forbes.com/sites/tiriasresearch/people/jimmcgregor/','Nvidia’s GTC Provides A Glimpse At A World Full Of Autonomous Machines','2022 GTC will feature just shy of 1,000 sessions, including keynotes, technical tutorials, panel discussions, and roundtable discussions with technical experts. There will also be demonstrations, vendor meetings, and other special events.','A group of Moxi caregiver assistant autonomous robots from Diligent Robotics
Diligent Robotics
There are a few must-attend technology conferences, even when they are held virtually. One of those is… [+3996 chars]','https://www.forbes.com/sites/tiriasresearch/2022/03/18/nvidias-gtc-provides-a-glimpse-at-a-world-full-of-autonomous-machines/','https://imageio.forbes.com/specials-images/imageserve/6234ac9cf1cb7cd5f2614251/0x0.jpg?format=jpg&width=1200&fit=bounds','2022-03-18T16:08:02Z');
insert into NEWS.NEWS_COMPANY(COMPANY, SOURCE_NAME, AUTHOR, TITLE, DESCRIPTION, CONTENT, URL, IMG_URL, PUBLISH_DATE) 
                    values('nvidia','AnandTech','Ganesh T S','Cincoze DS-1300 Industrial PC Review: Xeon-Powered Do-it-All','Industrial PCs are meant for 24x7 deployment in a wide range of environments. This brings in a host of requirements such as wide operating temperature range, ruggedness, regulatory requirements, support for specific I/O types, etc. Most industrial PCs are pas…','Industrial PCs are meant for 24x7 deployment in a wide range of environments. This brings in a host of requirements that are often disregarded by traditional consumer PCs - wide operating temperature… [+6432 chars]','https://www.anandtech.com/show/17312/cincoze-ds1300-industrial-pc-review-xeonpowered-doitall','https://images.anandtech.com/doci/17312/carousel_678x452.jpg','2022-03-18T12:00:00Z');
insert into NEWS.NEWS_COMPANY(COMPANY, SOURCE_NAME, AUTHOR, TITLE, DESCRIPTION, CONTENT, URL, IMG_URL, PUBLISH_DATE) 
                    values('nvidia','TechRadar','matthew.hanson@futurenet.com (Matt Hanson)','Nvidia RTX 3080 price gets slashed by 35% overnight – is the nightmare over?','The great GPU price drop has begun – but it’s still an awful time to buy one.','The nightmare could finally be over for people wanting to buy a new graphics card, as after a spate of rumors suggesting that GPU prices could soon be falling, we’re now actually seeing the proof, wi… [+2117 chars]','https://www.techradar.com/news/nvidia-rtx-3080-price-gets-slashed-by-35-overnight-is-the-nightmare-over','https://cdn.mos.cms.futurecdn.net/dwEqCuZGMkgkFwruzCeHtn-1200-80.jpg','2022-03-18T11:31:06Z');
insert into NEWS.NEWS_COMPANY(COMPANY, SOURCE_NAME, AUTHOR, TITLE, DESCRIPTION, CONTENT, URL, IMG_URL, PUBLISH_DATE) 
                    values('nvidia','TechRadar','Darren Allan','Nvidia RTX 3090 Ti price is leaked – but surely the GPU won’t be this expensive?','The spilled price is monstrous, but may just be a placeholder – although there’s a worrying alignment with earlier leaks.','When it comes to the RTX 3090 Ti graphics card, rumored to be arriving at the end of March, there’s been a good deal of speculation about how high Nvidia might go with the price tag – and a fresh lea… [+2108 chars]','https://www.techradar.com/news/nvidia-rtx-3090-ti-price-is-leaked-but-surely-the-gpu-wont-be-this-expensive','https://cdn.mos.cms.futurecdn.net/zqbsmWwNbvZH5eoaNfCRs8-1200-80.jpg','2022-03-19T14:58:03Z');
[2022-03-20 21:18:55,505] {logging_mixin.py:104} INFO - 
[2022-03-20 21:18:55,509] {python.py:118} INFO - Done. Returned value was: None
[2022-03-20 21:18:55,540] {taskinstance.py:1166} INFO - Marking task as SUCCESS. dag_id=fetch_news, task_id=prepare_insert, execution_date=20220308T000000, start_date=20220320T211854, end_date=20220320T211855
[2022-03-20 21:18:55,662] {taskinstance.py:1220} INFO - 1 downstream tasks scheduled from follow-on schedule check
[2022-03-20 21:18:55,755] {local_task_job.py:146} INFO - Task exited with return code 0
