[2022-03-21 16:48:09,719] {taskinstance.py:851} INFO - Dependencies all met for <TaskInstance: fetch_news.prepare_insert 2022-03-08T00:00:00+00:00 [queued]>
[2022-03-21 16:48:09,909] {taskinstance.py:851} INFO - Dependencies all met for <TaskInstance: fetch_news.prepare_insert 2022-03-08T00:00:00+00:00 [queued]>
[2022-03-21 16:48:09,909] {taskinstance.py:1042} INFO - 
--------------------------------------------------------------------------------
[2022-03-21 16:48:09,909] {taskinstance.py:1043} INFO - Starting attempt 8 of 8
[2022-03-21 16:48:09,909] {taskinstance.py:1044} INFO - 
--------------------------------------------------------------------------------
[2022-03-21 16:48:09,997] {taskinstance.py:1063} INFO - Executing <Task(PythonOperator): prepare_insert> on 2022-03-08T00:00:00+00:00
[2022-03-21 16:48:10,038] {standard_task_runner.py:52} INFO - Started process 318 to run task
[2022-03-21 16:48:10,068] {standard_task_runner.py:76} INFO - Running: ['airflow', 'tasks', 'run', 'fetch_news', 'prepare_insert', '2022-03-08T00:00:00+00:00', '--job-id', '738', '--pool', 'default_pool', '--raw', '--subdir', 'DAGS_FOLDER/fetch_news.py', '--cfg-path', '/tmp/tmpfdeeqam9', '--error-file', '/tmp/tmp9gm8kbs0']
[2022-03-21 16:48:10,069] {standard_task_runner.py:77} INFO - Job 738: Subtask prepare_insert
[2022-03-21 16:48:10,383] {logging_mixin.py:104} INFO - Running <TaskInstance: fetch_news.prepare_insert 2022-03-08T00:00:00+00:00 [running]> on host dd6a275532f2
[2022-03-21 16:48:10,770] {taskinstance.py:1257} INFO - Exporting the following env vars:
AIRFLOW_CTX_DAG_OWNER=airflow
AIRFLOW_CTX_DAG_ID=fetch_news
AIRFLOW_CTX_TASK_ID=prepare_insert
AIRFLOW_CTX_EXECUTION_DATE=2022-03-08T00:00:00+00:00
AIRFLOW_CTX_DAG_RUN_ID=scheduled__2022-03-08T00:00:00+00:00
[2022-03-21 16:48:10,774] {logging_mixin.py:104} INFO - /tmp/news_nvidia_2022-03-08_2022-03-09.sql
[2022-03-21 16:48:10,776] {logging_mixin.py:104} INFO - delete from NEWS.NEWS_COMPANY where cast('2022-03-08' as DATE) = cast(PUBLISH_DATE as DATE);
insert into NEWS.NEWS_COMPANY(COMPANY, SOURCE_NAME, AUTHOR, TITLE, DESCRIPTION, CONTENT, URL, IMG_URL, PUBLISH_DATE) 
                    values('nvidia','Digital Trends','Monica J. White','This crafty crypto mining hack bypasses Nvidia’s LHR limiter','A new custom-made version of Nvidia"s RTX 3060 has surfaced on the second-hand market. The GPU was made to override Nvidia"s anti-crypto-mining measures.','It seems that cryptocurrency mining enthusiasts found yet another way to bypass Nvidia’s Lite Hash Rate limiter (LHR) technology, although this time, it doesn’t involve using any new software.
Custo… [+2934 chars]','https://www.digitaltrends.com/computing/custom-nvidia-rtx-3060-overrides-lhr/','https://icdn.digitaltrends.com/image/digitaltrends/rtx3060lhr.jpg',cast('2022-03-08T16:57:36Z' as TIMESTAMP));
insert into NEWS.NEWS_COMPANY(COMPANY, SOURCE_NAME, AUTHOR, TITLE, DESCRIPTION, CONTENT, URL, IMG_URL, PUBLISH_DATE) 
                    values('nvidia','Windows Central','John Levite','Step up your game with LG"s 1440p 144Hz monitor on sale for $347','If you"re looking to upgrade from 1080p or to something with a higher refresh rate for gaming, today"s your day. LG"s 27GL850-B 27-inch 1440p gaming monitor has dropped to just $346.99 at Amazon. This price matches its low, and it"s a price it has usually onl…','If you"re looking to upgrade from 1080p or to something with a higher refresh rate for gaming, today"s your day. LG"s 27GL850-B 27-inch 1440p gaming monitor has dropped to just $346.99 at Amazon. Thi… [+1879 chars]','https://www.windowscentral.com/step-your-game-lgs-1440p-144hz-monitor-sale-347','https://www.windowscentral.com/sites/wpcentral.com/files/styles/large/public/field/image/2022/03/lg-ultragear-1440p-monitor.jpg',cast('2022-03-08T16:20:02Z' as TIMESTAMP));
insert into NEWS.NEWS_COMPANY(COMPANY, SOURCE_NAME, AUTHOR, TITLE, DESCRIPTION, CONTENT, URL, IMG_URL, PUBLISH_DATE) 
                    values('nvidia','HYPEBEAST','info@hypebeast.com (HYPEBEAST), HYPEBEAST','Samsung Confirms Losing Galaxy Source Code to Hackers','Samsung has now confirmed previous rumors that it had fallen victim to a hack from South American group Lapsus$.According to the Korean tech giant, hackers managed to obtain the source code for its Galaxy devices and possibly sensitive and confidential data r…','Samsung has now confirmed previous rumors that it had fallen victim to a hack from South American group Lapsus$.
According to the Korean tech giant, hackers managed to obtain the source code for its… [+1328 chars]','https://hypebeast.com/2022/3/samsung-galaxy-source-code-hack-lapsus-confirmed','https://image-cdn.hypb.st/https%3A%2F%2Fhypebeast.com%2Fimage%2F2022%2F03%2Fsamsung-galaxy-source-code-hack-lapsus-confirmed-tw.jpg?w=960&cbr=1&q=90&fit=max',cast('2022-03-08T06:04:07Z' as TIMESTAMP));
insert into NEWS.NEWS_COMPANY(COMPANY, SOURCE_NAME, AUTHOR, TITLE, DESCRIPTION, CONTENT, URL, IMG_URL, PUBLISH_DATE) 
                    values('nvidia','Cracked.com','LePit','PC Gamers Beware: The Nvida Hack, And What To Do About It','Be wary of any beautifully rendered horses you might come across','In the past, we"ve covered how the mess that is crypto mining harms your chances of getting new gaming hardware and destroys your chances of getting it at a reasonable price. Luckily, after over a ye… [+1471 chars]','https://www.cracked.com/article_32905_pc-gamers-beware-the-nvida-hack-and-what-to-do-about-it.html','https://s3.crackedcdn.com/phpimages/article/1/0/9/832109.jpg',cast('2022-03-08T16:30:00Z' as TIMESTAMP));
insert into NEWS.NEWS_COMPANY(COMPANY, SOURCE_NAME, AUTHOR, TITLE, DESCRIPTION, CONTENT, URL, IMG_URL, PUBLISH_DATE) 
                    values('nvidia','Internet','noreply@blogger.com (Ravie Lakshmanan)','Samsung Confirms Data Breach After Hackers Leak Galaxy Source Code','Samsung on Monday confirmed a security breach that resulted in the exposure of internal company data, including the source code related to its Galaxy smartphones.
"According to our initial analysis, the breach involves some source code relating to the operati…','Samsung on Monday confirmed a security breach that resulted in the exposure of internal company data, including the source code related to its Galaxy smartphones.
"According to our initial analysis,… [+2076 chars]','https://thehackernews.com/2022/03/samsung-confirms-data-breach-after.html','https://thehackernews.com/new-images/img/a/AVvXsEgFtF5wpCzSBdf6ntWP1-9p-FfSAjjaGhYgTr4dryXKhIg8NQO_vbXIw1N4BNPhoE94N4nVwYeyrdpmQwQ8zsutUPFlFyCJ620tIKtbSpA0iol9ouebyAntQ2ZWToPww765LpCLBXxsQGvktGLKvsUFy8CBikovjarXSpxiUV6JTzL_A8DEQsRYHlVO=s728-e1000',cast('2022-03-08T12:11:29Z' as TIMESTAMP));
insert into NEWS.NEWS_COMPANY(COMPANY, SOURCE_NAME, AUTHOR, TITLE, DESCRIPTION, CONTENT, URL, IMG_URL, PUBLISH_DATE) 
                    values('nvidia','Motley Fool','newsfeedback@fool.com (Rich Smith)','Why Nvidia, Micron, and AMD Stocks Popped Tuesday','More worries over semiconductor shortages spark a relief rally today.','What happened
Semiconductor stocks, which have been under pressure the past several days, bounced back in a big way Tuesday afternoon.
As of 1:15 p.m. ET, shares of Nvidia( NVDA 2.71% ) are up 4.3%… [+2650 chars]','https://www.fool.com/investing/2022/03/08/why-nvidia-micron-and-amd-stocks-popped-tuesday/','https://g.foolcdn.com/editorial/images/669557/red-and-blue-3d-semiconductor-computer-chip.jpg',cast('2022-03-08T19:54:05Z' as TIMESTAMP));
insert into NEWS.NEWS_COMPANY(COMPANY, SOURCE_NAME, AUTHOR, TITLE, DESCRIPTION, CONTENT, URL, IMG_URL, PUBLISH_DATE) 
                    values('nvidia','The Next Web','Napier Lopez','Everything Apple announced at its March 8 event','Apple just held its first event of 2022, and as expected, it was jam packed with announcements — some of them predicted, and some of them genuine surprises. Didn’t have time to watch the event yourself? Here’s what you need to know. The new iPhone SE Apple ha…','Apple just held its first event of 2022, and as expected, it was jam-packed with announcements some of them predicted, and some of them genuine surprises.
Didnt have time to watch the event yourself… [+5079 chars]','https://thenextweb.com/news/apple-event-march-8-2022','https://img-cdn.tnwcdn.com/image/plugged?filter_last=1&fit=1280%2C640&url=https%3A%2F%2Fcdn0.tnwcdn.com%2Fwp-content%2Fblogs.dir%2F1%2Ffiles%2F2022%2F03%2FApple-event-copy.jpg&signature=4866fc717adf55fd2e24d12408ea29a6',cast('2022-03-08T19:25:17Z' as TIMESTAMP));
insert into NEWS.NEWS_COMPANY(COMPANY, SOURCE_NAME, AUTHOR, TITLE, DESCRIPTION, CONTENT, URL, IMG_URL, PUBLISH_DATE) 
                    values('nvidia','Windows Central','Sean Endicott','Almost 16% of Steam users run Windows 11 on their PC','Almost one out of every six Steam users is running Windows 11 on their PC.



What you need to know


Usage of Windows 11 among Steam gamers increased to 15.59% in February 2022.
That increase marks a 2.03% growth of Windows 11 usage by Steam gamers since las…','Gaming enthusiasts are slowly adopting Windows 11, according to the latest Steam hardware and software survey. Windows 10 still dominates at 75.69%, but Windows 11 is steadily on the rise, reaching 1… [+1344 chars]','https://www.windowscentral.com/windows-11-continues-grow-use-among-steam-gamers-now-almost-16','https://www.windowscentral.com/sites/wpcentral.com/files/styles/large/public/field/image/2018/06/blade-15-steam.jpg',cast('2022-03-08T13:56:15Z' as TIMESTAMP));
insert into NEWS.NEWS_COMPANY(COMPANY, SOURCE_NAME, AUTHOR, TITLE, DESCRIPTION, CONTENT, URL, IMG_URL, PUBLISH_DATE) 
                    values('nvidia','Windows Central','Brendan Lowry','Need a laptop with a backlit keyboard? These options won"t disappoint.','If you often find yourself working during nighttime hours or in dimly lit rooms, getting a keyboard that has good backlighting is crucial. This feature lights up your keycaps as you type, allowing you to easily see where specific keys are. Thankfully, keyboar…','If you often find yourself working during nighttime hours or in dimly lit rooms, getting a keyboard that has good backlighting is crucial. This feature lights up your keycaps as you type, allowing yo… [+5731 chars]','https://www.windowscentral.com/12-great-laptops-backlit-keyboards','https://www.windowscentral.com/sites/wpcentral.com/files/styles/large/public/field/image/2020/04/dell-xps-13-9300-1.jpg',cast('2022-03-08T13:00:01Z' as TIMESTAMP));
insert into NEWS.NEWS_COMPANY(COMPANY, SOURCE_NAME, AUTHOR, TITLE, DESCRIPTION, CONTENT, URL, IMG_URL, PUBLISH_DATE) 
                    values('nvidia','Motley Fool','newsfeedback@fool.com (Harsh Chauhan)','1 Massive Reason Nvidia"s Tearing Growth Will Continue','The graphics card specialist continues to dominate this lucrative market.','The lucrative market for discrete graphics cards, used by video gamers in personal computers (PCs) and laptops, has played a crucial role in the terrific growth of Nvidia (NASDAQ:NVDA) over the years… [+4601 chars]','https://www.fool.com/investing/2022/03/08/1-massive-reason-why-nvidia-tearing-growth-will-c/','https://g.foolcdn.com/editorial/images/669320/man-woman-computer-screen.jpg',cast('2022-03-08T12:21:00Z' as TIMESTAMP));
insert into NEWS.NEWS_COMPANY(COMPANY, SOURCE_NAME, AUTHOR, TITLE, DESCRIPTION, CONTENT, URL, IMG_URL, PUBLISH_DATE) 
                    values('nvidia','Forbes','Davey Winder, Senior Contributor, 
 Davey Winder, Senior Contributor
 https://www.forbes.com/sites/daveywinder/','Samsung Confirms Massive Galaxy Hack After 190GB Data Torrent Shared Via Telegram','The NVIDIA hackers have now targeted Samsung. Here"s what Galaxy smartphone owners need to know.','Samsung confirms massive data breach
NurPhoto via Getty Images
The bad news is that Samsung has now confirmed that a criminal group has, indeed, succeeded in breaching security and stolen code that… [+4939 chars]','https://www.forbes.com/sites/daveywinder/2022/03/08/samsung-confirms-massive-galaxy-hack-after-190gb-data-torrent-shared-via-telegram/','https://imageio.forbes.com/specials-images/imageserve/1190727787/0x0.jpg?format=jpg&width=1200&fit=bounds',cast('2022-03-08T09:50:45Z' as TIMESTAMP));
insert into NEWS.NEWS_COMPANY(COMPANY, SOURCE_NAME, AUTHOR, TITLE, DESCRIPTION, CONTENT, URL, IMG_URL, PUBLISH_DATE) 
                    values('nvidia','Ubergizmo','Tyler Lee','Malware Is Disguising Itself As NVIDIA GPU Drivers','Not too long ago, it was reported that NVIDIA had suffered a data breach in which quite a bit of data was stolen in the process. Among that stolen data are code-signing certificates. For those who don’t think it’s a big deal, it is because now it appears that…','Not too long ago, it was reported that NVIDIA had suffered a data breach in which quite a bit of data was stolen in the process. Among that stolen data are code-signing certificates. For those who do… [+1411 chars]','https://www.ubergizmo.com/2022/03/nvidia-gpu-driver-malware/','https://i0.wp.com/cdnssl.ubergizmo.com/wp-content/uploads/2019/10/hack-4.jpg',cast('2022-03-08T08:41:35Z' as TIMESTAMP));
insert into NEWS.NEWS_COMPANY(COMPANY, SOURCE_NAME, AUTHOR, TITLE, DESCRIPTION, CONTENT, URL, IMG_URL, PUBLISH_DATE) 
                    values('nvidia','GSMArena.com','Prasad','Apple announces M1 Ultra with 20-core CPU and 64-core GPU','Apple today announced the M1 Ultra, its most powerful ARM-based custom processor designed for its new Mac Studio desktop computer.





The M1 Ultra is essentially two M1 Max chips connected together with a new interconnect architecture that Apple calls Ultra…','Apple today announced the M1 Ultra, its most powerful ARM-based custom processor designed for its new Mac Studio desktop computer.
The M1 Ultra is essentially two M1 Max chips connected together wit… [+1974 chars]','https://www.gsmarena.com/apple_announces_m1_ultra_with_20core_cpu_and_64core_gpu-news-53481.php','https://fdn.gsmarena.com/imgroot/news/22/03/m1-ultra/-952x498w6/gsmarena_000.jpg',cast('2022-03-08T20:12:02Z' as TIMESTAMP));
insert into NEWS.NEWS_COMPANY(COMPANY, SOURCE_NAME, AUTHOR, TITLE, DESCRIPTION, CONTENT, URL, IMG_URL, PUBLISH_DATE) 
                    values('nvidia','ExtremeTech','Josh Norem','Rumor: Nvidia’s Next-Gen GPUs to Top Out at 600W, Possibly with GDDR7 Memory','Nvidia"s next-generation GPUs could top out at 600W and feature GDDR7 memory. While the power rumors are all over the place, all of them are high. 
The post Rumor: Nvidia’s Next-Gen GPUs to Top Out at 600W, Possibly with GDDR7 Memory appeared first on Extreme…','The latest leaks on the video card front contain a mix of good news, and the usual bad news. The good news is that it doesn’t look like Nvidia’s upcoming Lovelace GPUs will be the 850W nuclear reacto… [+4385 chars]','https://www.extremetech.com/gaming/332495-rumor-nvidias-next-gen-gpus-to-top-out-at-600w-possibly-with-gddr7-memory','https://www.extremetech.com/wp-content/uploads/2022/03/nvidia-ces-2022-geforce-rtx-3090-ti-large-3840-640x360.png',cast('2022-03-08T20:30:55Z' as TIMESTAMP));
insert into NEWS.NEWS_COMPANY(COMPANY, SOURCE_NAME, AUTHOR, TITLE, DESCRIPTION, CONTENT, URL, IMG_URL, PUBLISH_DATE) 
                    values('nvidia','TechRadar','Darren Allan','GPU prices sink to lowest levels in over a year','Of course, they are still a good chunk above MSRP, but there is cause for optimism about the future.','Graphics card pricing is on a downward trend, and looks like it might be normalizing somewhat, with price tags tentatively edging back towards recommended levels – with some caveats as you might expe… [+2335 chars]','https://www.techradar.com/news/gpu-prices-sink-to-lowest-levels-in-over-a-year','https://cdn.mos.cms.futurecdn.net/gkrPzGSC3Yn9zTUAUvmGRe-1200-80.jpg',cast('2022-03-08T11:57:41Z' as TIMESTAMP));
insert into NEWS.NEWS_COMPANY(COMPANY, SOURCE_NAME, AUTHOR, TITLE, DESCRIPTION, CONTENT, URL, IMG_URL, PUBLISH_DATE) 
                    values('nvidia','PC Gamer','Hope Corrigan','Nvidia may sell 3000 series GPUs alongside next gen','I guess we may all finally have a chance to get a 3000 card.','The great chip shortage combined with crypto mining demands has been a heavy hit for graphics cards over the past few years. Getting a decent one over the past few years has been basically impossible… [+2276 chars]','https://www.pcgamer.com/nvidia-may-sell-3000-series-gpus-alongside-next-gen/','https://cdn.mos.cms.futurecdn.net/s4DTScHjRoenBSj3e8FdQK-1200-80.jpg',cast('2022-03-08T04:39:12Z' as TIMESTAMP));
insert into NEWS.NEWS_COMPANY(COMPANY, SOURCE_NAME, AUTHOR, TITLE, DESCRIPTION, CONTENT, URL, IMG_URL, PUBLISH_DATE) 
                    values('nvidia','Motley Fool','newsfeedback@fool.com (Trevor Jennewine, Billy Duberstein, Will Healy, and Jose Najarro)','5 Stocks to Get Your Feet Wet in Emerging AI','Artificial intelligence powers everything from robots to insurance companies.','Artificial intelligence (AI) is more than a passing fad. But with an influence on such a broad range of industries, where should investors who are new to the space look first?
In this video clip fro… [+3505 chars]','https://www.fool.com/investing/2022/03/08/5-stocks-to-get-your-feet-wet-in-emerging-ai/','https://g.foolcdn.com/editorial/images/669559/gettyimages-artificialintelligence.jpg',cast('2022-03-08T19:12:52Z' as TIMESTAMP));
insert into NEWS.NEWS_COMPANY(COMPANY, SOURCE_NAME, AUTHOR, TITLE, DESCRIPTION, CONTENT, URL, IMG_URL, PUBLISH_DATE) 
                    values('nvidia','AnandTech','Ryan Smith','Apple Announces M1 Ultra: Combining Two M1 Maxes For Workstation Performance','As part of Apple’s spring “Peek Performance” product event this morning, Apple unveiled the fourth and final member of the M1 family of Apple Silicon SoCs, the M1 Ultra. Aimed squarely at desktops – specifically, Apple’s new Mac Studio – the M1 Ultra finds Ap…','As part of Apple’s spring “Peek Performance” product event this morning, Apple unveiled the fourth and final member of the M1 family of Apple Silicon SoCs, the M1 Ultra. Aimed squarely at desktops – … [+13533 chars]','https://www.anandtech.com/show/17306/apple-announces-m1-ultra-combining-two-m1-maxes-for-even-more-performance','https://images.anandtech.com/doci/17306/Apple-M1-Ultra-hero-220308_678x452.jpg',cast('2022-03-08T22:00:00Z' as TIMESTAMP));
insert into NEWS.NEWS_COMPANY(COMPANY, SOURCE_NAME, AUTHOR, TITLE, DESCRIPTION, CONTENT, URL, IMG_URL, PUBLISH_DATE) 
                    values('nvidia','TechRadar','Sead Fadilpašić','Samsung confirms cyberattack, says internal data leaked','Some "source code” for Samsung Galaxy devices taken, company confirms.','Samsung has confirmed it has been hit by a data breach, but said no employee or customer data was impacted.
The Lapsus$ cybercrime gang recently published a 190GB-heavy data dump of intel allegedly … [+2332 chars]','https://www.techradar.com/news/samsung-hacked-galaxy-phones-leaked','https://cdn.mos.cms.futurecdn.net/SW6q5MsJ5EdSsCSg7uLxn6-1200-80.jpg',cast('2022-03-08T12:30:14Z' as TIMESTAMP));
insert into NEWS.NEWS_COMPANY(COMPANY, SOURCE_NAME, AUTHOR, TITLE, DESCRIPTION, CONTENT, URL, IMG_URL, PUBLISH_DATE) 
                    values('nvidia','Digital Trends','Jacob Roach','Apple’s Mac Studio isn’t modular — and that’s a good thing','Apple announced the Mac Studio, and it fits in a similar spot as the modular Mac Pro. But it"s a good thing the Mac Studio isn"t following in those footsteps.','Apple announced a new desktop at its 2022 spring event: The Mac Studio. It’s the first time Apple has paid any mind to desktops targeted at creative pros in more than two years, and it highlights one… [+5786 chars]','https://www.digitaltrends.com/computing/apple-mac-studio-isnt-modular-and-that-a-good-thing/','https://icdn.digitaltrends.com/image/digitaltrends/mac-studio-lifestyle-3.jpg',cast('2022-03-08T22:26:38Z' as TIMESTAMP));
[2022-03-21 16:48:10,777] {logging_mixin.py:104} INFO - 
[2022-03-21 16:48:10,777] {python.py:118} INFO - Done. Returned value was: None
[2022-03-21 16:48:10,811] {taskinstance.py:1166} INFO - Marking task as SUCCESS. dag_id=fetch_news, task_id=prepare_insert, execution_date=20220308T000000, start_date=20220321T164809, end_date=20220321T164810
[2022-03-21 16:48:11,044] {taskinstance.py:1220} INFO - 1 downstream tasks scheduled from follow-on schedule check
[2022-03-21 16:48:11,102] {local_task_job.py:146} INFO - Task exited with return code 0
