[2022-03-21 11:43:21,304] {taskinstance.py:851} INFO - Dependencies all met for <TaskInstance: fetch_news.write_to_postgres 2022-03-18T00:00:00+00:00 [queued]>
[2022-03-21 11:43:21,320] {taskinstance.py:851} INFO - Dependencies all met for <TaskInstance: fetch_news.write_to_postgres 2022-03-18T00:00:00+00:00 [queued]>
[2022-03-21 11:43:21,320] {taskinstance.py:1042} INFO - 
--------------------------------------------------------------------------------
[2022-03-21 11:43:21,320] {taskinstance.py:1043} INFO - Starting attempt 6 of 6
[2022-03-21 11:43:21,321] {taskinstance.py:1044} INFO - 
--------------------------------------------------------------------------------
[2022-03-21 11:43:21,347] {taskinstance.py:1063} INFO - Executing <Task(PythonOperator): write_to_postgres> on 2022-03-18T00:00:00+00:00
[2022-03-21 11:43:21,352] {standard_task_runner.py:52} INFO - Started process 1491 to run task
[2022-03-21 11:43:21,357] {standard_task_runner.py:76} INFO - Running: ['airflow', 'tasks', 'run', 'fetch_news', 'write_to_postgres', '2022-03-18T00:00:00+00:00', '--job-id', '632', '--pool', 'default_pool', '--raw', '--subdir', 'DAGS_FOLDER/fetch_news.py', '--cfg-path', '/tmp/tmpz09vfbpa', '--error-file', '/tmp/tmpuqckrfgz']
[2022-03-21 11:43:21,357] {standard_task_runner.py:77} INFO - Job 632: Subtask write_to_postgres
[2022-03-21 11:43:21,422] {logging_mixin.py:104} INFO - Running <TaskInstance: fetch_news.write_to_postgres 2022-03-18T00:00:00+00:00 [running]> on host e39215f0be5b
[2022-03-21 11:43:21,477] {taskinstance.py:1257} INFO - Exporting the following env vars:
AIRFLOW_CTX_DAG_OWNER=airflow
AIRFLOW_CTX_DAG_ID=fetch_news
AIRFLOW_CTX_TASK_ID=write_to_postgres
AIRFLOW_CTX_EXECUTION_DATE=2022-03-18T00:00:00+00:00
AIRFLOW_CTX_DAG_RUN_ID=scheduled__2022-03-18T00:00:00+00:00
[2022-03-21 11:43:21,499] {base.py:74} INFO - Using connection to: id: news_in. Host: postgres, Port: 5432, Schema: , Login: airflow, Password: XXXXXXXX, extra: None
[2022-03-21 11:43:21,523] {dbapi.py:180} INFO - Running statement: insert into NEWS.NEWS_COMPANY(COMPANY, SOURCE_NAME, AUTHOR, TITLE, DESCRIPTION, CONTENT, URL, IMG_URL, PUBLISH_DATE) 

                    values('nvidia','VentureBeat','Dean Takahashi','Greg Estes interview: What to expect at Nvidia’s GTC event','Nvidia wasn’t able to pull off its $80 billion acquisition of Arm, but the AI and graphics chip giant still has plenty to talk about at its upcoming Nvidia GTC online conference from March 21 to March 24. Greg Estes, vice president of developer programs at Nv…','Did you miss a session at the Data Summit? Watch On-Demand Here.

Nvidia wasnt able to pull off its $80 billion acquisition of Arm, but the AI and graphics chip giant still has plenty to talk about a… [+1193 chars]','https://venturebeat.com/2022/03/18/greg-estes-interview-what-to-expect-at-nvidias-gtc-event/','https://venturebeat.com/wp-content/uploads/2022/03/NVIDIA-Earth-2.jpg?w=1200&strip=all',cast('2022-03-18T13:30:00Z' as TIMESTAMP));

insert into NEWS.NEWS_COMPANY(COMPANY, SOURCE_NAME, AUTHOR, TITLE, DESCRIPTION, CONTENT, URL, IMG_URL, PUBLISH_DATE) 

                    values('nvidia','Digital Trends','Monica J. White','20 Nvidia RTX 3070 Ti GPUs stolen from warehouse in Russia','Twenty Nvidia GeForce RTX 3070 Ti graphics cards have been stolen from a Russian warehouse, but the plan didn"t end well for the employees accused of the crime.','In a quiet heist gone wrong, 20 Nvidia GeForce RTX 3070 Ti graphics cards have been stolen from a Russian warehouse, allegedly by its employees.

Worth around $38,000, the graphics cards were success… [+2274 chars]','https://www.digitaltrends.com/computing/russian-warehouse-workers-steal-20-rtx-3070-ti-gpus/','https://icdn.digitaltrends.com/image/digitaltrends/screen-shot-2022-03-18-at-11-45-57-am.jpg',cast('2022-03-18T19:36:17Z' as TIMESTAMP));

insert into NEWS.NEWS_COMPANY(COMPANY, SOURCE_NAME, AUTHOR, TITLE, DESCRIPTION, CONTENT, URL, IMG_URL, PUBLISH_DATE) 

                    values('nvidia','Digital Trends','Zak Islam','Nvidia’s RTX 3080 GPU just received a record price cut','One of the most popular graphics cards on the market, the Nvidia RTX 3080, has seen one of its biggest official price cuts since the GPU shortage began.','One of the most popular graphics cards on the market, the Nvidia RTX 3080, has seen one of its biggest official price cuts since the GPU shortage began.

Providing further proof that the video card i… [+2347 chars]','https://www.digitaltrends.com/computing/nvidia-rtx-3080-gpu-just-received-a-record-price-cut/','https://icdn.digitaltrends.com/image/digitaltrends/rtx-3080-07_new.jpg',cast('2022-03-18T16:56:05Z' as TIMESTAMP));

insert into NEWS.NEWS_COMPANY(COMPANY, SOURCE_NAME, AUTHOR, TITLE, DESCRIPTION, CONTENT, URL, IMG_URL, PUBLISH_DATE) 

                    values('nvidia','MSPoweruser','Alex Atkin','Nvidia is letting you win one of its illusive RTX 3090s','Nvidia has announced a sweepstakes competition to let you win one of its ever-illusive GeForce RTX 3090s, so long as you jump through a few hoops first.  Nvidia has announced that in celebration of their upcoming 2022 Graphics Technology Conference they will …','Nvidia has announced a sweepstakes competition to let you win one of its ever-illusive GeForce RTX 3090s, so long as you jump through a few hoops first. 

Nvidia has announced that in celebration of … [+1150 chars]','https://mspoweruser.com/nvidia-is-letting-you-win-one-of-its-rtx-3090s/','https://mspoweruser.com/wp-content/uploads/2022/03/Nvidia-RTX-3090-Giveaway-180322.jpg',cast('2022-03-18T15:34:12Z' as TIMESTAMP));

insert into NEWS.NEWS_COMPANY(COMPANY, SOURCE_NAME, AUTHOR, TITLE, DESCRIPTION, CONTENT, URL, IMG_URL, PUBLISH_DATE) 

                    values('nvidia','Windows Central','Ben Wilson','Discover the best PC under $1,000 for gamers and the home office','Pre-built computers can save you from the hassle of researching compatible components and troubleshooting hardware errors, focusing instead on finding a machine suited for specific games or software. PC gaming is notorious for being the more expensive choice …','Best

PC under $1,000

Windows Central2022

Pre-built computers can save you from the hassle of researching compatible components and troubleshooting hardware errors, focusing instead on finding a ma… [+3185 chars]','https://www.windowscentral.com/best-pc-under-1000','https://www.windowscentral.com/sites/wpcentral.com/files/styles/large/public/field/image/2022/03/cyberpowerpc-gamer-master-promo.jpg',cast('2022-03-18T12:00:02Z' as TIMESTAMP));

insert into NEWS.NEWS_COMPANY(COMPANY, SOURCE_NAME, AUTHOR, TITLE, DESCRIPTION, CONTENT, URL, IMG_URL, PUBLISH_DATE) 

                    values('nvidia','Motley Fool','newsfeedback@fool.com (Harsh Chauhan)','Nvidia Stock: Bear vs. Bull','Is now the time to buy this beaten-down tech giant?','With Nvidia( NVDA 1.10% ) stock losing 22% of its value since the beginning of December 2021, savvy investors may be wondering if it is a good time to buy shares of this graphics cards specialist who… [+4801 chars]','https://www.fool.com/investing/2022/03/18/nvidia-stock-bear-vs-bull/','https://g.foolcdn.com/editorial/images/670837/bear-bull-man.jpg',cast('2022-03-18T11:39:00Z' as TIMESTAMP));

insert into NEWS.NEWS_COMPANY(COMPANY, SOURCE_NAME, AUTHOR, TITLE, DESCRIPTION, CONTENT, URL, IMG_URL, PUBLISH_DATE) 

                    values('nvidia','MarketBeat','Sean Sechler','2 Intriguing Stock Splits to Buy Now','In 2022, we"ve received stock split announcements from some of the biggest tech companies in the world, Amazon and Alphabet. While the news has been met with underwhelming reactions thus...','Stock Splits Can Attract New Retail Buyers and Ignite Rallies

A companys board of directors decides to pursue a stock split for a number of different reasons, including boosting a stocks liquidity a… [+4559 chars]','https://www.marketbeat.com/originals/2-intriguing-stock-splits-to-buy-now/','https://assets.entrepreneur.com/providers/marketbeat/hero-image-marketbeat-422554.jpeg',cast('2022-03-18T10:00:00Z' as TIMESTAMP));

insert into NEWS.NEWS_COMPANY(COMPANY, SOURCE_NAME, AUTHOR, TITLE, DESCRIPTION, CONTENT, URL, IMG_URL, PUBLISH_DATE) 

                    values('nvidia','Motley Fool','newsfeedback@fool.com (Rich Smith)','Why Nvidia Stock Moved Even Higher Today','TheVerge.com had some good news for Nvidia investors.','What happened

After falling early in Thursday"s trading session, Nvidia( NVDA 5.25% ) pulled out of a deep dive to finish the day up by 1.1%. On Friday, it has been building on that momentum to post… [+1904 chars]','https://www.fool.com/investing/2022/03/18/why-nvidia-stock-moved-even-higher-today/','https://g.foolcdn.com/editorial/images/671062/blue-semiconductor-computer-chip.jpg',cast('2022-03-18T17:20:25Z' as TIMESTAMP));

insert into NEWS.NEWS_COMPANY(COMPANY, SOURCE_NAME, AUTHOR, TITLE, DESCRIPTION, CONTENT, URL, IMG_URL, PUBLISH_DATE) 

                    values('nvidia','Motley Fool','newsfeedback@fool.com (Chris Neiger)','Why Nvidia Stock Rocketed 18% Higher This Week','Positive notes from analysts helped push the tech stock higher.','What happened 

Shares of Nvidia( NVDA 5.66% ), a semiconductor company, skyrocketed this week after several analysts indicated that the technology giant offers investors some fantastic opportunities… [+2220 chars]','https://www.fool.com/investing/2022/03/18/why-nvidia-stock-rocketed-18-higher-this-week/','https://g.foolcdn.com/editorial/images/671047/gettyimages-1313939390.jpg',cast('2022-03-18T15:47:44Z' as TIMESTAMP));

insert into NEWS.NEWS_COMPANY(COMPANY, SOURCE_NAME, AUTHOR, TITLE, DESCRIPTION, CONTENT, URL, IMG_URL, PUBLISH_DATE) 

                    values('nvidia','Phandroid - News for Android','Andrew','Google wants you to use a Chromebook with those sweet gaming monitors','During the Google for Games Developer Summit, held earlier this week, Google surprised everyone by somewhat formally announcing Steam for ChromeOS. Without going into too much detail, Google only revealed that Steam Alpha was becoming available for developers…','During the Google for Games Developer Summit, held earlier this week, Google surprised everyone by somewhat formally announcing Steam for ChromeOS. Without going into too much detail, Google only rev… [+1778 chars]','https://phandroid.com/2022/03/18/google-wants-you-to-use-a-chromebook-with-those-sweet-gaming-monitors/','https://phandroid.com/wp-content/uploads/2021/06/Acer-Chromebook-Spin-514-Review-6-640x427.jpg',cast('2022-03-18T20:21:05Z' as TIMESTAMP));

insert into NEWS.NEWS_COMPANY(COMPANY, SOURCE_NAME, AUTHOR, TITLE, DESCRIPTION, CONTENT, URL, IMG_URL, PUBLISH_DATE) 

                    values('nvidia','Motley Fool','newsfeedback@fool.com (Chris Neiger)','3 Metaverse Stocks to Buy Right Now','The metaverse is coming, and these companies are ready for it.','Maybe you already know a lot about what the metaverse is, or maybe, like most people, you"ve heard the term but aren"t exactly sure what it means. For those who fall into the latter category, the met… [+5087 chars]','https://www.fool.com/investing/2022/03/18/3-metaverse-stocks-to-buy-right-now/','https://g.foolcdn.com/editorial/images/670887/gettyimages-1348369701.jpg',cast('2022-03-18T11:55:00Z' as TIMESTAMP));

insert into NEWS.NEWS_COMPANY(COMPANY, SOURCE_NAME, AUTHOR, TITLE, DESCRIPTION, CONTENT, URL, IMG_URL, PUBLISH_DATE) 

                    values('nvidia','Motley Fool','newsfeedback@fool.com (Jeff Santoro)','2 Smartest Tech Stocks To Buy in 2022 and Beyond','Despite the tech sector sell-off, there are strong businesses on sale that are smart buys for investors.','When it comes to investing in the tech space, not many investors have felt smart over the past year. With the Nasdaq officially in a bear market (a 20% drop from recent highs), there are a bunch of u… [+4114 chars]','https://www.fool.com/investing/2022/03/18/2-smartest-tech-stocks-to-buy-in-2022-and-beyond/','https://g.foolcdn.com/editorial/images/670688/gettyimages-1305158903.jpg',cast('2022-03-18T10:50:00Z' as TIMESTAMP));

insert into NEWS.NEWS_COMPANY(COMPANY, SOURCE_NAME, AUTHOR, TITLE, DESCRIPTION, CONTENT, URL, IMG_URL, PUBLISH_DATE) 

                    values('nvidia','Forbes','Jim McGregor, Contributor, 

 Jim McGregor, Contributor

 https://www.forbes.com/sites/tiriasresearch/people/jimmcgregor/','Nvidia’s GTC Provides A Glimpse At A World Full Of Autonomous Machines','2022 GTC will feature just shy of 1,000 sessions, including keynotes, technical tutorials, panel discussions, and roundtable discussions with technical experts. There will also be demonstrations, vendor meetings, and other special events.','A group of Moxi caregiver assistant autonomous robots from Diligent Robotics

Diligent Robotics

There are a few must-attend technology conferences, even when they are held virtually. One of those is… [+3996 chars]','https://www.forbes.com/sites/tiriasresearch/2022/03/18/nvidias-gtc-provides-a-glimpse-at-a-world-full-of-autonomous-machines/','https://imageio.forbes.com/specials-images/imageserve/6234ac9cf1cb7cd5f2614251/0x0.jpg?format=jpg&width=1200&fit=bounds',cast('2022-03-18T16:08:02Z' as TIMESTAMP));

insert into NEWS.NEWS_COMPANY(COMPANY, SOURCE_NAME, AUTHOR, TITLE, DESCRIPTION, CONTENT, URL, IMG_URL, PUBLISH_DATE) 

                    values('nvidia','AnandTech','Ganesh T S','Cincoze DS-1300 Industrial PC Review: Xeon-Powered Do-it-All','Industrial PCs are meant for 24x7 deployment in a wide range of environments. This brings in a host of requirements such as wide operating temperature range, ruggedness, regulatory requirements, support for specific I/O types, etc. Most industrial PCs are pas…','Industrial PCs are meant for 24x7 deployment in a wide range of environments. This brings in a host of requirements that are often disregarded by traditional consumer PCs - wide operating temperature… [+6432 chars]','https://www.anandtech.com/show/17312/cincoze-ds1300-industrial-pc-review-xeonpowered-doitall','https://images.anandtech.com/doci/17312/carousel_678x452.jpg',cast('2022-03-18T12:00:00Z' as TIMESTAMP));

insert into NEWS.NEWS_COMPANY(COMPANY, SOURCE_NAME, AUTHOR, TITLE, DESCRIPTION, CONTENT, URL, IMG_URL, PUBLISH_DATE) 

                    values('nvidia','TechRadar','matthew.hanson@futurenet.com (Matt Hanson)','Nvidia RTX 3080 price gets slashed by 35% overnight – is the nightmare over?','The great GPU price drop has begun – but it’s still an awful time to buy one.','The nightmare could finally be over for people wanting to buy a new graphics card, as after a spate of rumors suggesting that GPU prices could soon be falling, we’re now actually seeing the proof, wi… [+2117 chars]','https://www.techradar.com/news/nvidia-rtx-3080-price-gets-slashed-by-35-overnight-is-the-nightmare-over','https://cdn.mos.cms.futurecdn.net/dwEqCuZGMkgkFwruzCeHtn-1200-80.jpg',cast('2022-03-18T11:31:06Z' as TIMESTAMP));

insert into NEWS.NEWS_COMPANY(COMPANY, SOURCE_NAME, AUTHOR, TITLE, DESCRIPTION, CONTENT, URL, IMG_URL, PUBLISH_DATE) 

                    values('nvidia','Forbes','Sam Abuelsamid, Senior Contributor, 

 Sam Abuelsamid, Senior Contributor

 https://www.forbes.com/sites/samabuelsamid/','Nvidia Spring 2022 GTC Is Back With More Than 50 Free Automotive Sessions','As always, company founder and CEO Jensen Huang will be delivering his signature keynote to announce the latest technical advances in areas ranging from graphic rendering to artificial intelligence for health care and automated driving.','Nvidia CEO Jensen Huang delivers the spring 2021 Nvidia GTC keynote at least partially from a ... [+] virtual version of his kitchen

Nvidia

Nvidias spring GPU Technology Conference (GTC) is back ag… [+3471 chars]','https://www.forbes.com/sites/samabuelsamid/2022/03/18/nvidia-spring-2022-gtc-is-back-with-more-than-50-free-automotive-sessions/','https://imageio.forbes.com/specials-images/imageserve/6182d519e737ce3fc0b546e7/0x0.jpg?format=jpg&width=1200&fit=bounds',cast('2022-03-18T15:59:59Z' as TIMESTAMP));

insert into NEWS.NEWS_COMPANY(COMPANY, SOURCE_NAME, AUTHOR, TITLE, DESCRIPTION, CONTENT, URL, IMG_URL, PUBLISH_DATE) 

                    values('nvidia','PC Gamer','PC Gamer AU, Chris Szewczyk','Best graphics card deals in Australia (March 2022)','Been holding out for a new GPU? We’re rounding up the best Aussie deals.','If you put off buying a new GPU in 2021, you’re far from being alone. Horrendous pricing meant that 2021 was something of a lost year for PC gamers. Thankfully, that’s changing. Graphics card prices … [+7745 chars]','https://www.pcgamer.com/au/best-graphics-card-deals-in-australia-march-2022/','https://cdn.mos.cms.futurecdn.net/TDbw4MPtBXpNR3GxnaFTqH-1200-80.jpg',cast('2022-03-18T04:44:37Z' as TIMESTAMP));

insert into NEWS.NEWS_COMPANY(COMPANY, SOURCE_NAME, AUTHOR, TITLE, DESCRIPTION, CONTENT, URL, IMG_URL, PUBLISH_DATE) 

                    values('nvidia','PC Gamer','jorge.jimenez@futurenet.com (Jorge Jimenez)','Nvidia reportedly tells partners it"s lowering manufacturing costs up to 12%','But the savings are meant to be passed on to PC builders rather than retail, however.','Nvidia has reportedly found a way to decrease its manufacturing costs and is, in turn, passing those savings on to its graphics card-making partners up to the tune of 12%. What does it mean? It means… [+2369 chars]','https://www.pcgamer.com/nvidia-reportedly-tells-partners-its-lowering-manufacturing-costs-up-to-12/','https://cdn.mos.cms.futurecdn.net/YPNQDo5FjDVuEbVWgdW7RP-1200-80.jpg',cast('2022-03-18T18:11:21Z' as TIMESTAMP));

insert into NEWS.NEWS_COMPANY(COMPANY, SOURCE_NAME, AUTHOR, TITLE, DESCRIPTION, CONTENT, URL, IMG_URL, PUBLISH_DATE) 

                    values('nvidia','PC Gamer','jorge.jimenez@futurenet.com (Jorge Jimenez)','Leaked Nvidia RTX 3090 Ti pricing shows up at an unbelievable $4,000','The RTX 3090 Ti might just be a bit out of our budget.','The RTX 3090 Ti, which is reportedly set to be released later this month, might be more expensive than initially thought. Eagled-eye Twitter user @momomo_us spotted a couple of RTX 3090 Ti retail lis… [+1766 chars]','https://www.pcgamer.com/leaked-nvidia-rtx-3090-ti-pricing-shows-up-at-an-unbelievable-dollar4000/','https://cdn.mos.cms.futurecdn.net/s4DTScHjRoenBSj3e8FdQK-1200-80.jpg',cast('2022-03-18T22:16:03Z' as TIMESTAMP));

insert into NEWS.NEWS_COMPANY(COMPANY, SOURCE_NAME, AUTHOR, TITLE, DESCRIPTION, CONTENT, URL, IMG_URL, PUBLISH_DATE) 

                    values('nvidia','Yahoo Entertainment','TipRanks','Nvidia: All Eyes on Analyst Day','Next Tuesday, Nvidia (NVDA) will hold its annual Analyst Day. Deutsche Bank’s Ross Seymore expects the chip giant to deliver a “characteristically positive...','Next Tuesday, Nvidia (NVDA) will hold its annual Analyst Day. Deutsche Banks Ross Seymore expects the chip giant to deliver a characteristically positive message.

The analyst thinks the company will… [+2946 chars]','https://finance.yahoo.com/news/nvidia-eyes-analyst-day-161423717.html','https://s.yimg.com/uu/api/res/1.2/lTS7NesZgCSbKssT0vZ8Hg--~B/aD00NjM7dz04NTI7YXBwaWQ9eXRhY2h5b24-/https://media.zenfs.com/en/tipranks_452/15983b5622f3b3f6c7afe42fe651abba',cast('2022-03-18T16:14:23Z' as TIMESTAMP));
, parameters: None
[2022-03-21 11:43:21,528] {dbapi.py:186} INFO - Rows affected: 1
[2022-03-21 11:43:21,563] {python.py:118} INFO - Done. Returned value was: None
[2022-03-21 11:43:21,582] {taskinstance.py:1166} INFO - Marking task as SUCCESS. dag_id=fetch_news, task_id=write_to_postgres, execution_date=20220318T000000, start_date=20220321T114321, end_date=20220321T114321
[2022-03-21 11:43:21,632] {taskinstance.py:1220} INFO - 0 downstream tasks scheduled from follow-on schedule check
[2022-03-21 11:43:21,660] {local_task_job.py:146} INFO - Task exited with return code 0
