[2022-03-20 20:47:58,844] {taskinstance.py:851} INFO - Dependencies all met for <TaskInstance: fetch_news.dowload_desc 2022-03-06T00:00:00+00:00 [queued]>
[2022-03-20 20:47:58,951] {taskinstance.py:851} INFO - Dependencies all met for <TaskInstance: fetch_news.dowload_desc 2022-03-06T00:00:00+00:00 [queued]>
[2022-03-20 20:47:58,957] {taskinstance.py:1042} INFO - 
--------------------------------------------------------------------------------
[2022-03-20 20:47:58,961] {taskinstance.py:1043} INFO - Starting attempt 3 of 3
[2022-03-20 20:47:58,963] {taskinstance.py:1044} INFO - 
--------------------------------------------------------------------------------
[2022-03-20 20:47:59,084] {taskinstance.py:1063} INFO - Executing <Task(BashOperator): dowload_desc> on 2022-03-06T00:00:00+00:00
[2022-03-20 20:47:59,089] {standard_task_runner.py:52} INFO - Started process 140 to run task
[2022-03-20 20:47:59,137] {standard_task_runner.py:76} INFO - Running: ['airflow', 'tasks', 'run', 'fetch_news', 'dowload_desc', '2022-03-06T00:00:00+00:00', '--job-id', '154', '--pool', 'default_pool', '--raw', '--subdir', 'DAGS_FOLDER/fetch_news.py', '--cfg-path', '/tmp/tmpqn3z34x1', '--error-file', '/tmp/tmpws7q0k1c']
[2022-03-20 20:47:59,163] {standard_task_runner.py:77} INFO - Job 154: Subtask dowload_desc
[2022-03-20 20:47:59,349] {logging_mixin.py:104} INFO - Running <TaskInstance: fetch_news.dowload_desc 2022-03-06T00:00:00+00:00 [running]> on host e39215f0be5b
[2022-03-20 20:47:59,452] {taskinstance.py:1257} INFO - Exporting the following env vars:
AIRFLOW_CTX_DAG_OWNER=airflow
AIRFLOW_CTX_DAG_ID=fetch_news
AIRFLOW_CTX_TASK_ID=dowload_desc
AIRFLOW_CTX_EXECUTION_DATE=2022-03-06T00:00:00+00:00
AIRFLOW_CTX_DAG_RUN_ID=scheduled__2022-03-06T00:00:00+00:00
[2022-03-20 20:47:59,453] {bash.py:135} INFO - Tmp dir root location: 
 /tmp
[2022-03-20 20:47:59,453] {bash.py:158} INFO - Running command: curl -o news_nvidia_2022-03-06_2022-03-07.json https://newsapi.org/v2/everything -G -d from=2022-03-06 -d to=2022-03-07 -d language=en -d q=nvidia -d apiKey=1ddd1951b81c4e9eb662cc118c33ff6a
[2022-03-20 20:47:59,465] {bash.py:169} INFO - Output:
[2022-03-20 20:47:59,482] {bash.py:173} INFO -   % Total    % Received % Xferd  Average Speed   Time    Time     Time  Current
[2022-03-20 20:47:59,483] {bash.py:173} INFO -                                  Dload  Upload   Total   Spent    Left  Speed
[2022-03-20 20:47:59,763] {bash.py:173} INFO -   0     0    0     0    0     0      0      0 --:--:-- --:--:-- --:--:--     0100 17035  100 17035    0     0  59982      0 --:--:-- --:--:-- --:--:-- 59982
[2022-03-20 20:47:59,764] {bash.py:177} INFO - Command exited with return code 0
[2022-03-20 20:47:59,820] {taskinstance.py:1166} INFO - Marking task as SUCCESS. dag_id=fetch_news, task_id=dowload_desc, execution_date=20220306T000000, start_date=20220320T204758, end_date=20220320T204759
[2022-03-20 20:48:00,023] {taskinstance.py:1220} INFO - 0 downstream tasks scheduled from follow-on schedule check
[2022-03-20 20:48:00,065] {local_task_job.py:146} INFO - Task exited with return code 0
