[2022-03-21 11:38:43,186] {taskinstance.py:851} INFO - Dependencies all met for <TaskInstance: fetch_news.prepare_insert 2022-03-12T00:00:00+00:00 [queued]>
[2022-03-21 11:38:43,234] {taskinstance.py:851} INFO - Dependencies all met for <TaskInstance: fetch_news.prepare_insert 2022-03-12T00:00:00+00:00 [queued]>
[2022-03-21 11:38:43,234] {taskinstance.py:1042} INFO - 
--------------------------------------------------------------------------------
[2022-03-21 11:38:43,234] {taskinstance.py:1043} INFO - Starting attempt 8 of 8
[2022-03-21 11:38:43,234] {taskinstance.py:1044} INFO - 
--------------------------------------------------------------------------------
[2022-03-21 11:38:43,270] {taskinstance.py:1063} INFO - Executing <Task(PythonOperator): prepare_insert> on 2022-03-12T00:00:00+00:00
[2022-03-21 11:38:43,277] {standard_task_runner.py:52} INFO - Started process 1430 to run task
[2022-03-21 11:38:43,296] {standard_task_runner.py:76} INFO - Running: ['airflow', 'tasks', 'run', 'fetch_news', 'prepare_insert', '2022-03-12T00:00:00+00:00', '--job-id', '605', '--pool', 'default_pool', '--raw', '--subdir', 'DAGS_FOLDER/fetch_news.py', '--cfg-path', '/tmp/tmpedc1nzz1', '--error-file', '/tmp/tmpzb77weud']
[2022-03-21 11:38:43,307] {standard_task_runner.py:77} INFO - Job 605: Subtask prepare_insert
[2022-03-21 11:38:43,419] {logging_mixin.py:104} INFO - Running <TaskInstance: fetch_news.prepare_insert 2022-03-12T00:00:00+00:00 [running]> on host e39215f0be5b
[2022-03-21 11:38:43,531] {taskinstance.py:1257} INFO - Exporting the following env vars:
AIRFLOW_CTX_DAG_OWNER=airflow
AIRFLOW_CTX_DAG_ID=fetch_news
AIRFLOW_CTX_TASK_ID=prepare_insert
AIRFLOW_CTX_EXECUTION_DATE=2022-03-12T00:00:00+00:00
AIRFLOW_CTX_DAG_RUN_ID=scheduled__2022-03-12T00:00:00+00:00
[2022-03-21 11:38:43,534] {logging_mixin.py:104} INFO - /tmp/news_nvidia_2022-03-12_2022-03-13.sql
[2022-03-21 11:38:43,545] {logging_mixin.py:104} INFO - insert into NEWS.NEWS_COMPANY(COMPANY, SOURCE_NAME, AUTHOR, TITLE, DESCRIPTION, CONTENT, URL, IMG_URL, PUBLISH_DATE) 
                    values('nvidia','Engadget','Igor Bonifacic','Ubisoft says no user information was exposed in recent "cyber security incident"','South American hacking group Lapsus$ is claiming responsibility for another high-profile hack. On Thursday, Ubisoft said
 it underwent a “cyber security incident” last week that saw some of its games, systems and services temporarily disrupted. At the time, …','South American hacking group Lapsus$ is claiming responsibility for another high-profile hack. On Thursday, Ubisoft said
 it underwent a cyber security incident last week that saw some of its games,… [+1047 chars]','https://www.engadget.com/ubisoft-cyber-security-incident-lapsus-claims-credit-164942979.html','https://s.yimg.com/os/creatr-uploaded-images/2022-03/880bc2f0-a223-11ec-99de-3cb2a0d7e0b9','2022-03-12T16:49:42Z');
insert into NEWS.NEWS_COMPANY(COMPANY, SOURCE_NAME, AUTHOR, TITLE, DESCRIPTION, CONTENT, URL, IMG_URL, PUBLISH_DATE) 
                    values('nvidia','Android Police','Steve Huff','Nvidia and Samsung hackers take credit for Ubisoft attack','The game company says no personal info was exposed','Ubisoft may be the latest victim in a cybercrime spree that has already affected chipmaker Nvidia and South Korean electronics giant Samsung. As a result, the company had to take measures to reassure… [+1916 chars]','https://www.androidpolice.com/nvidia-and-samsung-hackers-take-credit-for-ubisoft-attack/','https://static1.anpoimages.com/wordpress/wp-content/uploads/2020/10/27/Ubisoft__Rebranding.jpg.jpg','2022-03-12T21:47:20Z');
insert into NEWS.NEWS_COMPANY(COMPANY, SOURCE_NAME, AUTHOR, TITLE, DESCRIPTION, CONTENT, URL, IMG_URL, PUBLISH_DATE) 
                    values('nvidia','Slashdot.org','EditorDavid','How China Built an Exascale Supercomputer Out of Old 14nm Tech','Slashdot reader katydid77 shares a report from the supercomputing site The Next Platform:
If you need any proof that it doesn"t take the most advanced chip manufacturing processes to create an exascale-class supercomputer, you need look no further than the Su…','If you need any proof that it doesn"t take the most advanced chip manufacturing processes to create an exascale-class supercomputer, you need look no further than the Sunway "OceanLight" system house… [+2757 chars]','https://tech.slashdot.org/story/22/03/12/1843220/how-china-built-an-exascale-supercomputer-out-of-old-14nm-tech','https://a.fsdn.com/sd/topics/china_64.png','2022-03-12T20:34:00Z');
insert into NEWS.NEWS_COMPANY(COMPANY, SOURCE_NAME, AUTHOR, TITLE, DESCRIPTION, CONTENT, URL, IMG_URL, PUBLISH_DATE) 
                    values('nvidia','Motley Fool','newsfeedback@fool.com (Brett Schafer)','Wall Street Loves These 3 Growth Stocks -- Should You?','Tesla, Nvidia, and Apple are investing favorites on Wall Street. But do they belong in your portfolio?','If you are an individual investor, it can be helpful to check what sentiment is from the big dogs on Wall Street from time to time. Luckily, tons of Wall Street analysts post their research publicly,… [+4629 chars]','https://www.fool.com/investing/2022/03/12/wall-street-loves-these-3-growth-stocks-should-you/','https://g.foolcdn.com/editorial/images/669932/thinking.jpg','2022-03-12T12:10:00Z');
insert into NEWS.NEWS_COMPANY(COMPANY, SOURCE_NAME, AUTHOR, TITLE, DESCRIPTION, CONTENT, URL, IMG_URL, PUBLISH_DATE) 
                    values('nvidia','Forbes','Davey Winder, Senior Contributor, 
 Davey Winder, Senior Contributor
 https://www.forbes.com/sites/daveywinder/','Threat Intel Report: Who Is Behind Staggering 190GB Samsung Galaxy Hack?','Who are the cybercriminals behind the massive NVIDIA and Samsung hack attacks?','Earlier this week I reported that Samsung had confirmed a data breach involving a criminal group that appears to have made off with some 190GB of code involving the flagship Galaxy series of smartpho… [+11567 chars]','https://www.forbes.com/sites/daveywinder/2022/03/12/threat-intel-report-who-is-behind-staggering-190gb-samsung-galaxy-hack/','https://imageio.forbes.com/specials-images/imageserve/622b25b761a15839b66f32c7/0x0.jpg?format=jpg&crop=3403,1913,x0,y106,safe&fit=crop','2022-03-12T13:00:00Z');
insert into NEWS.NEWS_COMPANY(COMPANY, SOURCE_NAME, AUTHOR, TITLE, DESCRIPTION, CONTENT, URL, IMG_URL, PUBLISH_DATE) 
                    values('nvidia','Motley Fool','newsfeedback@fool.com (Keithen Drury)','3 Top Artificial Intelligence Stocks to Buy in March','Not just a buzzword, artificial intelligence is instrumental in the offerings of these companies.','Artificial intelligence (AI) is often used as a buzzword when companies are trying to sell their product. They often have some form of AI, but it really isn"t as much of a game-changer as it is hyped… [+5343 chars]','https://www.fool.com/investing/2022/03/12/3-top-artificial-intelligence-stocks-to-buy-in-mar/','https://g.foolcdn.com/editorial/images/669107/man-looking-at-an-ai-dashboard.jpg','2022-03-12T11:00:00Z');
insert into NEWS.NEWS_COMPANY(COMPANY, SOURCE_NAME, AUTHOR, TITLE, DESCRIPTION, CONTENT, URL, IMG_URL, PUBLISH_DATE) 
                    values('nvidia','Neowin','sen92sayan@gmail.com (Sayan Sen)','Nvidia next-gen Ada rumors run wild as RTX 4090 rumored to gobble 600W power all by itself','Nvidia"s next-gen RTX 4090, based on the Ada Lovelace architecture, is rumored to feature an insane 600W TGP according to recent reports, a massive jump up from what Nvidia currently has. Read more...','GeForce RTX 30 series
Power consumption rumors surrounding Nvidia"s next-gen Ada Lovelace GPU architecture - the one that"s going to succeed the current Ampere-based RTX 3000 series - have struck, a… [+1269 chars]','https://www.neowin.net/news/nvidia-next-gen-ada-rumors-run-wild-as-rtx-4090-rumored-to-gobble-600w-power-all-by-itself/','https://cdn.neow.in/news/images/uploaded/2020/10/1601931739_geforce-rtx-30-series_story.jpg','2022-03-12T13:34:01Z');
insert into NEWS.NEWS_COMPANY(COMPANY, SOURCE_NAME, AUTHOR, TITLE, DESCRIPTION, CONTENT, URL, IMG_URL, PUBLISH_DATE) 
                    values('nvidia','Techviral.net','Farhan Shaikh','Nvidia GeForce RTX 4090 Graphics Card Leaked Online','Nvidia’s next flagship GPU, RTX 4090, details have been leaked online. According to the latest rumors, the RTX 4090 GPU might come with faster GDRR7 memory. A YouTube channel, Moore’s Law Is Dead (MLID), the upcoming RTX 4090 GPU with AD102 chip might be the …','Nvidias next flagship GPU, RTX 4090, details have been leaked online. According to the latest rumors, the RTX 4090 GPU might come with faster GDRR7 memory.
A YouTube channel, Moores Law Is Dead (MLI… [+1608 chars]','https://techviral.net/nvidia-geforce-rtx-4090-graphics-card/','https://techviral.net/wp-content/uploads/2022/03/RTX-4090-Might-Twice-As-Fast-As-RTX-3090.jpg','2022-03-12T18:37:30Z');
insert into NEWS.NEWS_COMPANY(COMPANY, SOURCE_NAME, AUTHOR, TITLE, DESCRIPTION, CONTENT, URL, IMG_URL, PUBLISH_DATE) 
                    values('nvidia','XDA Developers','Rich Woods','HP Spectre x360 16 review: It’s a lot of computer, but it’s awesome','If you’re looking for a big-screen convertible, the HP Spectre x360 16 is hands down your best option. And I’m not just saying that because big-screen convertibles are incredibly rare. Indeed, Dell made an XPS 15 2-in-1 once…once. With this year’s Spectre x36…','If you’re looking for a big-screen convertible, the HP Spectre x360 16 is hands down your best option. And I’m not just saying that because big-screen convertibles are incredibly rare. Indeed, Dell m… [+14046 chars]','https://www.xda-developers.com/hp-spectre-x360-16-review/','https://www.xda-developers.com/files/2022/02/HP-Spectre-x360-16-1.jpg','2022-03-12T16:00:51Z');
insert into NEWS.NEWS_COMPANY(COMPANY, SOURCE_NAME, AUTHOR, TITLE, DESCRIPTION, CONTENT, URL, IMG_URL, PUBLISH_DATE) 
                    values('nvidia','Creative Bloq','jessica.weatherbed@futurenet.com (Jess Weatherbed)','The best laptops for battery life in {year}','Our pick of the best laptops for battery life for creative professionals and students.','The best laptops for battery life are becoming more important than ever due to the rise in hybrid working and education. At one moment, you could be working at home or in a studio or lecture hall, an… [+8424 chars]','https://www.creativebloq.com/buying-guides/best-laptops-for-battery-life','https://cdn.mos.cms.futurecdn.net/N3YD5FGp5sRFwwgaUMQh6H-1200-80.jpg','2022-03-12T13:18:57Z');
insert into NEWS.NEWS_COMPANY(COMPANY, SOURCE_NAME, AUTHOR, TITLE, DESCRIPTION, CONTENT, URL, IMG_URL, PUBLISH_DATE) 
                    values('nvidia','Motley Fool','newsfeedback@fool.com (Rich Duprey)','2 Dividend-Paying Tech Stocks to Buy in March','Investors should stand ready to take advantage of these fast-growing tech stocks.','Inflation is running higher than it has in 40 years, national average gas prices just broke through to record highs, and Russia"s invasion of Ukraine is roiling commodities markets.
Couple all this … [+4883 chars]','https://www.fool.com/investing/2022/03/12/2-dividend-paying-tech-stocks-to-buy-in-march/','https://g.foolcdn.com/editorial/images/669544/mobile-smartphone-video-chat-text-getty.jpeg','2022-03-12T11:32:00Z');
insert into NEWS.NEWS_COMPANY(COMPANY, SOURCE_NAME, AUTHOR, TITLE, DESCRIPTION, CONTENT, URL, IMG_URL, PUBLISH_DATE) 
                    values('nvidia','Hotukdeals.com','sarden84','105° - Intel 11400F + Nvidia RTX 3070 + 16GB Ram + 500GB Samsung Windows Gaming System 1149.99 at palicomp','# follow the guide on this post to get this deal.<br /><br />CPU: 11400F<br />GPU: RTX 3070<br />PSU: 750W GOLD Corsair<br />Ram: 16GB 3200mhz<br />Case: 1st Player D3<br />Storage: 500GB Samsung<br />O/S: Windows 10.<br />Mb: H510 <br /><br />Price: 1149.99<…','# follow the guide on this post to get this deal.CPU: 11400FGPU: RTX 3070PSU: 750W GOLD CorsairRam: 16GB 3200mhzCase: 1st Player D3Storage: 500GB SamsungO/S: Windows 10.Mb: H510 
Price: 1149.99
1) … [+1399 chars]','https://www.hotukdeals.com/deals/intel-11400f-nvidia-rtx-3070-16gb-ram-500gb-samsung-windows-gaming-system-114999-at-palicomp-3903326','https://images.hotukdeals.com/threads/raw/quGh6/3903326_1/re/1024x1024/qt/60/3903326_1.jpg','2022-03-12T05:40:35Z');
insert into NEWS.NEWS_COMPANY(COMPANY, SOURCE_NAME, AUTHOR, TITLE, DESCRIPTION, CONTENT, URL, IMG_URL, PUBLISH_DATE) 
                    values('nvidia','TechSpot','Sayak Biswas','Exploring the Apple M1 UltraFusion Chip Interconnect','Apple recently announced the M1 Ultra, its new flagship SoC that will power the all-new Mac Studio, a compact yet high-performance desktop system. It claims the M1 Ultra powered Mac Studio would provide CPU performance up to 3.8 times faster than the 27-inch …','The big picture: Apple is pushing boundaries with its 114 billion transistor behemoth M1 Ultra. It uses state-of-the-art interconnection technology to connect two disparate chips into a single SoC. F… [+2863 chars]','https://www.techspot.com/news/93755-exploring-apple-m1-ultrafusion-chip-interconnect.html','https://static.techspot.com/images2/news/bigimage/2022/03/2022-03-12-image-5.jpg','2022-03-12T16:33:00Z');
insert into NEWS.NEWS_COMPANY(COMPANY, SOURCE_NAME, AUTHOR, TITLE, DESCRIPTION, CONTENT, URL, IMG_URL, PUBLISH_DATE) 
                    values('nvidia','BleepingComputer','Ax Sharma','Ubisoft confirms "cyber security incident", resets staff passwords','Video game developer Ubisoft has confirmed that it suffered a "cyber security incident" that caused disruption to some of its services. Data extortion group LAPSUS$, who has claimed responsibility for hacking Samsung, NVIDIA, and Mercado Libre thus far, also …','Video game developer Ubisoft has confirmed that it suffered a "cyber security incident" that caused disruption to its games, systems, and services.
The announcement comes after multiple Ubisoft user… [+2446 chars]','https://www.bleepingcomputer.com/news/security/ubisoft-confirms-cyber-security-incident-resets-staff-passwords/','https://www.bleepstatic.com/content/hl-images/2021/09/27/Game--over.jpg','2022-03-12T06:16:34Z');
insert into NEWS.NEWS_COMPANY(COMPANY, SOURCE_NAME, AUTHOR, TITLE, DESCRIPTION, CONTENT, URL, IMG_URL, PUBLISH_DATE) 
                    values('nvidia','Securityaffairs.co','Pierluigi Paganini','Ubisoft suffered a cyber security incident that caused a temporary disruption','Video game company Ubisoft has suffered a ‘cyber security incident’ that had a severe impact on games, systems, and services. The rumors of a cyber attack against Ubisoft circulated online in the last few days, while data extortion group LAPSUS$ claimed to ha…','The rumors of a cyber attack against Ubisoft circulated online in the last few days, while data extortion group LAPSUS$ claimed to have hacked the company. 
Over the last few days, multiple users re… [+2084 chars]','https://securityaffairs.co/wordpress/128929/hacking/ubisoft-cyber-security-incident.html','https://i0.wp.com/securityaffairs.co/wordpress/wp-content/uploads/2021/12/ubisoft.jpg?resize=300%2C300&ssl=1','2022-03-12T10:46:32Z');
insert into NEWS.NEWS_COMPANY(COMPANY, SOURCE_NAME, AUTHOR, TITLE, DESCRIPTION, CONTENT, URL, IMG_URL, PUBLISH_DATE) 
                    values('nvidia','Hotukdeals.com','Frank30uk','128° - MEDION Deputy P25 NH55 (Ryzen 5-5600H / 16GB / 512GB SSD / RTX 3060 / 15.6" / Win10) £709.97 with code @ buyitdirectdiscounts / Ebay','Good price<br /><br /><strong>ERAZER Deputy P25</strong><br /><br />Gear up for battle with the MEDION ERAZER Deputy P25 Gaming Laptop and erase the competition! The ERAZER’s chassis design is complemented with an etched ERAZER logo on the back cover with a R…','Good priceERAZER Deputy P25
Gear up for battle with the MEDION ERAZER Deputy P25 Gaming Laptop and erase the competition! The ERAZERs chassis design is complemented with an etched ERAZER logo on the… [+2590 chars]','https://www.hotukdeals.com/deals/medion-deputy-p25-nh55-ryzen-5-5600h-16gb-512gb-ssd-rtx-3060-156-win10-ps70997-with-code-at-buyitdirectdiscounts-ebay-3903485','https://images.hotukdeals.com/threads/raw/oZ7Z4/3903485_1/re/1024x1024/qt/60/3903485_1.jpg','2022-03-12T09:29:12Z');
insert into NEWS.NEWS_COMPANY(COMPANY, SOURCE_NAME, AUTHOR, TITLE, DESCRIPTION, CONTENT, URL, IMG_URL, PUBLISH_DATE) 
                    values('nvidia','Hotukdeals.com','djriv','101° - Medion Crawler E10 Laptop - i5 8GB RAM 256GB SSD GTX 1650 - £469.97 (Nectar) / £476.97 (non-Nectar) with code @ eBay / buyitdirectdiscounts','Gear up for battle with the MEDION ERAZER Crawler Gaming Laptop and erase the competition! The ERAZER’s chassis design is complemented with an etched ERAZER logo on the back cover with a RGB back-lit keyboard with anti-ghosting technology. The narrow bezel de…','Gear up for battle with the MEDION ERAZER Crawler Gaming Laptop and erase the competition! The ERAZERs chassis design is complemented with an etched ERAZER logo on the back cover with a RGB back-lit … [+2700 chars]','https://www.hotukdeals.com/deals/medion-crawler-e10-core-i5-10300h-8gb-256gb-ssd-156-inch-geforce-gtx-1650-windows-11-gaming-laptop-3903319','https://images.hotukdeals.com/threads/raw/s3Ly8/3903319_1/re/1024x1024/qt/60/3903319_1.jpg','2022-03-12T04:16:06Z');
insert into NEWS.NEWS_COMPANY(COMPANY, SOURCE_NAME, AUTHOR, TITLE, DESCRIPTION, CONTENT, URL, IMG_URL, PUBLISH_DATE) 
                    values('nvidia','Yahoo Entertainment','Igor Bonifacic','Ubisoft says no user information was exposed in recent "cyber security incident" - Yahoo Movies Canada','<ol><li>Ubisoft says no user information was exposed in recent "cyber security incident"  Yahoo Movies Canada
</li><li>Nvidia and Samsung hackers take credit for Ubisoft attack  Android Police
</li><li>Ubisoft won’t say why it reset employee passwords after…','South American hacking group Lapsus$ is claiming responsibility for another high-profile hack. On Thursday, Ubisoft said
 it underwent a cyber security incident last week that saw some of its games,… [+1047 chars]','https://ca.news.yahoo.com/ubisoft-cyber-security-incident-lapsus-claims-credit-164942979.html','https://s.yimg.com/ny/api/res/1.2/UQroCm9VExiVwvPyX96LsQ--/YXBwaWQ9aGlnaGxhbmRlcjt3PTEyMDA7aD04MDA-/https://s.yimg.com/os/creatr-uploaded-images/2022-03/880bc2f0-a223-11ec-99de-3cb2a0d7e0b9','2022-03-12T16:49:42Z');
insert into NEWS.NEWS_COMPANY(COMPANY, SOURCE_NAME, AUTHOR, TITLE, DESCRIPTION, CONTENT, URL, IMG_URL, PUBLISH_DATE) 
                    values('nvidia','Hotukdeals.com','Frank30uk','104° - Asus ZenBook 15 (Core i7-10870H / 16GB / 1TB SSD / 15.6" OLED UHD 4K / GTX 1650Ti / Win10) £894.96 with code @ buyitdirectdiscounts / Ebay','Now under £900 with code.<br /><br /><ul><li>Intel Core i7-10870H Octa Core Processor</li><li>15.6" UHD OLED Touchscreen</li><li>Microsoft Windows 10 Home 64-bit</li><li>16GB DDR4 RAM</li><li>1TB M.2 NVMe SSD</li><li>Nvidia GeForce GTX 1650Ti 4GB Graphics</li…','Now under £900 with code.<ul><li>Intel Core i7-10870H Octa Core Processor</li><li>15.6" UHD OLED Touchscreen</li><li>Microsoft Windows 10 Home 64-bit</li><li>16GB DDR4 RAM</li><li>1TB M.2 NVMe SSD</l… [+3937 chars]','https://www.hotukdeals.com/deals/asus-zenbook-15-core-i7-10870h-16gb-1tb-ssd-156-oled-uhd-4k-gtx-1650ti-win10-ps89496-with-code-at-buyitdirectdiscounts-ebay-3903761','https://images.hotukdeals.com/threads/raw/gaq9X/3903761_1/re/1024x1024/qt/60/3903761_1.jpg','2022-03-12T21:39:09Z');
insert into NEWS.NEWS_COMPANY(COMPANY, SOURCE_NAME, AUTHOR, TITLE, DESCRIPTION, CONTENT, URL, IMG_URL, PUBLISH_DATE) 
                    values('nvidia','Databreaches.net','Dissent','Ubisoft says it experienced a ‘cyber security incident’, LAPSUS$ group claims credit for attack','Jay Peters reports: Ubisoft experienced a “cyber security incident” last week that temporarily disrupted some games, systems, and services, the...','Ubisoft experienced a cyber security incident last week that temporarily disrupted some games, systems, and services, the company reported Thursday. Ubisoft hasnt said who might be responsible, but o… [+360 chars]','https://www.databreaches.net/ubisoft-says-it-experienced-a-cyber-security-incident-lapsus-group-claims-credit-for-attack/',null,'2022-03-12T14:17:16Z');
[2022-03-21 11:38:43,545] {logging_mixin.py:104} INFO - 
[2022-03-21 11:38:43,545] {python.py:118} INFO - Done. Returned value was: None
[2022-03-21 11:38:43,556] {taskinstance.py:1166} INFO - Marking task as SUCCESS. dag_id=fetch_news, task_id=prepare_insert, execution_date=20220312T000000, start_date=20220321T113843, end_date=20220321T113843
[2022-03-21 11:38:43,798] {taskinstance.py:1220} INFO - 1 downstream tasks scheduled from follow-on schedule check
[2022-03-21 11:38:43,839] {local_task_job.py:146} INFO - Task exited with return code 0
