[2022-03-21 10:14:05,893] {taskinstance.py:851} INFO - Dependencies all met for <TaskInstance: fetch_news.write_to_postgres 2022-03-10T00:00:00+00:00 [queued]>
[2022-03-21 10:14:06,049] {taskinstance.py:851} INFO - Dependencies all met for <TaskInstance: fetch_news.write_to_postgres 2022-03-10T00:00:00+00:00 [queued]>
[2022-03-21 10:14:06,064] {taskinstance.py:1042} INFO - 
--------------------------------------------------------------------------------
[2022-03-21 10:14:06,064] {taskinstance.py:1043} INFO - Starting attempt 5 of 5
[2022-03-21 10:14:06,067] {taskinstance.py:1044} INFO - 
--------------------------------------------------------------------------------
[2022-03-21 10:14:06,154] {taskinstance.py:1063} INFO - Executing <Task(PythonOperator): write_to_postgres> on 2022-03-10T00:00:00+00:00
[2022-03-21 10:14:06,160] {standard_task_runner.py:52} INFO - Started process 1365 to run task
[2022-03-21 10:14:06,211] {standard_task_runner.py:76} INFO - Running: ['airflow', 'tasks', 'run', 'fetch_news', 'write_to_postgres', '2022-03-10T00:00:00+00:00', '--job-id', '581', '--pool', 'default_pool', '--raw', '--subdir', 'DAGS_FOLDER/fetch_news.py', '--cfg-path', '/tmp/tmpgvc421w1', '--error-file', '/tmp/tmp2f_gm3sf']
[2022-03-21 10:14:06,213] {standard_task_runner.py:77} INFO - Job 581: Subtask write_to_postgres
[2022-03-21 10:14:06,344] {logging_mixin.py:104} INFO - Running <TaskInstance: fetch_news.write_to_postgres 2022-03-10T00:00:00+00:00 [running]> on host e39215f0be5b
[2022-03-21 10:14:06,445] {taskinstance.py:1257} INFO - Exporting the following env vars:
AIRFLOW_CTX_DAG_OWNER=airflow
AIRFLOW_CTX_DAG_ID=fetch_news
AIRFLOW_CTX_TASK_ID=write_to_postgres
AIRFLOW_CTX_EXECUTION_DATE=2022-03-10T00:00:00+00:00
AIRFLOW_CTX_DAG_RUN_ID=scheduled__2022-03-10T00:00:00+00:00
[2022-03-21 10:14:06,473] {base.py:74} INFO - Using connection to: id: news_in. Host: postgres, Port: 5432, Schema: , Login: airflow, Password: XXXXXXXX, extra: None
[2022-03-21 10:14:06,502] {dbapi.py:180} INFO - Running statement: insert into NEWS.NEWS_COMPANY(COMPANY, SOURCE_NAME, AUTHOR, TITLE, DESCRIPTION, CONTENT, URL, IMG_URL, PUBLISH_DATE) 

                    values('nvidia','StockNews.com','Subhasree Kar','3 Blue-Chip Tech Stocks Wall Street Predicts Will Rally More Than 50%','Accelerating digitization and adoption of advanced technologies across industries to ramp up businesses should propel the tech market’s growth in the coming years. Considering the fundamental stability of the blue-chip...','Accelerating digitization and adoption of advanced technologies across industries to ramp up businesses should propel the tech markets growth in the coming years. Considering the fundamental stabilit… [+7631 chars]','https://stocknews.com/news/nvda-crm-pypl-3-blue-chip-tech-stocks-wall-street-predicts-will-rally-more/','https://assets.entrepreneur.com/providers/stocknews/hero-image-stocknews-422004.jpeg','2022-03-10T22:59:58Z');

insert into NEWS.NEWS_COMPANY(COMPANY, SOURCE_NAME, AUTHOR, TITLE, DESCRIPTION, CONTENT, URL, IMG_URL, PUBLISH_DATE) 

                    values('nvidia','Ars Technica','Scharon Harding','2002 iMac resurrected with Apple’s M1 chip','A modder makes the iMac G4 feel new again.','Enlarge/ Optical drive included.

8 with 8 posters participating

You may be disheartened about the discontinuation of the 27-inch iMac, but fans of 2002"s iMac G4 have had to live much longer withou… [+2175 chars]','https://arstechnica.com/gadgets/2022/03/2002-imac-resurrected-with-apples-m1-chip/','https://cdn.arstechnica.net/wp-content/uploads/2022/03/listing-760x380.png','2022-03-10T16:42:56Z');

insert into NEWS.NEWS_COMPANY(COMPANY, SOURCE_NAME, AUTHOR, TITLE, DESCRIPTION, CONTENT, URL, IMG_URL, PUBLISH_DATE) 

                    values('nvidia','CNET','Carrie Mihalcik','Apple, Microsoft, Samsung, Amazon and Other Tech Companies Stop Sales in Russia - CNET','Sanctions against Russia have continued in the form of tech companies ceasing sales of products and services. Here"s the list of companies involved.','Tech companies across the globe are pulling out of Russia.

Jakub Porzycki/Getty Images

This story is part of War in Ukraine, CNET"s coverage of events there and of the wider effects on the world.

… [+8574 chars]','https://www.cnet.com/news/politics/apple-microsoft-and-other-tech-companies-stop-sales-in-russia/','https://www.cnet.com/a/img/resize/bbe15ede6e9df83f3dd5bfc39ab9d324c41a2410/2022/03/04/13833661-e07b-40ba-a690-f1b44b3211d5/gettyimages-1238862139.jpg?auto=webp&fit=crop&height=630&width=1200','2022-03-10T17:01:00Z');

insert into NEWS.NEWS_COMPANY(COMPANY, SOURCE_NAME, AUTHOR, TITLE, DESCRIPTION, CONTENT, URL, IMG_URL, PUBLISH_DATE) 

                    values('nvidia','Reuters',null,'Amazon latest megacap to join stock split squad - Reuters.com','Stock splits are becoming fashionable for megacap U.S. companies.','NEW YORK, March 10 (Reuters) - Stock splits are becoming fashionable for megacap U.S. companies.

Amazon unveiled a 20-for-1 stock split late on Wednesday, only weeks after megacap peer Alphabet (GOO… [+3038 chars]','https://www.reuters.com/business/retail-consumer/amazon-latest-megacap-join-stock-split-squad-2022-03-10/','https://www.reuters.com/resizer/rd7zQQSGKOAQyKpNRAasHdAYRfI=/1200x628/smart/filters:quality(80)/cloudfront-us-east-2.images.arcpublishing.com/reuters/4MAIJUZY7BJMPKGBKWWZI7P7OQ.jpg','2022-03-10T20:17:00Z');

insert into NEWS.NEWS_COMPANY(COMPANY, SOURCE_NAME, AUTHOR, TITLE, DESCRIPTION, CONTENT, URL, IMG_URL, PUBLISH_DATE) 

                    values('nvidia','Theregister.com','Agam Shah','Why Nvidia sees a future in software and services: Recurring revenue','Thanks for that GPU purchase, we"ll start a tab for you

Nvidia is repositioning itself as a software and services company, allowing it to regularly extract revenue from those using its graphics processors.…','Nvidia is repositioning itself as a software and services company, allowing it to regularly extract revenue from those using its graphics processors.

"Now we"re entering into a new phase, a new phas… [+4409 chars]','https://www.theregister.com/2022/03/10/nvidia_software_services/','https://regmedia.co.uk/2022/03/10/nvidia_shutterstock.jpg','2022-03-10T08:34:08Z');

insert into NEWS.NEWS_COMPANY(COMPANY, SOURCE_NAME, AUTHOR, TITLE, DESCRIPTION, CONTENT, URL, IMG_URL, PUBLISH_DATE) 

                    values('nvidia','Hackaday','Jonathan Bennett','This Week in Security: DDoS Techniques, Dirty Pipe, and Lapsus$ Continued','Denial-of-Service (DoS) amplification. Relatively early in the history of the Internet — it was only 14 years old at the time — the first DoS amplification attack was discovered. [TFreak] …read more','Denial-of-Service (DoS) amplification. Relatively early in the history of the Internet — it was only 14 years old at the time — the first DoS amplification attack was discovered. [TFreak] put togethe… [+9918 chars]','https://hackaday.com/2022/03/11/this-week-in-security-ddos-techniques-dirty-pipe-and-lapsus-continued/','https://hackaday.com/wp-content/uploads/2016/01/darkarts.jpg','2022-03-11T15:00:36Z');

insert into NEWS.NEWS_COMPANY(COMPANY, SOURCE_NAME, AUTHOR, TITLE, DESCRIPTION, CONTENT, URL, IMG_URL, PUBLISH_DATE) 

                    values('nvidia','MSPoweruser','Alex Atkin','Nvidia’s RTX 3090 Ti is reportedly due to launch this month','Despite silence from manufacturer Nvidia, new reports are pointing towards a March 29th release date for the much anticipated RTX 3090 Ti.  After announcing the RTX 3090 Ti at CES back in January, Nvidia’s latest and greatest graphics card has been surprising…','Despite silence from manufacturer Nvidia, new reports are pointing towards a March 29th release date for the much anticipated RTX 3090 Ti. 

After announcing the RTX 3090 Ti at CES back in January, N… [+1344 chars]','https://mspoweruser.com/nvidia-rtx-3090-ti-reportedly-launches-this-month/','https://mspoweruser.com/wp-content/uploads/2022/03/Nvidia-RTX-3090-Ti-100322.jpg','2022-03-10T15:31:46Z');

insert into NEWS.NEWS_COMPANY(COMPANY, SOURCE_NAME, AUTHOR, TITLE, DESCRIPTION, CONTENT, URL, IMG_URL, PUBLISH_DATE) 

                    values('nvidia','Windows Central','Rich Edmonds','Review: ASUS ProArt Studiobook 16 (H5600) has a stunning 4K display','Work hard and play harder with this powerful creative laptop.



ASUS makes countless laptops and the ProArt range is designed with creative individuals in mind. Much like ProArt monitors, you can expect to find some notable features tailored for creative use, …','Source: Rich Edmonds / Windows Central

ASUS makes countless laptops and the ProArt range is designed with creative individuals in mind. Much like ProArt monitors, you can expect to find some notable… [+11271 chars]','https://www.windowscentral.com/asus-proart-studiobook-16-h5600-review','https://www.windowscentral.com/sites/wpcentral.com/files/styles/large/public/field/image/2022/03/asus-proart-studiobook-16-h5600-main-screen-on.jpg','2022-03-11T17:00:02Z');

insert into NEWS.NEWS_COMPANY(COMPANY, SOURCE_NAME, AUTHOR, TITLE, DESCRIPTION, CONTENT, URL, IMG_URL, PUBLISH_DATE) 

                    values('nvidia','Motley Fool','newsfeedback@fool.com (John Ballard)','Why Micron Technology Could Be the Nvidia of the 2020s','There are striking similarities between Nvidia in 2012 and Micron in 2022.','A $1,000 investment in Nvidia( NVDA 6.97% ) in 2012 would be worth $57,000 today. That"s what can happen when you invest in a growing tech company that experiences expanding use cases for its product… [+5613 chars]','https://www.fool.com/investing/2022/03/10/why-micron-technology-could-be-nvidia-of-2020s/','https://g.foolcdn.com/editorial/images/669526/an-investor-looking-at-a-stock-chart-on-a-tablet.jpg','2022-03-10T12:35:00Z');

insert into NEWS.NEWS_COMPANY(COMPANY, SOURCE_NAME, AUTHOR, TITLE, DESCRIPTION, CONTENT, URL, IMG_URL, PUBLISH_DATE) 

                    values('nvidia','Lever.co',null,'Jerry (YC S17) Is Hiring Engineering Manager, Software Development','Jerry, ranked by LinkedIn as one of the Top 50 technology startups, is expanding our engineering team! We’d love to hear from you if you are looking for a tech company with the following: - Huge market ($800 billion market size), we are building the fir…','Wed love to hear from you if you are looking for a tech company with the following:

- Huge market ($800 billion market size), we are building the first AI-powered super app to help people own a car;… [+3055 chars]','https://jobs.lever.co/getjerry/4290d136-b59c-49d7-83c2-1f1f71f57e4c','https://lever-client-logos.s3.us-west-2.amazonaws.com/636ce6d4-69a0-4b6e-80cd-c4878918f7d1-1625421560359.png','2022-03-11T01:01:14Z');

insert into NEWS.NEWS_COMPANY(COMPANY, SOURCE_NAME, AUTHOR, TITLE, DESCRIPTION, CONTENT, URL, IMG_URL, PUBLISH_DATE) 

                    values('nvidia','Eurogamer.net','Ishraq Subhan','Nvidia"s Geforce Now RTX 3080 tier now available at a monthly cost','Nvidia has revealed a new monthly price for its premium RTX 3080 tier on Geforce Now. The service will be available for £17.99 per month, giving you access to an RTX 3080-level GPU and all the added benefits, including raytracing, 1440p 120FPS gaming on PC an…','Nvidia has revealed a new monthly price for its premium RTX 3080 tier on Geforce Now. 

The service will be available for £17.99 per month, giving you access to an RTX 3080-level GPU and all the adde… [+1106 chars]','https://www.eurogamer.net/articles/2022-03-10-nvidias-geforce-now-rtx-3080-tier-now-available-at-a-monthly-cost','https://images.gnwcdn.com/2018/articles/2018-03-20-10-55/welcome-to-the-new-eurogamer-1521543305513.jpg','2022-03-10T15:54:00Z');

insert into NEWS.NEWS_COMPANY(COMPANY, SOURCE_NAME, AUTHOR, TITLE, DESCRIPTION, CONTENT, URL, IMG_URL, PUBLISH_DATE) 

                    values('nvidia','Motley Fool','newsfeedback@fool.com (Harsh Chauhan)','Will Nvidia Be a Trillion-Dollar Stock by 2025?','The graphics specialist has been facing challenging times of late, but investors should focus on the bigger picture.','The last three months have been terrible for Nvidia( NVDA 6.97% ) investors as the graphics cards specialist has shed nearly 23% of its market capitalization despite reporting solid quarterly results… [+4760 chars]','https://www.fool.com/investing/2022/03/10/will-nvidia-be-a-trillion-dollar-stock-by-2025/','https://g.foolcdn.com/editorial/images/669536/man-pointing-upward-stock-chart.jpg','2022-03-10T13:30:00Z');

insert into NEWS.NEWS_COMPANY(COMPANY, SOURCE_NAME, AUTHOR, TITLE, DESCRIPTION, CONTENT, URL, IMG_URL, PUBLISH_DATE) 

                    values('nvidia','Digital Trends','Chuong Nguyen','More reports confirm M2 chips coming to Macs later this year','Apple"s rumored M2 processor based on a 4nm node could give 2022"s MacBook Air and Mac Mini a serious performance boost.','After a performance-studded launch with its M1 processor line, Apple is expected to debut the Mac CPU sequel later this year, with better performance for desktop applications and improved power effic… [+3488 chars]','https://www.digitaltrends.com/computing/apple-m2-processor-tsmc-4nm/','https://icdn.digitaltrends.com/image/digitaltrends/macbook-pro-2021-15.jpg','2022-03-10T19:43:20Z');

insert into NEWS.NEWS_COMPANY(COMPANY, SOURCE_NAME, AUTHOR, TITLE, DESCRIPTION, CONTENT, URL, IMG_URL, PUBLISH_DATE) 

                    values('nvidia','Digital Trends','Monica J. White','Apple’s 2002 iMac G6 comes back from the dead with M1 chip','The 2002 all-in-one Apple iMac G4 was just modded and brought back to life with an M1 chip and all-new hardware. Spoiler alert: It actually works.','Do you remember the 2002 iMac G4? We don’t blame you if you don’t — it’s been 20 years since Apple released that iconic all-in-one desktop.

However, nostalgia is a powerful force, and when you combi… [+2918 chars]','https://www.digitaltrends.com/computing/apple-2002-imac-g4-rebuilt-with-m1-chip/','https://icdn.digitaltrends.com/image/digitaltrends/listing.jpg','2022-03-10T23:03:16Z');

insert into NEWS.NEWS_COMPANY(COMPANY, SOURCE_NAME, AUTHOR, TITLE, DESCRIPTION, CONTENT, URL, IMG_URL, PUBLISH_DATE) 

                    values('nvidia','Digital Trends','Monica J. White','Intel may have the first 16-core laptop CPU','Intel has a new mobile chip up its sleeve, the Core i9-12900HX. The CPU will be the first laptop processor to offer 16 cores. It has now been benchmarked.','According to a freshly leaked benchmark, Intel may be about to set new standards in high-end gaming laptop performance. The upcoming Intel Core i9-12900HX mobility chip has been benchmarked and retur… [+3137 chars]','https://www.digitaltrends.com/computing/intel-core-i9-12900hx-benchmark-leaks/','https://icdn.digitaltrends.com/image/digitaltrends/alder-lake-mobility-chip.jpg','2022-03-11T19:25:02Z');

insert into NEWS.NEWS_COMPANY(COMPANY, SOURCE_NAME, AUTHOR, TITLE, DESCRIPTION, CONTENT, URL, IMG_URL, PUBLISH_DATE) 

                    values('nvidia','Motley Fool','newsfeedback@fool.com (Chris Neiger)','2 Red-Hot Growth Stocks to Buy in 2022 and Beyond','Even in a volatile market, these two growth stocks are worth buying and holding onto.','Many investors have been shifting their attention away from growth stocks recently as the market has experienced significant price swings. 

Some investors are looking for more stable investments dur… [+3331 chars]','https://www.fool.com/investing/2022/03/11/2-red-hot-growth-stocks-to-buy-in-2022-and-beyond/','https://g.foolcdn.com/editorial/images/669911/gettyimages-1170740955.jpg','2022-03-11T16:16:11Z');

insert into NEWS.NEWS_COMPANY(COMPANY, SOURCE_NAME, AUTHOR, TITLE, DESCRIPTION, CONTENT, URL, IMG_URL, PUBLISH_DATE) 

                    values('nvidia','Windows Central','Robert Carnevale','Give up on PC gaming (for now)','The admission line to enter PC gaming right now is too long for its own good.







The global semiconductor crisis has put PC gaming in a tough spot. Components, especially graphics cards, have seen exponential price hikes and shortages spanning entire years at…','Source: Matt Brown | Windows Central

The global semiconductor crisis has put PC gaming in a tough spot. Components, especially graphics cards, have seen exponential price hikes and shortages spannin… [+5165 chars]','https://www.windowscentral.com/give-pc-gaming-now-and-buy-xbox','https://www.windowscentral.com/sites/wpcentral.com/files/styles/large/public/field/image/2021/10/xbox-series-s-hero-side.jpg','2022-03-11T21:43:22Z');

insert into NEWS.NEWS_COMPANY(COMPANY, SOURCE_NAME, AUTHOR, TITLE, DESCRIPTION, CONTENT, URL, IMG_URL, PUBLISH_DATE) 

                    values('nvidia','9to5google.com','Sponsored Post','Go beyond basic Android gaming with NVIDIA GeForce NOW [Video]','There are a ton of solid 3D titles that you can play on your Android but with cloud gaming service NVIDIA GeForce NOW you can access triple-A PC titles right in the palm of your hands.

 more…

The post Go beyond basic Android gaming with NVIDIA GeForce NOW [Vi…','There are a ton of solid 3D titles that you can play on your Android but with cloud gaming service NVIDIA GeForce NOW you can access triple-A PC titles right in the palm of your hands.

For the first… [+2131 chars]','https://9to5google.com/2022/03/10/go-beyond-basic-android-gaming-with-nvidia-geforce-now-video/','https://i0.wp.com/9to5google.com/wp-content/uploads/sites/4/2022/02/GeForce-NOW.jpg?resize=1200%2C628&quality=82&strip=all&ssl=1','2022-03-10T20:55:11Z');

insert into NEWS.NEWS_COMPANY(COMPANY, SOURCE_NAME, AUTHOR, TITLE, DESCRIPTION, CONTENT, URL, IMG_URL, PUBLISH_DATE) 

                    values('nvidia','Theregister.com','Simon Sharwood','Driverless car first: Chinese company recalls faulty AI','Pony.ai pulls three of its test fleet from Californian roads

Chinese driverless car company Pony.ai has scored an unwanted first: it"s recalled some versions of its AI software from US roads after admitting to faults.…','Chinese driverless car company Pony.ai has scored an unwanted first: it"s recalled some versions of its AI software from US roads after admitting to faults.

Recalls of unsafe products are common in … [+2297 chars]','https://www.theregister.com/2022/03/10/driverless_car_first_chinese_company/','https://regmedia.co.uk/2022/03/10/supplied_pony_ai_vehicles.jpg','2022-03-10T04:30:05Z');

insert into NEWS.NEWS_COMPANY(COMPANY, SOURCE_NAME, AUTHOR, TITLE, DESCRIPTION, CONTENT, URL, IMG_URL, PUBLISH_DATE) 

                    values('nvidia','SlashGear','staff@slashgear.com (Monica J. White)','GeForce NOW RTX 3080 One-Month Memberships Bypass Sold-Out GPU Madness','NVIDIA introduces a new month-to-month subscription tier for their cloud gaming platform, GeForce NOW, with RTX 3080 in the mix for top-tier graphics.','At a time when getting a graphics card is more difficult and expensive than ever, cloud-gaming services should be thriving. NVIDIA, acutely aware of the ongoing GPU shortage, is therefore keen to pro… [+1253 chars]','https://www.slashgear.com/795177/geforce-now-rtx-3080-one-month-memberships-bypass-sold-out-gpu-madness/','https://www.slashgear.com/img/gallery/geforce-now-rtx-3080-one-month-memberships-bypass-sold-out-gpu-madness/l-intro-1646942538.jpg','2022-03-10T20:04:42Z');
, parameters: None
[2022-03-21 10:14:06,513] {dbapi.py:186} INFO - Rows affected: 1
[2022-03-21 10:14:06,530] {python.py:118} INFO - Done. Returned value was: None
[2022-03-21 10:14:06,574] {taskinstance.py:1166} INFO - Marking task as SUCCESS. dag_id=fetch_news, task_id=write_to_postgres, execution_date=20220310T000000, start_date=20220321T101405, end_date=20220321T101406
[2022-03-21 10:14:06,690] {taskinstance.py:1220} INFO - 0 downstream tasks scheduled from follow-on schedule check
[2022-03-21 10:14:06,767] {local_task_job.py:146} INFO - Task exited with return code 0
