[2022-03-21 16:48:14,343] {taskinstance.py:851} INFO - Dependencies all met for <TaskInstance: fetch_news.write_to_postgres 2022-03-10T00:00:00+00:00 [queued]>
[2022-03-21 16:48:14,397] {taskinstance.py:851} INFO - Dependencies all met for <TaskInstance: fetch_news.write_to_postgres 2022-03-10T00:00:00+00:00 [queued]>
[2022-03-21 16:48:14,397] {taskinstance.py:1042} INFO - 
--------------------------------------------------------------------------------
[2022-03-21 16:48:14,398] {taskinstance.py:1043} INFO - Starting attempt 6 of 6
[2022-03-21 16:48:14,398] {taskinstance.py:1044} INFO - 
--------------------------------------------------------------------------------
[2022-03-21 16:48:14,423] {taskinstance.py:1063} INFO - Executing <Task(PythonOperator): write_to_postgres> on 2022-03-10T00:00:00+00:00
[2022-03-21 16:48:14,441] {standard_task_runner.py:76} INFO - Running: ['airflow', 'tasks', 'run', 'fetch_news', 'write_to_postgres', '2022-03-10T00:00:00+00:00', '--job-id', '755', '--pool', 'default_pool', '--raw', '--subdir', 'DAGS_FOLDER/fetch_news.py', '--cfg-path', '/tmp/tmpu5rcuncn', '--error-file', '/tmp/tmpldmpcazg']
[2022-03-21 16:48:14,441] {standard_task_runner.py:77} INFO - Job 755: Subtask write_to_postgres
[2022-03-21 16:48:14,427] {standard_task_runner.py:52} INFO - Started process 351 to run task
[2022-03-21 16:48:14,627] {logging_mixin.py:104} INFO - Running <TaskInstance: fetch_news.write_to_postgres 2022-03-10T00:00:00+00:00 [running]> on host dd6a275532f2
[2022-03-21 16:48:14,763] {taskinstance.py:1257} INFO - Exporting the following env vars:
AIRFLOW_CTX_DAG_OWNER=airflow
AIRFLOW_CTX_DAG_ID=fetch_news
AIRFLOW_CTX_TASK_ID=write_to_postgres
AIRFLOW_CTX_EXECUTION_DATE=2022-03-10T00:00:00+00:00
AIRFLOW_CTX_DAG_RUN_ID=scheduled__2022-03-10T00:00:00+00:00
[2022-03-21 16:48:14,795] {base.py:74} INFO - Using connection to: id: news_in. Host: postgres, Port: 5432, Schema: , Login: airflow, Password: XXXXXXXX, extra: None
[2022-03-21 16:48:14,802] {dbapi.py:180} INFO - Running statement: delete from NEWS.NEWS_COMPANY where cast('2022-03-10' as DATE) = cast(PUBLISH_DATE as DATE);

insert into NEWS.NEWS_COMPANY(COMPANY, SOURCE_NAME, AUTHOR, TITLE, DESCRIPTION, CONTENT, URL, IMG_URL, PUBLISH_DATE) 

                    values('nvidia','StockNews.com','Subhasree Kar','3 Blue-Chip Tech Stocks Wall Street Predicts Will Rally More Than 50%','Accelerating digitization and adoption of advanced technologies across industries to ramp up businesses should propel the tech market’s growth in the coming years. Considering the fundamental stability of the blue-chip...','Accelerating digitization and adoption of advanced technologies across industries to ramp up businesses should propel the tech markets growth in the coming years. Considering the fundamental stabilit… [+7631 chars]','https://stocknews.com/news/nvda-crm-pypl-3-blue-chip-tech-stocks-wall-street-predicts-will-rally-more/','https://assets.entrepreneur.com/providers/stocknews/hero-image-stocknews-422004.jpeg',cast('2022-03-10T22:59:58Z' as TIMESTAMP));

insert into NEWS.NEWS_COMPANY(COMPANY, SOURCE_NAME, AUTHOR, TITLE, DESCRIPTION, CONTENT, URL, IMG_URL, PUBLISH_DATE) 

                    values('nvidia','Ars Technica','Scharon Harding','2002 iMac resurrected with Apple’s M1 chip','A modder makes the iMac G4 feel new again.','Enlarge/ Optical drive included.

8 with 8 posters participating

You may be disheartened about the discontinuation of the 27-inch iMac, but fans of 2002"s iMac G4 have had to live much longer withou… [+2175 chars]','https://arstechnica.com/gadgets/2022/03/2002-imac-resurrected-with-apples-m1-chip/','https://cdn.arstechnica.net/wp-content/uploads/2022/03/listing-760x380.png',cast('2022-03-10T16:42:56Z' as TIMESTAMP));

insert into NEWS.NEWS_COMPANY(COMPANY, SOURCE_NAME, AUTHOR, TITLE, DESCRIPTION, CONTENT, URL, IMG_URL, PUBLISH_DATE) 

                    values('nvidia','CNET','Carrie Mihalcik','Apple, Microsoft, Samsung, Amazon and Other Tech Companies Stop Sales in Russia - CNET','Sanctions against Russia have continued in the form of tech companies ceasing sales of products and services. Here"s the list of companies involved.','Tech companies across the globe are pulling out of Russia.

Jakub Porzycki/Getty Images

This story is part of War in Ukraine, CNET"s coverage of events there and of the wider effects on the world.

… [+8574 chars]','https://www.cnet.com/news/politics/apple-microsoft-and-other-tech-companies-stop-sales-in-russia/','https://www.cnet.com/a/img/resize/bbe15ede6e9df83f3dd5bfc39ab9d324c41a2410/2022/03/04/13833661-e07b-40ba-a690-f1b44b3211d5/gettyimages-1238862139.jpg?auto=webp&fit=crop&height=630&width=1200',cast('2022-03-10T17:01:00Z' as TIMESTAMP));

insert into NEWS.NEWS_COMPANY(COMPANY, SOURCE_NAME, AUTHOR, TITLE, DESCRIPTION, CONTENT, URL, IMG_URL, PUBLISH_DATE) 

                    values('nvidia','Reuters',null,'Amazon latest megacap to join stock split squad - Reuters.com','Stock splits are becoming fashionable for megacap U.S. companies.','NEW YORK, March 10 (Reuters) - Stock splits are becoming fashionable for megacap U.S. companies.

Amazon unveiled a 20-for-1 stock split late on Wednesday, only weeks after megacap peer Alphabet (GOO… [+3038 chars]','https://www.reuters.com/business/retail-consumer/amazon-latest-megacap-join-stock-split-squad-2022-03-10/','https://www.reuters.com/resizer/rd7zQQSGKOAQyKpNRAasHdAYRfI=/1200x628/smart/filters:quality(80)/cloudfront-us-east-2.images.arcpublishing.com/reuters/4MAIJUZY7BJMPKGBKWWZI7P7OQ.jpg',cast('2022-03-10T20:17:00Z' as TIMESTAMP));

insert into NEWS.NEWS_COMPANY(COMPANY, SOURCE_NAME, AUTHOR, TITLE, DESCRIPTION, CONTENT, URL, IMG_URL, PUBLISH_DATE) 

                    values('nvidia','Theregister.com','Agam Shah','Why Nvidia sees a future in software and services: Recurring revenue','Thanks for that GPU purchase, we"ll start a tab for you

Nvidia is repositioning itself as a software and services company, allowing it to regularly extract revenue from those using its graphics processors.…','Nvidia is repositioning itself as a software and services company, allowing it to regularly extract revenue from those using its graphics processors.

"Now we"re entering into a new phase, a new phas… [+4409 chars]','https://www.theregister.com/2022/03/10/nvidia_software_services/','https://regmedia.co.uk/2022/03/10/nvidia_shutterstock.jpg',cast('2022-03-10T08:34:08Z' as TIMESTAMP));

insert into NEWS.NEWS_COMPANY(COMPANY, SOURCE_NAME, AUTHOR, TITLE, DESCRIPTION, CONTENT, URL, IMG_URL, PUBLISH_DATE) 

                    values('nvidia','MSPoweruser','Alex Atkin','Nvidia’s RTX 3090 Ti is reportedly due to launch this month','Despite silence from manufacturer Nvidia, new reports are pointing towards a March 29th release date for the much anticipated RTX 3090 Ti.  After announcing the RTX 3090 Ti at CES back in January, Nvidia’s latest and greatest graphics card has been surprising…','Despite silence from manufacturer Nvidia, new reports are pointing towards a March 29th release date for the much anticipated RTX 3090 Ti. 

After announcing the RTX 3090 Ti at CES back in January, N… [+1344 chars]','https://mspoweruser.com/nvidia-rtx-3090-ti-reportedly-launches-this-month/','https://mspoweruser.com/wp-content/uploads/2022/03/Nvidia-RTX-3090-Ti-100322.jpg',cast('2022-03-10T15:31:46Z' as TIMESTAMP));

insert into NEWS.NEWS_COMPANY(COMPANY, SOURCE_NAME, AUTHOR, TITLE, DESCRIPTION, CONTENT, URL, IMG_URL, PUBLISH_DATE) 

                    values('nvidia','Motley Fool','newsfeedback@fool.com (John Ballard)','Why Micron Technology Could Be the Nvidia of the 2020s','There are striking similarities between Nvidia in 2012 and Micron in 2022.','A $1,000 investment in Nvidia( NVDA 6.97% ) in 2012 would be worth $57,000 today. That"s what can happen when you invest in a growing tech company that experiences expanding use cases for its product… [+5613 chars]','https://www.fool.com/investing/2022/03/10/why-micron-technology-could-be-nvidia-of-2020s/','https://g.foolcdn.com/editorial/images/669526/an-investor-looking-at-a-stock-chart-on-a-tablet.jpg',cast('2022-03-10T12:35:00Z' as TIMESTAMP));

insert into NEWS.NEWS_COMPANY(COMPANY, SOURCE_NAME, AUTHOR, TITLE, DESCRIPTION, CONTENT, URL, IMG_URL, PUBLISH_DATE) 

                    values('nvidia','Eurogamer.net','Ishraq Subhan','Nvidia"s Geforce Now RTX 3080 tier now available at a monthly cost','Nvidia has revealed a new monthly price for its premium RTX 3080 tier on Geforce Now. The service will be available for £17.99 per month, giving you access to an RTX 3080-level GPU and all the added benefits, including raytracing, 1440p 120FPS gaming on PC an…','Nvidia has revealed a new monthly price for its premium RTX 3080 tier on Geforce Now. 

The service will be available for £17.99 per month, giving you access to an RTX 3080-level GPU and all the adde… [+1106 chars]','https://www.eurogamer.net/articles/2022-03-10-nvidias-geforce-now-rtx-3080-tier-now-available-at-a-monthly-cost','https://images.gnwcdn.com/2018/articles/2018-03-20-10-55/welcome-to-the-new-eurogamer-1521543305513.jpg',cast('2022-03-10T15:54:00Z' as TIMESTAMP));

insert into NEWS.NEWS_COMPANY(COMPANY, SOURCE_NAME, AUTHOR, TITLE, DESCRIPTION, CONTENT, URL, IMG_URL, PUBLISH_DATE) 

                    values('nvidia','Motley Fool','newsfeedback@fool.com (Harsh Chauhan)','Will Nvidia Be a Trillion-Dollar Stock by 2025?','The graphics specialist has been facing challenging times of late, but investors should focus on the bigger picture.','The last three months have been terrible for Nvidia( NVDA 6.97% ) investors as the graphics cards specialist has shed nearly 23% of its market capitalization despite reporting solid quarterly results… [+4760 chars]','https://www.fool.com/investing/2022/03/10/will-nvidia-be-a-trillion-dollar-stock-by-2025/','https://g.foolcdn.com/editorial/images/669536/man-pointing-upward-stock-chart.jpg',cast('2022-03-10T13:30:00Z' as TIMESTAMP));

insert into NEWS.NEWS_COMPANY(COMPANY, SOURCE_NAME, AUTHOR, TITLE, DESCRIPTION, CONTENT, URL, IMG_URL, PUBLISH_DATE) 

                    values('nvidia','Digital Trends','Chuong Nguyen','More reports confirm M2 chips coming to Macs later this year','Apple"s rumored M2 processor based on a 4nm node could give 2022"s MacBook Air and Mac Mini a serious performance boost.','After a performance-studded launch with its M1 processor line, Apple is expected to debut the Mac CPU sequel later this year, with better performance for desktop applications and improved power effic… [+3488 chars]','https://www.digitaltrends.com/computing/apple-m2-processor-tsmc-4nm/','https://icdn.digitaltrends.com/image/digitaltrends/macbook-pro-2021-15.jpg',cast('2022-03-10T19:43:20Z' as TIMESTAMP));

insert into NEWS.NEWS_COMPANY(COMPANY, SOURCE_NAME, AUTHOR, TITLE, DESCRIPTION, CONTENT, URL, IMG_URL, PUBLISH_DATE) 

                    values('nvidia','Digital Trends','Monica J. White','Apple’s 2002 iMac G6 comes back from the dead with M1 chip','The 2002 all-in-one Apple iMac G4 was just modded and brought back to life with an M1 chip and all-new hardware. Spoiler alert: It actually works.','Do you remember the 2002 iMac G4? We don’t blame you if you don’t — it’s been 20 years since Apple released that iconic all-in-one desktop.

However, nostalgia is a powerful force, and when you combi… [+2918 chars]','https://www.digitaltrends.com/computing/apple-2002-imac-g4-rebuilt-with-m1-chip/','https://icdn.digitaltrends.com/image/digitaltrends/listing.jpg',cast('2022-03-10T23:03:16Z' as TIMESTAMP));

insert into NEWS.NEWS_COMPANY(COMPANY, SOURCE_NAME, AUTHOR, TITLE, DESCRIPTION, CONTENT, URL, IMG_URL, PUBLISH_DATE) 

                    values('nvidia','9to5google.com','Sponsored Post','Go beyond basic Android gaming with NVIDIA GeForce NOW [Video]','There are a ton of solid 3D titles that you can play on your Android but with cloud gaming service NVIDIA GeForce NOW you can access triple-A PC titles right in the palm of your hands.

 more…

The post Go beyond basic Android gaming with NVIDIA GeForce NOW [Vi…','There are a ton of solid 3D titles that you can play on your Android but with cloud gaming service NVIDIA GeForce NOW you can access triple-A PC titles right in the palm of your hands.

For the first… [+2131 chars]','https://9to5google.com/2022/03/10/go-beyond-basic-android-gaming-with-nvidia-geforce-now-video/','https://i0.wp.com/9to5google.com/wp-content/uploads/sites/4/2022/02/GeForce-NOW.jpg?resize=1200%2C628&quality=82&strip=all&ssl=1',cast('2022-03-10T20:55:11Z' as TIMESTAMP));

insert into NEWS.NEWS_COMPANY(COMPANY, SOURCE_NAME, AUTHOR, TITLE, DESCRIPTION, CONTENT, URL, IMG_URL, PUBLISH_DATE) 

                    values('nvidia','Theregister.com','Simon Sharwood','Driverless car first: Chinese company recalls faulty AI','Pony.ai pulls three of its test fleet from Californian roads

Chinese driverless car company Pony.ai has scored an unwanted first: it"s recalled some versions of its AI software from US roads after admitting to faults.…','Chinese driverless car company Pony.ai has scored an unwanted first: it"s recalled some versions of its AI software from US roads after admitting to faults.

Recalls of unsafe products are common in … [+2297 chars]','https://www.theregister.com/2022/03/10/driverless_car_first_chinese_company/','https://regmedia.co.uk/2022/03/10/supplied_pony_ai_vehicles.jpg',cast('2022-03-10T04:30:05Z' as TIMESTAMP));

insert into NEWS.NEWS_COMPANY(COMPANY, SOURCE_NAME, AUTHOR, TITLE, DESCRIPTION, CONTENT, URL, IMG_URL, PUBLISH_DATE) 

                    values('nvidia','SlashGear','staff@slashgear.com (Monica J. White)','GeForce NOW RTX 3080 One-Month Memberships Bypass Sold-Out GPU Madness','NVIDIA introduces a new month-to-month subscription tier for their cloud gaming platform, GeForce NOW, with RTX 3080 in the mix for top-tier graphics.','At a time when getting a graphics card is more difficult and expensive than ever, cloud-gaming services should be thriving. NVIDIA, acutely aware of the ongoing GPU shortage, is therefore keen to pro… [+1253 chars]','https://www.slashgear.com/795177/geforce-now-rtx-3080-one-month-memberships-bypass-sold-out-gpu-madness/','https://www.slashgear.com/img/gallery/geforce-now-rtx-3080-one-month-memberships-bypass-sold-out-gpu-madness/l-intro-1646942538.jpg',cast('2022-03-10T20:04:42Z' as TIMESTAMP));

insert into NEWS.NEWS_COMPANY(COMPANY, SOURCE_NAME, AUTHOR, TITLE, DESCRIPTION, CONTENT, URL, IMG_URL, PUBLISH_DATE) 

                    values('nvidia','PCWorld','Michael Crider','You can now try GeForce Now’s RTX 3080 tier one month at a time','GeForce Now is Nvidia’s cloud gaming service, and you can try it out for free. But of course, you get what you pay for: The free version of the service has some fairly strict time limits and its visuals are limited. Back in December Nvidia opened a super-prem…','Skip to contentType your search and hit enter

GeForce Now is Nvidia’s cloud gaming service, and you can try it out for free. But of course, you get what you pay for: The free version of the service … [+1985 chars]','https://www.pcworld.com/article/621367/you-can-now-try-geforce-nows-rtx-3080-tier-one-month-at-a-time.html','https://www.pcworld.com/wp-content/uploads/2022/03/geforce-now-rtx-3080.jpg?quality=50&strip=all&w=1024',cast('2022-03-10T14:00:00Z' as TIMESTAMP));

insert into NEWS.NEWS_COMPANY(COMPANY, SOURCE_NAME, AUTHOR, TITLE, DESCRIPTION, CONTENT, URL, IMG_URL, PUBLISH_DATE) 

                    values('nvidia','9to5google.com','Ben Schoon','You can now subscribe to GeForce Now’s 3080 tier for one month instead of six for $19.99','Nvidia’s GeForce Now is one of the best cloud gaming services because it gives you access to games you already own on PC on other devices and often with even more power. Now, it’s easier to get the best of GeForce Now, with the 3080 tier adding a one-month su…','Nvidia’s GeForce Now is one of the best cloud gaming services because it gives you access to games you already own on PC on other devices and often with even more power. Now, it’s easier to get the b… [+1542 chars]','https://9to5google.com/2022/03/10/you-can-now-subscribe-to-geforce-nows-3080-tier-for-one-month-instead-of-six-for-19-99/','https://i0.wp.com/9to5google.com/wp-content/uploads/sites/4/2022/02/GeForce-NOW-in-controller-cradle.jpg?resize=1200%2C628&quality=82&strip=all&ssl=1',cast('2022-03-10T14:15:00Z' as TIMESTAMP));

insert into NEWS.NEWS_COMPANY(COMPANY, SOURCE_NAME, AUTHOR, TITLE, DESCRIPTION, CONTENT, URL, IMG_URL, PUBLISH_DATE) 

                    values('nvidia','TechSpot','Joao Silva','Nvidia GeForce Now RTX 3080 tier gets a one-month membership option','The Nvidia GeForce Now RTX 3080 tier debuted in late 2021, priced at $100 for a semestral membership. With it, users can play games for up to eight hours straight at a maximum of 120FPS in 1440p resolution (1600p on Mac) or 60FPS at 4K with HDR enabled via Nv…','In brief: The RTX 3080 tier of Nvidia GeForce Now most likely offers the best game streaming experience you can get, but users had to sign up for a six-month membership just to try it. Fortunately, t… [+1438 chars]','https://www.techspot.com/news/93728-nvidia-geforce-now-rtx-3080-tier-gets-one.html','https://static.techspot.com/images2/news/bigimage/2022/03/2022-03-10-image-9.jpg',cast('2022-03-10T17:10:00Z' as TIMESTAMP));

insert into NEWS.NEWS_COMPANY(COMPANY, SOURCE_NAME, AUTHOR, TITLE, DESCRIPTION, CONTENT, URL, IMG_URL, PUBLISH_DATE) 

                    values('nvidia','Omgubuntu.co.uk','Joey Sneddon','Zorin OS 16.1 is Now Available to Download','Zorin OS 16.1 is out with Linux 5.13, LibreOffice 7.3, security patches, and bug fixes. Users can download Zorin OS 16.1 or upgrade from Zorin OS 16.

This post, Zorin OS 16.1 is Now Available to Download is from OMG! Ubuntu!. Do not reproduce elsewhere withou…','Zorin OS 16.1 is now available to download.

As the first point release issued since the release of Zorin OS 16 back in august of last year Zorin OS 16.1 is “packed with improvements to help users wo… [+1769 chars]','https://www.omgubuntu.co.uk/2022/03/zorin-os-16-1-released-download-now','https://149366088.v2.pressablecdn.com/wp-content/uploads/2021/08/zorin-OS-16-new-theme.jpg',cast('2022-03-10T17:00:00Z' as TIMESTAMP));

insert into NEWS.NEWS_COMPANY(COMPANY, SOURCE_NAME, AUTHOR, TITLE, DESCRIPTION, CONTENT, URL, IMG_URL, PUBLISH_DATE) 

                    values('nvidia','MarketWatch','Steve Goldstein','Need to Know: Whether or not a bottom is in, here’s what will ride to the stock market’s rescue over 12 months, one strategist forecasts','The long bond will save the stock market, eventually, one strategist says.','So, is this it? After the powerful 2.6% rebound for the S&amp;P 500 

 SPX,

 +2.57%

on Wednesday, is the bottom in?Arguing yes is Mark Newton, head of technical strategy at Fundstrat, who notes tha… [+4489 chars]','https://www.marketwatch.com/story/whether-or-not-a-bottom-is-in-heres-what-will-ride-to-the-stock-markets-rescue-over-12-months-one-strategist-forecasts-11646912961','https://images.mktw.net/im-502085/social',cast('2022-03-10T11:49:00Z' as TIMESTAMP));

insert into NEWS.NEWS_COMPANY(COMPANY, SOURCE_NAME, AUTHOR, TITLE, DESCRIPTION, CONTENT, URL, IMG_URL, PUBLISH_DATE) 

                    values('nvidia','Microsoft.com','Rachel Pruitt','Join Microsoft Azure at NVIDIA GTC developer conference 2022','This spring, NVIDIA GTC will illustrate that commitment in detail, showcasing NVIDIA’s accelerated computing capabilities powering resources on Azure that highlight our ongoing commitment to HPC+AI computing across the spectrum of edge, on-premises, and the c…','The convergence of HPC+AI has opened new pathways for companies and developers worldwide to develop innovative, transformative applications. While this presents a plethora of new business opportuniti… [+6405 chars]','https://azure.microsoft.com/en-us/blog/join-microsoft-azure-at-nvidia-gtc-developer-conference-2022/','https://azurecomcdn.azureedge.net/cvt-72dc9721353030d1d505e4d652cd56e358efdc6c10b18c655f1ab762a4929bcc/images/shared/social/azure-icon-250x250.png',cast('2022-03-10T08:00:27Z' as TIMESTAMP));
, parameters: None
[2022-03-21 16:48:14,815] {dbapi.py:186} INFO - Rows affected: 1
[2022-03-21 16:48:14,869] {python.py:118} INFO - Done. Returned value was: None
[2022-03-21 16:48:14,921] {taskinstance.py:1166} INFO - Marking task as SUCCESS. dag_id=fetch_news, task_id=write_to_postgres, execution_date=20220310T000000, start_date=20220321T164814, end_date=20220321T164814
[2022-03-21 16:48:14,989] {taskinstance.py:1220} INFO - 0 downstream tasks scheduled from follow-on schedule check
[2022-03-21 16:48:15,007] {local_task_job.py:146} INFO - Task exited with return code 0
